audit/ProductSuccessDeclarations.lean:10349:    MetrizableLCA.leftRightHomologyComparison'_comp_ι_embedding_of_bijective_saturatedW818
audit/ProductSuccessDeclarations.lean:10359:  #check MetrizableLCA.currentComparisonEmbeddingCriterionRouteStateW818_productSuccess
audit/ProductSuccessDeclarations.lean:10368:  #check MetrizableLCA.categoryWithHomology_of_rightCokernelFiberClosureW819
audit/ProductSuccessDeclarations.lean:10373:  #check MetrizableLCA.currentComparisonFiberSaturationRouteStateW819_productSuccess
audit/ProductSuccessDeclarations.lean:10382:  #check MetrizableLCA.categoryWithHomology_of_comparisonBijectiveW820
audit/ProductSuccessDeclarations.lean:10387:  #check MetrizableLCA.currentRightCokernelClosureRouteStateW820_productSuccess
audit/ProductSuccessDeclarations.lean:10396:  #check MetrizableLCA.categoryWithHomology_of_leftRightComparisonBijectiveW821
audit/ProductSuccessDeclarations.lean:10401:  #check MetrizableLCA.currentComparisonBijectivityRouteStateW821_productSuccess
audit/RequiredDeclarations.lean:1510:  LeanLCAExactChallenge.MetrizableLCA.leftRightHomologyComparison'_comp_ι_embedding_of_bijective_saturatedW818
audit/RequiredDeclarations.lean:1521:  LeanLCAExactChallenge.MetrizableLCA.currentComparisonEmbeddingCriterionRouteStateW818_productSuccess
audit/RequiredDeclarations.lean:1530:#check LeanLCAExactChallenge.MetrizableLCA.categoryWithHomology_of_rightCokernelFiberClosureW819
audit/RequiredDeclarations.lean:1536:  LeanLCAExactChallenge.MetrizableLCA.currentComparisonFiberSaturationRouteStateW819_productSuccess
audit/RequiredDeclarations.lean:1546:#check LeanLCAExactChallenge.MetrizableLCA.categoryWithHomology_of_comparisonBijectiveW820
audit/RequiredDeclarations.lean:1552:  LeanLCAExactChallenge.MetrizableLCA.currentRightCokernelClosureRouteStateW820_productSuccess
audit/RequiredDeclarations.lean:1561:#check LeanLCAExactChallenge.MetrizableLCA.categoryWithHomology_of_leftRightComparisonBijectiveW821
audit/RequiredDeclarations.lean:1567:  LeanLCAExactChallenge.MetrizableLCA.currentComparisonBijectivityRouteStateW821_productSuccess
audit/OriginalFourTaskCompletionDeclarations.lean:1302:  LeanLCAExactChallenge.MetrizableLCA.leftRightHomologyComparison'_comp_ι_embedding_of_bijective_saturatedW818
audit/OriginalFourTaskCompletionDeclarations.lean:1313:  LeanLCAExactChallenge.MetrizableLCA.currentComparisonEmbeddingCriterionRouteStateW818_productSuccess
audit/OriginalFourTaskCompletionDeclarations.lean:1322:#check LeanLCAExactChallenge.MetrizableLCA.categoryWithHomology_of_rightCokernelFiberClosureW819
audit/OriginalFourTaskCompletionDeclarations.lean:1328:  LeanLCAExactChallenge.MetrizableLCA.currentComparisonFiberSaturationRouteStateW819_productSuccess
audit/OriginalFourTaskCompletionDeclarations.lean:1338:#check LeanLCAExactChallenge.MetrizableLCA.categoryWithHomology_of_comparisonBijectiveW820
audit/OriginalFourTaskCompletionDeclarations.lean:1344:  LeanLCAExactChallenge.MetrizableLCA.currentRightCokernelClosureRouteStateW820_productSuccess
audit/OriginalFourTaskCompletionDeclarations.lean:1353:#check LeanLCAExactChallenge.MetrizableLCA.categoryWithHomology_of_leftRightComparisonBijectiveW821
audit/OriginalFourTaskCompletionDeclarations.lean:1359:  LeanLCAExactChallenge.MetrizableLCA.currentComparisonBijectivityRouteStateW821_productSuccess
