LeanLCAExactChallenge.Dbounded.closedMapComparisonTargetExactAtDataOfTargetHomologyZeroW1609
  (data : MetrizableClosedMapTargetHomologyZeroStrictRealizationLeftCalculusDataW839) :
  MetrizableClosedMapBoundarySourcePiZeroComparisonTargetExactAtDataW1608
LeanLCAExactChallenge.Dbounded.closedEmbeddingComparisonTargetExactAtDataOfTargetHomologyZeroW1609
  (data : MetrizableClosedEmbeddingTargetHomologyZeroStrictRealizationLeftCalculusDataW839) :
  MetrizableClosedEmbeddingBoundarySourcePiZeroComparisonTargetExactAtDataW1608
LeanLCAExactChallenge.Dbounded.productEvidenceOfClosedMapTargetHomologyZeroComparisonW1609
  (data : MetrizableClosedMapTargetHomologyZeroStrictRealizationLeftCalculusDataW839) :
  MetrizableWppKernelCokernelProductEvidenceW767
LeanLCAExactChallenge.Dbounded.productEvidenceOfClosedEmbeddingTargetHomologyZeroComparisonW1609
  (data : MetrizableClosedEmbeddingTargetHomologyZeroStrictRealizationLeftCalculusDataW839) :
  MetrizableWppKernelCokernelProductEvidenceW767
LeanLCAExactChallenge.Dbounded.directFiniteShapeStableDataOfClosedMapTargetHomologyZeroComparisonW1609
  (data : MetrizableClosedMapTargetHomologyZeroStrictRealizationLeftCalculusDataW839) :
  MetrizableKernelCokernelLeftRightComparisonDirectFiniteShapeStableDataW769
LeanLCAExactChallenge.Dbounded.directFiniteShapeStableDataOfClosedEmbeddingTargetHomologyZeroComparisonW1609
  (data : MetrizableClosedEmbeddingTargetHomologyZeroStrictRealizationLeftCalculusDataW839) :
  MetrizableKernelCokernelLeftRightComparisonDirectFiniteShapeStableDataW769
LeanLCAExactChallenge.Dbounded.stableBoundaryInputsOfClosedMapTargetHomologyZeroComparisonW1609
  (data : MetrizableClosedMapTargetHomologyZeroStrictRealizationLeftCalculusDataW839) :
  MetrizableStableInstanceBoundaryInputs
LeanLCAExactChallenge.Dbounded.stableBoundaryInputsOfClosedEmbeddingTargetHomologyZeroComparisonW1609
  (data : MetrizableClosedEmbeddingTargetHomologyZeroStrictRealizationLeftCalculusDataW839) :
  MetrizableStableInstanceBoundaryInputs
LeanLCAExactChallenge.Dbounded.acceptedStableOfClosedMapTargetHomologyZeroComparisonW1609
  (data : MetrizableClosedMapTargetHomologyZeroStrictRealizationLeftCalculusDataW839) :
  AcceptedStableBoundedDerivedInfinityCategory MetrizableLCA
LeanLCAExactChallenge.Dbounded.acceptedStableOfClosedEmbeddingTargetHomologyZeroComparisonW1609
  (data : MetrizableClosedEmbeddingTargetHomologyZeroStrictRealizationLeftCalculusDataW839) :
  AcceptedStableBoundedDerivedInfinityCategory MetrizableLCA
LeanLCAExactChallenge.Dbounded.boundedDerivedOfClosedMapTargetHomologyZeroComparisonW1609
  (data : MetrizableClosedMapTargetHomologyZeroStrictRealizationLeftCalculusDataW839) :
  BoundedDerivedInfinityCategory MetrizableLCA (infinityCategory MetrizableLCA)
LeanLCAExactChallenge.Dbounded.boundedDerivedOfClosedEmbeddingTargetHomologyZeroComparisonW1609
  (data : MetrizableClosedEmbeddingTargetHomologyZeroStrictRealizationLeftCalculusDataW839) :
  BoundedDerivedInfinityCategory MetrizableLCA (infinityCategory MetrizableLCA)
LeanLCAExactChallenge.Dbounded.boundarySourcePiZeroTargetHomologyZeroComparisonInputNamesW1609_count :
  boundarySourcePiZeroTargetHomologyZeroComparisonInputNamesW1609.length = 2
LeanLCAExactChallenge.Dbounded.currentW1609BoundarySourcePiZeroTargetHomologyZeroComparisonRoute_productSuccess :
  (have state := currentMetrizableBoundarySourcePiZeroTargetHomologyZeroComparisonRouteStateW1609;
    state.productSuccessClaimed) =
    false
