LeanLCAExactChallenge.Dbounded.boundedDerivedInfinityCategoryOfMetrizableStableInstances
  [Preadditive (Dbounded MetrizableLCA)] [HasFiniteLimits (Dbounded MetrizableLCA)]
  [HasFiniteColimits (Dbounded MetrizableLCA)] [HasZeroObject (Dbounded MetrizableLCA)]
  [∀ (n : ℤ), (shiftFunctor (Dbounded MetrizableLCA) n).Additive] [Pretriangulated (Dbounded MetrizableLCA)]
  [IsTriangulated (Dbounded MetrizableLCA)] :
  BoundedDerivedInfinityCategory MetrizableLCA (Dbounded.infinityCategory MetrizableLCA)
LeanLCAExactChallenge.Dbounded.metrizableStableInstanceFieldNames_count :
  Dbounded.metrizableStableInstanceFieldNames.length = 7
run/w_clean_20260608_task4_stable_instance_source_patch_needed/stable_instance_probe.lean:24:2: error(lean.synthInstanceFailed): failed to synthesize instance of type class
  Preadditive (Dbounded MetrizableLCA)

Hint: Type class instance resolution failures can be inspected with the `set_option trace.Meta.synthInstance true` command.
run/w_clean_20260608_task4_stable_instance_source_patch_needed/stable_instance_probe.lean:26:8: error(lean.synthInstanceFailed): failed to synthesize instance of type class
  Preadditive (Dbounded MetrizableLCA)

Hint: Type class instance resolution failures can be inspected with the `set_option trace.Meta.synthInstance true` command.
run/w_clean_20260608_task4_stable_instance_source_patch_needed/stable_instance_probe.lean:27:8: error(lean.synthInstanceFailed): failed to synthesize instance of type class
  HasFiniteLimits (Dbounded MetrizableLCA)

Hint: Type class instance resolution failures can be inspected with the `set_option trace.Meta.synthInstance true` command.
run/w_clean_20260608_task4_stable_instance_source_patch_needed/stable_instance_probe.lean:28:8: error(lean.synthInstanceFailed): failed to synthesize instance of type class
  HasFiniteColimits (Dbounded MetrizableLCA)

Hint: Type class instance resolution failures can be inspected with the `set_option trace.Meta.synthInstance true` command.
run/w_clean_20260608_task4_stable_instance_source_patch_needed/stable_instance_probe.lean:29:8: error(lean.synthInstanceFailed): failed to synthesize instance of type class
  HasZeroObject (Dbounded MetrizableLCA)

Hint: Type class instance resolution failures can be inspected with the `set_option trace.Meta.synthInstance true` command.
run/w_clean_20260608_task4_stable_instance_source_patch_needed/stable_instance_probe.lean:31:13: error(lean.synthInstanceFailed): failed to synthesize instance of type class
  Preadditive (Dbounded MetrizableLCA)

Hint: Type class instance resolution failures can be inspected with the `set_option trace.Meta.synthInstance true` command.
run/w_clean_20260608_task4_stable_instance_source_patch_needed/stable_instance_probe.lean:32:24: error(lean.synthInstanceFailed): failed to synthesize instance of type class
  HasZeroObject (Dbounded MetrizableLCA)

Hint: Type class instance resolution failures can be inspected with the `set_option trace.Meta.synthInstance true` command.
run/w_clean_20260608_task4_stable_instance_source_patch_needed/stable_instance_probe.lean:33:24: error(lean.synthInstanceFailed): failed to synthesize instance of type class
  Preadditive (Dbounded MetrizableLCA)

Hint: Type class instance resolution failures can be inspected with the `set_option trace.Meta.synthInstance true` command.
