LeanLCAExactChallenge.Dbounded.MetrizableClosedMapBoundarySourcePiZeroOpClosureBranchDataW1603 : Type 2
LeanLCAExactChallenge.Dbounded.MetrizableClosedEmbeddingBoundarySourcePiZeroOpClosureBranchDataW1603 : Type 2
LeanLCAExactChallenge.Dbounded.limitStabilityOfBoundarySourcePiZeroOpClosureW1603
  (boundaryData : MetrizableWppLimitBoundaryDataW716) :
  (boundedExactWeakEquivalence MetrizableLCA).IsStableUnderLimitsOfShape CategoryTheory.Limits.WalkingParallelPair
LeanLCAExactChallenge.Dbounded.closedMapOpClosureDataOfBoundarySourcePiZeroW1603
  (data : MetrizableClosedMapBoundarySourcePiZeroOpClosureBranchDataW1603) :
  MetrizableClosedMapOpClosureNormalizedClosedRangeBranchDataW775
LeanLCAExactChallenge.Dbounded.closedEmbeddingOpClosureDataOfBoundarySourcePiZeroW1603
  (data : MetrizableClosedEmbeddingBoundarySourcePiZeroOpClosureBranchDataW1603) :
  MetrizableClosedEmbeddingOpClosureNormalizedClosedRangeBranchDataW775
LeanLCAExactChallenge.Dbounded.productEvidence_of_closedMapBoundarySourcePiZeroOpClosureRouteW1603
  (data : MetrizableClosedMapBoundarySourcePiZeroOpClosureBranchDataW1603) :
  MetrizableWppKernelCokernelProductEvidenceW767
LeanLCAExactChallenge.Dbounded.productEvidence_of_closedEmbeddingBoundarySourcePiZeroOpClosureRouteW1603
  (data : MetrizableClosedEmbeddingBoundarySourcePiZeroOpClosureBranchDataW1603) :
  MetrizableWppKernelCokernelProductEvidenceW767
LeanLCAExactChallenge.Dbounded.acceptedStableOfClosedMapBoundarySourcePiZeroOpClosureW1603
  (data : MetrizableClosedMapBoundarySourcePiZeroOpClosureBranchDataW1603) :
  AcceptedStableBoundedDerivedInfinityCategory MetrizableLCA
LeanLCAExactChallenge.Dbounded.acceptedStableOfClosedEmbeddingBoundarySourcePiZeroOpClosureW1603
  (data : MetrizableClosedEmbeddingBoundarySourcePiZeroOpClosureBranchDataW1603) :
  AcceptedStableBoundedDerivedInfinityCategory MetrizableLCA
LeanLCAExactChallenge.Dbounded.boundedDerivedOfClosedMapBoundarySourcePiZeroOpClosureStableBoundaryW1603
  (data : MetrizableClosedMapBoundarySourcePiZeroOpClosureBranchDataW1603) :
  BoundedDerivedInfinityCategory MetrizableLCA (infinityCategory MetrizableLCA)
LeanLCAExactChallenge.Dbounded.boundedDerivedOfClosedEmbeddingBoundarySourcePiZeroOpClosureStableBoundaryW1603
  (data : MetrizableClosedEmbeddingBoundarySourcePiZeroOpClosureBranchDataW1603) :
  BoundedDerivedInfinityCategory MetrizableLCA (infinityCategory MetrizableLCA)
LeanLCAExactChallenge.Dbounded.boundarySourcePiZeroOpClosureProductRouteInputNamesW1603_count :
  boundarySourcePiZeroOpClosureProductRouteInputNamesW1603.length = 5
LeanLCAExactChallenge.Dbounded.currentW1603BoundarySourcePiZeroOpClosureRoute_productSuccess :
  (have state := currentMetrizableBoundarySourcePiZeroOpClosureRouteStateW1603;
    state.productSuccessClaimed) =
    false
