LeanLCAExactChallenge.Dbounded.closedMapSplitFieldsOfStructuralFieldsSelectedCochainComparisonW1617
  (data : MetrizableClosedMapBoundarySourcePiZeroStructuralFieldsSelectedCochainComparisonBranchDataW1617) :
  MetrizableClosedMapBoundarySourcePiZeroSplitFieldsSelectedCochainComparisonBranchDataW1616
LeanLCAExactChallenge.Dbounded.closedEmbeddingSplitFieldsOfStructuralFieldsSelectedCochainComparisonW1617
  (data : MetrizableClosedEmbeddingBoundarySourcePiZeroStructuralFieldsSelectedCochainComparisonBranchDataW1617) :
  MetrizableClosedEmbeddingBoundarySourcePiZeroSplitFieldsSelectedCochainComparisonBranchDataW1616
LeanLCAExactChallenge.Dbounded.productEvidenceOfClosedMapStructuralFieldsSelectedCochainComparisonW1617
  (data : MetrizableClosedMapBoundarySourcePiZeroStructuralFieldsSelectedCochainComparisonBranchDataW1617) :
  MetrizableWppKernelCokernelProductEvidenceW767
LeanLCAExactChallenge.Dbounded.productEvidenceOfClosedEmbeddingStructuralFieldsSelectedCochainComparisonW1617
  (data : MetrizableClosedEmbeddingBoundarySourcePiZeroStructuralFieldsSelectedCochainComparisonBranchDataW1617) :
  MetrizableWppKernelCokernelProductEvidenceW767
LeanLCAExactChallenge.Dbounded.boundedDerivedOfClosedMapStructuralFieldsSelectedCochainComparisonW1617
  (data : MetrizableClosedMapBoundarySourcePiZeroStructuralFieldsSelectedCochainComparisonBranchDataW1617) :
  BoundedDerivedInfinityCategory MetrizableLCA (infinityCategory MetrizableLCA)
LeanLCAExactChallenge.Dbounded.boundedDerivedOfClosedEmbeddingStructuralFieldsSelectedCochainComparisonW1617
  (data : MetrizableClosedEmbeddingBoundarySourcePiZeroStructuralFieldsSelectedCochainComparisonBranchDataW1617) :
  BoundedDerivedInfinityCategory MetrizableLCA (infinityCategory MetrizableLCA)
LeanLCAExactChallenge.Dbounded.currentW1617BoundarySourcePiZeroStructuralFieldsSelectedCochainComparisonRoute_productSuccess :
  (have state := currentMetrizableBoundarySourcePiZeroStructuralFieldsSelectedCochainComparisonRouteStateW1617;
    state.productSuccessClaimed) =
    false
