audit/RequiredDeclarations.lean:1618:#check LeanLCAExactChallenge.Dbounded.directBoundedLeftCalculusOfTargetExactAtW832
audit/RequiredDeclarations.lean:1632:  LeanLCAExactChallenge.Dbounded.currentMetrizableTargetExactAtLeftCalculusRouteStateW832_productSuccess
audit/RequiredDeclarations.lean:1636:#check LeanLCAExactChallenge.Dbounded.directBoundedLeftCalculusOfTargetIsoW833
audit/RequiredDeclarations.lean:1649:  LeanLCAExactChallenge.Dbounded.currentMetrizableTargetIsoLeftCalculusRouteStateW833_productSuccess
audit/RequiredDeclarations.lean:1654:#check LeanLCAExactChallenge.Dbounded.directBoundedLeftCalculusOfIsoClosureRealizationW834
audit/RequiredDeclarations.lean:1667:  LeanLCAExactChallenge.Dbounded.currentMetrizableIsoClosureLeftCalculusRouteStateW834_productSuccess
audit/ProductSuccessDeclarations.lean:10429:#check Dbounded.directBoundedLeftCalculusOfTargetExactAtW832
audit/ProductSuccessDeclarations.lean:10434:#check Dbounded.currentMetrizableTargetExactAtLeftCalculusRouteStateW832_productSuccess
audit/ProductSuccessDeclarations.lean:10438:#check Dbounded.directBoundedLeftCalculusOfTargetIsoW833
audit/ProductSuccessDeclarations.lean:10443:#check Dbounded.currentMetrizableTargetIsoLeftCalculusRouteStateW833_productSuccess
audit/ProductSuccessDeclarations.lean:10448:#check Dbounded.directBoundedLeftCalculusOfIsoClosureRealizationW834
audit/ProductSuccessDeclarations.lean:10453:#check Dbounded.currentMetrizableIsoClosureLeftCalculusRouteStateW834_productSuccess
audit/OriginalFourTaskCompletionDeclarations.lean:530:#check LeanLCAExactChallenge.Dbounded.directBoundedLeftCalculusOfTargetExactAtW832
audit/OriginalFourTaskCompletionDeclarations.lean:533:#check LeanLCAExactChallenge.Dbounded.directBoundedLeftCalculusOfTargetIsoW833
audit/OriginalFourTaskCompletionDeclarations.lean:536:#check LeanLCAExactChallenge.Dbounded.directBoundedLeftCalculusOfIsoClosureRealizationW834
audit/OriginalFourTaskCompletionDeclarations.lean:1410:#check LeanLCAExactChallenge.Dbounded.directBoundedLeftCalculusOfTargetExactAtW832
audit/OriginalFourTaskCompletionDeclarations.lean:1424:  LeanLCAExactChallenge.Dbounded.currentMetrizableTargetExactAtLeftCalculusRouteStateW832_productSuccess
audit/OriginalFourTaskCompletionDeclarations.lean:1428:#check LeanLCAExactChallenge.Dbounded.directBoundedLeftCalculusOfTargetIsoW833
audit/OriginalFourTaskCompletionDeclarations.lean:1441:  LeanLCAExactChallenge.Dbounded.currentMetrizableTargetIsoLeftCalculusRouteStateW833_productSuccess
audit/OriginalFourTaskCompletionDeclarations.lean:1446:#check LeanLCAExactChallenge.Dbounded.directBoundedLeftCalculusOfIsoClosureRealizationW834
audit/OriginalFourTaskCompletionDeclarations.lean:1459:  LeanLCAExactChallenge.Dbounded.currentMetrizableIsoClosureLeftCalculusRouteStateW834_productSuccess
