run/w_clean_20260607_quillen_composition_probe/quillen_composition_probe.lean:19:8: error: don't know how to synthesize placeholder
context:
case inflation_comp_missing
X Y Z : MetrizableLCA
i : X ⟶ Y
j : Y ⟶ Z
Zi : MetrizableLCA
gi : Y ⟶ Zi
zi : i ≫ gi = 0
hSi : strictShortExact { X₁ := X, X₂ := Y, X₃ := Zi, f := i, g := gi, zero := zi }
Zj : MetrizableLCA
gj : Z ⟶ Zj
zj : j ≫ gj = 0
hSj : strictShortExact { X₁ := Y, X₂ := Z, X₃ := Zj, f := j, g := gj, zero := zj }
⊢ ∃ Z_1 g,
    ∃ (zero : (i ≫ j) ≫ g = 0), strictShortExact { X₁ := X, X₂ := Z, X₃ := Z_1, f := i ≫ j, g := g, zero := zero }
run/w_clean_20260607_quillen_composition_probe/quillen_composition_probe.lean:15:46: error: unsolved goals
X Y Z : MetrizableLCA
i : X ⟶ Y
j : Y ⟶ Z
Zi : MetrizableLCA
gi : Y ⟶ Zi
zi : i ≫ gi = 0
hSi : strictShortExact { X₁ := X, X₂ := Y, X₃ := Zi, f := i, g := gi, zero := zi }
Zj : MetrizableLCA
gj : Z ⟶ Zj
zj : j ≫ gj = 0
hSj : strictShortExact { X₁ := Y, X₂ := Z, X₃ := Zj, f := j, g := gj, zero := zj }
⊢ ∃ Z_1 g,
    ∃ (zero : (i ≫ j) ≫ g = 0), strictShortExact { X₁ := X, X₂ := Z, X₃ := Z_1, f := i ≫ j, g := g, zero := zero }
run/w_clean_20260607_quillen_composition_probe/quillen_composition_probe.lean:27:8: error: don't know how to synthesize placeholder
context:
case deflation_comp_missing
X Y Z : MetrizableLCA
p : X ⟶ Y
q : Y ⟶ Z
Wp : MetrizableLCA
fp : Wp ⟶ X
zp : fp ≫ p = 0
hSp : strictShortExact { X₁ := Wp, X₂ := X, X₃ := Y, f := fp, g := p, zero := zp }
Wq : MetrizableLCA
fq : Wq ⟶ Y
zq : fq ≫ q = 0
hSq : strictShortExact { X₁ := Wq, X₂ := Y, X₃ := Z, f := fq, g := q, zero := zq }
⊢ ∃ W f, ∃ (zero : f ≫ p ≫ q = 0), strictShortExact { X₁ := W, X₂ := X, X₃ := Z, f := f, g := p ≫ q, zero := zero }
run/w_clean_20260607_quillen_composition_probe/quillen_composition_probe.lean:23:46: error: unsolved goals
X Y Z : MetrizableLCA
p : X ⟶ Y
q : Y ⟶ Z
Wp : MetrizableLCA
fp : Wp ⟶ X
zp : fp ≫ p = 0
hSp : strictShortExact { X₁ := Wp, X₂ := X, X₃ := Y, f := fp, g := p, zero := zp }
Wq : MetrizableLCA
fq : Wq ⟶ Y
zq : fq ≫ q = 0
hSq : strictShortExact { X₁ := Wq, X₂ := Y, X₃ := Z, f := fq, g := q, zero := zq }
⊢ ∃ W f, ∃ (zero : f ≫ p ≫ q = 0), strictShortExact { X₁ := W, X₂ := X, X₃ := Z, f := f, g := p ≫ q, zero := zero }
