{
  "schema": "lean_lca_exact_challenge.terminal_outcome.v1",
  "generated_utc": "2026-06-07T10:18:09Z",
  "git_head": "4e242408a1b78dc6a20b64807fc183e75cc99512",
  "source_tree_hash": "a3b27d4d1e2951af093b8f0b48a55b7d3162cf6d",
  "outcome": "proof_search_no_source_change",
  "product_success": false,
  "product_success_claimed": false,
  "product_complete": false,
  "update_goal_allowed": false,
  "summary": "Current-state reconciliation pivoted away from surface-only W-route exposure. A focused Lean probe shows that the local QuillenExactCategory interface still lacks the composition-stability witnesses needed for a mathematically honest Quillen exact category: composing two inflations reduces to constructing a strictShortExact witness for i ≫ j, and composing two deflations reduces to constructing a strictShortExact witness for p ≫ q.",
  "positive_witness_declarations": [],
  "contracts": {
    "human_centered_goal_sha256": "a91bb2afdd4f171a181186e6a5bf7da55e751a932fb3b360472288837fbd9260",
    "original_four_task_contract_sha256": "a7c9f6493dfd369bae9d18196e8379635f958630306f5272fad3faea1f8edfd1",
    "positive_witness_contract_sha256": "3120c014b83e0c7c8f8160ca90447a1a73588096a354ace109e2fca4e4eab5ec"
  },
  "proof_search_checkpoint": "run/w_clean_20260607_quillen_composition_probe/checkpoint.md",
  "known_gaps": [
    "Positive Lean witness is absent: no OriginalFourTaskProductSuccess surface with field-level evidence for the original four-task contract exists.",
    "QuillenExactCategory.Basic currently exposes iso transport, split conflations, pushout preservation of inflations, and pullback preservation of deflations, but not composition stability of inflations or deflations.",
    "The canonical MetrizableLCA instance reduces conflations to strictShortExact sequences, but the current source does not provide strictShortExact composition constructors for composed inflations or composed deflations."
  ],
  "remaining_work": [
    "Implement and verify strictShortExact composition constructors for the MetrizableLCA closed-inclusion/open-surjection algebraically exact sequences, or document the precise stronger source patch needed if the pinned topology/category API cannot support them.",
    "Lift the proved composition constructors into QuillenExactCategory.Basic as product-facing composition-stability fields or theorems.",
    "Only after the exact-category axioms are honest and complete, continue the Yoneda Ext and bounded derived infinity-category positive witness integration."
  ],
  "verified_commands": [
    "git status --short --branch --untracked-files=all",
    "git rev-parse HEAD",
    "git ls-remote --heads origin main goal-clean-positive-witness-20260607",
    "lake env lean run/w_clean_20260607_quillen_composition_probe/quillen_composition_probe.lean",
    "rg -n 'strictShortExact.*comp|comp.*strictShortExact|inflation.*comp|deflation.*comp|quillen.*comp|composition stability|composition-stability|closedEmbedding.*comp|openMap.*comp' LeanLCAExactChallenge/ExactCategory LeanLCAExactChallenge/LCA"
  ],
  "packet_zip": null,
  "packet_sha256_sidecar": null
}
