LeanLCAExactChallenge.Dbounded.limitComparisonOfDirectComparisonRightLcaOpClosureW1600 :
  LeanLCAExactChallenge.Dbounded.MetrizableWppLimitComparisonInput
LeanLCAExactChallenge.Dbounded.closedMapDirectRightLcaOpClosureDataOfDirectComparisonW1600
  (data : LeanLCAExactChallenge.Dbounded.MetrizableClosedMapDirectComparisonRightLcaOpClosureBranchDataW1600) :
  LeanLCAExactChallenge.Dbounded.MetrizableClosedMapDirectRightLcaLimitOpClosureNormalizedClosedRangeBranchDataW777
LeanLCAExactChallenge.Dbounded.closedEmbeddingDirectRightLcaOpClosureDataOfDirectComparisonW1600
  (data : LeanLCAExactChallenge.Dbounded.MetrizableClosedEmbeddingDirectComparisonRightLcaOpClosureBranchDataW1600) :
  LeanLCAExactChallenge.Dbounded.MetrizableClosedEmbeddingDirectRightLcaLimitOpClosureNormalizedClosedRangeBranchDataW777
LeanLCAExactChallenge.Dbounded.boundedDerivedOfClosedMapDirectComparisonRightLcaOpClosureStableBoundaryW1600
  (data : LeanLCAExactChallenge.Dbounded.MetrizableClosedMapDirectComparisonRightLcaOpClosureBranchDataW1600) :
  LeanLCAExactChallenge.BoundedDerivedInfinityCategory LeanLCAExactChallenge.MetrizableLCA
    (LeanLCAExactChallenge.Dbounded.infinityCategory LeanLCAExactChallenge.MetrizableLCA)
LeanLCAExactChallenge.Dbounded.boundedDerivedOfClosedEmbeddingDirectComparisonRightLcaOpClosureStableBoundaryW1600
  (data : LeanLCAExactChallenge.Dbounded.MetrizableClosedEmbeddingDirectComparisonRightLcaOpClosureBranchDataW1600) :
  LeanLCAExactChallenge.BoundedDerivedInfinityCategory LeanLCAExactChallenge.MetrizableLCA
    (LeanLCAExactChallenge.Dbounded.infinityCategory LeanLCAExactChallenge.MetrizableLCA)
LeanLCAExactChallenge.Dbounded.directComparisonRightLcaOpClosureProductRouteInputNamesW1600_count :
  LeanLCAExactChallenge.Dbounded.directComparisonRightLcaOpClosureProductRouteInputNamesW1600.length = 7
LeanLCAExactChallenge.Dbounded.currentW1600DirectComparisonRightLcaOpClosureRoute_productSuccess :
  (have state :=
      LeanLCAExactChallenge.Dbounded.currentMetrizableDirectComparisonRightLcaOpClosureProductRouteSupportStateW1600;
    state.productSuccessClaimed) =
    false
