⚠ [1440/1579] Replayed LeanLCAExactChallenge.ExactCategory.Basic
warning: LeanLCAExactChallenge/ExactCategory/Basic.lean:1:1: * '-/':
Copyright too short!


Note: This linter can be disabled with `set_option linter.style.header false`
⚠ [1441/1579] Replayed LeanLCAExactChallenge.LCA.Basic
warning: LeanLCAExactChallenge/LCA/Basic.lean:1:1: * '-/':
Copyright too short!


Note: This linter can be disabled with `set_option linter.style.header false`
⚠ [1476/1579] Replayed LeanLCAExactChallenge.LCA.Quotient
warning: LeanLCAExactChallenge/LCA/Quotient.lean:1:1: * '-/':
Copyright too short!


Note: This linter can be disabled with `set_option linter.style.header false`
⚠ [1477/1579] Replayed LeanLCAExactChallenge.LCA.Cokernel
warning: LeanLCAExactChallenge/LCA/Cokernel.lean:1:1: * '-/':
Copyright too short!


Note: This linter can be disabled with `set_option linter.style.header false`
warning: LeanLCAExactChallenge/LCA/Cokernel.lean:222:6: try 'simp' instead of 'simpa'

Note: This linter can be disabled with `set_option linter.unnecessarySimpa false`
warning: LeanLCAExactChallenge/LCA/Cokernel.lean:236:2: try 'simp' instead of 'simpa'

Note: This linter can be disabled with `set_option linter.unnecessarySimpa false`
warning: LeanLCAExactChallenge/LCA/Cokernel.lean:265:4: try 'simp' instead of 'simpa'

Note: This linter can be disabled with `set_option linter.unnecessarySimpa false`
warning: LeanLCAExactChallenge/LCA/Cokernel.lean:295:4: try 'simp' instead of 'simpa'

Note: This linter can be disabled with `set_option linter.unnecessarySimpa false`
⚠ [1754/1758] Replayed LeanLCAExactChallenge.LCA.StrictExact
warning: LeanLCAExactChallenge/LCA/StrictExact.lean:1:1: * '-/':
Copyright too short!


Note: This linter can be disabled with `set_option linter.style.header false`
⚠ [1755/1758] Replayed LeanLCAExactChallenge.LCA.Pullback
warning: LeanLCAExactChallenge/LCA/Pullback.lean:1:1: * '-/':
Copyright too short!


Note: This linter can be disabled with `set_option linter.style.header false`
⚠ [1756/1758] Replayed LeanLCAExactChallenge.LCA.Pushout
warning: LeanLCAExactChallenge/LCA/Pushout.lean:1:1: * '-/':
Copyright too short!


Note: This linter can be disabled with `set_option linter.style.header false`
⚠ [1757/1758] Replayed LeanLCAExactChallenge.LCA.ExactCategory
warning: LeanLCAExactChallenge/LCA/ExactCategory.lean:1:1: * '-/':
Copyright too short!


Note: This linter can be disabled with `set_option linter.style.header false`
⚠ [1758/1758] Replayed LeanLCAExactChallenge.Ext.Yoneda
warning: LeanLCAExactChallenge/Ext/Yoneda.lean:1:1: * '-/':
Copyright too short!


Note: This linter can be disabled with `set_option linter.style.header false`
warning: LeanLCAExactChallenge/Ext/Yoneda.lean:6814:2: try 'simp' instead of 'simpa'

Note: This linter can be disabled with `set_option linter.unnecessarySimpa false`
warning: LeanLCAExactChallenge/Ext/Yoneda.lean:6827:2: try 'simp' instead of 'simpa'

Note: This linter can be disabled with `set_option linter.unnecessarySimpa false`
Build completed successfully (1758 jobs).
