LeanLCAExactChallenge.Dbounded.MetrizableClosedMapBoundarySourcePiZeroStableClosureBranchDataW1606 : Type 2
LeanLCAExactChallenge.Dbounded.MetrizableClosedEmbeddingBoundarySourcePiZeroStableClosureBranchDataW1606 : Type 2
LeanLCAExactChallenge.Dbounded.closedMapExactStableDataW1606
  (data : MetrizableClosedMapBoundarySourcePiZeroStableClosureBranchDataW1606) :
  MetrizableClosedMapBoundarySourcePiZeroExactInputsExactStableBranchDataW1605
LeanLCAExactChallenge.Dbounded.closedEmbeddingExactStableDataW1606
  (data : MetrizableClosedEmbeddingBoundarySourcePiZeroStableClosureBranchDataW1606) :
  MetrizableClosedEmbeddingBoundarySourcePiZeroExactInputsExactStableBranchDataW1605
LeanLCAExactChallenge.Dbounded.closedMapOpClosureDataOfStableClosureW1606
  (data : MetrizableClosedMapBoundarySourcePiZeroStableClosureBranchDataW1606) :
  MetrizableClosedMapBoundarySourcePiZeroExactInputsOpClosureBranchDataW1604
LeanLCAExactChallenge.Dbounded.closedEmbeddingOpClosureDataOfStableClosureW1606
  (data : MetrizableClosedEmbeddingBoundarySourcePiZeroStableClosureBranchDataW1606) :
  MetrizableClosedEmbeddingBoundarySourcePiZeroExactInputsOpClosureBranchDataW1604
LeanLCAExactChallenge.Dbounded.productEvidenceOfClosedMapStableClosureW1606
  (data : MetrizableClosedMapBoundarySourcePiZeroStableClosureBranchDataW1606) :
  MetrizableWppKernelCokernelProductEvidenceW767
LeanLCAExactChallenge.Dbounded.productEvidenceOfClosedEmbeddingStableClosureW1606
  (data : MetrizableClosedEmbeddingBoundarySourcePiZeroStableClosureBranchDataW1606) :
  MetrizableWppKernelCokernelProductEvidenceW767
LeanLCAExactChallenge.Dbounded.directFiniteShapeStableDataOfClosedMapStableClosureW1606
  (data : MetrizableClosedMapBoundarySourcePiZeroStableClosureBranchDataW1606) :
  MetrizableKernelCokernelLeftRightComparisonDirectFiniteShapeStableDataW769
LeanLCAExactChallenge.Dbounded.directFiniteShapeStableDataOfClosedEmbeddingStableClosureW1606
  (data : MetrizableClosedEmbeddingBoundarySourcePiZeroStableClosureBranchDataW1606) :
  MetrizableKernelCokernelLeftRightComparisonDirectFiniteShapeStableDataW769
LeanLCAExactChallenge.Dbounded.stableBoundaryInputsOfClosedMapStableClosureW1606
  (data : MetrizableClosedMapBoundarySourcePiZeroStableClosureBranchDataW1606) : MetrizableStableInstanceBoundaryInputs
LeanLCAExactChallenge.Dbounded.stableBoundaryInputsOfClosedEmbeddingStableClosureW1606
  (data : MetrizableClosedEmbeddingBoundarySourcePiZeroStableClosureBranchDataW1606) :
  MetrizableStableInstanceBoundaryInputs
LeanLCAExactChallenge.Dbounded.acceptedStableOfClosedMapStableClosureW1606
  (data : MetrizableClosedMapBoundarySourcePiZeroStableClosureBranchDataW1606) :
  AcceptedStableBoundedDerivedInfinityCategory MetrizableLCA
LeanLCAExactChallenge.Dbounded.acceptedStableOfClosedEmbeddingStableClosureW1606
  (data : MetrizableClosedEmbeddingBoundarySourcePiZeroStableClosureBranchDataW1606) :
  AcceptedStableBoundedDerivedInfinityCategory MetrizableLCA
LeanLCAExactChallenge.Dbounded.boundedDerivedOfClosedMapStableClosureW1606
  (data : MetrizableClosedMapBoundarySourcePiZeroStableClosureBranchDataW1606) :
  BoundedDerivedInfinityCategory MetrizableLCA (infinityCategory MetrizableLCA)
LeanLCAExactChallenge.Dbounded.boundedDerivedOfClosedEmbeddingStableClosureW1606
  (data : MetrizableClosedEmbeddingBoundarySourcePiZeroStableClosureBranchDataW1606) :
  BoundedDerivedInfinityCategory MetrizableLCA (infinityCategory MetrizableLCA)
LeanLCAExactChallenge.Dbounded.boundarySourcePiZeroStableClosureProductRouteInputNamesW1606_count :
  boundarySourcePiZeroStableClosureProductRouteInputNamesW1606.length = 3
LeanLCAExactChallenge.Dbounded.currentW1606BoundarySourcePiZeroStableClosureRoute_productSuccess :
  (have state := currentMetrizableBoundarySourcePiZeroStableClosureRouteStateW1606;
    state.productSuccessClaimed) =
    false
