LeanLCAExactChallenge.Dbounded.closedMapTargetIsoComparisonDataOfIsoClosureW1611
  (data : MetrizableClosedMapIsoClosureDirectSourceStableRouteDataW845) :
  MetrizableClosedMapTargetIsoDirectSourceStableRouteDataW844
LeanLCAExactChallenge.Dbounded.closedEmbeddingTargetIsoComparisonDataOfIsoClosureW1611
  (data : MetrizableClosedEmbeddingIsoClosureDirectSourceStableRouteDataW845) :
  MetrizableClosedEmbeddingTargetIsoDirectSourceStableRouteDataW844
LeanLCAExactChallenge.Dbounded.productEvidenceOfClosedMapIsoClosureComparisonW1611
  (data : MetrizableClosedMapIsoClosureDirectSourceStableRouteDataW845) : MetrizableWppKernelCokernelProductEvidenceW767
LeanLCAExactChallenge.Dbounded.productEvidenceOfClosedEmbeddingIsoClosureComparisonW1611
  (data : MetrizableClosedEmbeddingIsoClosureDirectSourceStableRouteDataW845) :
  MetrizableWppKernelCokernelProductEvidenceW767
LeanLCAExactChallenge.Dbounded.boundedDerivedOfClosedMapIsoClosureComparisonW1611
  (data : MetrizableClosedMapIsoClosureDirectSourceStableRouteDataW845) :
  BoundedDerivedInfinityCategory MetrizableLCA (infinityCategory MetrizableLCA)
LeanLCAExactChallenge.Dbounded.boundedDerivedOfClosedEmbeddingIsoClosureComparisonW1611
  (data : MetrizableClosedEmbeddingIsoClosureDirectSourceStableRouteDataW845) :
  BoundedDerivedInfinityCategory MetrizableLCA (infinityCategory MetrizableLCA)
LeanLCAExactChallenge.Dbounded.currentW1611BoundarySourcePiZeroIsoClosureComparisonRoute_productSuccess :
  (have state := currentMetrizableBoundarySourcePiZeroIsoClosureComparisonRouteStateW1611;
    state.productSuccessClaimed) =
    false
