LeanLCAExactChallenge.Dbounded.closedMapExactInputsOfConcreteFieldsSelectedCochainComparisonW1615
  (data : MetrizableClosedMapBoundarySourcePiZeroConcreteFieldsSelectedCochainComparisonBranchDataW1615) :
  MetrizableWppClosedMapCategoryHomologyInstanceConcreteLeafInputsW735
LeanLCAExactChallenge.Dbounded.closedEmbeddingExactInputsOfConcreteFieldsSelectedCochainComparisonW1615
  (data : MetrizableClosedEmbeddingBoundarySourcePiZeroConcreteFieldsSelectedCochainComparisonBranchDataW1615) :
  MetrizableWppClosedEmbeddingCategoryHomologyInstanceConcreteLeafInputsW735
LeanLCAExactChallenge.Dbounded.productEvidenceOfClosedMapConcreteFieldsSelectedCochainComparisonW1615
  (data : MetrizableClosedMapBoundarySourcePiZeroConcreteFieldsSelectedCochainComparisonBranchDataW1615) :
  MetrizableWppKernelCokernelProductEvidenceW767
LeanLCAExactChallenge.Dbounded.productEvidenceOfClosedEmbeddingConcreteFieldsSelectedCochainComparisonW1615
  (data : MetrizableClosedEmbeddingBoundarySourcePiZeroConcreteFieldsSelectedCochainComparisonBranchDataW1615) :
  MetrizableWppKernelCokernelProductEvidenceW767
LeanLCAExactChallenge.Dbounded.boundedDerivedOfClosedMapConcreteFieldsSelectedCochainComparisonW1615
  (data : MetrizableClosedMapBoundarySourcePiZeroConcreteFieldsSelectedCochainComparisonBranchDataW1615) :
  BoundedDerivedInfinityCategory MetrizableLCA (infinityCategory MetrizableLCA)
LeanLCAExactChallenge.Dbounded.boundedDerivedOfClosedEmbeddingConcreteFieldsSelectedCochainComparisonW1615
  (data : MetrizableClosedEmbeddingBoundarySourcePiZeroConcreteFieldsSelectedCochainComparisonBranchDataW1615) :
  BoundedDerivedInfinityCategory MetrizableLCA (infinityCategory MetrizableLCA)
LeanLCAExactChallenge.Dbounded.currentW1615BoundarySourcePiZeroConcreteFieldsSelectedCochainComparisonRoute_productSuccess :
  (have state := currentMetrizableBoundarySourcePiZeroConcreteFieldsSelectedCochainComparisonRouteStateW1615;
    state.productSuccessClaimed) =
    false
