LeanLCAExactChallenge.Dbounded.MetrizableClosedMapBoundarySourcePiZeroExactInputsOpClosureBranchDataW1604 : Type 2
LeanLCAExactChallenge.Dbounded.MetrizableClosedEmbeddingBoundarySourcePiZeroExactInputsOpClosureBranchDataW1604 : Type 2
LeanLCAExactChallenge.Dbounded.closedMapBoundarySourcePiZeroOpClosureDataOfExactInputsW1604
  (data : MetrizableClosedMapBoundarySourcePiZeroExactInputsOpClosureBranchDataW1604) :
  MetrizableClosedMapBoundarySourcePiZeroOpClosureBranchDataW1603
LeanLCAExactChallenge.Dbounded.closedEmbeddingBoundarySourcePiZeroOpClosureDataOfExactInputsW1604
  (data : MetrizableClosedEmbeddingBoundarySourcePiZeroExactInputsOpClosureBranchDataW1604) :
  MetrizableClosedEmbeddingBoundarySourcePiZeroOpClosureBranchDataW1603
LeanLCAExactChallenge.Dbounded.productEvidence_of_closedMapBoundarySourcePiZeroExactInputsOpClosureRouteW1604
  (data : MetrizableClosedMapBoundarySourcePiZeroExactInputsOpClosureBranchDataW1604) :
  MetrizableWppKernelCokernelProductEvidenceW767
LeanLCAExactChallenge.Dbounded.productEvidence_of_closedEmbeddingBoundarySourcePiZeroExactInputsOpClosureRouteW1604
  (data : MetrizableClosedEmbeddingBoundarySourcePiZeroExactInputsOpClosureBranchDataW1604) :
  MetrizableWppKernelCokernelProductEvidenceW767
LeanLCAExactChallenge.Dbounded.directFiniteShapeStableDataOfClosedMapBoundarySourcePiZeroExactInputsOpClosureW1604
  (data : MetrizableClosedMapBoundarySourcePiZeroExactInputsOpClosureBranchDataW1604) :
  MetrizableKernelCokernelLeftRightComparisonDirectFiniteShapeStableDataW769
LeanLCAExactChallenge.Dbounded.directFiniteShapeStableDataOfClosedEmbeddingBoundarySourcePiZeroExactInputsOpClosureW1604
  (data : MetrizableClosedEmbeddingBoundarySourcePiZeroExactInputsOpClosureBranchDataW1604) :
  MetrizableKernelCokernelLeftRightComparisonDirectFiniteShapeStableDataW769
LeanLCAExactChallenge.Dbounded.stableBoundaryInputsOfClosedMapBoundarySourcePiZeroExactInputsOpClosureW1604
  (data : MetrizableClosedMapBoundarySourcePiZeroExactInputsOpClosureBranchDataW1604) :
  MetrizableStableInstanceBoundaryInputs
LeanLCAExactChallenge.Dbounded.stableBoundaryInputsOfClosedEmbeddingBoundarySourcePiZeroExactInputsOpClosureW1604
  (data : MetrizableClosedEmbeddingBoundarySourcePiZeroExactInputsOpClosureBranchDataW1604) :
  MetrizableStableInstanceBoundaryInputs
LeanLCAExactChallenge.Dbounded.acceptedStableOfClosedMapBoundarySourcePiZeroExactInputsOpClosureW1604
  (data : MetrizableClosedMapBoundarySourcePiZeroExactInputsOpClosureBranchDataW1604) :
  AcceptedStableBoundedDerivedInfinityCategory MetrizableLCA
LeanLCAExactChallenge.Dbounded.acceptedStableOfClosedEmbeddingBoundarySourcePiZeroExactInputsOpClosureW1604
  (data : MetrizableClosedEmbeddingBoundarySourcePiZeroExactInputsOpClosureBranchDataW1604) :
  AcceptedStableBoundedDerivedInfinityCategory MetrizableLCA
LeanLCAExactChallenge.Dbounded.boundedDerivedOfClosedMapBoundarySourcePiZeroExactInputsOpClosureStableBoundaryW1604
  (data : MetrizableClosedMapBoundarySourcePiZeroExactInputsOpClosureBranchDataW1604) :
  BoundedDerivedInfinityCategory MetrizableLCA (infinityCategory MetrizableLCA)
LeanLCAExactChallenge.Dbounded.boundedDerivedOfClosedEmbeddingBoundarySourcePiZeroExactInputsOpClosureStableBoundaryW1604
  (data : MetrizableClosedEmbeddingBoundarySourcePiZeroExactInputsOpClosureBranchDataW1604) :
  BoundedDerivedInfinityCategory MetrizableLCA (infinityCategory MetrizableLCA)
LeanLCAExactChallenge.Dbounded.boundarySourcePiZeroExactInputsOpClosureProductRouteInputNamesW1604_count :
  boundarySourcePiZeroExactInputsOpClosureProductRouteInputNamesW1604.length = 4
LeanLCAExactChallenge.Dbounded.currentW1604BoundarySourcePiZeroExactInputsOpClosureRoute_productSuccess :
  (have state := currentMetrizableBoundarySourcePiZeroExactInputsOpClosureRouteStateW1604;
    state.productSuccessClaimed) =
    false
