LeanLCAExactChallenge.Dbounded.closedMapConcreteFieldsOfSplitFieldsSelectedCochainComparisonW1616
  (data : MetrizableClosedMapBoundarySourcePiZeroSplitFieldsSelectedCochainComparisonBranchDataW1616) :
  MetrizableClosedMapBoundarySourcePiZeroConcreteFieldsSelectedCochainComparisonBranchDataW1615
LeanLCAExactChallenge.Dbounded.closedEmbeddingConcreteFieldsOfSplitFieldsSelectedCochainComparisonW1616
  (data : MetrizableClosedEmbeddingBoundarySourcePiZeroSplitFieldsSelectedCochainComparisonBranchDataW1616) :
  MetrizableClosedEmbeddingBoundarySourcePiZeroConcreteFieldsSelectedCochainComparisonBranchDataW1615
LeanLCAExactChallenge.Dbounded.productEvidenceOfClosedMapSplitFieldsSelectedCochainComparisonW1616
  (data : MetrizableClosedMapBoundarySourcePiZeroSplitFieldsSelectedCochainComparisonBranchDataW1616) :
  MetrizableWppKernelCokernelProductEvidenceW767
LeanLCAExactChallenge.Dbounded.productEvidenceOfClosedEmbeddingSplitFieldsSelectedCochainComparisonW1616
  (data : MetrizableClosedEmbeddingBoundarySourcePiZeroSplitFieldsSelectedCochainComparisonBranchDataW1616) :
  MetrizableWppKernelCokernelProductEvidenceW767
LeanLCAExactChallenge.Dbounded.boundedDerivedOfClosedMapSplitFieldsSelectedCochainComparisonW1616
  (data : MetrizableClosedMapBoundarySourcePiZeroSplitFieldsSelectedCochainComparisonBranchDataW1616) :
  BoundedDerivedInfinityCategory MetrizableLCA (infinityCategory MetrizableLCA)
LeanLCAExactChallenge.Dbounded.boundedDerivedOfClosedEmbeddingSplitFieldsSelectedCochainComparisonW1616
  (data : MetrizableClosedEmbeddingBoundarySourcePiZeroSplitFieldsSelectedCochainComparisonBranchDataW1616) :
  BoundedDerivedInfinityCategory MetrizableLCA (infinityCategory MetrizableLCA)
LeanLCAExactChallenge.Dbounded.currentW1616BoundarySourcePiZeroSplitFieldsSelectedCochainComparisonRoute_productSuccess :
  (have state := currentMetrizableBoundarySourcePiZeroSplitFieldsSelectedCochainComparisonRouteStateW1616;
    state.productSuccessClaimed) =
    false
