LeanLCAExactChallenge.Dbounded.MetrizableClosedMapBoundarySourcePiZeroExactInputsExactStableBranchDataW1605 : Type 2
LeanLCAExactChallenge.Dbounded.MetrizableClosedEmbeddingBoundarySourcePiZeroExactInputsExactStableBranchDataW1605 :
  Type 2
LeanLCAExactChallenge.Dbounded.exactStableEvidenceOfClosedMapBoundarySourcePiZeroExactInputsW1605
  (data : MetrizableClosedMapBoundarySourcePiZeroExactInputsExactStableBranchDataW1605) :
  MetrizableWppExactStableEvidenceW758
LeanLCAExactChallenge.Dbounded.exactStableEvidenceOfClosedEmbeddingBoundarySourcePiZeroExactInputsW1605
  (data : MetrizableClosedEmbeddingBoundarySourcePiZeroExactInputsExactStableBranchDataW1605) :
  MetrizableWppExactStableEvidenceW758
LeanLCAExactChallenge.Dbounded.wppOpExactAcyclicClosureOfClosedMapBoundarySourcePiZeroExactInputsW1605
  (data : MetrizableClosedMapBoundarySourcePiZeroExactInputsExactStableBranchDataW1605) :
  MetrizableWppOpExactAcyclicClosureInput
LeanLCAExactChallenge.Dbounded.wppOpExactAcyclicClosureOfClosedEmbeddingBoundarySourcePiZeroExactInputsW1605
  (data : MetrizableClosedEmbeddingBoundarySourcePiZeroExactInputsExactStableBranchDataW1605) :
  MetrizableWppOpExactAcyclicClosureInput
LeanLCAExactChallenge.Dbounded.acceptedStableOfClosedMapBoundarySourcePiZeroExactInputsW1605
  (data : MetrizableClosedMapBoundarySourcePiZeroExactInputsExactStableBranchDataW1605) :
  AcceptedStableBoundedDerivedInfinityCategory MetrizableLCA
LeanLCAExactChallenge.Dbounded.acceptedStableOfClosedEmbeddingBoundarySourcePiZeroExactInputsW1605
  (data : MetrizableClosedEmbeddingBoundarySourcePiZeroExactInputsExactStableBranchDataW1605) :
  AcceptedStableBoundedDerivedInfinityCategory MetrizableLCA
LeanLCAExactChallenge.Dbounded.acceptedStableOfClosedMapBoundarySourcePiZeroExactInputsW1605_accepted
  (data : MetrizableClosedMapBoundarySourcePiZeroExactInputsExactStableBranchDataW1605) :
  (StableRouteAttempt.fullCertificate
        (acceptedStableOfClosedMapBoundarySourcePiZeroExactInputsW1605 data).certificate).accepted =
    true
LeanLCAExactChallenge.Dbounded.acceptedStableOfClosedEmbeddingBoundarySourcePiZeroExactInputsW1605_accepted
  (data : MetrizableClosedEmbeddingBoundarySourcePiZeroExactInputsExactStableBranchDataW1605) :
  (StableRouteAttempt.fullCertificate
        (acceptedStableOfClosedEmbeddingBoundarySourcePiZeroExactInputsW1605 data).certificate).accepted =
    true
LeanLCAExactChallenge.Dbounded.boundarySourcePiZeroExactInputsExactStableEvidenceRouteInputNamesW1605_count :
  boundarySourcePiZeroExactInputsExactStableEvidenceRouteInputNamesW1605.length = 2
LeanLCAExactChallenge.Dbounded.currentW1605BoundarySourcePiZeroExactInputsExactStableEvidenceRoute_productSuccess :
  (have state := currentMetrizableBoundarySourcePiZeroExactInputsExactStableEvidenceRouteStateW1605;
    state.productSuccessClaimed) =
    false
