LeanLCAExactChallenge.Dbounded.MetrizableClosedMapBoundarySourcePiZeroComparisonTargetExactAtDataW1608 : Type 2
LeanLCAExactChallenge.Dbounded.MetrizableClosedEmbeddingBoundarySourcePiZeroComparisonTargetExactAtDataW1608 : Type 2
LeanLCAExactChallenge.Dbounded.closedMapTargetExactAtDataOfComparisonBijectivityW1608
  (data : MetrizableClosedMapBoundarySourcePiZeroComparisonTargetExactAtDataW1608) :
  MetrizableClosedMapBoundarySourcePiZeroTargetExactAtBranchDataW1607
LeanLCAExactChallenge.Dbounded.closedEmbeddingTargetExactAtDataOfComparisonBijectivityW1608
  (data : MetrizableClosedEmbeddingBoundarySourcePiZeroComparisonTargetExactAtDataW1608) :
  MetrizableClosedEmbeddingBoundarySourcePiZeroTargetExactAtBranchDataW1607
LeanLCAExactChallenge.Dbounded.productEvidenceOfClosedMapComparisonTargetExactAtW1608
  (data : MetrizableClosedMapBoundarySourcePiZeroComparisonTargetExactAtDataW1608) :
  MetrizableWppKernelCokernelProductEvidenceW767
LeanLCAExactChallenge.Dbounded.productEvidenceOfClosedEmbeddingComparisonTargetExactAtW1608
  (data : MetrizableClosedEmbeddingBoundarySourcePiZeroComparisonTargetExactAtDataW1608) :
  MetrizableWppKernelCokernelProductEvidenceW767
LeanLCAExactChallenge.Dbounded.directFiniteShapeStableDataOfClosedMapComparisonW1608
  (data : MetrizableClosedMapBoundarySourcePiZeroComparisonTargetExactAtDataW1608) :
  MetrizableKernelCokernelLeftRightComparisonDirectFiniteShapeStableDataW769
LeanLCAExactChallenge.Dbounded.directFiniteShapeStableDataOfClosedEmbeddingComparisonW1608
  (data : MetrizableClosedEmbeddingBoundarySourcePiZeroComparisonTargetExactAtDataW1608) :
  MetrizableKernelCokernelLeftRightComparisonDirectFiniteShapeStableDataW769
LeanLCAExactChallenge.Dbounded.stableBoundaryInputsOfClosedMapComparisonW1608
  (data : MetrizableClosedMapBoundarySourcePiZeroComparisonTargetExactAtDataW1608) :
  MetrizableStableInstanceBoundaryInputs
LeanLCAExactChallenge.Dbounded.stableBoundaryInputsOfClosedEmbeddingComparisonW1608
  (data : MetrizableClosedEmbeddingBoundarySourcePiZeroComparisonTargetExactAtDataW1608) :
  MetrizableStableInstanceBoundaryInputs
LeanLCAExactChallenge.Dbounded.acceptedStableOfClosedMapComparisonTargetExactAtW1608
  (data : MetrizableClosedMapBoundarySourcePiZeroComparisonTargetExactAtDataW1608) :
  AcceptedStableBoundedDerivedInfinityCategory MetrizableLCA
LeanLCAExactChallenge.Dbounded.acceptedStableOfClosedEmbeddingComparisonTargetExactAtW1608
  (data : MetrizableClosedEmbeddingBoundarySourcePiZeroComparisonTargetExactAtDataW1608) :
  AcceptedStableBoundedDerivedInfinityCategory MetrizableLCA
LeanLCAExactChallenge.Dbounded.boundedDerivedOfClosedMapComparisonTargetExactAtW1608
  (data : MetrizableClosedMapBoundarySourcePiZeroComparisonTargetExactAtDataW1608) :
  BoundedDerivedInfinityCategory MetrizableLCA (infinityCategory MetrizableLCA)
LeanLCAExactChallenge.Dbounded.boundedDerivedOfClosedEmbeddingComparisonTargetExactAtW1608
  (data : MetrizableClosedEmbeddingBoundarySourcePiZeroComparisonTargetExactAtDataW1608) :
  BoundedDerivedInfinityCategory MetrizableLCA (infinityCategory MetrizableLCA)
LeanLCAExactChallenge.Dbounded.boundarySourcePiZeroComparisonTargetExactAtInputNamesW1608_count :
  boundarySourcePiZeroComparisonTargetExactAtInputNamesW1608.length = 2
LeanLCAExactChallenge.Dbounded.currentW1608BoundarySourcePiZeroComparisonRoute_productSuccess :
  (have state := currentMetrizableBoundarySourcePiZeroComparisonRouteStateW1608;
    state.productSuccessClaimed) =
    false
