LeanLCAExactChallenge.Dbounded.closedMapIsoClosureComparisonDataOfStrictRealizationW1612
  (data : MetrizableClosedMapStrictRealizationDirectSourceStableRouteDataW846) :
  MetrizableClosedMapIsoClosureDirectSourceStableRouteDataW845
LeanLCAExactChallenge.Dbounded.closedEmbeddingIsoClosureComparisonDataOfStrictRealizationW1612
  (data : MetrizableClosedEmbeddingStrictRealizationDirectSourceStableRouteDataW846) :
  MetrizableClosedEmbeddingIsoClosureDirectSourceStableRouteDataW845
LeanLCAExactChallenge.Dbounded.productEvidenceOfClosedMapStrictRealizationComparisonW1612
  (data : MetrizableClosedMapStrictRealizationDirectSourceStableRouteDataW846) :
  MetrizableWppKernelCokernelProductEvidenceW767
LeanLCAExactChallenge.Dbounded.productEvidenceOfClosedEmbeddingStrictRealizationComparisonW1612
  (data : MetrizableClosedEmbeddingStrictRealizationDirectSourceStableRouteDataW846) :
  MetrizableWppKernelCokernelProductEvidenceW767
LeanLCAExactChallenge.Dbounded.boundedDerivedOfClosedMapStrictRealizationComparisonW1612
  (data : MetrizableClosedMapStrictRealizationDirectSourceStableRouteDataW846) :
  BoundedDerivedInfinityCategory MetrizableLCA (infinityCategory MetrizableLCA)
LeanLCAExactChallenge.Dbounded.boundedDerivedOfClosedEmbeddingStrictRealizationComparisonW1612
  (data : MetrizableClosedEmbeddingStrictRealizationDirectSourceStableRouteDataW846) :
  BoundedDerivedInfinityCategory MetrizableLCA (infinityCategory MetrizableLCA)
LeanLCAExactChallenge.Dbounded.currentW1612BoundarySourcePiZeroStrictRealizationComparisonRoute_productSuccess :
  (have state := currentMetrizableBoundarySourcePiZeroStrictRealizationComparisonRouteStateW1612;
    state.productSuccessClaimed) =
    false
