LeanLCAExactChallenge.Dbounded.closedMapTargetHomologyZeroComparisonDataOfTargetIsoW1610
  (data : MetrizableClosedMapTargetIsoDirectSourceStableRouteDataW844) :
  MetrizableClosedMapTargetHomologyZeroStrictRealizationLeftCalculusDataW839
LeanLCAExactChallenge.Dbounded.closedEmbeddingTargetHomologyZeroComparisonDataOfTargetIsoW1610
  (data : MetrizableClosedEmbeddingTargetIsoDirectSourceStableRouteDataW844) :
  MetrizableClosedEmbeddingTargetHomologyZeroStrictRealizationLeftCalculusDataW839
LeanLCAExactChallenge.Dbounded.productEvidenceOfClosedMapTargetIsoComparisonW1610
  (data : MetrizableClosedMapTargetIsoDirectSourceStableRouteDataW844) : MetrizableWppKernelCokernelProductEvidenceW767
LeanLCAExactChallenge.Dbounded.productEvidenceOfClosedEmbeddingTargetIsoComparisonW1610
  (data : MetrizableClosedEmbeddingTargetIsoDirectSourceStableRouteDataW844) :
  MetrizableWppKernelCokernelProductEvidenceW767
LeanLCAExactChallenge.Dbounded.boundedDerivedOfClosedMapTargetIsoComparisonW1610
  (data : MetrizableClosedMapTargetIsoDirectSourceStableRouteDataW844) :
  BoundedDerivedInfinityCategory MetrizableLCA (infinityCategory MetrizableLCA)
LeanLCAExactChallenge.Dbounded.boundedDerivedOfClosedEmbeddingTargetIsoComparisonW1610
  (data : MetrizableClosedEmbeddingTargetIsoDirectSourceStableRouteDataW844) :
  BoundedDerivedInfinityCategory MetrizableLCA (infinityCategory MetrizableLCA)
LeanLCAExactChallenge.Dbounded.currentW1610BoundarySourcePiZeroTargetIsoComparisonRoute_productSuccess :
  (have state := currentMetrizableBoundarySourcePiZeroTargetIsoComparisonRouteStateW1610;
    state.productSuccessClaimed) =
    false
