LeanLCAExactChallenge.Dbounded.closedMapSelectedCochainComparisonDataOfExactInputsW1614
  (exactInputs : MetrizableWppClosedMapCategoryHomologyInstanceConcreteLeafInputsW735) :
  MetrizableClosedMapExactAcyclicSelectedCochainDirectSourceStableRouteDataW847
LeanLCAExactChallenge.Dbounded.closedEmbeddingSelectedCochainComparisonDataOfExactInputsW1614
  (exactInputs : MetrizableWppClosedEmbeddingCategoryHomologyInstanceConcreteLeafInputsW735) :
  MetrizableClosedEmbeddingExactAcyclicSelectedCochainDirectSourceStableRouteDataW847
LeanLCAExactChallenge.Dbounded.productEvidenceOfClosedMapExactInputsSelectedCochainComparisonW1614
  (exactInputs : MetrizableWppClosedMapCategoryHomologyInstanceConcreteLeafInputsW735) :
  MetrizableWppKernelCokernelProductEvidenceW767
LeanLCAExactChallenge.Dbounded.productEvidenceOfClosedEmbeddingExactInputsSelectedCochainComparisonW1614
  (exactInputs : MetrizableWppClosedEmbeddingCategoryHomologyInstanceConcreteLeafInputsW735) :
  MetrizableWppKernelCokernelProductEvidenceW767
LeanLCAExactChallenge.Dbounded.boundedDerivedOfClosedMapExactInputsSelectedCochainComparisonW1614
  (exactInputs : MetrizableWppClosedMapCategoryHomologyInstanceConcreteLeafInputsW735) :
  BoundedDerivedInfinityCategory MetrizableLCA (infinityCategory MetrizableLCA)
LeanLCAExactChallenge.Dbounded.boundedDerivedOfClosedEmbeddingExactInputsSelectedCochainComparisonW1614
  (exactInputs : MetrizableWppClosedEmbeddingCategoryHomologyInstanceConcreteLeafInputsW735) :
  BoundedDerivedInfinityCategory MetrizableLCA (infinityCategory MetrizableLCA)
LeanLCAExactChallenge.Dbounded.currentW1614BoundarySourcePiZeroExactInputsSelectedCochainComparisonRoute_productSuccess :
  (have state := currentMetrizableBoundarySourcePiZeroExactInputsSelectedCochainComparisonRouteStateW1614;
    state.productSuccessClaimed) =
    false
