LeanLCAExactChallenge.Dbounded.closedMapStableInstanceBoundaryDirectLocalizationInputsW829OfW843ConvergenceW1533
  (input :
    LeanLCAExactChallenge.Dbounded.W987BoundaryRelationTargetStrictPreimageObjectImageRightAdjointFunctorTargetSurjectivityCompactnessMappedCokernelPi1Pi2Pi3W829StableFieldsFromDirectSourceInputW1533)
  (globalClosedMapComponents : LeanLCAExactChallenge.Dbounded.SelectedDifferenceClosedMapDiagramComponentProviderW718)
  (mappedCokernelClosedMapProvider :
    LeanLCAExactChallenge.WppOpClosedRangeMappedCokernelPreservationV370SupportW519.MappedExplicitCokernelClosedMapProviderW519) :
  LeanLCAExactChallenge.Dbounded.MetrizableStableInstanceBoundaryDirectLocalizationInputs
LeanLCAExactChallenge.Dbounded.closedEmbeddingStableInstanceBoundaryDirectLocalizationInputsW829OfW843ConvergenceW1533
  (input :
    LeanLCAExactChallenge.Dbounded.W987BoundaryRelationTargetStrictPreimageObjectImageRightAdjointFunctorTargetSurjectivityCompactnessMappedCokernelPi1Pi2Pi3W829StableFieldsFromDirectSourceInputW1533)
  (globalClosedEmbeddingComponents :
    LeanLCAExactChallenge.Dbounded.SelectedDifferenceClosedEmbeddingDiagramComponentProviderW718)
  (mappedCokernelClosedEmbeddingProvider :
    LeanLCAExactChallenge.WppOpClosedRangeMappedCokernelPreservationV370SupportW519.MappedExplicitCokernelClosedEmbeddingProviderW519) :
  LeanLCAExactChallenge.Dbounded.MetrizableStableInstanceBoundaryDirectLocalizationInputs
LeanLCAExactChallenge.Dbounded.closedMapBoundedDerivedInfinityCategoryOfW829DirectLocalizationBoundaryW1533
  (input :
    LeanLCAExactChallenge.Dbounded.W987BoundaryRelationTargetStrictPreimageObjectImageRightAdjointFunctorTargetSurjectivityCompactnessMappedCokernelPi1Pi2Pi3W829StableFieldsFromDirectSourceInputW1533)
  (globalClosedMapComponents : LeanLCAExactChallenge.Dbounded.SelectedDifferenceClosedMapDiagramComponentProviderW718)
  (mappedCokernelClosedMapProvider :
    LeanLCAExactChallenge.WppOpClosedRangeMappedCokernelPreservationV370SupportW519.MappedExplicitCokernelClosedMapProviderW519) :
  LeanLCAExactChallenge.BoundedDerivedInfinityCategory LeanLCAExactChallenge.MetrizableLCA
    (LeanLCAExactChallenge.Dbounded.infinityCategory LeanLCAExactChallenge.MetrizableLCA)
LeanLCAExactChallenge.Dbounded.closedEmbeddingBoundedDerivedInfinityCategoryOfW829DirectLocalizationBoundaryW1533
  (input :
    LeanLCAExactChallenge.Dbounded.W987BoundaryRelationTargetStrictPreimageObjectImageRightAdjointFunctorTargetSurjectivityCompactnessMappedCokernelPi1Pi2Pi3W829StableFieldsFromDirectSourceInputW1533)
  (globalClosedEmbeddingComponents :
    LeanLCAExactChallenge.Dbounded.SelectedDifferenceClosedEmbeddingDiagramComponentProviderW718)
  (mappedCokernelClosedEmbeddingProvider :
    LeanLCAExactChallenge.WppOpClosedRangeMappedCokernelPreservationV370SupportW519.MappedExplicitCokernelClosedEmbeddingProviderW519) :
  LeanLCAExactChallenge.BoundedDerivedInfinityCategory LeanLCAExactChallenge.MetrizableLCA
    (LeanLCAExactChallenge.Dbounded.infinityCategory LeanLCAExactChallenge.MetrizableLCA)
LeanLCAExactChallenge.Dbounded.currentW1533W987BoundaryRelationTargetStrictPreimageObjectImageRightAdjointFunctorTargetSurjectivityCompactnessMappedCokernelPi1Pi2Pi3W829StableFieldsFromDirectSource_productSuccess :
  LeanLCAExactChallenge.Dbounded.currentW987BoundaryRelationTargetStrictPreimageObjectImageRightAdjointFunctorTargetSurjectivityCompactnessMappedCokernelPi1Pi2Pi3W829StableFieldsFromDirectSourceStateW1533.productSuccessClaimed =
    false
