 M LeanLCAExactChallenge/BoundedDerived/MetrizableStableBridge.lean
 M LeanLCAExactChallenge/OriginalFourTask/ProductData.lean
 M audit/RequiredDeclarations.lean
 M run/goal_identity_20260602_human_centered_positive_witness.json
?? run/dirty_state_recovery_status_20260610T043500Z.log
?? run/goal_identity_20260602_human_centered_positive_witness_20260610T041239Z_jq.log
?? run/resumption_20260610T041239Z_false_claim_negative_scan.exit
?? run/resumption_20260610T041239Z_false_claim_negative_scan.log
?? run/resumption_20260610T041239Z_false_success_scan.exit
?? run/resumption_20260610T041239Z_false_success_scan.log
?? run/resumption_20260610T041239Z_git_status.log
?? run/resumption_20260610T041239Z_head.log
?? run/resumption_20260610T041239Z_ls_remote_main.log
?? run/resumption_20260610T041239Z_origin_main.log
?? run/resumption_20260610T041239Z_terminal_outcome_jq.log
?? run/stable_v4300_20260610T041239Z_lakefile_mathlib.log
?? run/stable_v4300_20260610T041239Z_lean_toolchain.log
?? run/stable_v4300_20260610T041239Z_manifest_revs.log
?? run/stable_v4300_20260610T041239Z_rc2_scan.exit
?? run/stable_v4300_20260610T041239Z_rc2_scan.log
?? run/stable_v4300_20260610T041239Z_toolchain_diff_check.log
?? run/stable_v4300_20260610T041239Z_toolchain_history.log
?? run/verify_w1496_full_data_boundary_bridge_20260610T042929Z_false_success_decl_scan.exit
?? run/verify_w1496_full_data_boundary_bridge_20260610T042929Z_false_success_decl_scan.log
?? run/verify_w1496_full_data_boundary_bridge_20260610T042929Z_forbidden_tokens.exit
?? run/verify_w1496_full_data_boundary_bridge_20260610T042929Z_forbidden_tokens.log
?? run/verify_w1496_full_data_boundary_bridge_20260610T042929Z_git_diff_check.exit
?? run/verify_w1496_full_data_boundary_bridge_20260610T042929Z_git_diff_check.log
?? run/verify_w1496_full_data_boundary_bridge_20260610T042929Z_goal_identity_jq.exit
?? run/verify_w1496_full_data_boundary_bridge_20260610T042929Z_goal_identity_jq.log
?? run/verify_w1496_full_data_boundary_bridge_20260610T042929Z_metrizable_stable_bridge_build.exit
?? run/verify_w1496_full_data_boundary_bridge_20260610T042929Z_metrizable_stable_bridge_build.log
?? run/verify_w1496_full_data_boundary_bridge_20260610T042929Z_metrizable_stable_bridge_lean_retry.exit
?? run/verify_w1496_full_data_boundary_bridge_20260610T042929Z_metrizable_stable_bridge_lean_retry.log
?? run/verify_w1496_full_data_boundary_bridge_20260610T042929Z_product_data_build.exit
?? run/verify_w1496_full_data_boundary_bridge_20260610T042929Z_product_data_build.log
?? run/verify_w1496_full_data_boundary_bridge_20260610T042929Z_required_declarations.exit
?? run/verify_w1496_full_data_boundary_bridge_20260610T042929Z_required_declarations.log
