LeanLCAExactChallenge/OriginalFourTask/ProductData.lean:15:This file intentionally does not define `OriginalFourTaskProductSuccess`.
audit/external_audit.py:47:    "OriginalFourTaskProductSuccess",
audit/external_audit.py:422:        fail("product_success lacks a positive OriginalFourTaskProductSuccess Lean witness")
audit/external_audit.py:650:            fail("nonterminal outcome must not set product_success=true")
audit/external_audit.py:652:            fail("nonterminal outcome must not set product_complete=true")
audit/original_four_task_contract_audit.py:22:    "OriginalFourTaskProductSuccess",
audit/original_four_task_contract_audit.py:248:            blockers.append("product_success lacks a positive OriginalFourTaskProductSuccess Lean witness")
audit/original_four_task_contract_audit.py:277:        fail("nonterminal outcome must not set product_success=true")
audit/original_four_task_contract_audit.py:279:        fail("nonterminal outcome must not set product_complete=true")
audit/negative_fixtures/terminal_git_head_stale/audit/ProductSuccessDeclarations.lean:1:#check LeanLCAExactChallenge.OriginalFourTaskProductSuccess
audit/negative_fixtures/terminal_git_head_stale/audit/OriginalFourTaskCompletionDeclarations.lean:1:#check LeanLCAExactChallenge.OriginalFourTaskProductSuccess
run/w1616_product_bridge_stable_package_checkpoint_20260609.md:5:This checkpoint exposes the checked W1616 split-field selected-cochain comparison route through the short product-facing `BoundedDerived.Metrizable.StablePackage` API. It does not define `OriginalFourTaskProductSuccess` and does not claim the final positive witness.
run/w947_product_bridge_nullary_stable_frontier_20260609.md:22:This is still not a positive original-four-task witness. No `OriginalFourTaskProductSuccess` declaration is introduced, and the final product data remains conditional on a bounded-derived stable package.
run/current_state_reconciliation_20260609_clean_w848_kernel_cokernel.md:26:- No real positive-witness declarations were found by the reconciliation scan for OriginalFourTaskProductSuccess or originalFourTaskProductSuccess under LeanLCAExactChallenge/audit, aside from comments, audit fixtures, and negative fixtures.
run/w946_product_bridge_checkpoint_20260609.md:49:This is not the original four-task positive witness. The W946 input still carries target no-univ data, W725 closedness data, W719 normalized fixed-target data, W722 source-triangulation data, endpoint strict-exact witnesses, and W945 localized-unit data. No `OriginalFourTaskProductSuccess` declaration is introduced.
run/resumption_gate_product_success_true_search_20260609_after_w1618.log:1:audit/external_audit.py:47:    "OriginalFourTaskProductSuccess",
run/resumption_gate_product_success_true_search_20260609_after_w1618.log:7:audit/external_audit.py:422:        fail("product_success lacks a positive OriginalFourTaskProductSuccess Lean witness")
run/resumption_gate_product_success_true_search_20260609_after_w1618.log:8:audit/original_four_task_contract_audit.py:22:    "OriginalFourTaskProductSuccess",
run/resumption_gate_product_success_true_search_20260609_after_w1618.log:14:audit/original_four_task_contract_audit.py:248:            blockers.append("product_success lacks a positive OriginalFourTaskProductSuccess Lean witness")
run/resumption_gate_product_success_true_search_20260609_after_w1618.log:15:LeanLCAExactChallenge/OriginalFourTask/ProductData.lean:15:This file intentionally does not define `OriginalFourTaskProductSuccess`.
run/resumption_gate_product_success_true_search_20260609_after_w1618.log:16:audit/negative_fixtures/terminal_git_head_stale/audit/ProductSuccessDeclarations.lean:1:#check LeanLCAExactChallenge.OriginalFourTaskProductSuccess
run/resumption_gate_product_success_true_search_20260609_after_w1618.log:22:audit/negative_fixtures/terminal_git_head_stale/audit/OriginalFourTaskCompletionDeclarations.lean:1:#check LeanLCAExactChallenge.OriginalFourTaskProductSuccess
run/resumption_gate_product_success_true_search_20260609_after_w1618.log:28:LeanLCAExactChallenge/Derived/ClosedMapBoundaryRelationTargetSurjectiveCompactClosedEmbeddingClosednessNormalizedSourceEndpointLocalizedUnitFullDataClosedMapBranchFullDataW990PrimitiveUnitComponentsAlignmentGuardW1445.lean:195:      positive OriginalFourTaskProductSuccess witness"
run/forget_kernel_cokernel_bridge_checkpoint_20260609.md:22:The positive-witness obligation remains open. This checkpoint does not define `OriginalFourTaskProductSuccess`, does not set `productSuccessClaimed = true`, and does not assert a terminal outcome.
run/literal_task2_product_data_checkpoint_20260609.md:20:The bounded-derived stable package remains non-nullary, so the positive witness remains open. This checkpoint does not define `OriginalFourTaskProductSuccess`, does not set `productSuccessClaimed = true`, and does not assert a terminal outcome.
LeanLCAExactChallenge/Derived/ClosedMapBoundaryRelationTargetSurjectiveCompactClosedEmbeddingClosednessNormalizedSourceEndpointLocalizedUnitFullDataClosedMapBranchFullDataW990PrimitiveUnitComponentsAlignmentGuardW1445.lean:195:      positive OriginalFourTaskProductSuccess witness"
run/resumption_gate_product_success_true_search_20260609_after_forget_kernel_cokernel_bridge.log:1:audit/original_four_task_contract_audit.py:22:    "OriginalFourTaskProductSuccess",
run/resumption_gate_product_success_true_search_20260609_after_forget_kernel_cokernel_bridge.log:7:audit/original_four_task_contract_audit.py:248:            blockers.append("product_success lacks a positive OriginalFourTaskProductSuccess Lean witness")
run/resumption_gate_product_success_true_search_20260609_after_forget_kernel_cokernel_bridge.log:8:audit/external_audit.py:47:    "OriginalFourTaskProductSuccess",
run/resumption_gate_product_success_true_search_20260609_after_forget_kernel_cokernel_bridge.log:14:audit/external_audit.py:422:        fail("product_success lacks a positive OriginalFourTaskProductSuccess Lean witness")
run/resumption_gate_product_success_true_search_20260609_after_forget_kernel_cokernel_bridge.log:15:LeanLCAExactChallenge/OriginalFourTask/ProductData.lean:15:This file intentionally does not define `OriginalFourTaskProductSuccess`.
run/resumption_gate_product_success_true_search_20260609_after_forget_kernel_cokernel_bridge.log:16:audit/negative_fixtures/terminal_git_head_stale/audit/ProductSuccessDeclarations.lean:1:#check LeanLCAExactChallenge.OriginalFourTaskProductSuccess
run/resumption_gate_product_success_true_search_20260609_after_forget_kernel_cokernel_bridge.log:22:audit/negative_fixtures/terminal_git_head_stale/audit/OriginalFourTaskCompletionDeclarations.lean:1:#check LeanLCAExactChallenge.OriginalFourTaskProductSuccess
run/resumption_gate_product_success_true_search_20260609_after_forget_kernel_cokernel_bridge.log:28:LeanLCAExactChallenge/Derived/ClosedMapBoundaryRelationTargetSurjectiveCompactClosedEmbeddingClosednessNormalizedSourceEndpointLocalizedUnitFullDataClosedMapBranchFullDataW990PrimitiveUnitComponentsAlignmentGuardW1445.lean:195:      positive OriginalFourTaskProductSuccess witness"
run/resumption_gate_product_success_true_search_20260609_after_quillen_map_projections.log:1:LeanLCAExactChallenge/OriginalFourTask/ProductData.lean:15:This file intentionally does not define `OriginalFourTaskProductSuccess`.
run/resumption_gate_product_success_true_search_20260609_after_quillen_map_projections.log:2:audit/original_four_task_contract_audit.py:22:    "OriginalFourTaskProductSuccess",
run/resumption_gate_product_success_true_search_20260609_after_quillen_map_projections.log:8:audit/original_four_task_contract_audit.py:248:            blockers.append("product_success lacks a positive OriginalFourTaskProductSuccess Lean witness")
run/resumption_gate_product_success_true_search_20260609_after_quillen_map_projections.log:9:audit/external_audit.py:47:    "OriginalFourTaskProductSuccess",
run/resumption_gate_product_success_true_search_20260609_after_quillen_map_projections.log:15:audit/external_audit.py:422:        fail("product_success lacks a positive OriginalFourTaskProductSuccess Lean witness")
run/resumption_gate_product_success_true_search_20260609_after_quillen_map_projections.log:16:audit/negative_fixtures/terminal_git_head_stale/audit/ProductSuccessDeclarations.lean:1:#check LeanLCAExactChallenge.OriginalFourTaskProductSuccess
run/resumption_gate_product_success_true_search_20260609_after_quillen_map_projections.log:22:audit/negative_fixtures/terminal_git_head_stale/audit/OriginalFourTaskCompletionDeclarations.lean:1:#check LeanLCAExactChallenge.OriginalFourTaskProductSuccess
run/resumption_gate_product_success_true_search_20260609_after_quillen_map_projections.log:28:LeanLCAExactChallenge/Derived/ClosedMapBoundaryRelationTargetSurjectiveCompactClosedEmbeddingClosednessNormalizedSourceEndpointLocalizedUnitFullDataClosedMapBranchFullDataW990PrimitiveUnitComponentsAlignmentGuardW1445.lean:195:      positive OriginalFourTaskProductSuccess witness"
run/w1617_product_bridge_structural_fields_checkpoint_20260609.md:5:This checkpoint exposes the checked W1617 structural-field selected-cochain comparison route through the short product-facing `BoundedDerived.Metrizable.StablePackage` API. It does not define `OriginalFourTaskProductSuccess` and does not claim the final positive witness.
run/w1617_product_bridge_structural_fields_checkpoint_20260609.md:37:Product success remains false. W1617 replaces the W719 normalized fixed-target data provider, W722 source triangulation provider, and W720 endpoint strict-topology provider with structural fields, but it is still parameterized by those fields and by the remaining boundary, relation, target, component, mapped-cokernel, and bounded homotopy localized-right-adjoint inputs. The nullary `OriginalFourTaskProductSuccess` witness and final review packet remain unconstructed.
run/resumption_gate_product_success_true_search_20260609_after_literal_task2_product_data.log:1:audit/external_audit.py:47:    "OriginalFourTaskProductSuccess",
run/resumption_gate_product_success_true_search_20260609_after_literal_task2_product_data.log:7:audit/external_audit.py:422:        fail("product_success lacks a positive OriginalFourTaskProductSuccess Lean witness")
run/resumption_gate_product_success_true_search_20260609_after_literal_task2_product_data.log:8:audit/original_four_task_contract_audit.py:22:    "OriginalFourTaskProductSuccess",
run/resumption_gate_product_success_true_search_20260609_after_literal_task2_product_data.log:14:audit/original_four_task_contract_audit.py:248:            blockers.append("product_success lacks a positive OriginalFourTaskProductSuccess Lean witness")
run/resumption_gate_product_success_true_search_20260609_after_literal_task2_product_data.log:15:LeanLCAExactChallenge/OriginalFourTask/ProductData.lean:15:This file intentionally does not define `OriginalFourTaskProductSuccess`.
run/resumption_gate_product_success_true_search_20260609_after_literal_task2_product_data.log:16:audit/negative_fixtures/terminal_git_head_stale/audit/ProductSuccessDeclarations.lean:1:#check LeanLCAExactChallenge.OriginalFourTaskProductSuccess
run/resumption_gate_product_success_true_search_20260609_after_literal_task2_product_data.log:22:audit/negative_fixtures/terminal_git_head_stale/audit/OriginalFourTaskCompletionDeclarations.lean:1:#check LeanLCAExactChallenge.OriginalFourTaskProductSuccess
run/resumption_gate_product_success_true_search_20260609_after_literal_task2_product_data.log:28:LeanLCAExactChallenge/Derived/ClosedMapBoundaryRelationTargetSurjectiveCompactClosedEmbeddingClosednessNormalizedSourceEndpointLocalizedUnitFullDataClosedMapBranchFullDataW990PrimitiveUnitComponentsAlignmentGuardW1445.lean:195:      positive OriginalFourTaskProductSuccess witness"
run/w1618_direct_wpp_transfer_accepted_stable_checkpoint_20260609.md:39:Product success remains false. This checkpoint does not define `OriginalFourTaskProductSuccess`, does not set any `productSuccessClaimed = true` state, and does not permit `update_goal complete`. The original positive witness remains blocked by the still-parametric boundary, relation, target, component, mapped-cokernel, and localization witness inputs upstream of these direct WPP-transfer refinements.
