{
  "outcome": "mathematical_frontier_nonterminal",
  "product_success": false,
  "product_complete": false,
  "update_goal_allowed": false,
  "git_head": null,
  "latest_checkpoint": "run/w930_compactspace_bridge_checkpoint_20260609.md",
  "obligations_discharged": [
    "Added Lean source constructor Dbounded.targetCodomainCompactNoUnivMembershipPrimitiveOfCompactSpaceW930 in the existing W930 module.",
    "Added Lean source constructor Dbounded.targetNoUnivDataOfTargetDifferenceSurjectiveAndCompactSpaceProvidersW944 in the existing W944 module.",
    "Verified that W944 nullary construction now reduces to targetDifferenceSurjectivePrimitiveW923 Y and CompactSpace (wppOpCodomainW441 Y).carrier for arbitrary target diagrams."
  ],
  "obligations_derived_or_eliminated": [
    "The previous W930 primitive target-codomain no-univ membership provider is now derived from an ordinary target-codomain CompactSpace provider.",
    "The previous W944 target no-univ provider is now derived from targetDifferenceSurjectivePrimitiveW923 plus ordinary target-codomain CompactSpace providers.",
    "The W984 branch still also requires ClosedEmbeddingClosednessDataProviderW973.",
    "The remaining W1450 frontier keeps the other seven immediate leaves from the W1450 report, replacing W944 with target-difference surjectivity and arbitrary-target compactness provider families."
  ],
  "new_frontier_input_count": 9
}
