[truncated to first 120 matches; this resumption gate records productSuccessClaimed=false surfaces, not product success]
LeanLCAExactChallenge/Derived/TargetIsoStrictRealizationTerminalProductRoute.lean:227:  productSuccessClaimed := false
LeanLCAExactChallenge/Derived/ClosedMapBoundaryRelationTargetSurjectiveCompactClosedEmbeddingClosednessNormalizedSourceEndpointLocalizedUnitFullDataTopTargetRelationRepresentativeImageFieldSplitGuardW1349.lean:114:  productSuccessClaimed := false
audit/external_audit.py:57:    "originalFourTaskContractCompletion.productSuccessClaimed = false",
audit/external_audit.py:58:    "productSuccessClaimed := false",
audit/external_audit.py:425:        fail("product_success imports a final witness proving productSuccessClaimed=false")
LeanLCAExactChallenge/Derived/ClosedMapBoundaryRelationTargetSurjectiveCompactClosedEmbeddingClosednessNormalizedSourceEndpointLocalizedUnitFullDataFromNormalizedSourceEndpointLocalizedUnitToEndpointLocalizedUnitDirectRouteW1157.lean:405:  productSuccessClaimed := false
LeanLCAExactChallenge/Derived/TargetExactAtClosedRangeProductRoute.lean:181:  productSuccessClaimed := false
audit/blockers/wpp_op_left_lca_reverse_preimage_pullback_v366_support_w343.lean:214:  productSuccessClaimed := false
audit/blockers/wpp_op_left_lca_reverse_preimage_pullback_v366_support_w343.lean:217:    currentLeftLcaReversePreimagePullbackV366SupportState.productSuccessClaimed = false := rfl
LeanLCAExactChallenge/Derived/ComparisonBijectivityStrictRealizationLeftCalculusRoute.lean:326:  productSuccessClaimed := false
LeanLCAExactChallenge/Derived/ClosedMapBoundaryRelationTargetSurjectiveCompactClosedEmbeddingClosednessNormalizedSourceEndpointLocalizedUnitFullDataW987BoundaryRelationTargetLocalizedAdjunctionTriangleComponentFieldDataConstructionGuardW1466.lean:645:  productSuccessClaimed := false
LeanLCAExactChallenge/Derived/ClosedMapBoundaryRelationTargetSurjectiveCompactClosedEmbeddingClosednessNormalizedSourceEndpointLocalizedUnitFullDataTargetSurjectiveCompactKernelCokernelTopIsoComponentFieldsGuardW1320.lean:86:  productSuccessClaimed := false
audit/blockers/wpp_op_mapping_cone_right_uniqueness_w329.lean:74:  productSuccessClaimed := false
audit/blockers/wpp_op_mapping_cone_right_uniqueness_w329.lean:77:    currentWppOpMappingConeRightUniquenessState.productSuccessClaimed = false := rfl
LeanLCAExactChallenge/Derived/ClosedMapBoundaryDataSourceTriangulationEndpointFactsLocalizedRightAdjointComparisonStableExactAtRoute.lean:329:  productSuccessClaimed := false
LeanLCAExactChallenge/Derived/ClosedMapBoundaryRelationDataTargetNoUnivDataClosedEmbeddingClosednessDataNormalizedSourceTriangulationDataEndpointKernelCokernelTopAndUnitKernelCokernelTopIsoComponentFieldsRoute.lean:319:  productSuccessClaimed := false
LeanLCAExactChallenge/Derived/ClosedMapBoundaryRelationTargetSurjectiveCompactClosedEmbeddingClosednessNormalizedSourceEndpointLocalizedUnitFullDataFromEndpointLocalizedUnitToLocalizedUnitChoiceDirectRouteW1156.lean:362:  productSuccessClaimed := false
audit/blockers/wpp_op_mapping_cone_objectwise_desc_eq_w334.lean:57:  productSuccessClaimed := false
audit/blockers/wpp_op_mapping_cone_objectwise_desc_eq_w334.lean:60:    currentWppOpMappingConeObjectwiseDescEqState.productSuccessClaimed = false := rfl
LeanLCAExactChallenge/Derived/ClosedMapTargetCompactNoUnivMembershipClosednessDataBoundaryRelationDataNormalizedFixedTargetDataSourceTriangulationEndpointStrictExactUnitStrictExactComponentsPrimitiveFieldRoute.lean:219:  productSuccessClaimed := false
audit/blockers/wpp_op_mapping_cone_unique_mediator_w308.lean:730:  productSuccessClaimed := false
audit/blockers/wpp_op_mapping_cone_unique_mediator_w308.lean:733:    currentWppOpMappingConeUniqueMediatorState.productSuccessClaimed = false := rfl
LeanLCAExactChallenge/Derived/ClosedMapBoundaryRelationTargetSurjectiveCompactClosedEmbeddingClosednessNormalizedSourceEndpointLocalizedUnitFullDataW987BoundaryRelationTargetStrictPreimageObjectImageRightAdjointFunctorFieldDataConstructionGuardW1479.lean:1929:  productSuccessClaimed := false
LeanLCAExactChallenge/Derived/Bounded.lean:4180:  productSuccessClaimed := false
LeanLCAExactChallenge/Derived/Bounded.lean:4189:    Dbounded.currentMetrizableSemanticStableRouteState.productSuccessClaimed = false :=
LeanLCAExactChallenge/Derived/Bounded.lean:4642:  productSuccessClaimed := false
LeanLCAExactChallenge/Derived/Bounded.lean:4829:  productSuccessClaimed := false
LeanLCAExactChallenge/Derived/Bounded.lean:5050:  productSuccessClaimed := false
LeanLCAExactChallenge/Derived/Bounded.lean:5233:  productSuccessClaimed := false
LeanLCAExactChallenge/Derived/Bounded.lean:5348:  productSuccessClaimed := false
LeanLCAExactChallenge/Derived/W987ClosedEmbeddingEndpointHomologyFreeEndpointFactsLocalizedSelectedCochainW866IsoClosureConvergenceGuardW1524.lean:380:  productSuccessClaimed := false
audit/blockers/wpp_op_relation_pullback_condition_v368_support_w349.lean:202:  productSuccessClaimed := false
audit/blockers/wpp_op_relation_pullback_condition_v368_support_w349.lean:205:    currentRelationPullbackConditionV368SupportStateW349.productSuccessClaimed = false := rfl
LeanLCAExactChallenge/Derived/ClosedMapBoundaryRelationTargetSurjectiveCompactClosedEmbeddingClosednessNormalizedSourceEndpointLocalizedUnitFullDataClosedMapTargetComponentRelationFieldsStableConvergenceFieldSplitGuardW1384.lean:337:  productSuccessClaimed := false
LeanLCAExactChallenge/Derived/ClosedMapBoundaryRelationTargetSurjectiveCompactClosedEmbeddingClosednessNormalizedSourceEndpointLocalizedUnitFullDataFromBranchFullDataToTargetClosedEmbeddingClosednessNormalizedSourceEndpointDirectRouteW1241.lean:344:  productSuccessClaimed := false
audit/blockers/addcommgrp_cokernel_range_equality_from_closed_map_v370_support_w443.lean:160:  productSuccessClaimed := false
LeanLCAExactChallenge/Derived/ClosedMapBoundaryRelationTargetSurjectiveCompactClosedEmbeddingClosednessNormalizedSourceEndpointLocalizedUnitFullDataFromBranchFullDataToTargetClosedEmbeddingClosednessNormalizedSourceEndpointDirectRouteW1133.lean:344:  productSuccessClaimed := false
audit/blockers/addcommgrp_snakeinput_difference_strict_source_w345.lean:53:  productSuccessClaimed := false
audit/blockers/addcommgrp_snakeinput_difference_strict_source_w345.lean:56:    currentW345SourceSupportState.productSuccessClaimed = false := rfl
LeanLCAExactChallenge/Derived/IsoClosureDirectSourceStableRoute.lean:204:  productSuccessClaimed := false
audit/blockers/addcommgrp_quotient_identification_to_strict_snake_v370_support_w466.lean:796:  productSuccessClaimed := false
audit/blockers/addcommgrp_mapped_explicit_cokernel_cocone_closed_range_v370_support_w440.lean:196:  productSuccessClaimed := false
LeanLCAExactChallenge/Derived/ClosedMapBoundaryRelationDataTargetNoUnivDataClosedEmbeddingClosednessDataEndpointKernelCokernelTopDataLocalizedAdjunctionDataNormalizedSourceTriangulationDataUnitKernelCokernelTopIsoComponentFieldsRoute.lean:276:  productSuccessClaimed := false
audit/blockers/algebraic_exact_wpp_op_colimit_w287.lean:130:  productSuccessClaimed := false
audit/blockers/algebraic_exact_wpp_op_colimit_w287.lean:133:    currentAlgebraicExactWppOpColimitState.productSuccessClaimed = false := rfl
audit/blockers/addcommgrp_selected_cokernel_colimit_preservation_only_v370_support_w427.lean:388:  productSuccessClaimed := false
LeanLCAExactChallenge/Derived/ClosedMapBoundaryRelationTargetSurjectiveCompactClosedEmbeddingClosednessNormalizedSourceEndpointLocalizedUnitFullDataFromTargetClosedEmbeddingClosednessNormalizedSourceEndpointToTargetClosedEmbeddingClosednessDirectRouteW1150.lean:393:  productSuccessClaimed := false
LeanLCAExactChallenge/Derived/ClosedMapBoundaryRelationTargetSurjectiveCompactClosedEmbeddingClosednessNormalizedSourceEndpointLocalizedUnitFullDataTargetCompactFullDataGuardW1324.lean:79:  productSuccessClaimed := false
audit/blockers/wpp_op_relation_fields_composer_v370_support_w395.lean:292:  productSuccessClaimed := false
audit/blockers/wpp_op_relation_fields_composer_v370_support_w395.lean:295:    currentWppOpRelationFieldsComposerV370SupportStateW395.productSuccessClaimed = false := rfl
LeanLCAExactChallenge/Derived/ClosedMapBoundaryRelationTargetSurjectiveCompactClosedEmbeddingClosednessNormalizedSourceEndpointLocalizedUnitFullDataW987BoundaryRelationTargetLocalizedAdjunctionNatTransFieldDataConstructionGuardW1465.lean:577:  productSuccessClaimed := false
LeanLCAExactChallenge/Derived/ClosedMapBoundaryRelationTargetSurjectiveCompactClosedEmbeddingClosednessNormalizedSourceEndpointLocalizedUnitFullDataFromNormalizedSourceEndpointLocalizedUnitToEndpointLocalizedUnitDirectRouteW1184.lean:405:  productSuccessClaimed := false
audit/blockers/wpp_op_w426_w387_w390_conjugated_leg_inputs_v370_support_w447.lean:170:  productSuccessClaimed := false
audit/blockers/wpp_op_w426_w387_w390_conjugated_leg_inputs_v370_support_w447.lean:173:    currentWppOpW426W387W390ConjugatedLegInputsV370StateW447.productSuccessClaimed = false := rfl
audit/blockers/addcommgrp_selected_difference_kernel_row_frontier_v370_support_w459.lean:357:  productSuccessClaimed := false
LeanLCAExactChallenge/Derived/ClosedMapBoundaryRelationTargetSurjectiveCompactClosedEmbeddingClosednessNormalizedSourceEndpointLocalizedUnitFullDataEndpointLocalizedConcreteLeavesConvergenceFieldSplitGuardW1369.lean:171:  productSuccessClaimed := false
audit/blockers/wpp_op_left_lca_transported_descended_leg_v369_support_w366.lean:352:  productSuccessClaimed := false
audit/blockers/wpp_op_left_lca_transported_descended_leg_v369_support_w366.lean:355:    currentWppOpLeftLcaTransportedDescendedLegV369StateW366.productSuccessClaimed = false := rfl
audit/blockers/addcommgrp_selected_cokernel_colimit_from_coequalizer_preservation_v370_support_w432.lean:481:  productSuccessClaimed := false
audit/blockers/wpp_op_w426_w318_ordinary_equals_canonical_v370_support_w444.lean:169:  productSuccessClaimed := false
audit/blockers/wpp_op_w426_w318_ordinary_equals_canonical_v370_support_w444.lean:172:    currentWppOpW426W318OrdinaryEqualsCanonicalV370StateW444.productSuccessClaimed = false := rfl
audit/blockers/walking_parallel_pair_lift_fields_w231.lean:241:  productSuccessClaimed := false
audit/blockers/walking_parallel_pair_lift_fields_w231.lean:247:    currentState.productSuccessClaimed = false := rfl
LeanLCAExactChallenge/Derived/ClosedMapBoundaryRelationTargetSurjectiveCompactClosedEmbeddingClosednessNormalizedSourceEndpointLocalizedUnitFullDataW987BoundaryRelationTargetUnitIsoHomInvFieldDataConstructionGuardW1464.lean:478:  productSuccessClaimed := false
audit/blockers/whiskering_right_fixed_target_up_w227.lean:197:  productSuccessClaimed := false
audit/blockers/whiskering_right_fixed_target_up_w227.lean:203:    currentState.productSuccessClaimed = false := rfl
audit/blockers/wpp_op_strict_short_exact_colimit_fields_iff_w307.lean:152:  productSuccessClaimed := false
audit/blockers/wpp_op_strict_short_exact_colimit_fields_iff_w307.lean:155:    currentWppOpStrictShortExactFieldsIffState.productSuccessClaimed = false := rfl
audit/blockers/addcommgrp_mapped_explicit_cokernel_cocone_iscolimit_v370_support_w437.lean:194:  productSuccessClaimed := false
audit/blockers/addcommgrp_forgotten_target_cocone_leg_v370_support_w403.lean:203:  productSuccessClaimed := false
audit/blockers/addcommgrp_forgotten_target_cocone_leg_v370_support_w403.lean:206:    currentAddCommGrpForgottenTargetCoconeLegV370SupportState.productSuccessClaimed = false := rfl
audit/blockers/addcommgrp_forgotten_target_c_identification_v370_support_w388.lean:583:  productSuccessClaimed := false
audit/blockers/addcommgrp_forgotten_target_c_identification_v370_support_w388.lean:586:    currentAddCommGrpForgottenTargetCIdentificationV370SupportState.productSuccessClaimed = false := rfl
LeanLCAExactChallenge/Derived/ClosedMapBoundaryRelationTargetSurjectiveCompactClosedEmbeddingClosednessNormalizedSourceEndpointLocalizedUnitFullDataFromUnitStrictExactIsoDataToComponentFieldsDirectRoute.lean:193:  productSuccessClaimed := false
LeanLCAExactChallenge/Derived/ClosedMapBoundaryRelationTargetSurjectiveCompactClosedEmbeddingClosednessNormalizedSourceEndpointLocalizedUnitFullDataW987BoundaryRelationTargetStrictPreimageMapFieldDataConstructionGuardW1475.lean:1364:  productSuccessClaimed := false
audit/blockers/wpp_op_left_lca_ordinary_whiskered_projection_v370_support_w375.lean:541:  productSuccessClaimed := false
audit/blockers/wpp_op_left_lca_ordinary_whiskered_projection_v370_support_w375.lean:544:    currentWppOpLeftLcaOrdinaryWhiskeredProjectionV370StateW375.productSuccessClaimed = false := rfl
audit/blockers/wpp_op_exact_acyclic_from_exact_topology_w314.lean:176:  productSuccessClaimed := false
audit/blockers/wpp_op_exact_acyclic_from_exact_topology_w314.lean:179:    currentWppOpExactAcyclicFromExactTopologyState.productSuccessClaimed = false := rfl
audit/blockers/shortcomplex_cokernel_row_degreewise_v369_support_w359.lean:162:  productSuccessClaimed := false
audit/blockers/shortcomplex_cokernel_row_degreewise_v369_support_w359.lean:165:    currentShortComplexCokernelRowDegreewiseSupportState.productSuccessClaimed = false := rfl
LeanLCAExactChallenge/Derived/ClosedMapRawBoundaryRelationFieldsNormalizedFixedTargetFieldsSourceTriangulationFieldsClosedEmbeddingClosednessFieldsSplitTargetNoUnivClosednessNormalizedEndpointCokernelTopAndUnitWitnessComponentFieldsRoute.lean:293:  productSuccessClaimed := false
audit/original_four_task_contract_audit.py:31:    "originalFourTaskContractCompletion.productSuccessClaimed = false",
audit/original_four_task_contract_audit.py:32:    "productSuccessClaimed := false",
audit/original_four_task_contract_audit.py:250:            blockers.append("product_success imports a final witness proving productSuccessClaimed=false")
LeanLCAExactChallenge/Derived/W987TargetSurjectiveCompactFieldsComparisonGuardW1509.lean:229:  productSuccessClaimed := false
LeanLCAExactChallenge/Derived/ClosedMapBoundaryRelationTargetSurjectiveCompactClosedEmbeddingClosednessNormalizedSourceEndpointLocalizedUnitFullDataFromTargetClosedEmbeddingClosednessToNormalizedSourceEndpointLocalizedUnitDirectRouteW1059.lean:405:  productSuccessClaimed := false
LeanLCAExactChallenge/Derived/EndpointKernelCokernelFromClosednessBranch.lean:209:  productSuccessClaimed := false
LeanLCAExactChallenge/Derived/OriginalFourTaskContractCompletion.lean:7741:  productSuccessClaimed := false
LeanLCAExactChallenge/Derived/OriginalFourTaskContractCompletion.lean:7744:    originalFourTaskContractCompletion.productSuccessClaimed = false :=
LeanLCAExactChallenge/Derived/ClosedMapBoundaryRelationTargetNoUnivClosedEmbeddingClosednessNormalizedSourceEndpointLocalizedUnitFullDataFromLocalizedUnitChoiceRoute.lean:211:  productSuccessClaimed := false
audit/blockers/addcommgrp_target_cokernel_presentation_v369_support_w356.lean:205:  productSuccessClaimed := false
audit/blockers/addcommgrp_target_cokernel_presentation_v369_support_w356.lean:208:    currentAddCommGrpTargetCokernelPresentationV369SupportState.productSuccessClaimed = false := rfl
audit/blockers/wpp_op_exact_frontier_from_certificates_v370_support_w431.lean:120:  productSuccessClaimed := false
audit/blockers/wpp_op_exact_frontier_from_certificates_v370_support_w431.lean:123:    currentWppOpExactFrontierFromCertificatesV370StateW431.productSuccessClaimed = false := rfl
LeanLCAExactChallenge/Derived/ClosedMapBoundaryRelationTargetSurjectiveCompactClosedEmbeddingClosednessNormalizedSourceEndpointLocalizedUnitFullDataFromEndpointLocalizedUnitToLocalizedUnitChoiceDirectRouteW1165.lean:362:  productSuccessClaimed := false
LeanLCAExactChallenge/Derived/ClosedMapBoundaryRelationTargetSurjectiveCompactClosedEmbeddingClosednessNormalizedSourceEndpointLocalizedUnitFullDataFromTargetClosedEmbeddingClosednessToNormalizedSourceEndpointLocalizedUnitDirectRouteW1167.lean:415:  productSuccessClaimed := false
LeanLCAExactChallenge/Derived/ClosedMapBoundaryRelationTargetSurjectiveCompactClosedEmbeddingClosednessNormalizedSourceEndpointLocalizedUnitFullDataFromUnitStrictExactIsoDataToComponentFieldsDirectRouteW1091.lean:342:  productSuccessClaimed := false
LeanLCAExactChallenge/Derived/SelectedCochainConcreteLeavesStableExactAtRoute.lean:141:  productSuccessClaimed := false
audit/OriginalFourTaskCompletionDeclarations.lean:1892:    Dbounded.currentMetrizableSemanticStableRouteState.productSuccessClaimed = false :=
LeanLCAExactChallenge/Derived/ClosedMapBoundaryRelationTargetSurjectiveCompactClosedEmbeddingClosednessNormalizedSourceEndpointLocalizedUnitFullDataFromBranchFullDataToTargetClosedEmbeddingClosednessNormalizedSourceEndpointDirectRouteW1079.lean:338:  productSuccessClaimed := false
audit/blockers/direct_wpp_op_colimit_closure_w271.lean:255:  productSuccessClaimed := false
audit/blockers/direct_wpp_op_colimit_closure_w271.lean:258:    currentDirectWalkingParallelPairOpColimitClosureState.productSuccessClaimed = false := rfl
audit/blockers/addcommgrp_selected_cokernel_colimit_from_cokernel_preservation_v370_support_w435.lean:528:  productSuccessClaimed := false
audit/blockers/wpp_op_mapping_cone_bounded_test_cocone_naturality_w340.lean:111:  productSuccessClaimed := false
audit/blockers/wpp_op_mapping_cone_bounded_test_cocone_naturality_w340.lean:114:    currentWppOpMappingConeBoundedTestCoconeNaturalityState.productSuccessClaimed = false := rfl
audit/blockers/wpp_op_exact_acyclic_colimit_closure_w299.lean:99:  productSuccessClaimed := false
audit/blockers/wpp_op_exact_acyclic_colimit_closure_w299.lean:102:    currentWppOpExactAcyclicColimitClosureState.productSuccessClaimed = false := rfl
LeanLCAExactChallenge/Derived/ClosedMapBoundaryRelationTargetSurjectiveCompactClosedEmbeddingClosednessNormalizedSourceEndpointLocalizedUnitFullDataFromBranchFullDataToTargetClosedEmbeddingClosednessNormalizedSourceEndpointDirectRouteW1205.lean:344:  productSuccessClaimed := false
audit/blockers/opposite_contains_identities_of_iso_closed_w291.lean:55:  productSuccessClaimed := false
audit/blockers/opposite_contains_identities_of_iso_closed_w291.lean:58:    currentOppositeContainsIdentitiesState.productSuccessClaimed = false := rfl
LeanLCAExactChallenge/Derived/ClosedMapBoundaryRelationTargetSurjectiveCompactClosedEmbeddingClosednessNormalizedSourceEndpointLocalizedUnitFullDataFromTargetClosedEmbeddingClosednessToNormalizedSourceEndpointLocalizedUnitDirectRouteW1104.lean:415:  productSuccessClaimed := false
audit/blockers/wpp_op_left_lca_whiskered_naturality_proof_v370_support_w372.lean:333:  productSuccessClaimed := false
audit/blockers/wpp_op_left_lca_whiskered_naturality_proof_v370_support_w372.lean:336:    currentWppOpLeftLcaWhiskeredNaturalityProofV370StateW372.productSuccessClaimed = false := rfl
audit/blockers/wpp_op_left_lca_transported_quotient_point_iso_v370_support_w387.lean:265:  productSuccessClaimed := false
audit/blockers/wpp_op_left_lca_transported_quotient_point_iso_v370_support_w387.lean:268:    currentWppOpLeftLcaTransportedQuotientPointIsoV370StateW387.productSuccessClaimed = false := rfl
LeanLCAExactChallenge/Derived/ClosedMapBoundaryRelationTargetSurjectiveCompactClosedEmbeddingClosednessNormalizedSourceEndpointLocalizedUnitFullDataClosedMapPrimitiveBridgeStableConvergenceFieldSplitGuardW1396.lean:147:  productSuccessClaimed := false
LeanLCAExactChallenge/Derived/ClosedMapBoundaryRelationTargetSurjectiveCompactClosedEmbeddingClosednessNormalizedSourceEndpointLocalizedUnitFullDataFromNormalizedSourceEndpointLocalizedUnitToEndpointLocalizedUnitDirectRouteW1112.lean:405:  productSuccessClaimed := false
LeanLCAExactChallenge/Derived/ClosedMapBoundaryRelationTargetSurjectiveCompactClosedEmbeddingClosednessNormalizedSourceEndpointLocalizedUnitFullDataClosedMapSplitTargetNoUnivPrimitiveStableConvergenceFieldSplitGuardW1397.lean:96:  productSuccessClaimed := false
LeanLCAExactChallenge/Derived/ClosedMapBoundaryRelationTargetSurjectiveCompactClosedEmbeddingClosednessNormalizedSourceEndpointLocalizedUnitFullDataFromNormalizedSourceEndpointLocalizedUnitToEndpointLocalizedUnitDirectRouteW1238.lean:405:  productSuccessClaimed := false
