{
  "outcome": "nonterminal_checkpoint_pushed",
  "product_success": false,
  "product_complete": false,
  "update_goal_allowed": false,
  "git_head": "4101db2d93725f6aa6c5d06c06b2e9071337a8df",
  "latest_checkpoint": "run/w944_surjective_compact_provider_checkpoint_20260610.md",
  "obligations_discharged": [
    "No final original four-task obligation is discharged by this checkpoint.",
    "No declaration currently defines OriginalFourTaskProductSuccess or originalFourTaskProductSuccess.",
    "Dbounded.TargetSurjectiveNoUnivMembershipForTargetProviderW944 is now derivable from Dbounded.TargetSurjectiveCompactForTargetProviderW715 when W715 data is supplied."
  ],
  "obligations_derived_or_eliminated": [
    "The W944 target no-univ provider no longer needs to be supplied independently in branches that already have W715 target-surjective-compact data.",
    "The new constructor reuses targetDifferenceSurjectiveForTargetProvider_of_surjectiveCompactW715 and targetCodomainCompactSpaceProvider_of_surjectiveCompactW715, then delegates the compact-space-to-no-univ step to the existing W930 path.",
    "The lower-frontier target branch is therefore shifted from a raw W944 target no-univ obligation to the older W715 target-surjective-compact provider obligation plus the existing closedness branch."
  ],
  "new_frontier_input_count": null,
  "current_frontier_input_count": 8
}
