{
  "outcome": "mathematical_frontier_nonterminal",
  "product_success": false,
  "product_complete": false,
  "update_goal_allowed": false,
  "git_head": "8b257bd38afc17da49e44db7cb3bb1eb45f50714",
  "latest_checkpoint": "run/w1496_raw_field_closed_embedding_productdata_bridge_checkpoint_20260610.md",
  "obligations_discharged": [
    "Added BoundedDerived.Metrizable W1496RawFieldInput and raw-field input-name count surface.",
    "Added W1496 raw-field projections for the W1494 closed-embedding component and mapped-cokernel providers.",
    "Added W1496 raw-field full-data and closed-embedding stable-package bridge declarations.",
    "Added OriginalFourTaskProductData constructors and projection/equality lemmas for the W1496 raw-field closed-embedding route.",
    "Updated RequiredDeclarations to check the W1496/W1494 Dbounded, bounded-derived bridge, and ProductData surfaces."
  ],
  "obligations_derived_or_eliminated": [
    "The ProductData-facing closed-embedding route no longer has to stop at a caller-supplied W987 full-data provider.",
    "The W1494 closed-embedding W718/W519 providers are now projected directly from the W1496 raw-field input.",
    "The W1496 route is connected to the W1539 direct-source and W1533 direct-localization ProductData surfaces."
  ],
  "new_frontier_input_count": 74
}
