full_rg_exit=0
match_count=1558
audit/external_audit.py:57:    "originalFourTaskContractCompletion.productSuccessClaimed = false",
audit/external_audit.py:58:    "productSuccessClaimed := false",
audit/external_audit.py:425:        fail("product_success imports a final witness proving productSuccessClaimed=false")
audit/original_four_task_contract_audit.py:31:    "originalFourTaskContractCompletion.productSuccessClaimed = false",
audit/original_four_task_contract_audit.py:32:    "productSuccessClaimed := false",
audit/original_four_task_contract_audit.py:250:            blockers.append("product_success imports a final witness proving productSuccessClaimed=false")
audit/blockers/wpp_op_left_lca_transported_descended_leg_v369_support_w366.lean:352:  productSuccessClaimed := false
audit/blockers/wpp_op_left_lca_transported_descended_leg_v369_support_w366.lean:355:    currentWppOpLeftLcaTransportedDescendedLegV369StateW366.productSuccessClaimed = false := rfl
audit/blockers/addcommgrp_mapped_explicit_cokernel_cocone_iscolimit_v370_support_w437.lean:194:  productSuccessClaimed := false
audit/blockers/wpp_op_strict_short_exact_colimit_fields_iff_w307.lean:152:  productSuccessClaimed := false
audit/blockers/wpp_op_strict_short_exact_colimit_fields_iff_w307.lean:155:    currentWppOpStrictShortExactFieldsIffState.productSuccessClaimed = false := rfl
audit/blockers/wpp_op_w426_w318_ordinary_equals_canonical_v370_support_w444.lean:169:  productSuccessClaimed := false
audit/blockers/wpp_op_w426_w318_ordinary_equals_canonical_v370_support_w444.lean:172:    currentWppOpW426W318OrdinaryEqualsCanonicalV370StateW444.productSuccessClaimed = false := rfl
audit/blockers/whiskering_right_fixed_target_up_w227.lean:197:  productSuccessClaimed := false
audit/blockers/whiskering_right_fixed_target_up_w227.lean:203:    currentState.productSuccessClaimed = false := rfl
audit/blockers/wpp_op_mapping_cone_objectwise_desc_eq_w334.lean:57:  productSuccessClaimed := false
audit/blockers/wpp_op_mapping_cone_objectwise_desc_eq_w334.lean:60:    currentWppOpMappingConeObjectwiseDescEqState.productSuccessClaimed = false := rfl
audit/blockers/wpp_op_w426_w387_w390_conjugated_leg_inputs_v370_support_w447.lean:170:  productSuccessClaimed := false
audit/blockers/wpp_op_w426_w387_w390_conjugated_leg_inputs_v370_support_w447.lean:173:    currentWppOpW426W387W390ConjugatedLegInputsV370StateW447.productSuccessClaimed = false := rfl
audit/blockers/wpp_op_relation_pullback_condition_v368_support_w349.lean:202:  productSuccessClaimed := false
audit/blockers/wpp_op_relation_pullback_condition_v368_support_w349.lean:205:    currentRelationPullbackConditionV368SupportStateW349.productSuccessClaimed = false := rfl
audit/blockers/addcommgrp_selected_difference_kernel_row_frontier_v370_support_w459.lean:357:  productSuccessClaimed := false
audit/blockers/addcommgrp_selected_cokernel_colimit_from_coequalizer_preservation_v370_support_w432.lean:481:  productSuccessClaimed := false
audit/blockers/walking_parallel_pair_lift_fields_w231.lean:241:  productSuccessClaimed := false
audit/blockers/walking_parallel_pair_lift_fields_w231.lean:247:    currentState.productSuccessClaimed = false := rfl
audit/blockers/addcommgrp_cokernel_range_equality_from_closed_map_v370_support_w443.lean:160:  productSuccessClaimed := false
audit/blockers/addcommgrp_snakeinput_difference_strict_source_w345.lean:53:  productSuccessClaimed := false
audit/blockers/addcommgrp_snakeinput_difference_strict_source_w345.lean:56:    currentW345SourceSupportState.productSuccessClaimed = false := rfl
LeanLCAExactChallenge/Derived/KernelCokernelProductRoute.lean:171:  productSuccessClaimed := false
audit/blockers/addcommgrp_mapped_explicit_cokernel_cocone_closed_range_v370_support_w440.lean:196:  productSuccessClaimed := false
audit/blockers/opposite_contains_identities_of_iso_closed_w291.lean:55:  productSuccessClaimed := false
audit/blockers/opposite_contains_identities_of_iso_closed_w291.lean:58:    currentOppositeContainsIdentitiesState.productSuccessClaimed = false := rfl
audit/blockers/wpp_op_left_lca_reverse_preimage_pullback_v366_support_w343.lean:214:  productSuccessClaimed := false
audit/blockers/wpp_op_left_lca_reverse_preimage_pullback_v366_support_w343.lean:217:    currentLeftLcaReversePreimagePullbackV366SupportState.productSuccessClaimed = false := rfl
LeanLCAExactChallenge/Derived/W987ClosedEmbeddingEndpointHomologyFreeEndpointFactsLocalizedSelectedCochainW866IsoClosureConvergenceGuardW1524.lean:380:  productSuccessClaimed := false
LeanLCAExactChallenge/Derived/ClosedMapBoundaryRelationTargetSurjectiveCompactClosedEmbeddingClosednessNormalizedSourceEndpointLocalizedUnitFullDataFromBranchFullDataToTargetClosedEmbeddingClosednessNormalizedSourceEndpointDirectRouteW1241.lean:344:  productSuccessClaimed := false
audit/blockers/wpp_op_left_lca_transported_quotient_point_iso_v370_support_w387.lean:265:  productSuccessClaimed := false
audit/blockers/wpp_op_left_lca_transported_quotient_point_iso_v370_support_w387.lean:268:    currentWppOpLeftLcaTransportedQuotientPointIsoV370StateW387.productSuccessClaimed = false := rfl
LeanLCAExactChallenge/Derived/IsoClosureDirectSourceStableRoute.lean:204:  productSuccessClaimed := false
LeanLCAExactChallenge/Derived/ClosedMapBoundaryRelationDataTargetNoUnivDataClosedEmbeddingClosednessDataEndpointKernelCokernelTopDataLocalizedAdjunctionDataNormalizedSourceTriangulationDataUnitKernelCokernelTopIsoComponentFieldsRoute.lean:276:  productSuccessClaimed := false
audit/blockers/wpp_op_mapping_cone_right_uniqueness_w329.lean:74:  productSuccessClaimed := false
audit/blockers/wpp_op_mapping_cone_right_uniqueness_w329.lean:77:    currentWppOpMappingConeRightUniquenessState.productSuccessClaimed = false := rfl
LeanLCAExactChallenge/Derived/ClosedMapBoundaryRelationTargetSurjectiveCompactClosedEmbeddingClosednessNormalizedSourceEndpointLocalizedUnitFullDataClosedMapEndpointCokernelTopStableConvergenceFieldSplitGuardW1406.lean:84:  productSuccessClaimed := false
LeanLCAExactChallenge/Derived/ClosedMapBoundaryRelationTargetSurjectiveCompactClosedEmbeddingClosednessNormalizedSourceEndpointLocalizedUnitFullDataTargetCompactFullDataGuardW1324.lean:79:  productSuccessClaimed := false
audit/OriginalFourTaskCompletionDeclarations.lean:1892:    Dbounded.currentMetrizableSemanticStableRouteState.productSuccessClaimed = false :=
audit/blockers/wpp_op_w399_inputs_from_certificates_only_v370_support_w426.lean:574:  productSuccessClaimed := false
audit/blockers/wpp_op_w399_inputs_from_certificates_only_v370_support_w426.lean:577:    currentWppOpLeftLcaClosedMapFromRelationFieldsV370StateW417.productSuccessClaimed = false := rfl
audit/blockers/wpp_op_w399_inputs_from_certificates_only_v370_support_w426.lean:764:  productSuccessClaimed := false
audit/blockers/wpp_op_w399_inputs_from_certificates_only_v370_support_w426.lean:767:    currentWppOpLeftLcaClosedMapFromCertificatesV370StateW420.productSuccessClaimed = false := rfl
audit/blockers/wpp_op_w399_inputs_from_certificates_only_v370_support_w426.lean:1190:  productSuccessClaimed := false
audit/blockers/wpp_op_w399_inputs_from_certificates_only_v370_support_w426.lean:1309:  productSuccessClaimed := false
audit/blockers/wpp_op_w399_inputs_from_certificates_only_v370_support_w426.lean:1447:  productSuccessClaimed := false
audit/blockers/wpp_op_mapping_cone_unique_mediator_w308.lean:730:  productSuccessClaimed := false
audit/blockers/wpp_op_mapping_cone_unique_mediator_w308.lean:733:    currentWppOpMappingConeUniqueMediatorState.productSuccessClaimed = false := rfl
LeanLCAExactChallenge/Derived/ClosedMapBoundaryRelationTargetSurjectiveCompactClosedEmbeddingClosednessNormalizedSourceEndpointLocalizedUnitFullDataW987BoundaryRelationTargetLocalizedAdjunctionTriangleComponentFieldDataConstructionGuardW1466.lean:645:  productSuccessClaimed := false
LeanLCAExactChallenge/Derived/W987RelationFieldsComparisonGuardW1508.lean:291:  productSuccessClaimed := false
LeanLCAExactChallenge/Derived/ClosedMapBoundaryRelationTargetSurjectiveCompactClosedEmbeddingClosednessNormalizedSourceEndpointLocalizedUnitFullDataFromNormalizedSourceEndpointLocalizedUnitToEndpointLocalizedUnitDirectRouteW1184.lean:405:  productSuccessClaimed := false
audit/blockers/wpp_op_exact_acyclic_colimit_closure_w299.lean:99:  productSuccessClaimed := false
audit/blockers/wpp_op_exact_acyclic_colimit_closure_w299.lean:102:    currentWppOpExactAcyclicColimitClosureState.productSuccessClaimed = false := rfl
LeanLCAExactChallenge/Derived/ClosedMapBoundaryRelationTargetSurjectiveCompactClosedEmbeddingClosednessNormalizedSourceEndpointLocalizedUnitFullDataFromEndpointLocalizedUnitToLocalizedUnitChoiceDirectRouteW1156.lean:362:  productSuccessClaimed := false
audit/blockers/addcommgrp_quotient_identification_to_strict_snake_v370_support_w466.lean:796:  productSuccessClaimed := false
audit/blockers/wpp_op_left_lca_whiskered_naturality_proof_v370_support_w372.lean:333:  productSuccessClaimed := false
audit/blockers/wpp_op_left_lca_whiskered_naturality_proof_v370_support_w372.lean:336:    currentWppOpLeftLcaWhiskeredNaturalityProofV370StateW372.productSuccessClaimed = false := rfl
LeanLCAExactChallenge/Derived/ClosedMapBoundaryRelationTargetSurjectiveCompactClosedEmbeddingClosednessNormalizedSourceEndpointLocalizedUnitFullDataEndpointLocalizedConcreteLeavesConvergenceFieldSplitGuardW1369.lean:171:  productSuccessClaimed := false
audit/blockers/addcommgrp_target_cokernel_presentation_v369_support_w356.lean:205:  productSuccessClaimed := false
audit/blockers/addcommgrp_target_cokernel_presentation_v369_support_w356.lean:208:    currentAddCommGrpTargetCokernelPresentationV369SupportState.productSuccessClaimed = false := rfl
audit/blockers/wpp_op_mapping_cone_global_desc_eq_w338.lean:308:  productSuccessClaimed := false
audit/blockers/wpp_op_mapping_cone_global_desc_eq_w338.lean:311:    currentWppOpMappingConeGlobalDescEqState.productSuccessClaimed = false := rfl
audit/blockers/wpp_op_exact_frontier_from_certificates_v370_support_w431.lean:120:  productSuccessClaimed := false
audit/blockers/wpp_op_exact_frontier_from_certificates_v370_support_w431.lean:123:    currentWppOpExactFrontierFromCertificatesV370StateW431.productSuccessClaimed = false := rfl
LeanLCAExactChallenge/Derived/ClosedMapBoundaryRelationTargetSurjectiveCompactClosedEmbeddingClosednessNormalizedSourceEndpointLocalizedUnitFullDataClosedMapTargetNoUnivLocalizedUnitStableConvergenceFieldSplitGuardW1393.lean:145:  productSuccessClaimed := false
audit/blockers/addcommgrp_forgotten_target_c_identification_v370_support_w388.lean:583:  productSuccessClaimed := false
audit/blockers/addcommgrp_forgotten_target_c_identification_v370_support_w388.lean:586:    currentAddCommGrpForgottenTargetCIdentificationV370SupportState.productSuccessClaimed = false := rfl
audit/blockers/wpp_op_mapping_cone_bounded_test_cocone_naturality_w340.lean:111:  productSuccessClaimed := false
audit/blockers/wpp_op_mapping_cone_bounded_test_cocone_naturality_w340.lean:114:    currentWppOpMappingConeBoundedTestCoconeNaturalityState.productSuccessClaimed = false := rfl
LeanLCAExactChallenge/Derived/ClosedMapBoundaryRelationTargetSurjectiveCompactClosedEmbeddingClosednessNormalizedSourceEndpointLocalizedUnitFullDataFromTargetClosedEmbeddingClosednessNormalizedSourceEndpointToTargetClosedEmbeddingClosednessDirectRouteW1150.lean:393:  productSuccessClaimed := false
LeanLCAExactChallenge/Derived/ClosedMapBoundaryRelationTargetSurjectiveCompactClosedEmbeddingClosednessNormalizedSourceEndpointLocalizedUnitFullDataFromComponentFieldsToCurrentFullDataDirectRouteW1171.lean:334:  productSuccessClaimed := false
audit/blockers/direct_wpp_op_colimit_closure_w271.lean:255:  productSuccessClaimed := false
audit/blockers/direct_wpp_op_colimit_closure_w271.lean:258:    currentDirectWalkingParallelPairOpColimitClosureState.productSuccessClaimed = false := rfl
LeanLCAExactChallenge/Derived/ClosedMapBoundaryRelationTargetSurjectiveCompactClosedEmbeddingClosednessNormalizedSourceEndpointLocalizedUnitFullDataW987BoundaryRelationTargetStrictPreimageMapFieldDataConstructionGuardW1475.lean:1364:  productSuccessClaimed := false
audit/blockers/wpp_op_left_lca_ordinary_whiskered_projection_v370_support_w375.lean:541:  productSuccessClaimed := false
audit/blockers/wpp_op_left_lca_ordinary_whiskered_projection_v370_support_w375.lean:544:    currentWppOpLeftLcaOrdinaryWhiskeredProjectionV370StateW375.productSuccessClaimed = false := rfl
LeanLCAExactChallenge/Derived/ClosedMapBoundaryRelationTargetSurjectiveCompactClosedEmbeddingClosednessNormalizedSourceEndpointLocalizedUnitFullDataW977LeafExpansionGuardW1263.lean:55:  productSuccessClaimed := false
LeanLCAExactChallenge/Derived/TargetHomologyZeroW664SourceTriangulationTerminalProductRoute.lean:243:  productSuccessClaimed := false
audit/blockers/wpp_op_left_lca_transported_point_iso_v370_support_w384.lean:394:  productSuccessClaimed := false
audit/blockers/wpp_op_left_lca_transported_point_iso_v370_support_w384.lean:397:    currentWppOpLeftLcaTransportedPointIsoV370StateW384.productSuccessClaimed = false := rfl
LeanLCAExactChallenge/Derived/ClosedMapRawBoundaryRelationFieldsNormalizedFixedTargetFieldsSourceTriangulationFieldsClosedEmbeddingClosednessFieldsSplitTargetNoUnivClosednessNormalizedEndpointCokernelTopAndUnitWitnessComponentFieldsRoute.lean:293:  productSuccessClaimed := false
audit/blockers/wpp_op_exact_acyclic_from_exact_topology_w314.lean:176:  productSuccessClaimed := false
audit/blockers/wpp_op_exact_acyclic_from_exact_topology_w314.lean:179:    currentWppOpExactAcyclicFromExactTopologyState.productSuccessClaimed = false := rfl
LeanLCAExactChallenge/Derived/ClosedMapTargetCompactPrimitiveFieldRoute.lean:442:  productSuccessClaimed := false
audit/blockers/addcommgrp_w433_mapped_cocone_closed_range_bridge_v370_support_w442.lean:225:  productSuccessClaimed := false
LeanLCAExactChallenge/Derived/ClosedMapBoundaryRelationTargetSurjectiveCompactClosedEmbeddingClosednessNormalizedSourceEndpointLocalizedUnitFullDataFromComponentFieldsToCurrentFullDataDirectRouteW1063.lean:325:  productSuccessClaimed := false
audit/blockers/shortcomplex_cokernel_row_degreewise_v369_support_w359.lean:162:  productSuccessClaimed := false
audit/blockers/shortcomplex_cokernel_row_degreewise_v369_support_w359.lean:165:    currentShortComplexCokernelRowDegreewiseSupportState.productSuccessClaimed = false := rfl
LeanLCAExactChallenge/Derived/ClosedMapBoundaryRelationTargetSurjectiveCompactClosedEmbeddingClosednessNormalizedSourceEndpointLocalizedUnitFullDataFromTargetClosedEmbeddingClosednessToNormalizedSourceEndpointLocalizedUnitDirectRouteW1059.lean:405:  productSuccessClaimed := false
LeanLCAExactChallenge/Derived/ClosedMapBoundaryRelationTargetSurjectiveCompactClosedEmbeddingClosednessNormalizedSourceEndpointLocalizedUnitFullDataFromLocalizedUnitChoiceToUnitStrictExactIsoDataDirectRouteW1164.lean:354:  productSuccessClaimed := false
audit/blockers/addcommgrp_selected_cokernel_colimit_preservation_only_v370_support_w427.lean:388:  productSuccessClaimed := false
LeanLCAExactChallenge/Derived/ClosedMapBoundaryRelationTargetSurjectiveCompactClosedEmbeddingClosednessNormalizedSourceEndpointLocalizedUnitFullDataKernelCokernelTopIsoFieldSplitGuardW1330.lean:114:  productSuccessClaimed := false
audit/blockers/wpp_op_left_lca_closedmap_field_consumer_v366_support_w342.lean:293:  productSuccessClaimed := false
audit/blockers/wpp_op_left_lca_closedmap_field_consumer_v366_support_w342.lean:296:    currentWppOpLeftLcaClosedMapFieldConsumerState.productSuccessClaimed = false := rfl
LeanLCAExactChallenge/Derived/EndpointKernelCokernelFromClosednessBranch.lean:209:  productSuccessClaimed := false
LeanLCAExactChallenge/Derived/ClosedMapBoundaryRelationTargetSurjectiveCompactClosedEmbeddingClosednessNormalizedSourceEndpointLocalizedUnitFullDataFromBranchFullDataToTargetClosedEmbeddingClosednessNormalizedSourceEndpointDirectRouteW1214.lean:344:  productSuccessClaimed := false
LeanLCAExactChallenge/Derived/ClosedMapBoundaryRelationTargetSurjectiveCompactClosedEmbeddingClosednessNormalizedSourceEndpointLocalizedUnitFullDataUnitMappingConeBoundaryUnpackGuardW1310.lean:130:  productSuccessClaimed := false
LeanLCAExactChallenge/Derived/ClosedMapBoundaryRelationTargetSurjectiveCompactClosedEmbeddingClosednessNormalizedSourceEndpointLocalizedUnitFullDataFromLocalizedUnitChoiceToUnitStrictExactIsoDataDirectRouteW1119.lean:354:  productSuccessClaimed := false
LeanLCAExactChallenge/Derived/ClosedMapBoundaryRelationTargetSurjectiveCompactClosedEmbeddingClosednessNormalizedSourceEndpointLocalizedUnitFullDataFromEndpointLocalizedUnitToLocalizedUnitChoiceDirectRouteW1165.lean:362:  productSuccessClaimed := false
LeanLCAExactChallenge/Derived/ClosedMapRelationFieldsBoundaryFieldsComponentFieldsRoute.lean:332:  productSuccessClaimed := false
audit/blockers/wpp_op_relation_fields_composer_v370_support_w395.lean:292:  productSuccessClaimed := false
audit/blockers/wpp_op_relation_fields_composer_v370_support_w395.lean:295:    currentWppOpRelationFieldsComposerV370SupportStateW395.productSuccessClaimed = false := rfl
audit/blockers/algebraic_exact_wpp_op_colimit_w287.lean:130:  productSuccessClaimed := false
audit/blockers/algebraic_exact_wpp_op_colimit_w287.lean:133:    currentAlgebraicExactWppOpColimitState.productSuccessClaimed = false := rfl
audit/blockers/localized_comparison_unit_membership_w247.lean:96:  productSuccessClaimed := false
audit/blockers/localized_comparison_unit_membership_w247.lean:105:    currentLocalizedComparisonUnitMembershipState.productSuccessClaimed = false := rfl
LeanLCAExactChallenge/Derived/BoundarySourcePiZeroConcreteFieldsSelectedCochainComparisonProductRoute.lean:384:  productSuccessClaimed := false
LeanLCAExactChallenge/Derived/ClosedMapBoundaryRelationTargetSurjectiveCompactClosedEmbeddingClosednessNormalizedSourceEndpointLocalizedUnitFullDataFromUnitStrictExactIsoDataToComponentFieldsDirectRoute.lean:193:  productSuccessClaimed := false
LeanLCAExactChallenge/Derived/ClosedMapBoundaryRelationTargetSurjectiveCompactClosedEmbeddingClosednessNormalizedSourceEndpointLocalizedUnitFullDataFromCurrentFullDataToBranchFullDataDirectRouteW1224.lean:327:  productSuccessClaimed := false
LeanLCAExactChallenge/Derived/ClosedMapBoundaryRelationTargetSurjectiveCompactClosedEmbeddingClosednessNormalizedSourceEndpointLocalizedUnitFullDataW987BoundaryFieldDataConstructionGuardW1451.lean:231:  productSuccessClaimed := false
audit/blockers/addcommgrp_selected_cokernel_colimit_from_single_closed_range_v370_support_w446.lean:268:  productSuccessClaimed := false
audit/blockers/addcommgrp_short_complex_preservation_from_underlying_v370_support_w419.lean:112:  productSuccessClaimed := false
audit/blockers/addcommgrp_short_complex_preservation_from_underlying_v370_support_w419.lean:115:    currentAddCommGrpShortComplexPreservationFromUnderlyingV370SupportState.productSuccessClaimed = false :=
LeanLCAExactChallenge/Derived/TargetIsoRealizationTrianglehSelectedW461RowsProductRoute.lean:259:  productSuccessClaimed := false
LeanLCAExactChallenge/Derived/ClosedMapBoundaryRelationTargetSurjectiveCompactClosedEmbeddingClosednessNormalizedSourceEndpointLocalizedUnitFullDataFromTargetClosedEmbeddingClosednessToNormalizedSourceEndpointLocalizedUnitDirectRouteW1077.lean:409:  productSuccessClaimed := false
LeanLCAExactChallenge/Derived/ClosedMapBoundaryRelationTargetSurjectiveCompactClosedEmbeddingClosednessNormalizedSourceEndpointLocalizedUnitFullDataBranchFullDataRouteCandidateGuardW1272.lean:97:  productSuccessClaimed := false
LeanLCAExactChallenge/Derived/TargetExactAtConcreteLeavesFromTargetHomologyZero.lean:212:  productSuccessClaimed := false
LeanLCAExactChallenge/Derived/ClosedMapBoundaryRelationTargetSurjectiveCompactClosedEmbeddingClosednessNormalizedSourceEndpointLocalizedUnitFullDataExactInputsComparisonSelectedCochainStableConvergenceFieldSplitGuardW1372.lean:161:  productSuccessClaimed := false
audit/blockers/addcommgrp_closed_embedding_cokernel_preservation_package_v370_support_w448.lean:446:  productSuccessClaimed := false
LeanLCAExactChallenge/Derived/ClosedMapBoundaryRelationTargetSurjectiveCompactClosedEmbeddingClosednessNormalizedSourceEndpointLocalizedUnitFullDataCompactTargetRepresentativeImageFieldSplitGuardW1347.lean:120:  productSuccessClaimed := false
LeanLCAExactChallenge/Derived/ClosedMapBoundaryRelationDataNormalizedSourceTriangulationDataClosedEmbeddingEndpointLocalizedUnitFullDataFromComponentFieldsRoute.lean:235:  productSuccessClaimed := false
audit/blockers/wpp_op_projection_fields_from_selected_cokernel_colimit_current_head_v370_support_w491.lean:132:  productSuccessClaimed := false
audit/blockers/wpp_op_projection_fields_from_selected_cokernel_colimit_current_head_v370_support_w491.lean:140:    currentW491State.productSuccessClaimed = false :=
audit/blockers/addcommgrp_component_colimit_comparison_exact_acyclic_v370_support_w471.lean:511:  productSuccessClaimed := false
audit/blockers/addcommgrp_component_colimit_comparison_exact_acyclic_v370_support_w471.lean:988:  productSuccessClaimed := false
audit/blockers/addcommgrp_component_colimit_comparison_exact_acyclic_v370_support_w471.lean:1132:  productSuccessClaimed := false
audit/blockers/addcommgrp_component_colimit_comparison_exact_acyclic_v370_support_w471.lean:1364:  productSuccessClaimed := false
LeanLCAExactChallenge/Derived/ExactAcyclicSelectedCochainStrictificationRoute.lean:415:  productSuccessClaimed := false
audit/blockers/wpp_op_left_lca_concrete_quotient_cocone_v369_support_w357.lean:327:  productSuccessClaimed := false
audit/blockers/wpp_op_left_lca_concrete_quotient_cocone_v369_support_w357.lean:330:    currentWppOpLeftLcaConcreteQuotientCoconeV369StateW357.productSuccessClaimed = false := rfl
LeanLCAExactChallenge/Derived/LeftSnakeDirectRightLcaNormalizedClosedRangeProductRoute.lean:279:  productSuccessClaimed := false
LeanLCAExactChallenge/Derived/ClosedMapBoundaryRelationTargetSurjectiveCompactClosedEmbeddingClosednessNormalizedSourceEndpointLocalizedUnitFullDataCompactTargetPreservationExitsFieldSplitGuardW1348.lean:118:  productSuccessClaimed := false
LeanLCAExactChallenge/Derived/ClosedMapBoundaryRelationTargetSurjectiveCompactClosedEmbeddingClosednessNormalizedSourceEndpointLocalizedUnitFullDataFromBranchFullDataToTargetClosedEmbeddingClosednessNormalizedSourceEndpointDirectRouteW1250.lean:344:  productSuccessClaimed := false
LeanLCAExactChallenge/Derived/ClosedMapRawBoundaryRelationFieldsNormalizedFixedTargetFieldsSourceTriangulationFieldsClosedEmbeddingClosednessFieldsSplitTargetNoUnivClosednessNormalizedEndpointUnitWitnessComponentFieldsRoute.lean:368:  productSuccessClaimed := false
audit/blockers/wpp_op_mapping_cone_left_cochain_assembly_w333.lean:135:  productSuccessClaimed := false
audit/blockers/wpp_op_mapping_cone_left_cochain_assembly_w333.lean:138:    currentWppOpMappingConeLeftCochainAssemblyState.productSuccessClaimed = false := rfl
LeanLCAExactChallenge/Derived/ClosedMapBoundaryRelationTargetSurjectiveCompactClosedEmbeddingClosednessNormalizedSourceEndpointLocalizedUnitFullDataTargetCompactTargetProviderGuardW1325.lean:88:  productSuccessClaimed := false
LeanLCAExactChallenge/Derived/W987TargetSurjectiveCompactFieldsComparisonGuardW1509.lean:229:  productSuccessClaimed := false
audit/blockers/mapping_cone_left_cochain_uniqueness_support_w302.lean:129:  productSuccessClaimed := false
audit/blockers/mapping_cone_left_cochain_uniqueness_support_w302.lean:132:    currentMappingConeLeftCochainUniquenessState.productSuccessClaimed = false := rfl
audit/blockers/wpp_op_w426_w390_leg_compatibility_components_v370_support_w454.lean:234:  productSuccessClaimed := false
audit/blockers/wpp_op_w426_w390_leg_compatibility_components_v370_support_w454.lean:237:    currentWppOpW426W390LegCompatibilityComponentsV370StateW454.productSuccessClaimed = false := rfl
audit/blockers/wpp_op_mapping_cone_objectwise_left_w332.lean:84:  productSuccessClaimed := false
audit/blockers/wpp_op_mapping_cone_objectwise_left_w332.lean:87:    currentWppOpMappingConeObjectwiseLeftState.productSuccessClaimed = false := rfl
LeanLCAExactChallenge/Derived/ClosedMapTargetNoUnivMembershipDataClosednessDataBoundaryRelationDataNormalizedFixedTargetDataSourceTriangulationEndpointStrictExactUnitStrictExactComponentsPrimitiveFieldRoute.lean:245:  productSuccessClaimed := false
LeanLCAExactChallenge/Derived/ClosedMapBoundaryRelationTargetNoUnivClosedEmbeddingClosednessNormalizedSourceEndpointLocalizedUnitFullDataFromLocalizedUnitChoiceRoute.lean:211:  productSuccessClaimed := false
audit/blockers/addcommgrp_forgotten_target_cocone_leg_v370_support_w403.lean:203:  productSuccessClaimed := false
audit/blockers/addcommgrp_forgotten_target_cocone_leg_v370_support_w403.lean:206:    currentAddCommGrpForgottenTargetCoconeLegV370SupportState.productSuccessClaimed = false := rfl
audit/blockers/factorized_localized_adjunction_membership_w257.lean:303:  productSuccessClaimed := false
audit/blockers/factorized_localized_adjunction_membership_w257.lean:312:    currentFactorizedLocalizedAdjunctionApiMap.productSuccessClaimed = false := rfl
LeanLCAExactChallenge/Derived/IsoClosureDirectSourceStableExactAtRoute.lean:117:  productSuccessClaimed := false
LeanLCAExactChallenge/Derived/W987EndpointFieldsComparisonGuardW1500.lean:221:  productSuccessClaimed := false
audit/blockers/addcommgrp_wpp_op_kernel_exactness_support_w296.lean:135:  productSuccessClaimed := false
audit/blockers/addcommgrp_wpp_op_kernel_exactness_support_w296.lean:138:    currentAddCommGrpWppOpKernelExactnessSupportState.productSuccessClaimed = false := rfl
audit/blockers/addcommgrp_selected_cokernel_colimit_from_cokernel_preservation_v370_support_w435.lean:528:  productSuccessClaimed := false
LeanLCAExactChallenge/Derived/AddCommGrpSnakeInputDifferenceCokernel.lean:273:  productSuccessClaimed := false
LeanLCAExactChallenge/Derived/AddCommGrpSnakeInputDifferenceCokernel.lean:276:    currentAddCommGrpSnakeInputDifferenceCokernelState.productSuccessClaimed = false := rfl
audit/blockers/addcommgrp_degenerate_snake_support_w366.lean:193:  productSuccessClaimed := false
audit/blockers/addcommgrp_degenerate_snake_support_w366.lean:196:    currentAddCommGrpDegenerateSnakeSupportState.productSuccessClaimed = false := rfl
audit/blockers/addcommgrp_mapped_cocone_iscolimit_source_v370_support_w413.lean:108:  productSuccessClaimed := false
audit/blockers/addcommgrp_mapped_cocone_iscolimit_source_v370_support_w413.lean:111:    currentAddCommGrpMappedCoconeIsColimitSourceV370SupportState.productSuccessClaimed = false :=
LeanLCAExactChallenge/Derived/OriginalFourTaskContractCompletion.lean:7741:  productSuccessClaimed := false
LeanLCAExactChallenge/Derived/OriginalFourTaskContractCompletion.lean:7744:    originalFourTaskContractCompletion.productSuccessClaimed = false :=
LeanLCAExactChallenge/Derived/SourceTriangulationComparisonStableExactAtRoute.lean:146:  productSuccessClaimed := false
LeanLCAExactChallenge/Derived/ClosedMapBoundaryRelationTargetSurjectiveCompactClosedEmbeddingClosednessNormalizedSourceEndpointLocalizedUnitFullDataClosedMapPrimitiveBridgeStableConvergenceFieldSplitGuardW1396.lean:147:  productSuccessClaimed := false
audit/blockers/wpp_op_mapping_cone_bounded_left_cochain_w341.lean:604:  productSuccessClaimed := false
audit/blockers/wpp_op_mapping_cone_bounded_left_cochain_w341.lean:607:    currentWppOpMappingConeBoundedLeftCochainState.productSuccessClaimed = false := rfl
LeanLCAExactChallenge/Derived/W987ClosedEmbeddingEndpointHomologyFreeLocalizedRightAdjointConvergenceGuardW1515.lean:642:  productSuccessClaimed := false
LeanLCAExactChallenge/Derived/ClosedMapBoundaryRelationTargetSurjectiveCompactClosedEmbeddingClosednessNormalizedSourceEndpointLocalizedUnitFullDataClosedMapSplitTargetNoUnivPrimitiveStableConvergenceFieldSplitGuardW1397.lean:96:  productSuccessClaimed := false
audit/blockers/direct_wpp_op_colimit_stability_w265.lean:141:  productSuccessClaimed := false
audit/blockers/direct_wpp_op_colimit_stability_w265.lean:144:    currentDirectWalkingParallelPairOpColimitStabilityState.productSuccessClaimed = false := rfl
LeanLCAExactChallenge/Derived/TargetIsoStrictRealizationTerminalProductRoute.lean:227:  productSuccessClaimed := false
LeanLCAExactChallenge/Derived/ClosedMapBoundaryRelationTargetSurjectiveCompactClosedEmbeddingClosednessNormalizedSourceEndpointLocalizedUnitFullDataFromEndpointLocalizedUnitToLocalizedUnitChoiceDirectRouteW1093.lean:360:  productSuccessClaimed := false
audit/blockers/addcommgrp_cokernel_quotient_comparison_v370_support_w438.lean:224:  productSuccessClaimed := false
audit/blockers/addcommgrp_cokernel_quotient_comparison_v370_support_w438.lean:227:    currentAddCommGrpCokernelQuotientComparisonV370SupportState.productSuccessClaimed = false :=
LeanLCAExactChallenge/Derived/ClosedMapBoundaryRelationTargetSurjectiveCompactClosedEmbeddingClosednessNormalizedSourceEndpointLocalizedUnitFullDataFromBranchFullDataToTargetClosedEmbeddingClosednessNormalizedSourceEndpointDirectRouteW1106.lean:344:  productSuccessClaimed := false
LeanLCAExactChallenge/Derived/ClosedMapBoundaryRelationTargetSurjectiveCompactClosedEmbeddingClosednessNormalizedSourceEndpointLocalizedUnitFullDataCurrentFullDataPayloadFromNormalizedSourceEndpointLocalizedUnitW1268.lean:76:  productSuccessClaimed := false
LeanLCAExactChallenge/Derived/ClosedMapBoundaryRelationTargetSurjectiveCompactClosedEmbeddingClosednessNormalizedSourceEndpointLocalizedUnitFullDataFromNormalizedSourceEndpointLocalizedUnitToEndpointLocalizedUnitDirectRouteW1148.lean:405:  productSuccessClaimed := false
audit/blockers/opposite_direct_colimit_to_limit_transport_w283.lean:102:  productSuccessClaimed := false
audit/blockers/opposite_direct_colimit_to_limit_transport_w283.lean:105:    currentOppositeDirectColimitToLimitTransportState.productSuccessClaimed = false := rfl
LeanLCAExactChallenge/Derived/ClosedMapRawBoundaryRelationFieldsNormalizedFixedTargetFieldsSourceTriangulationFieldsClosedEmbeddingClosednessFieldsSplitTargetNoUnivClosednessNormalizedEndpointUnitComponentsPrimitiveFieldsRoute.lean:311:  productSuccessClaimed := false
audit/blockers/opposite_fixed_target_fac_uniq_w272.lean:289:  productSuccessClaimed := false
audit/blockers/opposite_fixed_target_fac_uniq_w272.lean:292:    currentOppositeFixedTargetFacUniqState.productSuccessClaimed = false := rfl
LeanLCAExactChallenge/Derived/EndpointLocalizedComparisonConcreteLeavesStableExactAtRoute.lean:107:  productSuccessClaimed := false
LeanLCAExactChallenge/Derived/ClosedMapBoundaryRelationTargetSurjectiveCompactClosedEmbeddingClosednessNormalizedSourceEndpointLocalizedUnitFullDataW987BoundaryRelationTargetUnitKernelCokernelTopFieldDataConstructionGuardW1462.lean:522:  productSuccessClaimed := false
audit/blockers/addcommgrp_degreewise_cokernel_data_v370_support_w379.lean:382:  productSuccessClaimed := false
audit/blockers/addcommgrp_degreewise_cokernel_data_v370_support_w379.lean:385:    currentAddCommGrpDegreewiseCokernelDataV370SupportState.productSuccessClaimed = false := rfl
LeanLCAExactChallenge/Derived/ClosedMapBoundaryRelationTargetSurjectiveCompactClosedEmbeddingClosednessNormalizedSourceEndpointLocalizedUnitFullDataFromCurrentFullDataToBranchFullDataDirectRouteW1053.lean:315:  productSuccessClaimed := false
LeanLCAExactChallenge/Derived/ClosedMapBoundaryRelationTargetSurjectiveCompactClosedEmbeddingClosednessNormalizedSourceEndpointLocalizedUnitFullDataClosedMapClosednessBranchPrimitiveStableConvergenceFieldSplitGuardW1402.lean:90:  productSuccessClaimed := false
LeanLCAExactChallenge/Derived/ClosedMapBoundaryRelationTargetSurjectiveCompactClosedEmbeddingClosednessNormalizedSourceEndpointLocalizedUnitFullDataFromTargetClosedEmbeddingClosednessToNormalizedSourceEndpointLocalizedUnitDirectRouteW1113.lean:415:  productSuccessClaimed := false
LeanLCAExactChallenge/Derived/ClosedMapBoundaryDataSourceTriangulationEndpointFactsLocalizedRightAdjointComparisonStableExactAtRoute.lean:329:  productSuccessClaimed := false
audit/blockers/right_open_map_wpp_op_colimit_w286.lean:558:  productSuccessClaimed := false
audit/blockers/right_open_map_wpp_op_colimit_w286.lean:561:    currentRightOpenMapWppOpColimitState.productSuccessClaimed = false := rfl
LeanLCAExactChallenge/Derived/TargetIsoDirectSourceStableRoute.lean:238:  productSuccessClaimed := false
