{
  "outcome": "source_patch_needed_handoff",
  "product_success": false,
  "product_complete": false,
  "update_goal_allowed": false,
  "git_head": "f54abe885afc28ccba7f9d71567a7ba52323699a",
  "latest_checkpoint": "run/source_patch_needed_w1450_provider_leaf_reassessment_20260610.md",
  "obligations_discharged": [
    "No final original four-task obligation is discharged by this reassessment.",
    "No product-facing Lean source was changed.",
    "The W1450 provider-package expansion was checked against current source at f54abe885afc28ccba7f9d71567a7ba52323699a and narrowed to the already recorded eight immediate leaf obligations."
  ],
  "obligations_derived_or_eliminated": [
    "The four W1450 provider packages W716/W717/W984/W950 were classified as non-nullary package boundaries, not viable wrapper targets.",
    "W716 expansion via W1451 and W717 expansion via W1452 were rejected because they increase the caller-supplied input surface from 4 to 5 and then 6.",
    "W984 expansion was reduced to W944 target no-univ data plus W973 closed-embedding closedness data.",
    "W950 expansion was reduced to W948 normalized-source-triangulation data plus W949 endpoint-localized-unit data.",
    "The prior eight-leaf probe run/w1450_field_component_frontier_probe_20260609.lean remains the canonical lower-frontier evidence and should not be duplicated."
  ],
  "new_frontier_input_count": 8
}
