# Stable v4.30.0 gate 20260610T051420Z
## cat lean-toolchain
leanprover/lean4:v4.30.0
exit=0
## rg -n mathlib|rev = lakefile.toml
9:weak.linter.mathlibStandardSet = true
13:name = "mathlib"
15:rev = "v4.30.0"
exit=0
## manifest key revisions
mathlib	v4.30.0	c5ea00351c28e24afc9f0f84379aa41082b1188f
aesop	v4.30.0	558915ae105bfd8074e22d597613d1961822adc2
Qq	v4.30.0	a6e6c34c4ef182f83b219a3a5a385f51f44bdc4c
batteries	main	32dc18cde3684679f3c003de608743b57498c56f
Cli	v4.30.0	6b907cf12b2e445ccb7c24bc208ef04a1f39e84c
exit=0
## git log --oneline -- toolchain files
b4cdb58d Migrate Lean toolchain to v4.30.0
0e0afaf8 Prepare Lean LCA exact challenge baseline
git_exit=0 sed_exit=0 truncated_to=40
## rg rc2
exit=1 (1 means no matches)
## git diff --check toolchain files
exit=0
