lakefile.toml:9:weak.linter.mathlibStandardSet = true
lakefile.toml:12:[[require]]
lakefile.toml:13:name = "mathlib"
lakefile.toml:14:scope = "leanprover-community"
lakefile.toml:15:rev = "v4.30.0"
lake-manifest.json:4: [{"url": "https://github.com/leanprover-community/mathlib4",
lake-manifest.json:7:   "scope": "leanprover-community",
lake-manifest.json:8:   "rev": "c5ea00351c28e24afc9f0f84379aa41082b1188f",
lake-manifest.json:9:   "name": "mathlib",
lake-manifest.json:11:   "inputRev": "v4.30.0",
lake-manifest.json:14:  {"url": "https://github.com/leanprover-community/plausible",
lake-manifest.json:17:   "scope": "leanprover-community",
lake-manifest.json:18:   "rev": "a456461b368b71d2accd95234832cd9c174b5437",
lake-manifest.json:24:  {"url": "https://github.com/leanprover-community/LeanSearchClient",
lake-manifest.json:27:   "scope": "leanprover-community",
lake-manifest.json:28:   "rev": "c5d5b8fe6e5158def25cd28eb94e4141ad97c843",
lake-manifest.json:34:  {"url": "https://github.com/leanprover-community/import-graph",
lake-manifest.json:37:   "scope": "leanprover-community",
lake-manifest.json:38:   "rev": "515cf9d0c00ece5e661f6de4326a53dedc1e8ea1",
lake-manifest.json:44:  {"url": "https://github.com/leanprover-community/ProofWidgets4",
lake-manifest.json:47:   "scope": "leanprover-community",
lake-manifest.json:48:   "rev": "a84b3e2475d5c5ab979567b1ad8aea21b764bcf8",
lake-manifest.json:54:  {"url": "https://github.com/leanprover-community/aesop",
lake-manifest.json:57:   "scope": "leanprover-community",
lake-manifest.json:58:   "rev": "558915ae105bfd8074e22d597613d1961822adc2",
lake-manifest.json:61:   "inputRev": "v4.30.0",
lake-manifest.json:64:  {"url": "https://github.com/leanprover-community/quote4",
lake-manifest.json:67:   "scope": "leanprover-community",
lake-manifest.json:68:   "rev": "a6e6c34c4ef182f83b219a3a5a385f51f44bdc4c",
lake-manifest.json:71:   "inputRev": "v4.30.0",
lake-manifest.json:74:  {"url": "https://github.com/leanprover-community/batteries",
lake-manifest.json:77:   "scope": "leanprover-community",
lake-manifest.json:78:   "rev": "32dc18cde3684679f3c003de608743b57498c56f",
lake-manifest.json:88:   "rev": "6b907cf12b2e445ccb7c24bc208ef04a1f39e84c",
lake-manifest.json:91:   "inputRev": "v4.30.0",
