$ cat lean-toolchain
leanprover/lean4:v4.30.0
exit=0

$ rg -n mathlib|rev =  lakefile.toml
9:weak.linter.mathlibStandardSet = true
13:name = "mathlib"
15:rev = "v4.30.0"
exit=0

$ jq selected package revisions
mathlib	v4.30.0	c5ea00351c28e24afc9f0f84379aa41082b1188f
aesop	v4.30.0	558915ae105bfd8074e22d597613d1961822adc2
Qq	v4.30.0	a6e6c34c4ef182f83b219a3a5a385f51f44bdc4c
batteries	main	32dc18cde3684679f3c003de608743b57498c56f
Cli	v4.30.0	6b907cf12b2e445ccb7c24bc208ef04a1f39e84c
exit=0

$ git log --oneline -- lean-toolchain lakefile.toml lake-manifest.json
b4cdb58d Migrate Lean toolchain to v4.30.0
0e0afaf8 Prepare Lean LCA exact challenge baseline
exit=0

$ rg -n v4\.30\.0-rc2 lean-toolchain lakefile.toml lake-manifest.json
exit=1 expected=1

$ git diff --check -- lean-toolchain lakefile.toml lake-manifest.json
exit=0
