⚠ [1868/1965] Replayed LeanLCAExactChallenge.ExactCategory.Basic
warning: LeanLCAExactChallenge/ExactCategory/Basic.lean:1:1: * '-/':
Copyright too short!


Note: This linter can be disabled with `set_option linter.style.header false`
⚠ [1869/1965] Replayed LeanLCAExactChallenge.LCA.Basic
warning: LeanLCAExactChallenge/LCA/Basic.lean:1:1: * '-/':
Copyright too short!


Note: This linter can be disabled with `set_option linter.style.header false`
⚠ [1887/1965] Replayed LeanLCAExactChallenge.LCA.Quotient
warning: LeanLCAExactChallenge/LCA/Quotient.lean:1:1: * '-/':
Copyright too short!


Note: This linter can be disabled with `set_option linter.style.header false`
⚠ [1888/1965] Replayed LeanLCAExactChallenge.LCA.Cokernel
warning: LeanLCAExactChallenge/LCA/Cokernel.lean:1:1: * '-/':
Copyright too short!


Note: This linter can be disabled with `set_option linter.style.header false`
warning: LeanLCAExactChallenge/LCA/Cokernel.lean:222:6: try 'simp' instead of 'simpa'

Note: This linter can be disabled with `set_option linter.unnecessarySimpa false`
warning: LeanLCAExactChallenge/LCA/Cokernel.lean:236:2: try 'simp' instead of 'simpa'

Note: This linter can be disabled with `set_option linter.unnecessarySimpa false`
warning: LeanLCAExactChallenge/LCA/Cokernel.lean:265:4: try 'simp' instead of 'simpa'

Note: This linter can be disabled with `set_option linter.unnecessarySimpa false`
warning: LeanLCAExactChallenge/LCA/Cokernel.lean:295:4: try 'simp' instead of 'simpa'

Note: This linter can be disabled with `set_option linter.unnecessarySimpa false`
⚠ [2038/2043] Replayed LeanLCAExactChallenge.LCA.StrictExact
warning: LeanLCAExactChallenge/LCA/StrictExact.lean:1:1: * '-/':
Copyright too short!


Note: This linter can be disabled with `set_option linter.style.header false`
⚠ [2039/2043] Replayed LeanLCAExactChallenge.LCA.Pullback
warning: LeanLCAExactChallenge/LCA/Pullback.lean:1:1: * '-/':
Copyright too short!


Note: This linter can be disabled with `set_option linter.style.header false`
⚠ [2040/2043] Replayed LeanLCAExactChallenge.LCA.Pushout
warning: LeanLCAExactChallenge/LCA/Pushout.lean:1:1: * '-/':
Copyright too short!


Note: This linter can be disabled with `set_option linter.style.header false`
⚠ [2041/2043] Replayed LeanLCAExactChallenge.LCA.ExactCategory
warning: LeanLCAExactChallenge/LCA/ExactCategory.lean:1:1: * '-/':
Copyright too short!


Note: This linter can be disabled with `set_option linter.style.header false`
⚠ [2042/2043] Replayed LeanLCAExactChallenge.Derived.Bounded
warning: LeanLCAExactChallenge/Derived/Bounded.lean:1:1: * '-/':
Copyright too short!


Note: This linter can be disabled with `set_option linter.style.header false`
warning: LeanLCAExactChallenge/Derived/Bounded.lean:320:14: This simp argument is unused:
  strictShortExactBiprodComplex

Hint: Omit it from the simp argument list.
  simp ̵[̵s̵t̵r̵i̵c̵t̵S̵h̵o̵r̵t̵E̵x̵a̵c̵t̵B̵i̵p̵r̵o̵d̵C̵o̵m̵p̵l̵e̵x̵]̵

Note: This linter can be disabled with `set_option linter.unusedSimpArgs false`
warning: LeanLCAExactChallenge/Derived/Bounded.lean:328:14: This simp argument is unused:
  strictShortExactBiprodComplex

Hint: Omit it from the simp argument list.
  simp ̵[̵s̵t̵r̵i̵c̵t̵S̵h̵o̵r̵t̵E̵x̵a̵c̵t̵B̵i̵p̵r̵o̵d̵C̵o̵m̵p̵l̵e̵x̵]̵

Note: This linter can be disabled with `set_option linter.unusedSimpArgs false`
warning: LeanLCAExactChallenge/Derived/Bounded.lean:341:14: This simp argument is unused:
  strictShortExactBiprodComplex

Hint: Omit it from the simp argument list.
  simp ̵[̵s̵t̵r̵i̵c̵t̵S̵h̵o̵r̵t̵E̵x̵a̵c̵t̵B̵i̵p̵r̵o̵d̵C̵o̵m̵p̵l̵e̵x̵]̵

Note: This linter can be disabled with `set_option linter.unusedSimpArgs false`
warning: LeanLCAExactChallenge/Derived/Bounded.lean:349:14: This simp argument is unused:
  strictShortExactBiprodComplex

Hint: Omit it from the simp argument list.
  simp ̵[̵s̵t̵r̵i̵c̵t̵S̵h̵o̵r̵t̵E̵x̵a̵c̵t̵B̵i̵p̵r̵o̵d̵C̵o̵m̵p̵l̵e̵x̵]̵

Note: This linter can be disabled with `set_option linter.unusedSimpArgs false`
warning: LeanLCAExactChallenge/Derived/Bounded.lean:320:8: `simp [strictShortExactBiprodComplex]` is a flexible tactic modifying `⊢`. Try `simp?` and use the suggested `simp only [...]`. Alternatively, use `suffices` to explicitly state the simplified form.

Note: This linter can be disabled with `set_option linter.flexible false`
info: LeanLCAExactChallenge/Derived/Bounded.lean:320:8: Try this:
  [apply] simp only [biprodObjIsoBiprod_hom_fst, biprodMap_biprodFst]
info: LeanLCAExactChallenge/Derived/Bounded.lean:321:8: `rw [← Category.assoc, biprodObjIsoBiprod_hom_fst]` uses `⊢`!
warning: LeanLCAExactChallenge/Derived/Bounded.lean:328:8: `simp [strictShortExactBiprodComplex]` is a flexible tactic modifying `⊢`. Try `simp?` and use the suggested `simp only [...]`. Alternatively, use `suffices` to explicitly state the simplified form.

Note: This linter can be disabled with `set_option linter.flexible false`
info: LeanLCAExactChallenge/Derived/Bounded.lean:328:8: Try this:
  [apply] simp only [biprodObjIsoBiprod_hom_snd, biprodMap_biprodSnd]
info: LeanLCAExactChallenge/Derived/Bounded.lean:329:8: `rw [← Category.assoc, biprodObjIsoBiprod_hom_snd]` uses `⊢`!
warning: LeanLCAExactChallenge/Derived/Bounded.lean:341:8: `simp [strictShortExactBiprodComplex]` is a flexible tactic modifying `⊢`. Try `simp?` and use the suggested `simp only [...]`. Alternatively, use `suffices` to explicitly state the simplified form.

Note: This linter can be disabled with `set_option linter.flexible false`
info: LeanLCAExactChallenge/Derived/Bounded.lean:341:8: Try this:
  [apply] simp only [biprodObjIsoBiprod_hom_fst, biprodMap_biprodFst]
info: LeanLCAExactChallenge/Derived/Bounded.lean:342:8: `rw [← Category.assoc, biprodObjIsoBiprod_hom_fst]` uses `⊢`!
warning: LeanLCAExactChallenge/Derived/Bounded.lean:349:8: `simp [strictShortExactBiprodComplex]` is a flexible tactic modifying `⊢`. Try `simp?` and use the suggested `simp only [...]`. Alternatively, use `suffices` to explicitly state the simplified form.

Note: This linter can be disabled with `set_option linter.flexible false`
info: LeanLCAExactChallenge/Derived/Bounded.lean:349:8: Try this:
  [apply] simp only [biprodObjIsoBiprod_hom_snd, biprodMap_biprodSnd]
info: LeanLCAExactChallenge/Derived/Bounded.lean:350:8: `rw [← Category.assoc, biprodObjIsoBiprod_hom_snd]` uses `⊢`!
warning: LeanLCAExactChallenge/Derived/Bounded.lean:3257:6: try 'simp' instead of 'simpa'

Note: This linter can be disabled with `set_option linter.unnecessarySimpa false`
warning: LeanLCAExactChallenge/Derived/Bounded.lean:4732:100: This line exceeds the 100 character limit, please shorten it!

Note: This linter can be disabled with `set_option linter.style.longLine false`
warning: LeanLCAExactChallenge/Derived/Bounded.lean:4750:100: This line exceeds the 100 character limit, please shorten it!

Note: This linter can be disabled with `set_option linter.style.longLine false`
warning: LeanLCAExactChallenge/Derived/Bounded.lean:4755:100: This line exceeds the 100 character limit, please shorten it!

Note: This linter can be disabled with `set_option linter.style.longLine false`
warning: LeanLCAExactChallenge/Derived/Bounded.lean:4816:100: This line exceeds the 100 character limit, please shorten it!
You can use "string gaps" to format long strings: within a string quotation, using a '\' at the end of a line allows you to continue the string on the following line, removing all intervening whitespace.

Note: This linter can be disabled with `set_option linter.style.longLine false`
warning: LeanLCAExactChallenge/Derived/Bounded.lean:4838:100: This line exceeds the 100 character limit, please shorten it!

Note: This linter can be disabled with `set_option linter.style.longLine false`
warning: LeanLCAExactChallenge/Derived/Bounded.lean:4974:100: This line exceeds the 100 character limit, please shorten it!

Note: This linter can be disabled with `set_option linter.style.longLine false`
warning: LeanLCAExactChallenge/Derived/Bounded.lean:5040:100: This line exceeds the 100 character limit, please shorten it!
You can use "string gaps" to format long strings: within a string quotation, using a '\' at the end of a line allows you to continue the string on the following line, removing all intervening whitespace.

Note: This linter can be disabled with `set_option linter.style.longLine false`
warning: LeanLCAExactChallenge/Derived/Bounded.lean:5058:100: This line exceeds the 100 character limit, please shorten it!

Note: This linter can be disabled with `set_option linter.style.longLine false`
warning: LeanLCAExactChallenge/Derived/Bounded.lean:5059:100: This line exceeds the 100 character limit, please shorten it!

Note: This linter can be disabled with `set_option linter.style.longLine false`
⚠ [2043/2043] Built LeanLCAExactChallenge.BoundedDerived.Basic (3.0s)
warning: LeanLCAExactChallenge/BoundedDerived/Basic.lean:1:1: * '-/':
Copyright too short!


Note: This linter can be disabled with `set_option linter.style.header false`
Build completed successfully (2043 jobs).
