TopCat.{u} : Type (u + 1)
TopCat.Hom.{u} (X Y : TopCat) : Type u
AddGroupTopology.{u} (α : Type u) [AddGroup α] : Type u
LocallyCompactSpace.{u_3} (X : Type u_3) [TopologicalSpace X] : Prop
MetricSpace.{u} (α : Type u) : Type u
AddCommGrpCat.{u} : Type (u + 1)
AddCommGrpCat.Hom.{u} (A B : AddCommGrpCat) : Type u
CategoryTheory.ShortComplex.{v_1, u_1} (C : Type u_1) [Category.{v_1, u_1} C] [Limits.HasZeroMorphisms C] :
  Type (max u_1 v_1)
CategoryTheory.ShortComplex.Exact.{v_1, u_1} {C : Type u_1} [Category.{v_1, u_1} C] [Limits.HasZeroMorphisms C]
  (S : ShortComplex C) : Prop
DerivedCategory.{w, v, u} (C : Type u) [Category.{v, u} C] [Abelian C] [HasDerivedCategory C] : Type (max u v)
HasDerivedCategory.{w, v, u} (C : Type u) [Category.{v, u} C] [Abelian C] : Type (max (max ((max u v) + 1) v) (w + 1))
CategoryTheory.Abelian.Ext.{w, v, u} {C : Type u} [Category.{v, u} C] [Abelian C] [HasExt C] (X Y : C) (n : ℕ) : Type w
CategoryTheory.Abelian.{v, u} (C : Type u) [Category.{v, u} C] : Type (max u v)
CategoryTheory.Preadditive.{v, u} (C : Type u) [Category.{v, u} C] : Type (max u v)
CategoryTheory.Limits.HasKernel.{v, u} {C : Type u} [Category.{v, u} C] [Limits.HasZeroMorphisms C] {X Y : C}
  (f : X ⟶ Y) : Prop
CategoryTheory.Limits.HasCokernel.{v, u} {C : Type u} [Category.{v, u} C] [Limits.HasZeroMorphisms C] {X Y : C}
  (f : X ⟶ Y) : Prop
