Log truncated before push. Full command exit status is recorded in run/terminal_refresh_20260610T1014Z_product_success_declarations.exit. Last 120 lines follow.
            mappedCokernelClosedMapProvider).certificate).accepted =
    true
LeanLCAExactChallenge.Dbounded.originalFourTaskContractCompletion_branchFullDataW829StableSemanticAdapterClosedEmbeddingRouteAcceptedW1546
  (input :
    LeanLCAExactChallenge.Dbounded.W987BoundaryRelationTargetStrictPreimageObjectImageRightAdjointFunctorTargetSurjectivityCompactnessMappedCokernelPi1Pi2Pi3W829StableSemanticAdapterComparisonInputW1539)
  (globalClosedEmbeddingComponents :
    LeanLCAExactChallenge.Dbounded.SelectedDifferenceClosedEmbeddingDiagramComponentProviderW718)
  (mappedCokernelClosedEmbeddingProvider :
    LeanLCAExactChallenge.WppOpClosedRangeMappedCokernelPreservationV370SupportW519.MappedExplicitCokernelClosedEmbeddingProviderW519) :
  (LeanLCAExactChallenge.Dbounded.StableRouteAttempt.fullCertificate
        (LeanLCAExactChallenge.Dbounded.closedEmbeddingW829StableSemanticAdapterAcceptedW1539 input
            globalClosedEmbeddingComponents mappedCokernelClosedEmbeddingProvider).certificate).accepted =
    true
LeanLCAExactChallenge.Dbounded.originalFourTaskContractCompletion_branchFullDataW829StableCertificateSemanticAdapterComparisonClosedMapSemanticInputEqW1534W1543
  (input :
    LeanLCAExactChallenge.Dbounded.W987BoundaryRelationTargetStrictPreimageObjectImageRightAdjointFunctorTargetSurjectivityCompactnessMappedCokernelPi1Pi2Pi3W829StableCertificateSemanticAdapterComparisonInputW1540)
  (globalClosedMapComponents : LeanLCAExactChallenge.Dbounded.SelectedDifferenceClosedMapDiagramComponentProviderW718)
  (mappedCokernelClosedMapProvider :
    LeanLCAExactChallenge.WppOpClosedRangeMappedCokernelPreservationV370SupportW519.MappedExplicitCokernelClosedMapProviderW519) :
  LeanLCAExactChallenge.Dbounded.closedMapW829StableSemanticAdapterInputW1539 input globalClosedMapComponents
      mappedCokernelClosedMapProvider =
    LeanLCAExactChallenge.Dbounded.closedMapOrdinaryStableSemanticInputW829DirectSourceW1534 input
      globalClosedMapComponents mappedCokernelClosedMapProvider
LeanLCAExactChallenge.Dbounded.originalFourTaskContractCompletion_branchFullDataW829StableCertificateSemanticAdapterComparisonClosedEmbeddingSemanticInputEqW1534W1543
  (input :
    LeanLCAExactChallenge.Dbounded.W987BoundaryRelationTargetStrictPreimageObjectImageRightAdjointFunctorTargetSurjectivityCompactnessMappedCokernelPi1Pi2Pi3W829StableCertificateSemanticAdapterComparisonInputW1540)
  (globalClosedEmbeddingComponents :
    LeanLCAExactChallenge.Dbounded.SelectedDifferenceClosedEmbeddingDiagramComponentProviderW718)
  (mappedCokernelClosedEmbeddingProvider :
    LeanLCAExactChallenge.WppOpClosedRangeMappedCokernelPreservationV370SupportW519.MappedExplicitCokernelClosedEmbeddingProviderW519) :
  LeanLCAExactChallenge.Dbounded.closedEmbeddingW829StableSemanticAdapterInputW1539 input
      globalClosedEmbeddingComponents mappedCokernelClosedEmbeddingProvider =
    LeanLCAExactChallenge.Dbounded.closedEmbeddingOrdinaryStableSemanticInputW829DirectSourceW1534 input
      globalClosedEmbeddingComponents mappedCokernelClosedEmbeddingProvider
LeanLCAExactChallenge.Dbounded.originalFourTaskContractCompletion_branchFullDataW829StableCertificateSemanticAdapterComparisonClosedMapAcceptedEqW1534W1543
  (input :
    LeanLCAExactChallenge.Dbounded.W987BoundaryRelationTargetStrictPreimageObjectImageRightAdjointFunctorTargetSurjectivityCompactnessMappedCokernelPi1Pi2Pi3W829StableCertificateSemanticAdapterComparisonInputW1540)
  (globalClosedMapComponents : LeanLCAExactChallenge.Dbounded.SelectedDifferenceClosedMapDiagramComponentProviderW718)
  (mappedCokernelClosedMapProvider :
    LeanLCAExactChallenge.WppOpClosedRangeMappedCokernelPreservationV370SupportW519.MappedExplicitCokernelClosedMapProviderW519) :
  LeanLCAExactChallenge.Dbounded.closedMapW829StableSemanticAdapterAcceptedW1539 input globalClosedMapComponents
      mappedCokernelClosedMapProvider =
    LeanLCAExactChallenge.Dbounded.closedMapAcceptedStableDboundedInfinityCategoryW829DirectSourceW1534 input
      globalClosedMapComponents mappedCokernelClosedMapProvider
LeanLCAExactChallenge.Dbounded.originalFourTaskContractCompletion_branchFullDataW829StableCertificateSemanticAdapterComparisonClosedEmbeddingAcceptedEqW1534W1543
  (input :
    LeanLCAExactChallenge.Dbounded.W987BoundaryRelationTargetStrictPreimageObjectImageRightAdjointFunctorTargetSurjectivityCompactnessMappedCokernelPi1Pi2Pi3W829StableCertificateSemanticAdapterComparisonInputW1540)
  (globalClosedEmbeddingComponents :
    LeanLCAExactChallenge.Dbounded.SelectedDifferenceClosedEmbeddingDiagramComponentProviderW718)
  (mappedCokernelClosedEmbeddingProvider :
    LeanLCAExactChallenge.WppOpClosedRangeMappedCokernelPreservationV370SupportW519.MappedExplicitCokernelClosedEmbeddingProviderW519) :
  LeanLCAExactChallenge.Dbounded.closedEmbeddingW829StableSemanticAdapterAcceptedW1539 input
      globalClosedEmbeddingComponents mappedCokernelClosedEmbeddingProvider =
    LeanLCAExactChallenge.Dbounded.closedEmbeddingAcceptedStableDboundedInfinityCategoryW829DirectSourceW1534 input
      globalClosedEmbeddingComponents mappedCokernelClosedEmbeddingProvider
LeanLCAExactChallenge.Dbounded.originalFourTaskContractCompletion_branchFullDataW829StableCertificateSemanticAdapterComparisonClosedMapCertificateEqW1534W1543
  (input :
    LeanLCAExactChallenge.Dbounded.W987BoundaryRelationTargetStrictPreimageObjectImageRightAdjointFunctorTargetSurjectivityCompactnessMappedCokernelPi1Pi2Pi3W829StableCertificateSemanticAdapterComparisonInputW1540)
  (globalClosedMapComponents : LeanLCAExactChallenge.Dbounded.SelectedDifferenceClosedMapDiagramComponentProviderW718)
  (mappedCokernelClosedMapProvider :
    LeanLCAExactChallenge.WppOpClosedRangeMappedCokernelPreservationV370SupportW519.MappedExplicitCokernelClosedMapProviderW519) :
  (LeanLCAExactChallenge.Dbounded.closedMapW829StableSemanticAdapterAcceptedW1539 input globalClosedMapComponents
        mappedCokernelClosedMapProvider).certificate =
    LeanLCAExactChallenge.Dbounded.closedMapStableProjectionGateCertificateW829DirectSourceW1534 input
      globalClosedMapComponents mappedCokernelClosedMapProvider
LeanLCAExactChallenge.Dbounded.originalFourTaskContractCompletion_branchFullDataW829StableCertificateSemanticAdapterComparisonClosedEmbeddingCertificateEqW1534W1543
  (input :
    LeanLCAExactChallenge.Dbounded.W987BoundaryRelationTargetStrictPreimageObjectImageRightAdjointFunctorTargetSurjectivityCompactnessMappedCokernelPi1Pi2Pi3W829StableCertificateSemanticAdapterComparisonInputW1540)
  (globalClosedEmbeddingComponents :
    LeanLCAExactChallenge.Dbounded.SelectedDifferenceClosedEmbeddingDiagramComponentProviderW718)
  (mappedCokernelClosedEmbeddingProvider :
    LeanLCAExactChallenge.WppOpClosedRangeMappedCokernelPreservationV370SupportW519.MappedExplicitCokernelClosedEmbeddingProviderW519) :
  (LeanLCAExactChallenge.Dbounded.closedEmbeddingW829StableSemanticAdapterAcceptedW1539 input
        globalClosedEmbeddingComponents mappedCokernelClosedEmbeddingProvider).certificate =
    LeanLCAExactChallenge.Dbounded.closedEmbeddingStableProjectionGateCertificateW829DirectSourceW1534 input
      globalClosedEmbeddingComponents mappedCokernelClosedEmbeddingProvider
LeanLCAExactChallenge.Dbounded.originalFourTaskContractCompletion_branchFullDataW829StableCertificateSemanticAdapterComparisonClosedMapPackageEqAcceptedW1542
  (input :
    LeanLCAExactChallenge.Dbounded.W987BoundaryRelationTargetStrictPreimageObjectImageRightAdjointFunctorTargetSurjectivityCompactnessMappedCokernelPi1Pi2Pi3W829StableCertificateSemanticAdapterComparisonInputW1540)
  (globalClosedMapComponents : LeanLCAExactChallenge.Dbounded.SelectedDifferenceClosedMapDiagramComponentProviderW718)
  (mappedCokernelClosedMapProvider :
    LeanLCAExactChallenge.WppOpClosedRangeMappedCokernelPreservationV370SupportW519.MappedExplicitCokernelClosedMapProviderW519) :
  LeanLCAExactChallenge.Dbounded.closedMapW829StableSemanticAdapterPackageW1539 input globalClosedMapComponents
      mappedCokernelClosedMapProvider =
    LeanLCAExactChallenge.Dbounded.closedMapBoundedDerivedInfinityCategoryOfW829AcceptedDirectSourceConvergenceW1534
      input globalClosedMapComponents mappedCokernelClosedMapProvider
LeanLCAExactChallenge.Dbounded.originalFourTaskContractCompletion_branchFullDataW829StableCertificateSemanticAdapterComparisonClosedEmbeddingPackageEqAcceptedW1542
  (input :
    LeanLCAExactChallenge.Dbounded.W987BoundaryRelationTargetStrictPreimageObjectImageRightAdjointFunctorTargetSurjectivityCompactnessMappedCokernelPi1Pi2Pi3W829StableCertificateSemanticAdapterComparisonInputW1540)
  (globalClosedEmbeddingComponents :
    LeanLCAExactChallenge.Dbounded.SelectedDifferenceClosedEmbeddingDiagramComponentProviderW718)
  (mappedCokernelClosedEmbeddingProvider :
    LeanLCAExactChallenge.WppOpClosedRangeMappedCokernelPreservationV370SupportW519.MappedExplicitCokernelClosedEmbeddingProviderW519) :
  LeanLCAExactChallenge.Dbounded.closedEmbeddingW829StableSemanticAdapterPackageW1539 input
      globalClosedEmbeddingComponents mappedCokernelClosedEmbeddingProvider =
    LeanLCAExactChallenge.Dbounded.closedEmbeddingBoundedDerivedInfinityCategoryOfW829AcceptedDirectSourceConvergenceW1534
      input globalClosedEmbeddingComponents mappedCokernelClosedEmbeddingProvider
LeanLCAExactChallenge.Dbounded.originalFourTaskContractCompletion_branchFullDataW829StableCertificateSemanticAdapterComparisonClosedMapProjectionFactsEqAcceptedW1542
  (input :
    LeanLCAExactChallenge.Dbounded.W987BoundaryRelationTargetStrictPreimageObjectImageRightAdjointFunctorTargetSurjectivityCompactnessMappedCokernelPi1Pi2Pi3W829StableCertificateSemanticAdapterComparisonInputW1540)
  (globalClosedMapComponents : LeanLCAExactChallenge.Dbounded.SelectedDifferenceClosedMapDiagramComponentProviderW718)
  (mappedCokernelClosedMapProvider :
    LeanLCAExactChallenge.WppOpClosedRangeMappedCokernelPreservationV370SupportW519.MappedExplicitCokernelClosedMapProviderW519) :
  LeanLCAExactChallenge.Dbounded.stableProjectionFactsOfBoundedDerivedPackageW1535
      (LeanLCAExactChallenge.Dbounded.closedMapW829StableSemanticAdapterPackageW1539 input globalClosedMapComponents
        mappedCokernelClosedMapProvider) =
    LeanLCAExactChallenge.Dbounded.closedMapW829AcceptedDirectSourceStableProjectionFactsW1535 input
      globalClosedMapComponents mappedCokernelClosedMapProvider
LeanLCAExactChallenge.Dbounded.originalFourTaskContractCompletion_branchFullDataW829StableCertificateSemanticAdapterComparisonClosedEmbeddingProjectionFactsEqAcceptedW1542
  (input :
    LeanLCAExactChallenge.Dbounded.W987BoundaryRelationTargetStrictPreimageObjectImageRightAdjointFunctorTargetSurjectivityCompactnessMappedCokernelPi1Pi2Pi3W829StableCertificateSemanticAdapterComparisonInputW1540)
  (globalClosedEmbeddingComponents :
    LeanLCAExactChallenge.Dbounded.SelectedDifferenceClosedEmbeddingDiagramComponentProviderW718)
  (mappedCokernelClosedEmbeddingProvider :
    LeanLCAExactChallenge.WppOpClosedRangeMappedCokernelPreservationV370SupportW519.MappedExplicitCokernelClosedEmbeddingProviderW519) :
  LeanLCAExactChallenge.Dbounded.stableProjectionFactsOfBoundedDerivedPackageW1535
      (LeanLCAExactChallenge.Dbounded.closedEmbeddingW829StableSemanticAdapterPackageW1539 input
        globalClosedEmbeddingComponents mappedCokernelClosedEmbeddingProvider) =
    LeanLCAExactChallenge.Dbounded.closedEmbeddingW829AcceptedDirectSourceStableProjectionFactsW1535 input
      globalClosedEmbeddingComponents mappedCokernelClosedEmbeddingProvider
