[truncated to last 200 lines after successful check; see sibling .exit file for command status]
    LeanLCAExactChallenge.Dbounded.BoundaryRelationTargetClosedEmbeddingClosednessNormalizedSourceEndpointLocalizedUnitCurrentFullDataProviderW1008) :
  LeanLCAExactChallenge.Dbounded.BoundaryRelationTargetNoUnivClosedEmbeddingEndpointLocalizedUnitDataProviderW977
LeanLCAExactChallenge.Dbounded.currentFullDataPayloadInputNamesW1262 : List String
LeanLCAExactChallenge.Dbounded.currentFullDataPayloadInputNamesW1262_count :
  LeanLCAExactChallenge.Dbounded.currentFullDataPayloadInputNamesW1262.length = 1
LeanLCAExactChallenge.Dbounded.currentFullDataPayloadMatchesW977InputCountW1262 :
  LeanLCAExactChallenge.Dbounded.currentFullDataPayloadInputNamesW1262.length =
    LeanLCAExactChallenge.Dbounded.closedEmbeddingEndpointLocalizedUnitFullDataInputNamesW977.length
LeanLCAExactChallenge.Dbounded.currentFullDataPayloadMatchesW1261InputCountW1262 :
  LeanLCAExactChallenge.Dbounded.currentFullDataPayloadInputNamesW1262.length =
    LeanLCAExactChallenge.Dbounded.currentFullDataCycleGuardInputNamesW1261.length
LeanLCAExactChallenge.Dbounded.MetrizableCurrentFullDataPayloadStateW1262 : Type
LeanLCAExactChallenge.Dbounded.currentMetrizableCurrentFullDataPayloadStateW1262 :
  LeanLCAExactChallenge.Dbounded.MetrizableCurrentFullDataPayloadStateW1262
LeanLCAExactChallenge.Dbounded.currentW1262CurrentFullDataPayload_productSuccess :
  (have state := LeanLCAExactChallenge.Dbounded.currentMetrizableCurrentFullDataPayloadStateW1262;
    state.productSuccessClaimed) =
    false
LeanLCAExactChallenge.Dbounded.currentFullDataPayloadLeafInputNamesW1263 : List String
LeanLCAExactChallenge.Dbounded.currentFullDataPayloadLeafInputNamesW1263_count :
  LeanLCAExactChallenge.Dbounded.currentFullDataPayloadLeafInputNamesW1263.length = 7
LeanLCAExactChallenge.Dbounded.currentFullDataPayloadLeafExpansionW1263 :
  LeanLCAExactChallenge.Dbounded.currentFullDataPayloadInputNamesW1262.length <
    LeanLCAExactChallenge.Dbounded.currentFullDataPayloadLeafInputNamesW1263.length
LeanLCAExactChallenge.Dbounded.MetrizableCurrentFullDataPayloadLeafExpansionGuardStateW1263 : Type
LeanLCAExactChallenge.Dbounded.currentMetrizableCurrentFullDataPayloadLeafExpansionGuardStateW1263 :
  LeanLCAExactChallenge.Dbounded.MetrizableCurrentFullDataPayloadLeafExpansionGuardStateW1263
LeanLCAExactChallenge.Dbounded.currentW1263CurrentFullDataPayloadLeafExpansionGuard_productSuccess :
  (have state := LeanLCAExactChallenge.Dbounded.currentMetrizableCurrentFullDataPayloadLeafExpansionGuardStateW1263;
    state.productSuccessClaimed) =
    false
LeanLCAExactChallenge.Dbounded.currentFullDataPayloadOfUnitStrictExactIsoDataW1264
  (data :
    LeanLCAExactChallenge.Dbounded.BoundaryRelationTargetNoUnivClosedEmbeddingEndpointStrictExactLocalizedUnitStrictExactIsoDataProviderW981) :
  LeanLCAExactChallenge.Dbounded.BoundaryRelationTargetNoUnivClosedEmbeddingEndpointLocalizedUnitDataProviderW977
LeanLCAExactChallenge.Dbounded.currentFullDataProviderOfUnitStrictExactIsoDataW1264
  (data :
    LeanLCAExactChallenge.Dbounded.BoundaryRelationTargetNoUnivClosedEmbeddingEndpointStrictExactLocalizedUnitStrictExactIsoDataProviderW981) :
  LeanLCAExactChallenge.Dbounded.BoundaryRelationTargetClosedEmbeddingClosednessNormalizedSourceEndpointLocalizedUnitCurrentFullDataProviderW1008
LeanLCAExactChallenge.Dbounded.currentFullDataPayloadFromUnitStrictExactIsoDataInputNamesW1264 : List String
LeanLCAExactChallenge.Dbounded.currentFullDataPayloadFromUnitStrictExactIsoDataInputNamesW1264_count :
  LeanLCAExactChallenge.Dbounded.currentFullDataPayloadFromUnitStrictExactIsoDataInputNamesW1264.length = 7
LeanLCAExactChallenge.Dbounded.currentFullDataPayloadFromUnitStrictExactIsoDataExpandsW1264 :
  LeanLCAExactChallenge.Dbounded.currentFullDataPayloadInputNamesW1262.length <
    LeanLCAExactChallenge.Dbounded.currentFullDataPayloadFromUnitStrictExactIsoDataInputNamesW1264.length
LeanLCAExactChallenge.Dbounded.MetrizableCurrentFullDataPayloadFromUnitStrictExactIsoDataStateW1264 : Type
LeanLCAExactChallenge.Dbounded.currentMetrizableCurrentFullDataPayloadFromUnitStrictExactIsoDataStateW1264 :
  LeanLCAExactChallenge.Dbounded.MetrizableCurrentFullDataPayloadFromUnitStrictExactIsoDataStateW1264
LeanLCAExactChallenge.Dbounded.currentW1264CurrentFullDataPayloadFromUnitStrictExactIsoData_productSuccess :
  (have state :=
      LeanLCAExactChallenge.Dbounded.currentMetrizableCurrentFullDataPayloadFromUnitStrictExactIsoDataStateW1264;
    state.productSuccessClaimed) =
    false
LeanLCAExactChallenge.Dbounded.currentFullDataPayloadOfLocalizedUnitChoiceW1265
  (data :
    LeanLCAExactChallenge.Dbounded.BoundaryRelationTargetNoUnivClosedEmbeddingEndpointStrictExactLocalizedUnitChoiceDataProviderW982) :
  LeanLCAExactChallenge.Dbounded.BoundaryRelationTargetNoUnivClosedEmbeddingEndpointLocalizedUnitDataProviderW977
LeanLCAExactChallenge.Dbounded.currentFullDataProviderOfLocalizedUnitChoiceW1265
  (data :
    LeanLCAExactChallenge.Dbounded.BoundaryRelationTargetNoUnivClosedEmbeddingEndpointStrictExactLocalizedUnitChoiceDataProviderW982) :
  LeanLCAExactChallenge.Dbounded.BoundaryRelationTargetClosedEmbeddingClosednessNormalizedSourceEndpointLocalizedUnitCurrentFullDataProviderW1008
LeanLCAExactChallenge.Dbounded.currentFullDataPayloadFromLocalizedUnitChoiceInputNamesW1265 : List String
LeanLCAExactChallenge.Dbounded.currentFullDataPayloadFromLocalizedUnitChoiceInputNamesW1265_count :
  LeanLCAExactChallenge.Dbounded.currentFullDataPayloadFromLocalizedUnitChoiceInputNamesW1265.length = 6
LeanLCAExactChallenge.Dbounded.currentFullDataPayloadFromLocalizedUnitChoiceReducesW1265 :
  LeanLCAExactChallenge.Dbounded.currentFullDataPayloadFromLocalizedUnitChoiceInputNamesW1265.length <
    LeanLCAExactChallenge.Dbounded.currentFullDataPayloadFromUnitStrictExactIsoDataInputNamesW1264.length
LeanLCAExactChallenge.Dbounded.MetrizableCurrentFullDataPayloadFromLocalizedUnitChoiceStateW1265 : Type
LeanLCAExactChallenge.Dbounded.currentMetrizableCurrentFullDataPayloadFromLocalizedUnitChoiceStateW1265 :
  LeanLCAExactChallenge.Dbounded.MetrizableCurrentFullDataPayloadFromLocalizedUnitChoiceStateW1265
LeanLCAExactChallenge.Dbounded.currentW1265CurrentFullDataPayloadFromLocalizedUnitChoice_productSuccess :
  (have state :=
      LeanLCAExactChallenge.Dbounded.currentMetrizableCurrentFullDataPayloadFromLocalizedUnitChoiceStateW1265;
    state.productSuccessClaimed) =
    false
LeanLCAExactChallenge.Dbounded.currentFullDataPayloadOfEndpointLocalizedUnitChoiceW1266
  (data :
    LeanLCAExactChallenge.Dbounded.BoundaryRelationTargetNoUnivClosedEmbeddingEndpointLocalizedUnitChoiceDataProviderW983) :
  LeanLCAExactChallenge.Dbounded.BoundaryRelationTargetNoUnivClosedEmbeddingEndpointLocalizedUnitDataProviderW977
LeanLCAExactChallenge.Dbounded.currentFullDataProviderOfEndpointLocalizedUnitChoiceW1266
  (data :
    LeanLCAExactChallenge.Dbounded.BoundaryRelationTargetNoUnivClosedEmbeddingEndpointLocalizedUnitChoiceDataProviderW983) :
  LeanLCAExactChallenge.Dbounded.BoundaryRelationTargetClosedEmbeddingClosednessNormalizedSourceEndpointLocalizedUnitCurrentFullDataProviderW1008
LeanLCAExactChallenge.Dbounded.currentFullDataPayloadFromEndpointLocalizedUnitChoiceInputNamesW1266 : List String
LeanLCAExactChallenge.Dbounded.currentFullDataPayloadFromEndpointLocalizedUnitChoiceInputNamesW1266_count :
  LeanLCAExactChallenge.Dbounded.currentFullDataPayloadFromEndpointLocalizedUnitChoiceInputNamesW1266.length = 5
LeanLCAExactChallenge.Dbounded.currentFullDataPayloadFromEndpointLocalizedUnitChoiceReducesW1266 :
  LeanLCAExactChallenge.Dbounded.currentFullDataPayloadFromEndpointLocalizedUnitChoiceInputNamesW1266.length <
    LeanLCAExactChallenge.Dbounded.currentFullDataPayloadFromLocalizedUnitChoiceInputNamesW1265.length
LeanLCAExactChallenge.Dbounded.MetrizableCurrentFullDataPayloadFromEndpointLocalizedUnitChoiceStateW1266 : Type
LeanLCAExactChallenge.Dbounded.currentMetrizableCurrentFullDataPayloadFromEndpointLocalizedUnitChoiceStateW1266 :
  LeanLCAExactChallenge.Dbounded.MetrizableCurrentFullDataPayloadFromEndpointLocalizedUnitChoiceStateW1266
LeanLCAExactChallenge.Dbounded.currentW1266CurrentFullDataPayloadFromEndpointLocalizedUnitChoice_productSuccess :
  (have state :=
      LeanLCAExactChallenge.Dbounded.currentMetrizableCurrentFullDataPayloadFromEndpointLocalizedUnitChoiceStateW1266;
    state.productSuccessClaimed) =
    false
LeanLCAExactChallenge.Dbounded.currentFullDataPayloadOfTargetClosedEmbeddingClosednessW1267
  (data :
    LeanLCAExactChallenge.Dbounded.BoundaryRelationTargetNoUnivClosedEmbeddingClosednessEndpointLocalizedUnitChoiceDataProviderW984) :
  LeanLCAExactChallenge.Dbounded.BoundaryRelationTargetNoUnivClosedEmbeddingEndpointLocalizedUnitDataProviderW977
LeanLCAExactChallenge.Dbounded.currentFullDataProviderOfTargetClosedEmbeddingClosednessW1267
  (data :
    LeanLCAExactChallenge.Dbounded.BoundaryRelationTargetNoUnivClosedEmbeddingClosednessEndpointLocalizedUnitChoiceDataProviderW984) :
  LeanLCAExactChallenge.Dbounded.BoundaryRelationTargetClosedEmbeddingClosednessNormalizedSourceEndpointLocalizedUnitCurrentFullDataProviderW1008
LeanLCAExactChallenge.Dbounded.currentFullDataPayloadFromTargetClosedEmbeddingClosednessInputNamesW1267 : List String
LeanLCAExactChallenge.Dbounded.currentFullDataPayloadFromTargetClosedEmbeddingClosednessInputNamesW1267_count :
  LeanLCAExactChallenge.Dbounded.currentFullDataPayloadFromTargetClosedEmbeddingClosednessInputNamesW1267.length = 4
LeanLCAExactChallenge.Dbounded.currentFullDataPayloadFromTargetClosedEmbeddingClosednessReducesW1267 :
  LeanLCAExactChallenge.Dbounded.currentFullDataPayloadFromTargetClosedEmbeddingClosednessInputNamesW1267.length <
    LeanLCAExactChallenge.Dbounded.currentFullDataPayloadFromEndpointLocalizedUnitChoiceInputNamesW1266.length
LeanLCAExactChallenge.Dbounded.MetrizableCurrentFullDataPayloadFromTargetClosedEmbeddingClosednessStateW1267 : Type
LeanLCAExactChallenge.Dbounded.currentMetrizableCurrentFullDataPayloadFromTargetClosedEmbeddingClosednessStateW1267 :
  LeanLCAExactChallenge.Dbounded.MetrizableCurrentFullDataPayloadFromTargetClosedEmbeddingClosednessStateW1267
LeanLCAExactChallenge.Dbounded.currentW1267CurrentFullDataPayloadFromTargetClosedEmbeddingClosedness_productSuccess :
  (have state :=
      LeanLCAExactChallenge.Dbounded.currentMetrizableCurrentFullDataPayloadFromTargetClosedEmbeddingClosednessStateW1267;
    state.productSuccessClaimed) =
    false
LeanLCAExactChallenge.Dbounded.currentFullDataPayloadOfNormalizedSourceEndpointLocalizedUnitW1268
  (data :
    LeanLCAExactChallenge.Dbounded.BoundaryRelationTargetNoUnivClosedEmbeddingClosednessNormalizedSourceEndpointLocalizedUnitChoiceDataProviderW985) :
  LeanLCAExactChallenge.Dbounded.BoundaryRelationTargetNoUnivClosedEmbeddingEndpointLocalizedUnitDataProviderW977
LeanLCAExactChallenge.Dbounded.currentFullDataProviderOfNormalizedSourceEndpointLocalizedUnitW1268
  (data :
    LeanLCAExactChallenge.Dbounded.BoundaryRelationTargetNoUnivClosedEmbeddingClosednessNormalizedSourceEndpointLocalizedUnitChoiceDataProviderW985) :
  LeanLCAExactChallenge.Dbounded.BoundaryRelationTargetClosedEmbeddingClosednessNormalizedSourceEndpointLocalizedUnitCurrentFullDataProviderW1008
LeanLCAExactChallenge.Dbounded.currentFullDataPayloadFromNormalizedSourceEndpointLocalizedUnitInputNamesW1268 :
  List String
LeanLCAExactChallenge.Dbounded.currentFullDataPayloadFromNormalizedSourceEndpointLocalizedUnitInputNamesW1268_count :
  LeanLCAExactChallenge.Dbounded.currentFullDataPayloadFromNormalizedSourceEndpointLocalizedUnitInputNamesW1268.length =
    3
LeanLCAExactChallenge.Dbounded.currentFullDataPayloadFromNormalizedSourceEndpointLocalizedUnitReducesW1268 :
  LeanLCAExactChallenge.Dbounded.currentFullDataPayloadFromNormalizedSourceEndpointLocalizedUnitInputNamesW1268.length <
    LeanLCAExactChallenge.Dbounded.currentFullDataPayloadFromTargetClosedEmbeddingClosednessInputNamesW1267.length
LeanLCAExactChallenge.Dbounded.MetrizableCurrentFullDataPayloadFromNormalizedSourceEndpointLocalizedUnitStateW1268 :
  Type
LeanLCAExactChallenge.Dbounded.currentMetrizableCurrentFullDataPayloadFromNormalizedSourceEndpointLocalizedUnitStateW1268 :
  LeanLCAExactChallenge.Dbounded.MetrizableCurrentFullDataPayloadFromNormalizedSourceEndpointLocalizedUnitStateW1268
LeanLCAExactChallenge.Dbounded.currentW1268CurrentFullDataPayloadFromNormalizedSourceEndpointLocalizedUnit_productSuccess :
  (have state :=
      LeanLCAExactChallenge.Dbounded.currentMetrizableCurrentFullDataPayloadFromNormalizedSourceEndpointLocalizedUnitStateW1268;
    state.productSuccessClaimed) =
    false
LeanLCAExactChallenge.Dbounded.currentFullDataPayloadOfTargetNormalizedEndpointW1269
  (data :
    LeanLCAExactChallenge.Dbounded.BoundaryRelationTargetClosedEmbeddingClosednessNormalizedSourceEndpointLocalizedUnitDataProviderW986) :
  LeanLCAExactChallenge.Dbounded.BoundaryRelationTargetNoUnivClosedEmbeddingEndpointLocalizedUnitDataProviderW977
LeanLCAExactChallenge.Dbounded.currentFullDataProviderOfTargetNormalizedEndpointW1269
  (data :
    LeanLCAExactChallenge.Dbounded.BoundaryRelationTargetClosedEmbeddingClosednessNormalizedSourceEndpointLocalizedUnitDataProviderW986) :
  LeanLCAExactChallenge.Dbounded.BoundaryRelationTargetClosedEmbeddingClosednessNormalizedSourceEndpointLocalizedUnitCurrentFullDataProviderW1008
LeanLCAExactChallenge.Dbounded.currentFullDataPayloadFromTargetNormalizedEndpointInputNamesW1269 : List String
LeanLCAExactChallenge.Dbounded.currentFullDataPayloadFromTargetNormalizedEndpointInputNamesW1269_count :
  LeanLCAExactChallenge.Dbounded.currentFullDataPayloadFromTargetNormalizedEndpointInputNamesW1269.length = 2
LeanLCAExactChallenge.Dbounded.currentFullDataPayloadFromTargetNormalizedEndpointReducesW1269 :
  LeanLCAExactChallenge.Dbounded.currentFullDataPayloadFromTargetNormalizedEndpointInputNamesW1269.length <
    LeanLCAExactChallenge.Dbounded.currentFullDataPayloadFromNormalizedSourceEndpointLocalizedUnitInputNamesW1268.length
LeanLCAExactChallenge.Dbounded.MetrizableCurrentFullDataPayloadFromTargetNormalizedEndpointStateW1269 : Type
LeanLCAExactChallenge.Dbounded.currentMetrizableCurrentFullDataPayloadFromTargetNormalizedEndpointStateW1269 :
  LeanLCAExactChallenge.Dbounded.MetrizableCurrentFullDataPayloadFromTargetNormalizedEndpointStateW1269
LeanLCAExactChallenge.Dbounded.currentW1269CurrentFullDataPayloadFromTargetNormalizedEndpoint_productSuccess :
  (have state :=
      LeanLCAExactChallenge.Dbounded.currentMetrizableCurrentFullDataPayloadFromTargetNormalizedEndpointStateW1269;
    state.productSuccessClaimed) =
    false
LeanLCAExactChallenge.Dbounded.currentFullDataPayloadOfBranchFullDataW1270
  (data :
    LeanLCAExactChallenge.Dbounded.BoundaryRelationTargetClosedEmbeddingClosednessNormalizedSourceEndpointLocalizedUnitFullDataProviderW987) :
  LeanLCAExactChallenge.Dbounded.BoundaryRelationTargetNoUnivClosedEmbeddingEndpointLocalizedUnitDataProviderW977
LeanLCAExactChallenge.Dbounded.currentFullDataProviderOfBranchFullDataW1270
  (data :
    LeanLCAExactChallenge.Dbounded.BoundaryRelationTargetClosedEmbeddingClosednessNormalizedSourceEndpointLocalizedUnitFullDataProviderW987) :
  LeanLCAExactChallenge.Dbounded.BoundaryRelationTargetClosedEmbeddingClosednessNormalizedSourceEndpointLocalizedUnitCurrentFullDataProviderW1008
LeanLCAExactChallenge.Dbounded.currentFullDataPayloadFromBranchFullDataInputNamesW1270 : List String
LeanLCAExactChallenge.Dbounded.currentFullDataPayloadFromBranchFullDataInputNamesW1270_count :
  LeanLCAExactChallenge.Dbounded.currentFullDataPayloadFromBranchFullDataInputNamesW1270.length = 1
LeanLCAExactChallenge.Dbounded.currentFullDataPayloadFromBranchFullDataReducesW1270 :
  LeanLCAExactChallenge.Dbounded.currentFullDataPayloadFromBranchFullDataInputNamesW1270.length <
    LeanLCAExactChallenge.Dbounded.currentFullDataPayloadFromTargetNormalizedEndpointInputNamesW1269.length
LeanLCAExactChallenge.Dbounded.MetrizableCurrentFullDataPayloadFromBranchFullDataStateW1270 : Type
LeanLCAExactChallenge.Dbounded.currentMetrizableCurrentFullDataPayloadFromBranchFullDataStateW1270 :
  LeanLCAExactChallenge.Dbounded.MetrizableCurrentFullDataPayloadFromBranchFullDataStateW1270
LeanLCAExactChallenge.Dbounded.currentW1270CurrentFullDataPayloadFromBranchFullData_productSuccess :
  (have state := LeanLCAExactChallenge.Dbounded.currentMetrizableCurrentFullDataPayloadFromBranchFullDataStateW1270;
    state.productSuccessClaimed) =
    false
LeanLCAExactChallenge.Dbounded.branchFullDataCurrentFullDataCycleInputNamesW1271 : List String
LeanLCAExactChallenge.Dbounded.branchFullDataCurrentFullDataCycleInputNamesW1271_count :
  LeanLCAExactChallenge.Dbounded.branchFullDataCurrentFullDataCycleInputNamesW1271.length = 1
LeanLCAExactChallenge.Dbounded.branchFullDataCurrentFullDataCycleDoesNotReduceW1271 :
  LeanLCAExactChallenge.Dbounded.branchFullDataCurrentFullDataCycleInputNamesW1271.length =
    LeanLCAExactChallenge.Dbounded.currentFullDataPayloadFromBranchFullDataInputNamesW1270.length
LeanLCAExactChallenge.Dbounded.MetrizableBranchFullDataCurrentFullDataCycleGuardStateW1271 : Type
LeanLCAExactChallenge.Dbounded.currentMetrizableBranchFullDataCurrentFullDataCycleGuardStateW1271 :
  LeanLCAExactChallenge.Dbounded.MetrizableBranchFullDataCurrentFullDataCycleGuardStateW1271
LeanLCAExactChallenge.Dbounded.currentW1271BranchFullDataCurrentFullDataCycleGuard_productSuccess :
  (have state := LeanLCAExactChallenge.Dbounded.currentMetrizableBranchFullDataCurrentFullDataCycleGuardStateW1271;
    state.productSuccessClaimed) =
    false
