LeanLCAExactChallenge.Dbounded.TargetSurjectiveNoUnivMembershipForTargetProviderW944 : Prop
LeanLCAExactChallenge.Dbounded.targetNoUnivDataOfPrimitiveProvidersW944
  (targetDifferenceSurjectiveProvider :
    ∀ (Y : WalkingParallelPairᵒᵖ ⥤ MetrizableLCA), targetDifferenceSurjectivePrimitiveW923 Y)
  (targetCompactNoUnivProvider :
    ∀ (Y : WalkingParallelPairᵒᵖ ⥤ MetrizableLCA), targetCodomainCompactNoUnivMembershipPrimitiveW930 Y) :
  TargetSurjectiveNoUnivMembershipForTargetProviderW944
LeanLCAExactChallenge.Dbounded.targetDifferenceSurjectivePrimitiveW923 (Y : WalkingParallelPairᵒᵖ ⥤ MetrizableLCA) :
  Prop
LeanLCAExactChallenge.Dbounded.targetCodomainCompactNoUnivMembershipPrimitiveW930
  (Y : WalkingParallelPairᵒᵖ ⥤ MetrizableLCA) : Prop
run/w944_target_no_univ_primitives_probe_20260609.lean:35:12: error: don't know how to synthesize placeholder
context:
case targetDifferenceSurjectiveProvider
Y : WalkingParallelPairᵒᵖ ⥤ MetrizableLCA
⊢ targetDifferenceSurjectivePrimitiveW923 Y
run/w944_target_no_univ_primitives_probe_20260609.lean:33:5: error: unsolved goals
Y : WalkingParallelPairᵒᵖ ⥤ MetrizableLCA
⊢ targetDifferenceSurjectivePrimitiveW923 Y
run/w944_target_no_univ_primitives_probe_20260609.lean:36:5: error: unsolved goals
Y : WalkingParallelPairᵒᵖ ⥤ MetrizableLCA
⊢ targetCodomainCompactNoUnivMembershipPrimitiveW930 Y
