LeanLCAExactChallenge.BoundedDerived.Metrizable.ClosedEmbeddingClosednessFieldsInputW961 : Type 2
LeanLCAExactChallenge.BoundedDerived.Metrizable.stablePackageOfClosedEmbeddingClosednessFieldsW961
  (input : ClosedEmbeddingClosednessFieldsInputW961) : StablePackage
LeanLCAExactChallenge.originalFourTaskProductDataOfClosedEmbeddingClosednessFieldsW961
  (input : ClosedEmbeddingClosednessFieldsInputW961) : OriginalFourTaskProductData
LeanLCAExactChallenge.Dbounded.closedEmbeddingClosednessFieldsInputNamesW961 : List String
LeanLCAExactChallenge.Dbounded.closedEmbeddingClosednessFieldsInputNamesW961_count :
  Dbounded.closedEmbeddingClosednessFieldsInputNamesW961.length = 18
LeanLCAExactChallenge.Dbounded.routeDataProviderOfClosedEmbeddingClosednessFieldsW961
  (leaves :
    Dbounded.MetrizableWppClosedMapRawBoundaryRelationFieldsNormalizedFixedTargetFieldsSourceTriangulationFieldsClosedEmbeddingClosednessFieldsSplitTargetNoUnivClosednessNormalizedEndpointUnitComponentsPrimitiveFieldLeavesW961) :
  Dbounded.MetrizableWppBoundaryRelationTargetClosednessNormalizedDataProviderW732
LeanLCAExactChallenge.Dbounded.directBoundedLeftCalculusOfClosedEmbeddingClosednessFieldsW961
  (leaves :
    Dbounded.MetrizableWppClosedMapRawBoundaryRelationFieldsNormalizedFixedTargetFieldsSourceTriangulationFieldsClosedEmbeddingClosednessFieldsSplitTargetNoUnivClosednessNormalizedEndpointUnitComponentsPrimitiveFieldLeavesW961) :
  (boundedExactWeakEquivalence MetrizableLCA).HasLeftCalculusOfFractions
LeanLCAExactChallenge.Dbounded.boundedDerivedInfinityCategoryOfClosedEmbeddingClosednessFieldsW961
  (leaves :
    Dbounded.MetrizableWppClosedMapRawBoundaryRelationFieldsNormalizedFixedTargetFieldsSourceTriangulationFieldsClosedEmbeddingClosednessFieldsSplitTargetNoUnivClosednessNormalizedEndpointUnitComponentsPrimitiveFieldLeavesW961) :
  BoundedDerivedInfinityCategory MetrizableLCA (Dbounded.infinityCategory MetrizableLCA)
structure LeanLCAExactChallenge.Dbounded.MetrizableWppClosedMapRawBoundaryRelationFieldsNormalizedFixedTargetFieldsSourceTriangulationFieldsClosedEmbeddingClosednessFieldsSplitTargetNoUnivClosednessNormalizedEndpointUnitComponentsPrimitiveFieldLeavesW961 :
  Type 2
number of parameters: 0
fields:
  LeanLCAExactChallenge.Dbounded.MetrizableWppClosedMapRawBoundaryRelationFieldsNormalizedFixedTargetFieldsSourceTriangulationFieldsClosedEmbeddingClosednessFieldsSplitTargetNoUnivClosednessNormalizedEndpointUnitComponentsPrimitiveFieldLeavesW961.rightOpenBoundary : Dbounded.MetrizableWppLimitRightOpenClosedQuotientCoverBoundary
  LeanLCAExactChallenge.Dbounded.MetrizableWppClosedMapRawBoundaryRelationFieldsNormalizedFixedTargetFieldsSourceTriangulationFieldsClosedEmbeddingClosednessFieldsSplitTargetNoUnivClosednessNormalizedEndpointUnitComponentsPrimitiveFieldLeavesW961.sourcePiZeroBoundary : Dbounded.MetrizableWppLimitSourceDifferenceCokernelPiZeroBoundary
  LeanLCAExactChallenge.Dbounded.MetrizableWppClosedMapRawBoundaryRelationFieldsNormalizedFixedTargetFieldsSourceTriangulationFieldsClosedEmbeddingClosednessFieldsSplitTargetNoUnivClosednessNormalizedEndpointUnitComponentsPrimitiveFieldLeavesW961.relationPullbackProvider : Dbounded.ClosedNatTransOrdinaryRelationPullbackProviderW712
  LeanLCAExactChallenge.Dbounded.MetrizableWppClosedMapRawBoundaryRelationFieldsNormalizedFixedTargetFieldsSourceTriangulationFieldsClosedEmbeddingClosednessFieldsSplitTargetNoUnivClosednessNormalizedEndpointUnitComponentsPrimitiveFieldLeavesW961.targetRelationLiftsProvider : Dbounded.ClosedNatTransOrdinaryTargetRelationLiftsProviderW712
  LeanLCAExactChallenge.Dbounded.MetrizableWppClosedMapRawBoundaryRelationFieldsNormalizedFixedTargetFieldsSourceTriangulationFieldsClosedEmbeddingClosednessFieldsSplitTargetNoUnivClosednessNormalizedEndpointUnitComponentsPrimitiveFieldLeavesW961.targetDifferenceSurjectiveForTargetProvider : ∀
      (Y : WalkingParallelPairᵒᵖ ⥤ MetrizableLCA), Dbounded.targetDifferenceSurjectivePrimitiveW923 Y
  LeanLCAExactChallenge.Dbounded.MetrizableWppClosedMapRawBoundaryRelationFieldsNormalizedFixedTargetFieldsSourceTriangulationFieldsClosedEmbeddingClosednessFieldsSplitTargetNoUnivClosednessNormalizedEndpointUnitComponentsPrimitiveFieldLeavesW961.targetCodomainCompactNoUnivMembershipProvider : ∀
      (Y : WalkingParallelPairᵒᵖ ⥤ MetrizableLCA), Dbounded.targetCodomainCompactNoUnivMembershipPrimitiveW930 Y
  LeanLCAExactChallenge.Dbounded.MetrizableWppClosedMapRawBoundaryRelationFieldsNormalizedFixedTargetFieldsSourceTriangulationFieldsClosedEmbeddingClosednessFieldsSplitTargetNoUnivClosednessNormalizedEndpointUnitComponentsPrimitiveFieldLeavesW961.globalClosedEmbeddingComponents : Dbounded.SelectedDifferenceClosedEmbeddingDiagramComponentProviderW718
  LeanLCAExactChallenge.Dbounded.MetrizableWppClosedMapRawBoundaryRelationFieldsNormalizedFixedTargetFieldsSourceTriangulationFieldsClosedEmbeddingClosednessFieldsSplitTargetNoUnivClosednessNormalizedEndpointUnitComponentsPrimitiveFieldLeavesW961.mappedCokernelClosedEmbeddingProvider : WppOpClosedRangeMappedCokernelPreservationV370SupportW519.MappedExplicitCokernelClosedEmbeddingProviderW519
  LeanLCAExactChallenge.Dbounded.MetrizableWppClosedMapRawBoundaryRelationFieldsNormalizedFixedTargetFieldsSourceTriangulationFieldsClosedEmbeddingClosednessFieldsSplitTargetNoUnivClosednessNormalizedEndpointUnitComponentsPrimitiveFieldLeavesW961.normalizedLiftBlueprint : Dbounded.MetrizableWalkingParallelPairNormalizedLiftBlueprint
  LeanLCAExactChallenge.Dbounded.MetrizableWppClosedMapRawBoundaryRelationFieldsNormalizedFixedTargetFieldsSourceTriangulationFieldsClosedEmbeddingClosednessFieldsSplitTargetNoUnivClosednessNormalizedEndpointUnitComponentsPrimitiveFieldLeavesW961.targetFixedTargetUniq : Dbounded.MetrizableWalkingParallelPairFixedTargetUniqObligation
      (WalkingParallelPair ⥤ Dbounded MetrizableLCA)
  LeanLCAExactChallenge.Dbounded.MetrizableWppClosedMapRawBoundaryRelationFieldsNormalizedFixedTargetFieldsSourceTriangulationFieldsClosedEmbeddingClosednessFieldsSplitTargetNoUnivClosednessNormalizedEndpointUnitComponentsPrimitiveFieldLeavesW961.localizationModelFixedTargetUniq : Dbounded.MetrizableWalkingParallelPairFixedTargetUniqObligation
      ((boundedExactWeakEquivalence MetrizableLCA).functorCategory WalkingParallelPair).Localization
  LeanLCAExactChallenge.Dbounded.MetrizableWppClosedMapRawBoundaryRelationFieldsNormalizedFixedTargetFieldsSourceTriangulationFieldsClosedEmbeddingClosednessFieldsSplitTargetNoUnivClosednessNormalizedEndpointUnitComponentsPrimitiveFieldLeavesW961.sourcePretriangulated : Pretriangulated
      (BoundedComplexCategory MetrizableLCA)
  LeanLCAExactChallenge.Dbounded.MetrizableWppClosedMapRawBoundaryRelationFieldsNormalizedFixedTargetFieldsSourceTriangulationFieldsClosedEmbeddingClosednessFieldsSplitTargetNoUnivClosednessNormalizedEndpointUnitComponentsPrimitiveFieldLeavesW961.sourceTriangulated : IsTriangulated
      (BoundedComplexCategory MetrizableLCA)
  LeanLCAExactChallenge.Dbounded.MetrizableWppClosedMapRawBoundaryRelationFieldsNormalizedFixedTargetFieldsSourceTriangulationFieldsClosedEmbeddingClosednessFieldsSplitTargetNoUnivClosednessNormalizedEndpointUnitComponentsPrimitiveFieldLeavesW961.triangleCompletion : Dbounded.MetrizableBoundedExactWeakEquivalenceTriangleCompletionInputW654
  LeanLCAExactChallenge.Dbounded.MetrizableWppClosedMapRawBoundaryRelationFieldsNormalizedFixedTargetFieldsSourceTriangulationFieldsClosedEmbeddingClosednessFieldsSplitTargetNoUnivClosednessNormalizedEndpointUnitComponentsPrimitiveFieldLeavesW961.endpointStrictExact : ∀
      (K : CochainComplex MetrizableLCA ℤ) (i : ℤ), MetrizableLCA.strictShortExact (HomologicalComplex.sc K i)
  LeanLCAExactChallenge.Dbounded.MetrizableWppClosedMapRawBoundaryRelationFieldsNormalizedFixedTargetFieldsSourceTriangulationFieldsClosedEmbeddingClosednessFieldsSplitTargetNoUnivClosednessNormalizedEndpointUnitComponentsPrimitiveFieldLeavesW961.boundedHomotopyLocalizedRightAdjoint : (exactAcyclicHomotopyIsoClosure
            MetrizableLCA).trW.Localization ⥤
      BoundedComplexCategory MetrizableLCA
  LeanLCAExactChallenge.Dbounded.MetrizableWppClosedMapRawBoundaryRelationFieldsNormalizedFixedTargetFieldsSourceTriangulationFieldsClosedEmbeddingClosednessFieldsSplitTargetNoUnivClosednessNormalizedEndpointUnitComponentsPrimitiveFieldLeavesW961.boundedHomotopyLocalizedAdjunction : boundedHomotopyLocalizedVerdierFunctor
        MetrizableLCA ⊣
      self.boundedHomotopyLocalizedRightAdjoint
  LeanLCAExactChallenge.Dbounded.MetrizableWppClosedMapRawBoundaryRelationFieldsNormalizedFixedTargetFieldsSourceTriangulationFieldsClosedEmbeddingClosednessFieldsSplitTargetNoUnivClosednessNormalizedEndpointUnitComponentsPrimitiveFieldLeavesW961.boundedHomotopyLocalizedEndpointStrictExactUnitStrictExactComponents : Dbounded.boundedHomotopyLocalizedEndpointStrictExactUnitStrictExactComponentsPrimitiveW939
      self.boundedHomotopyLocalizedRightAdjoint self.boundedHomotopyLocalizedAdjunction
constructor:
  LeanLCAExactChallenge.Dbounded.MetrizableWppClosedMapRawBoundaryRelationFieldsNormalizedFixedTargetFieldsSourceTriangulationFieldsClosedEmbeddingClosednessFieldsSplitTargetNoUnivClosednessNormalizedEndpointUnitComponentsPrimitiveFieldLeavesW961.mk
    (rightOpenBoundary : Dbounded.MetrizableWppLimitRightOpenClosedQuotientCoverBoundary)
    (sourcePiZeroBoundary : Dbounded.MetrizableWppLimitSourceDifferenceCokernelPiZeroBoundary)
    (relationPullbackProvider : Dbounded.ClosedNatTransOrdinaryRelationPullbackProviderW712)
    (targetRelationLiftsProvider : Dbounded.ClosedNatTransOrdinaryTargetRelationLiftsProviderW712)
    (targetDifferenceSurjectiveForTargetProvider :
      ∀ (Y : WalkingParallelPairᵒᵖ ⥤ MetrizableLCA), Dbounded.targetDifferenceSurjectivePrimitiveW923 Y)
    (targetCodomainCompactNoUnivMembershipProvider :
      ∀ (Y : WalkingParallelPairᵒᵖ ⥤ MetrizableLCA), Dbounded.targetCodomainCompactNoUnivMembershipPrimitiveW930 Y)
    (globalClosedEmbeddingComponents : Dbounded.SelectedDifferenceClosedEmbeddingDiagramComponentProviderW718)
    (mappedCokernelClosedEmbeddingProvider :
      WppOpClosedRangeMappedCokernelPreservationV370SupportW519.MappedExplicitCokernelClosedEmbeddingProviderW519)
    (normalizedLiftBlueprint : Dbounded.MetrizableWalkingParallelPairNormalizedLiftBlueprint)
    (targetFixedTargetUniq :
      Dbounded.MetrizableWalkingParallelPairFixedTargetUniqObligation (WalkingParallelPair ⥤ Dbounded MetrizableLCA))
    (localizationModelFixedTargetUniq :
      Dbounded.MetrizableWalkingParallelPairFixedTargetUniqObligation
        ((boundedExactWeakEquivalence MetrizableLCA).functorCategory WalkingParallelPair).Localization)
    (sourcePretriangulated : Pretriangulated (BoundedComplexCategory MetrizableLCA))
    (sourceTriangulated : IsTriangulated (BoundedComplexCategory MetrizableLCA))
    (triangleCompletion : Dbounded.MetrizableBoundedExactWeakEquivalenceTriangleCompletionInputW654)
    (endpointStrictExact :
      ∀ (K : CochainComplex MetrizableLCA ℤ) (i : ℤ), MetrizableLCA.strictShortExact (HomologicalComplex.sc K i))
    (boundedHomotopyLocalizedRightAdjoint :
      (exactAcyclicHomotopyIsoClosure MetrizableLCA).trW.Localization ⥤ BoundedComplexCategory MetrizableLCA)
    (boundedHomotopyLocalizedAdjunction :
      boundedHomotopyLocalizedVerdierFunctor MetrizableLCA ⊣ boundedHomotopyLocalizedRightAdjoint)
    (boundedHomotopyLocalizedEndpointStrictExactUnitStrictExactComponents :
      Dbounded.boundedHomotopyLocalizedEndpointStrictExactUnitStrictExactComponentsPrimitiveW939
        boundedHomotopyLocalizedRightAdjoint boundedHomotopyLocalizedAdjunction) :
    Dbounded.MetrizableWppClosedMapRawBoundaryRelationFieldsNormalizedFixedTargetFieldsSourceTriangulationFieldsClosedEmbeddingClosednessFieldsSplitTargetNoUnivClosednessNormalizedEndpointUnitComponentsPrimitiveFieldLeavesW961
run/post_w961_nullary_w961_frontier_probe_20260609.lean:22:0: error: failed to synthesize
  Pretriangulated (BoundedComplexCategory MetrizableLCA)

Hint: Additional diagnostic information may be available using the `set_option diagnostics true` command.
run/post_w961_nullary_w961_frontier_probe_20260609.lean:23:7: error(lean.synthInstanceFailed): failed to synthesize instance of type class
  Pretriangulated (BoundedComplexCategory MetrizableLCA)

Hint: Type class instance resolution failures can be inspected with the `set_option trace.Meta.synthInstance true` command.
run/post_w961_nullary_w961_frontier_probe_20260609.lean:24:0: error: failed to synthesize
  (boundedExactWeakEquivalence MetrizableLCA).HasLeftCalculusOfFractions

Hint: Additional diagnostic information may be available using the `set_option diagnostics true` command.
run/post_w961_nullary_w961_frontier_probe_20260609.lean:25:0: error: failed to synthesize
  Dbounded.MetrizableWalkingParallelPairFunctorCategoryLocalizationInput

Hint: Additional diagnostic information may be available using the `set_option diagnostics true` command.
run/post_w961_nullary_w961_frontier_probe_20260609.lean:29:8: error: don't know how to synthesize placeholder
context:
case leaves
⊢ ClosedEmbeddingClosednessFieldsInputW961
run/post_w961_nullary_w961_frontier_probe_20260609.lean:28:48: error: unsolved goals
⊢ ClosedEmbeddingClosednessFieldsInputW961
