CategoryTheory.Functor.IsLocalization.pi.{w, v₁, v₂, u₁, u₂} {J : Type w} [Finite J] {C : J → Type u₁} {D : J → Type u₂}
  [(j : J) → Category.{v₁, u₁} (C j)] [(j : J) → Category.{v₂, u₂} (D j)] (L : (j : J) → C j ⥤ D j)
  (W : (j : J) → MorphismProperty (C j)) [∀ (j : J), (W j).ContainsIdentities] [∀ (j : J), (L j).IsLocalization (W j)] :
  (Functor.pi L).IsLocalization (MorphismProperty.pi W)
LeanLCAExactChallenge.Dbounded.MetrizableWalkingParallelPairFunctorCategoryLocalizationInput : Prop
LeanLCAExactChallenge.Dbounded.MetrizableWalkingParallelPairNormalizedFixedTargetInputs : Type 1
LeanLCAExactChallenge.Dbounded.MetrizableWalkingParallelPairNormalizedLiftBlueprint : Type 1
LeanLCAExactChallenge.Dbounded.MetrizableWalkingParallelPairFixedTargetUniqObligation.{u_1, u_2} (E : Type u_1)
  [Category.{u_2, u_1} E] : Prop
LeanLCAExactChallenge.Dbounded.metrizableWalkingParallelPairFunctorCategoryLocalization_of_normalized
  (inputs : Dbounded.MetrizableWalkingParallelPairNormalizedFixedTargetInputs) :
  Dbounded.MetrizableWalkingParallelPairFunctorCategoryLocalizationInput
LeanLCAExactChallenge.Dbounded.metrizableWalkingParallelPairFunctorCategoryLocalization_of_fixedTargetData
  (inputs : Dbounded.MetrizableWalkingParallelPairFunctorCategoryRemainingFixedTargetInputs) :
  Dbounded.MetrizableWalkingParallelPairFunctorCategoryLocalizationInput
LeanLCAExactChallenge.Dbounded.MetrizableWalkingParallelPairFunctorCategoryRemainingFixedTargetInputs : Type 1
LeanLCAExactChallenge.Dbounded.MetrizableWalkingParallelPairStrictPreimageData
  (Y : WalkingParallelPair ⥤ Dbounded MetrizableLCA) : Type 1
LeanLCAExactChallenge.Dbounded.MetrizableWalkingParallelPairStrictPreimageMapData
  {Y Z : WalkingParallelPair ⥤ Dbounded MetrizableLCA}
  (dataY : Dbounded.MetrizableWalkingParallelPairStrictPreimageData Y)
  (dataZ : Dbounded.MetrizableWalkingParallelPairStrictPreimageData Z) (τ : Y ⟶ Z) : Type
run/post_fb_wpp_functor_localization_frontier_probe_20260609.lean:32:2: error(lean.synthInstanceFailed): failed to synthesize instance of type class
  Dbounded.MetrizableWalkingParallelPairFunctorCategoryLocalizationInput

Hint: Type class instance resolution failures can be inspected with the `set_option trace.Meta.synthInstance true` command.
run/post_fb_wpp_functor_localization_frontier_probe_20260609.lean:36:2: error(lean.synthInstanceFailed): failed to synthesize instance of type class
  (boundedExactWeakEquivalence MetrizableLCA).HasLeftCalculusOfFractions

Hint: Type class instance resolution failures can be inspected with the `set_option trace.Meta.synthInstance true` command.
run/post_fb_wpp_functor_localization_frontier_probe_20260609.lean:43:2: error(lean.synthInstanceFailed): failed to synthesize instance of type class
  Pretriangulated (BoundedComplexCategory MetrizableLCA)

Hint: Type class instance resolution failures can be inspected with the `set_option trace.Meta.synthInstance true` command.
run/post_fb_wpp_functor_localization_frontier_probe_20260609.lean:50:6: error(lean.synthInstanceFailed): failed to synthesize instance of type class
  Pretriangulated (BoundedComplexCategory MetrizableLCA)

Hint: Type class instance resolution failures can be inspected with the `set_option trace.Meta.synthInstance true` command.
