command=lake env lean audit/RequiredDeclarations.lean
exit=0
  (data :
    LeanLCAExactChallenge.Dbounded.BoundaryRelationTargetNoUnivClosedEmbeddingClosednessNormalizedSourceEndpointLocalizedUnitChoiceDataProviderW985) :
  LeanLCAExactChallenge.Dbounded.BoundaryRelationTargetNoUnivClosedEmbeddingEndpointLocalizedUnitDataProviderW977
LeanLCAExactChallenge.Dbounded.currentFullDataProviderOfNormalizedSourceEndpointLocalizedUnitW1268
  (data :
    LeanLCAExactChallenge.Dbounded.BoundaryRelationTargetNoUnivClosedEmbeddingClosednessNormalizedSourceEndpointLocalizedUnitChoiceDataProviderW985) :
  LeanLCAExactChallenge.Dbounded.BoundaryRelationTargetClosedEmbeddingClosednessNormalizedSourceEndpointLocalizedUnitCurrentFullDataProviderW1008
LeanLCAExactChallenge.Dbounded.currentFullDataPayloadFromNormalizedSourceEndpointLocalizedUnitInputNamesW1268 :
  List String
LeanLCAExactChallenge.Dbounded.currentFullDataPayloadFromNormalizedSourceEndpointLocalizedUnitInputNamesW1268_count :
  LeanLCAExactChallenge.Dbounded.currentFullDataPayloadFromNormalizedSourceEndpointLocalizedUnitInputNamesW1268.length =
    3
LeanLCAExactChallenge.Dbounded.currentFullDataPayloadFromNormalizedSourceEndpointLocalizedUnitReducesW1268 :
  LeanLCAExactChallenge.Dbounded.currentFullDataPayloadFromNormalizedSourceEndpointLocalizedUnitInputNamesW1268.length <
    LeanLCAExactChallenge.Dbounded.currentFullDataPayloadFromTargetClosedEmbeddingClosednessInputNamesW1267.length
LeanLCAExactChallenge.Dbounded.MetrizableCurrentFullDataPayloadFromNormalizedSourceEndpointLocalizedUnitStateW1268 :
  Type
LeanLCAExactChallenge.Dbounded.currentMetrizableCurrentFullDataPayloadFromNormalizedSourceEndpointLocalizedUnitStateW1268 :
  LeanLCAExactChallenge.Dbounded.MetrizableCurrentFullDataPayloadFromNormalizedSourceEndpointLocalizedUnitStateW1268
LeanLCAExactChallenge.Dbounded.currentW1268CurrentFullDataPayloadFromNormalizedSourceEndpointLocalizedUnit_productSuccess :
  (have state :=
      LeanLCAExactChallenge.Dbounded.currentMetrizableCurrentFullDataPayloadFromNormalizedSourceEndpointLocalizedUnitStateW1268;
    state.productSuccessClaimed) =
    false
LeanLCAExactChallenge.Dbounded.currentFullDataPayloadOfTargetNormalizedEndpointW1269
  (data :
    LeanLCAExactChallenge.Dbounded.BoundaryRelationTargetClosedEmbeddingClosednessNormalizedSourceEndpointLocalizedUnitDataProviderW986) :
  LeanLCAExactChallenge.Dbounded.BoundaryRelationTargetNoUnivClosedEmbeddingEndpointLocalizedUnitDataProviderW977
LeanLCAExactChallenge.Dbounded.currentFullDataProviderOfTargetNormalizedEndpointW1269
  (data :
    LeanLCAExactChallenge.Dbounded.BoundaryRelationTargetClosedEmbeddingClosednessNormalizedSourceEndpointLocalizedUnitDataProviderW986) :
  LeanLCAExactChallenge.Dbounded.BoundaryRelationTargetClosedEmbeddingClosednessNormalizedSourceEndpointLocalizedUnitCurrentFullDataProviderW1008
LeanLCAExactChallenge.Dbounded.currentFullDataPayloadFromTargetNormalizedEndpointInputNamesW1269 : List String
LeanLCAExactChallenge.Dbounded.currentFullDataPayloadFromTargetNormalizedEndpointInputNamesW1269_count :
  LeanLCAExactChallenge.Dbounded.currentFullDataPayloadFromTargetNormalizedEndpointInputNamesW1269.length = 2
LeanLCAExactChallenge.Dbounded.currentFullDataPayloadFromTargetNormalizedEndpointReducesW1269 :
  LeanLCAExactChallenge.Dbounded.currentFullDataPayloadFromTargetNormalizedEndpointInputNamesW1269.length <
    LeanLCAExactChallenge.Dbounded.currentFullDataPayloadFromNormalizedSourceEndpointLocalizedUnitInputNamesW1268.length
LeanLCAExactChallenge.Dbounded.MetrizableCurrentFullDataPayloadFromTargetNormalizedEndpointStateW1269 : Type
LeanLCAExactChallenge.Dbounded.currentMetrizableCurrentFullDataPayloadFromTargetNormalizedEndpointStateW1269 :
  LeanLCAExactChallenge.Dbounded.MetrizableCurrentFullDataPayloadFromTargetNormalizedEndpointStateW1269
LeanLCAExactChallenge.Dbounded.currentW1269CurrentFullDataPayloadFromTargetNormalizedEndpoint_productSuccess :
  (have state :=
      LeanLCAExactChallenge.Dbounded.currentMetrizableCurrentFullDataPayloadFromTargetNormalizedEndpointStateW1269;
    state.productSuccessClaimed) =
    false
LeanLCAExactChallenge.Dbounded.currentFullDataPayloadOfBranchFullDataW1270
  (data :
    LeanLCAExactChallenge.Dbounded.BoundaryRelationTargetClosedEmbeddingClosednessNormalizedSourceEndpointLocalizedUnitFullDataProviderW987) :
  LeanLCAExactChallenge.Dbounded.BoundaryRelationTargetNoUnivClosedEmbeddingEndpointLocalizedUnitDataProviderW977
LeanLCAExactChallenge.Dbounded.currentFullDataProviderOfBranchFullDataW1270
  (data :
    LeanLCAExactChallenge.Dbounded.BoundaryRelationTargetClosedEmbeddingClosednessNormalizedSourceEndpointLocalizedUnitFullDataProviderW987) :
  LeanLCAExactChallenge.Dbounded.BoundaryRelationTargetClosedEmbeddingClosednessNormalizedSourceEndpointLocalizedUnitCurrentFullDataProviderW1008
LeanLCAExactChallenge.Dbounded.currentFullDataPayloadFromBranchFullDataInputNamesW1270 : List String
LeanLCAExactChallenge.Dbounded.currentFullDataPayloadFromBranchFullDataInputNamesW1270_count :
  LeanLCAExactChallenge.Dbounded.currentFullDataPayloadFromBranchFullDataInputNamesW1270.length = 1
LeanLCAExactChallenge.Dbounded.currentFullDataPayloadFromBranchFullDataReducesW1270 :
  LeanLCAExactChallenge.Dbounded.currentFullDataPayloadFromBranchFullDataInputNamesW1270.length <
    LeanLCAExactChallenge.Dbounded.currentFullDataPayloadFromTargetNormalizedEndpointInputNamesW1269.length
LeanLCAExactChallenge.Dbounded.MetrizableCurrentFullDataPayloadFromBranchFullDataStateW1270 : Type
LeanLCAExactChallenge.Dbounded.currentMetrizableCurrentFullDataPayloadFromBranchFullDataStateW1270 :
  LeanLCAExactChallenge.Dbounded.MetrizableCurrentFullDataPayloadFromBranchFullDataStateW1270
LeanLCAExactChallenge.Dbounded.currentW1270CurrentFullDataPayloadFromBranchFullData_productSuccess :
  (have state := LeanLCAExactChallenge.Dbounded.currentMetrizableCurrentFullDataPayloadFromBranchFullDataStateW1270;
    state.productSuccessClaimed) =
    false
LeanLCAExactChallenge.Dbounded.branchFullDataCurrentFullDataCycleInputNamesW1271 : List String
LeanLCAExactChallenge.Dbounded.branchFullDataCurrentFullDataCycleInputNamesW1271_count :
  LeanLCAExactChallenge.Dbounded.branchFullDataCurrentFullDataCycleInputNamesW1271.length = 1
LeanLCAExactChallenge.Dbounded.branchFullDataCurrentFullDataCycleDoesNotReduceW1271 :
  LeanLCAExactChallenge.Dbounded.branchFullDataCurrentFullDataCycleInputNamesW1271.length =
    LeanLCAExactChallenge.Dbounded.currentFullDataPayloadFromBranchFullDataInputNamesW1270.length
LeanLCAExactChallenge.Dbounded.MetrizableBranchFullDataCurrentFullDataCycleGuardStateW1271 : Type
LeanLCAExactChallenge.Dbounded.currentMetrizableBranchFullDataCurrentFullDataCycleGuardStateW1271 :
  LeanLCAExactChallenge.Dbounded.MetrizableBranchFullDataCurrentFullDataCycleGuardStateW1271
LeanLCAExactChallenge.Dbounded.currentW1271BranchFullDataCurrentFullDataCycleGuard_productSuccess :
  (have state := LeanLCAExactChallenge.Dbounded.currentMetrizableBranchFullDataCurrentFullDataCycleGuardStateW1271;
    state.productSuccessClaimed) =
    false
