command=lake build
exit=0
    ∀
      (input :
        W987BoundaryRelationTargetStrictPreimageObjectImageRightAdjointFunctorTargetSurjectivityCompactnessMappedCokernelPi1Pi2Pi3W829StableCertificateSemanticAdapterComparisonInputW1540)
      (globalClosedMapComponents : SelectedDifferenceClosedMapDiagramComponentProviderW718)
      (mappedCokernelClosedMapProvider : MappedExplicitCokernelClosedMapProviderW519),
      closedMapW829StableSemanticAdapterPackageW1539 input globalClosedMapComponents mappedCokernelClosedMapProvider =
        closedMapBoundedDerivedInfinityCategoryOfW829AcceptedDirectSourceConvergenceW1534 input
          globalClosedMapComponents mappedCokernelClosedMapProvider :=
  originalFourTaskContractCompletion.branchFullDataW829StableCertificateSemanticAdapterComparisonClosedMapPackageEqAccepted`.

Note: This linter can be disabled with `set_option linter.style.header false`
warning: LeanLCAExactChallenge/Derived/OriginalFourTaskContractCompletion.lean:1:1: * '-/':
Copyright too short!


Note: This linter can be disabled with `set_option linter.style.header false`
warning: LeanLCAExactChallenge/Derived/OriginalFourTaskContractCompletion.lean:105:0: The module doc-string for a file should be the first command after the imports.
Please, add a module doc-string before `theorem
  originalFourTaskContractCompletion_branchFullDataW829StableCertificateSemanticAdapterComparisonClosedEmbeddingPackageEqAcceptedW1542 :
    ∀
      (input :
        W987BoundaryRelationTargetStrictPreimageObjectImageRightAdjointFunctorTargetSurjectivityCompactnessMappedCokernelPi1Pi2Pi3W829StableCertificateSemanticAdapterComparisonInputW1540)
      (globalClosedEmbeddingComponents : SelectedDifferenceClosedEmbeddingDiagramComponentProviderW718)
      (mappedCokernelClosedEmbeddingProvider : MappedExplicitCokernelClosedEmbeddingProviderW519),
      closedEmbeddingW829StableSemanticAdapterPackageW1539 input globalClosedEmbeddingComponents
          mappedCokernelClosedEmbeddingProvider =
        closedEmbeddingBoundedDerivedInfinityCategoryOfW829AcceptedDirectSourceConvergenceW1534 input
          globalClosedEmbeddingComponents mappedCokernelClosedEmbeddingProvider :=
  originalFourTaskContractCompletion.branchFullDataW829StableCertificateSemanticAdapterComparisonClosedEmbeddingPackageEqAccepted`.

Note: This linter can be disabled with `set_option linter.style.header false`
warning: LeanLCAExactChallenge/Derived/OriginalFourTaskContractCompletion.lean:1:1: * '-/':
Copyright too short!


Note: This linter can be disabled with `set_option linter.style.header false`
warning: LeanLCAExactChallenge/Derived/OriginalFourTaskContractCompletion.lean:105:0: The module doc-string for a file should be the first command after the imports.
Please, add a module doc-string before `theorem
  originalFourTaskContractCompletion_branchFullDataW829StableCertificateSemanticAdapterComparisonClosedMapProjectionFactsEqAcceptedW1542 :
    ∀
      (input :
        W987BoundaryRelationTargetStrictPreimageObjectImageRightAdjointFunctorTargetSurjectivityCompactnessMappedCokernelPi1Pi2Pi3W829StableCertificateSemanticAdapterComparisonInputW1540)
      (globalClosedMapComponents : SelectedDifferenceClosedMapDiagramComponentProviderW718)
      (mappedCokernelClosedMapProvider : MappedExplicitCokernelClosedMapProviderW519),
      stableProjectionFactsOfBoundedDerivedPackageW1535
          (closedMapW829StableSemanticAdapterPackageW1539 input globalClosedMapComponents
            mappedCokernelClosedMapProvider) =
        closedMapW829AcceptedDirectSourceStableProjectionFactsW1535 input globalClosedMapComponents
          mappedCokernelClosedMapProvider :=
  originalFourTaskContractCompletion.branchFullDataW829StableCertificateSemanticAdapterComparisonClosedMapProjectionFactsEqAccepted`.

Note: This linter can be disabled with `set_option linter.style.header false`
warning: LeanLCAExactChallenge/Derived/OriginalFourTaskContractCompletion.lean:1:1: * '-/':
Copyright too short!


Note: This linter can be disabled with `set_option linter.style.header false`
warning: LeanLCAExactChallenge/Derived/OriginalFourTaskContractCompletion.lean:105:0: The module doc-string for a file should be the first command after the imports.
Please, add a module doc-string before `theorem
  originalFourTaskContractCompletion_branchFullDataW829StableCertificateSemanticAdapterComparisonClosedEmbeddingProjectionFactsEqAcceptedW1542 :
    ∀
      (input :
        W987BoundaryRelationTargetStrictPreimageObjectImageRightAdjointFunctorTargetSurjectivityCompactnessMappedCokernelPi1Pi2Pi3W829StableCertificateSemanticAdapterComparisonInputW1540)
      (globalClosedEmbeddingComponents : SelectedDifferenceClosedEmbeddingDiagramComponentProviderW718)
      (mappedCokernelClosedEmbeddingProvider : MappedExplicitCokernelClosedEmbeddingProviderW519),
      stableProjectionFactsOfBoundedDerivedPackageW1535
          (closedEmbeddingW829StableSemanticAdapterPackageW1539 input globalClosedEmbeddingComponents
            mappedCokernelClosedEmbeddingProvider) =
        closedEmbeddingW829AcceptedDirectSourceStableProjectionFactsW1535 input globalClosedEmbeddingComponents
          mappedCokernelClosedEmbeddingProvider :=
  originalFourTaskContractCompletion.branchFullDataW829StableCertificateSemanticAdapterComparisonClosedEmbeddingProjectionFactsEqAccepted`.

Note: This linter can be disabled with `set_option linter.style.header false`
warning: LeanLCAExactChallenge/Derived/OriginalFourTaskContractCompletion.lean:1:1: * '-/':
Copyright too short!


Note: This linter can be disabled with `set_option linter.style.header false`
warning: LeanLCAExactChallenge/Derived/OriginalFourTaskContractCompletion.lean:105:0: The module doc-string for a file should be the first command after the imports.
Please, add a module doc-string before `end Dbounded`.

Note: This linter can be disabled with `set_option linter.style.header false`
warning: LeanLCAExactChallenge/Derived/OriginalFourTaskContractCompletion.lean:1:1: * '-/':
Copyright too short!


Note: This linter can be disabled with `set_option linter.style.header false`
warning: LeanLCAExactChallenge/Derived/OriginalFourTaskContractCompletion.lean:104:0: The module doc-string for a file should be the first command after the imports.
Please, add a module doc-string before `end LeanLCAExactChallenge`.

Note: This linter can be disabled with `set_option linter.style.header false`
info: LeanLCAExactChallenge/Derived/OriginalFourTaskContractCompletion.lean:12137:0: linter.style.header:636:31: error: expected token

linter.style.header:721:29: error: expected token

linter.style.header:760:31: error: expected token

linter.style.header:4428:33: error: expected token

linter.style.header:10123:33: error: expected token
warning: LeanLCAExactChallenge/Derived/OriginalFourTaskContractCompletion.lean:1:1: * '-/':
Copyright too short!


Note: This linter can be disabled with `set_option linter.style.header false`
warning: LeanLCAExactChallenge/Derived/OriginalFourTaskContractCompletion.lean:104:0: The module doc-string for a file should be the first command after the imports.
Please, add a module doc-string before ``.

Note: This linter can be disabled with `set_option linter.style.header false`
info: LeanLCAExactChallenge/Derived/OriginalFourTaskContractCompletion.lean:12138:0: linter.style.header:636:31: error: expected token

linter.style.header:721:29: error: expected token

linter.style.header:760:31: error: expected token

linter.style.header:4428:33: error: expected token

linter.style.header:10123:33: error: expected token
✔ [2940/2941] Built LeanLCAExactChallenge (20s)
Build completed successfully (2941 jobs).
