LeanLCAExactChallenge.Dbounded.BoundaryRelationTargetClosedEmbeddingClosednessNormalizedSourceEndpointLocalizedUnitFullDataProviderW987 :
  Type 2
LeanLCAExactChallenge.Dbounded.W987FieldDataConstructionInputW1450 : Type 2
LeanLCAExactChallenge.Dbounded.fullDataOfW987FieldDataW1450 (input : W987FieldDataConstructionInputW1450) :
  BoundaryRelationTargetClosedEmbeddingClosednessNormalizedSourceEndpointLocalizedUnitFullDataProviderW987
LeanLCAExactChallenge.Dbounded.fullDataInputNamesW987_count : fullDataInputNamesW987.length = 1
LeanLCAExactChallenge.Dbounded.w1450W987FieldDataConstructionExpandsCurrentProvider :
  w1007W987RewrappedInputNamesW1448.length < w987FieldDataConstructionInputNamesW1450.length
LeanLCAExactChallenge.Dbounded.canonicalFullDataUnpackExpandsCurrentSurfaceW1298 :
  currentFullDataPayloadFromBranchFullDataInputNamesW1270.length < canonicalFullDataUnpackedInputNamesW1298.length
LeanLCAExactChallenge.Dbounded.canonicalW986InnerUnpackExpandsCurrentSurfaceW1299 :
  currentFullDataPayloadFromBranchFullDataInputNamesW1270.length < canonicalW986InnerUnpackedInputNamesW1299.length
LeanLCAExactChallenge.Dbounded.canonicalW730BoundaryRelationInnerUnpackExpandsCurrentSurfaceW1305 :
  currentFullDataPayloadFromBranchFullDataInputNamesW1270.length <
    canonicalW730BoundaryRelationInnerInputNamesW1305.length
LeanLCAExactChallenge.Dbounded.stableCertificateOfClosedMapBoundarySourcePiZeroFullDataClosedEmbeddingClosednessW1625_ready
  (data : MetrizableClosedMapBoundarySourcePiZeroFullDataClosedEmbeddingClosednessDirectLocalizationBoundaryDataW1625) :
  have inputs :=
    directLocalizationBoundaryInputsOfClosedMapBoundarySourcePiZeroFullDataClosedEmbeddingClosednessW1625 data;
  StableFourProjectionCertificate.ready
    (stableFourProjectionCertificateOfMetrizableOrdinaryInput
      (metrizableOrdinaryStableSemanticInputOfWalkingParallelPairTransfer
        (metrizableWalkingParallelPairTransferStableSemanticInputsOfDirectLocalization inputs)))
run/w987_full_data_frontier_probe_20260609.lean:25:37: error: don't know how to synthesize placeholder for argument `input`
context:
case fieldData
⊢ W987FieldDataConstructionInputW1450
run/w987_full_data_frontier_probe_20260609.lean:24:112: error: unsolved goals
⊢ BoundaryRelationTargetClosedEmbeddingClosednessNormalizedSourceEndpointLocalizedUnitFullDataProviderW987
