command=lake env lean audit/ProductSuccessDeclarations.lean
exit=0
  LeanLCAExactChallenge.Dbounded.closedMapW829StableSemanticAdapterAcceptedW1539 input globalClosedMapComponents
      mappedCokernelClosedMapProvider =
    LeanLCAExactChallenge.Dbounded.closedMapAcceptedStableDboundedInfinityCategoryW829DirectSourceW1534 input
      globalClosedMapComponents mappedCokernelClosedMapProvider
LeanLCAExactChallenge.Dbounded.originalFourTaskContractCompletion_branchFullDataW829StableCertificateSemanticAdapterComparisonClosedEmbeddingAcceptedEqW1534W1543
  (input :
    LeanLCAExactChallenge.Dbounded.W987BoundaryRelationTargetStrictPreimageObjectImageRightAdjointFunctorTargetSurjectivityCompactnessMappedCokernelPi1Pi2Pi3W829StableCertificateSemanticAdapterComparisonInputW1540)
  (globalClosedEmbeddingComponents :
    LeanLCAExactChallenge.Dbounded.SelectedDifferenceClosedEmbeddingDiagramComponentProviderW718)
  (mappedCokernelClosedEmbeddingProvider :
    LeanLCAExactChallenge.WppOpClosedRangeMappedCokernelPreservationV370SupportW519.MappedExplicitCokernelClosedEmbeddingProviderW519) :
  LeanLCAExactChallenge.Dbounded.closedEmbeddingW829StableSemanticAdapterAcceptedW1539 input
      globalClosedEmbeddingComponents mappedCokernelClosedEmbeddingProvider =
    LeanLCAExactChallenge.Dbounded.closedEmbeddingAcceptedStableDboundedInfinityCategoryW829DirectSourceW1534 input
      globalClosedEmbeddingComponents mappedCokernelClosedEmbeddingProvider
LeanLCAExactChallenge.Dbounded.originalFourTaskContractCompletion_branchFullDataW829StableCertificateSemanticAdapterComparisonClosedMapCertificateEqW1534W1543
  (input :
    LeanLCAExactChallenge.Dbounded.W987BoundaryRelationTargetStrictPreimageObjectImageRightAdjointFunctorTargetSurjectivityCompactnessMappedCokernelPi1Pi2Pi3W829StableCertificateSemanticAdapterComparisonInputW1540)
  (globalClosedMapComponents : LeanLCAExactChallenge.Dbounded.SelectedDifferenceClosedMapDiagramComponentProviderW718)
  (mappedCokernelClosedMapProvider :
    LeanLCAExactChallenge.WppOpClosedRangeMappedCokernelPreservationV370SupportW519.MappedExplicitCokernelClosedMapProviderW519) :
  (LeanLCAExactChallenge.Dbounded.closedMapW829StableSemanticAdapterAcceptedW1539 input globalClosedMapComponents
        mappedCokernelClosedMapProvider).certificate =
    LeanLCAExactChallenge.Dbounded.closedMapStableProjectionGateCertificateW829DirectSourceW1534 input
      globalClosedMapComponents mappedCokernelClosedMapProvider
LeanLCAExactChallenge.Dbounded.originalFourTaskContractCompletion_branchFullDataW829StableCertificateSemanticAdapterComparisonClosedEmbeddingCertificateEqW1534W1543
  (input :
    LeanLCAExactChallenge.Dbounded.W987BoundaryRelationTargetStrictPreimageObjectImageRightAdjointFunctorTargetSurjectivityCompactnessMappedCokernelPi1Pi2Pi3W829StableCertificateSemanticAdapterComparisonInputW1540)
  (globalClosedEmbeddingComponents :
    LeanLCAExactChallenge.Dbounded.SelectedDifferenceClosedEmbeddingDiagramComponentProviderW718)
  (mappedCokernelClosedEmbeddingProvider :
    LeanLCAExactChallenge.WppOpClosedRangeMappedCokernelPreservationV370SupportW519.MappedExplicitCokernelClosedEmbeddingProviderW519) :
  (LeanLCAExactChallenge.Dbounded.closedEmbeddingW829StableSemanticAdapterAcceptedW1539 input
        globalClosedEmbeddingComponents mappedCokernelClosedEmbeddingProvider).certificate =
    LeanLCAExactChallenge.Dbounded.closedEmbeddingStableProjectionGateCertificateW829DirectSourceW1534 input
      globalClosedEmbeddingComponents mappedCokernelClosedEmbeddingProvider
LeanLCAExactChallenge.Dbounded.originalFourTaskContractCompletion_branchFullDataW829StableCertificateSemanticAdapterComparisonClosedMapPackageEqAcceptedW1542
  (input :
    LeanLCAExactChallenge.Dbounded.W987BoundaryRelationTargetStrictPreimageObjectImageRightAdjointFunctorTargetSurjectivityCompactnessMappedCokernelPi1Pi2Pi3W829StableCertificateSemanticAdapterComparisonInputW1540)
  (globalClosedMapComponents : LeanLCAExactChallenge.Dbounded.SelectedDifferenceClosedMapDiagramComponentProviderW718)
  (mappedCokernelClosedMapProvider :
    LeanLCAExactChallenge.WppOpClosedRangeMappedCokernelPreservationV370SupportW519.MappedExplicitCokernelClosedMapProviderW519) :
  LeanLCAExactChallenge.Dbounded.closedMapW829StableSemanticAdapterPackageW1539 input globalClosedMapComponents
      mappedCokernelClosedMapProvider =
    LeanLCAExactChallenge.Dbounded.closedMapBoundedDerivedInfinityCategoryOfW829AcceptedDirectSourceConvergenceW1534
      input globalClosedMapComponents mappedCokernelClosedMapProvider
LeanLCAExactChallenge.Dbounded.originalFourTaskContractCompletion_branchFullDataW829StableCertificateSemanticAdapterComparisonClosedEmbeddingPackageEqAcceptedW1542
  (input :
    LeanLCAExactChallenge.Dbounded.W987BoundaryRelationTargetStrictPreimageObjectImageRightAdjointFunctorTargetSurjectivityCompactnessMappedCokernelPi1Pi2Pi3W829StableCertificateSemanticAdapterComparisonInputW1540)
  (globalClosedEmbeddingComponents :
    LeanLCAExactChallenge.Dbounded.SelectedDifferenceClosedEmbeddingDiagramComponentProviderW718)
  (mappedCokernelClosedEmbeddingProvider :
    LeanLCAExactChallenge.WppOpClosedRangeMappedCokernelPreservationV370SupportW519.MappedExplicitCokernelClosedEmbeddingProviderW519) :
  LeanLCAExactChallenge.Dbounded.closedEmbeddingW829StableSemanticAdapterPackageW1539 input
      globalClosedEmbeddingComponents mappedCokernelClosedEmbeddingProvider =
    LeanLCAExactChallenge.Dbounded.closedEmbeddingBoundedDerivedInfinityCategoryOfW829AcceptedDirectSourceConvergenceW1534
      input globalClosedEmbeddingComponents mappedCokernelClosedEmbeddingProvider
LeanLCAExactChallenge.Dbounded.originalFourTaskContractCompletion_branchFullDataW829StableCertificateSemanticAdapterComparisonClosedMapProjectionFactsEqAcceptedW1542
  (input :
    LeanLCAExactChallenge.Dbounded.W987BoundaryRelationTargetStrictPreimageObjectImageRightAdjointFunctorTargetSurjectivityCompactnessMappedCokernelPi1Pi2Pi3W829StableCertificateSemanticAdapterComparisonInputW1540)
  (globalClosedMapComponents : LeanLCAExactChallenge.Dbounded.SelectedDifferenceClosedMapDiagramComponentProviderW718)
  (mappedCokernelClosedMapProvider :
    LeanLCAExactChallenge.WppOpClosedRangeMappedCokernelPreservationV370SupportW519.MappedExplicitCokernelClosedMapProviderW519) :
  LeanLCAExactChallenge.Dbounded.stableProjectionFactsOfBoundedDerivedPackageW1535
      (LeanLCAExactChallenge.Dbounded.closedMapW829StableSemanticAdapterPackageW1539 input globalClosedMapComponents
        mappedCokernelClosedMapProvider) =
    LeanLCAExactChallenge.Dbounded.closedMapW829AcceptedDirectSourceStableProjectionFactsW1535 input
      globalClosedMapComponents mappedCokernelClosedMapProvider
LeanLCAExactChallenge.Dbounded.originalFourTaskContractCompletion_branchFullDataW829StableCertificateSemanticAdapterComparisonClosedEmbeddingProjectionFactsEqAcceptedW1542
  (input :
    LeanLCAExactChallenge.Dbounded.W987BoundaryRelationTargetStrictPreimageObjectImageRightAdjointFunctorTargetSurjectivityCompactnessMappedCokernelPi1Pi2Pi3W829StableCertificateSemanticAdapterComparisonInputW1540)
  (globalClosedEmbeddingComponents :
    LeanLCAExactChallenge.Dbounded.SelectedDifferenceClosedEmbeddingDiagramComponentProviderW718)
  (mappedCokernelClosedEmbeddingProvider :
    LeanLCAExactChallenge.WppOpClosedRangeMappedCokernelPreservationV370SupportW519.MappedExplicitCokernelClosedEmbeddingProviderW519) :
  LeanLCAExactChallenge.Dbounded.stableProjectionFactsOfBoundedDerivedPackageW1535
      (LeanLCAExactChallenge.Dbounded.closedEmbeddingW829StableSemanticAdapterPackageW1539 input
        globalClosedEmbeddingComponents mappedCokernelClosedEmbeddingProvider) =
    LeanLCAExactChallenge.Dbounded.closedEmbeddingW829AcceptedDirectSourceStableProjectionFactsW1535 input
      globalClosedEmbeddingComponents mappedCokernelClosedEmbeddingProvider
