command=lake env lean run/w944_target_no_univ_compactspace_bridge_probe_20260609.lean
exit=1
expected=1
LeanLCAExactChallenge.Dbounded.targetCodomainCompactNoUnivMembershipPrimitiveOfCompactSpaceW930
  (targetCodomainCompactSpaceProvider :
    ∀ (Y : WalkingParallelPairᵒᵖ ⥤ MetrizableLCA), CompactSpace (wppOpCodomainW441 Y).carrier)
  (Y : WalkingParallelPairᵒᵖ ⥤ MetrizableLCA) : targetCodomainCompactNoUnivMembershipPrimitiveW930 Y
LeanLCAExactChallenge.Dbounded.targetNoUnivDataOfTargetDifferenceSurjectiveAndCompactSpaceProvidersW944
  (targetDifferenceSurjectiveProvider :
    ∀ (Y : WalkingParallelPairᵒᵖ ⥤ MetrizableLCA), targetDifferenceSurjectivePrimitiveW923 Y)
  (targetCodomainCompactSpaceProvider :
    ∀ (Y : WalkingParallelPairᵒᵖ ⥤ MetrizableLCA), CompactSpace (wppOpCodomainW441 Y).carrier) :
  TargetSurjectiveNoUnivMembershipForTargetProviderW944
run/w944_target_no_univ_compactspace_bridge_probe_20260609.lean:34:12: error: don't know how to synthesize placeholder
context:
case targetDifferenceSurjectiveProvider
Y : WalkingParallelPairᵒᵖ ⥤ MetrizableLCA
⊢ targetDifferenceSurjectivePrimitiveW923 Y
run/w944_target_no_univ_compactspace_bridge_probe_20260609.lean:32:5: error: unsolved goals
Y : WalkingParallelPairᵒᵖ ⥤ MetrizableLCA
⊢ targetDifferenceSurjectivePrimitiveW923 Y
run/w944_target_no_univ_compactspace_bridge_probe_20260609.lean:35:5: error: unsolved goals
Y : WalkingParallelPairᵒᵖ ⥤ MetrizableLCA
⊢ CompactSpace (wppOpCodomainW441 Y).carrier
