[truncated to last 200 lines after successful check; see sibling .exit file for command status]
Note: This linter can be disabled with `set_option linter.style.header false`
⚠ [2777/2809] Replayed LeanLCAExactChallenge.Derived.W987ClosedEmbeddingClosednessFieldsComparisonGuardW1510
warning: LeanLCAExactChallenge/Derived/W987ClosedEmbeddingClosednessFieldsComparisonGuardW1510.lean:1:1: * '-/':
Copyright too short!


Note: This linter can be disabled with `set_option linter.style.header false`
⚠ [2778/2809] Replayed LeanLCAExactChallenge.Derived.W987ClosedEmbeddingEndpointHomologyFreeComparisonGuardW1511
warning: LeanLCAExactChallenge/Derived/W987ClosedEmbeddingEndpointHomologyFreeComparisonGuardW1511.lean:1:1: * '-/':
Copyright too short!


Note: This linter can be disabled with `set_option linter.style.header false`
⚠ [2779/2809] Replayed LeanLCAExactChallenge.Derived.W987ClosedEmbeddingEndpointHomologyFreeConvergenceGuardW1512
warning: LeanLCAExactChallenge/Derived/W987ClosedEmbeddingEndpointHomologyFreeConvergenceGuardW1512.lean:1:1: * '-/':
Copyright too short!


Note: This linter can be disabled with `set_option linter.style.header false`
⚠ [2780/2809] Replayed LeanLCAExactChallenge.Derived.W987ClosedEmbeddingEndpointHomologyFreeTargetBranchConvergenceGuardW1513
warning: LeanLCAExactChallenge/Derived/W987ClosedEmbeddingEndpointHomologyFreeTargetBranchConvergenceGuardW1513.lean:1:1: * '-/':
Copyright too short!


Note: This linter can be disabled with `set_option linter.style.header false`
⚠ [2781/2809] Replayed LeanLCAExactChallenge.Derived.W987ClosedEmbeddingEndpointHomologyFreeStrictPreimageConvergenceGuardW1514
warning: LeanLCAExactChallenge/Derived/W987ClosedEmbeddingEndpointHomologyFreeStrictPreimageConvergenceGuardW1514.lean:1:1: * '-/':
Copyright too short!


Note: This linter can be disabled with `set_option linter.style.header false`
⚠ [2782/2809] Replayed LeanLCAExactChallenge.Derived.W987ClosedEmbeddingEndpointHomologyFreeLocalizedRightAdjointConvergenceGuardW1515
warning: LeanLCAExactChallenge/Derived/W987ClosedEmbeddingEndpointHomologyFreeLocalizedRightAdjointConvergenceGuardW1515.lean:1:1: * '-/':
Copyright too short!


Note: This linter can be disabled with `set_option linter.style.header false`
⚠ [2783/2809] Replayed LeanLCAExactChallenge.Derived.W987ClosedEmbeddingEndpointHomologyFreeSourceEndpointConvergenceGuardW1516
warning: LeanLCAExactChallenge/Derived/W987ClosedEmbeddingEndpointHomologyFreeSourceEndpointConvergenceGuardW1516.lean:1:1: * '-/':
Copyright too short!


Note: This linter can be disabled with `set_option linter.style.header false`
⚠ [2784/2809] Replayed LeanLCAExactChallenge.Derived.W987ClosedEmbeddingEndpointHomologyFreeComparisonConcreteLeavesConvergenceGuardW1517
warning: LeanLCAExactChallenge/Derived/W987ClosedEmbeddingEndpointHomologyFreeComparisonConcreteLeavesConvergenceGuardW1517.lean:1:1: * '-/':
Copyright too short!


Note: This linter can be disabled with `set_option linter.style.header false`
⚠ [2785/2809] Replayed LeanLCAExactChallenge.Derived.W987ClosedEmbeddingEndpointHomologyFreeSelectedCochainConcreteLeavesConvergenceGuardW1518
warning: LeanLCAExactChallenge/Derived/W987ClosedEmbeddingEndpointHomologyFreeSelectedCochainConcreteLeavesConvergenceGuardW1518.lean:1:1: * '-/':
Copyright too short!


Note: This linter can be disabled with `set_option linter.style.header false`
⚠ [2786/2809] Replayed LeanLCAExactChallenge.Derived.W987ClosedEmbeddingEndpointHomologyFreeW735W732SelectedCochainConvergenceGuardW1519
warning: LeanLCAExactChallenge/Derived/W987ClosedEmbeddingEndpointHomologyFreeW735W732SelectedCochainConvergenceGuardW1519.lean:1:1: * '-/':
Copyright too short!


Note: This linter can be disabled with `set_option linter.style.header false`
⚠ [2787/2809] Replayed LeanLCAExactChallenge.Derived.BoundarySourcePiZeroSelectedRowsDirectLocalizationBoundaryRoute
warning: LeanLCAExactChallenge/Derived/BoundarySourcePiZeroSelectedRowsDirectLocalizationBoundaryRoute.lean:1:1: * '-/':
Copyright too short!


Note: This linter can be disabled with `set_option linter.style.header false`
⚠ [2788/2809] Replayed LeanLCAExactChallenge.Derived.W987ClosedEmbeddingEndpointHomologyFreeEndpointFactsLocalizedSelectedCochainConvergenceGuardW1520
warning: LeanLCAExactChallenge/Derived/W987ClosedEmbeddingEndpointHomologyFreeEndpointFactsLocalizedSelectedCochainConvergenceGuardW1520.lean:1:1: * '-/':
Copyright too short!


Note: This linter can be disabled with `set_option linter.style.header false`
⚠ [2789/2809] Replayed LeanLCAExactChallenge.Derived.W987ClosedEmbeddingEndpointHomologyFreeEndpointFactsLocalizedSelectedCochainW870BranchDispatchGuardW1521
warning: LeanLCAExactChallenge/Derived/W987ClosedEmbeddingEndpointHomologyFreeEndpointFactsLocalizedSelectedCochainW870BranchDispatchGuardW1521.lean:1:1: * '-/':
Copyright too short!


Note: This linter can be disabled with `set_option linter.style.header false`
⚠ [2790/2809] Replayed LeanLCAExactChallenge.Derived.W987ClosedEmbeddingEndpointHomologyFreeEndpointFactsLocalizedSelectedCochainW869W868ConvergenceGuardW1522
warning: LeanLCAExactChallenge/Derived/W987ClosedEmbeddingEndpointHomologyFreeEndpointFactsLocalizedSelectedCochainW869W868ConvergenceGuardW1522.lean:1:1: * '-/':
Copyright too short!


Note: This linter can be disabled with `set_option linter.style.header false`
⚠ [2791/2809] Replayed LeanLCAExactChallenge.Derived.W987ClosedEmbeddingEndpointHomologyFreeEndpointFactsLocalizedSelectedCochainW867StrictRealizationConvergenceGuardW1523
warning: LeanLCAExactChallenge/Derived/W987ClosedEmbeddingEndpointHomologyFreeEndpointFactsLocalizedSelectedCochainW867StrictRealizationConvergenceGuardW1523.lean:1:1: * '-/':
Copyright too short!


Note: This linter can be disabled with `set_option linter.style.header false`
⚠ [2792/2809] Replayed LeanLCAExactChallenge.Derived.W987ClosedEmbeddingEndpointHomologyFreeEndpointFactsLocalizedSelectedCochainW866IsoClosureConvergenceGuardW1524
warning: LeanLCAExactChallenge/Derived/W987ClosedEmbeddingEndpointHomologyFreeEndpointFactsLocalizedSelectedCochainW866IsoClosureConvergenceGuardW1524.lean:1:1: * '-/':
Copyright too short!


Note: This linter can be disabled with `set_option linter.style.header false`
⚠ [2793/2809] Replayed LeanLCAExactChallenge.Derived.W987ClosedEmbeddingEndpointHomologyFreeEndpointFactsLocalizedSelectedCochainW865TargetIsoConvergenceGuardW1525
warning: LeanLCAExactChallenge/Derived/W987ClosedEmbeddingEndpointHomologyFreeEndpointFactsLocalizedSelectedCochainW865TargetIsoConvergenceGuardW1525.lean:1:1: * '-/':
Copyright too short!


Note: This linter can be disabled with `set_option linter.style.header false`
⚠ [2794/2809] Replayed LeanLCAExactChallenge.Derived.W987ClosedEmbeddingEndpointHomologyFreeEndpointFactsLocalizedSelectedCochainW864TargetExactAtConvergenceGuardW1526
warning: LeanLCAExactChallenge/Derived/W987ClosedEmbeddingEndpointHomologyFreeEndpointFactsLocalizedSelectedCochainW864TargetExactAtConvergenceGuardW1526.lean:1:1: * '-/':
Copyright too short!


Note: This linter can be disabled with `set_option linter.style.header false`
⚠ [2795/2809] Replayed LeanLCAExactChallenge.Derived.W987ClosedEmbeddingEndpointHomologyFreeEndpointFactsLocalizedSelectedCochainW863TargetHomologyZeroConvergenceGuardW1527
warning: LeanLCAExactChallenge/Derived/W987ClosedEmbeddingEndpointHomologyFreeEndpointFactsLocalizedSelectedCochainW863TargetHomologyZeroConvergenceGuardW1527.lean:1:1: * '-/':
Copyright too short!


Note: This linter can be disabled with `set_option linter.style.header false`
⚠ [2796/2809] Replayed LeanLCAExactChallenge.Derived.W987ClosedEmbeddingEndpointHomologyFreeEndpointFactsLocalizedSelectedCochainW862ConcreteLeavesTargetExactAtConvergenceGuardW1528
warning: LeanLCAExactChallenge/Derived/W987ClosedEmbeddingEndpointHomologyFreeEndpointFactsLocalizedSelectedCochainW862ConcreteLeavesTargetExactAtConvergenceGuardW1528.lean:1:1: * '-/':
Copyright too short!


Note: This linter can be disabled with `set_option linter.style.header false`
⚠ [2797/2809] Replayed LeanLCAExactChallenge.Derived.W987ClosedEmbeddingEndpointHomologyFreeEndpointFactsLocalizedSelectedCochainW860EndpointLocalizedTargetExactAtConvergenceGuardW1529
warning: LeanLCAExactChallenge/Derived/W987ClosedEmbeddingEndpointHomologyFreeEndpointFactsLocalizedSelectedCochainW860EndpointLocalizedTargetExactAtConvergenceGuardW1529.lean:1:1: * '-/':
Copyright too short!


Note: This linter can be disabled with `set_option linter.style.header false`
⚠ [2798/2809] Replayed LeanLCAExactChallenge.Derived.W987ClosedEmbeddingEndpointHomologyFreeEndpointFactsLocalizedSelectedCochainW859ClosednessBranchTargetExactAtConvergenceGuardW1530
warning: LeanLCAExactChallenge/Derived/W987ClosedEmbeddingEndpointHomologyFreeEndpointFactsLocalizedSelectedCochainW859ClosednessBranchTargetExactAtConvergenceGuardW1530.lean:1:1: * '-/':
Copyright too short!


Note: This linter can be disabled with `set_option linter.style.header false`
⚠ [2799/2809] Replayed LeanLCAExactChallenge.Derived.W987ClosedEmbeddingEndpointHomologyFreeEndpointFactsLocalizedSelectedCochainW831ComparisonBijectivityLeftCalculusConvergenceGuardW1531
warning: LeanLCAExactChallenge/Derived/W987ClosedEmbeddingEndpointHomologyFreeEndpointFactsLocalizedSelectedCochainW831ComparisonBijectivityLeftCalculusConvergenceGuardW1531.lean:1:1: * '-/':
Copyright too short!


Note: This linter can be disabled with `set_option linter.style.header false`
⚠ [2800/2809] Replayed LeanLCAExactChallenge.Derived.W987ClosedEmbeddingEndpointHomologyFreeEndpointFactsLocalizedSelectedCochainW829LeftCalculusStableRouteConvergenceGuardW1532
warning: LeanLCAExactChallenge/Derived/W987ClosedEmbeddingEndpointHomologyFreeEndpointFactsLocalizedSelectedCochainW829LeftCalculusStableRouteConvergenceGuardW1532.lean:1:1: * '-/':
Copyright too short!


Note: This linter can be disabled with `set_option linter.style.header false`
⚠ [2801/2809] Replayed LeanLCAExactChallenge.Derived.W987ClosedEmbeddingEndpointHomologyFreeEndpointFactsLocalizedSelectedCochainW829StableFieldsFromDirectSourceW1533
warning: LeanLCAExactChallenge/Derived/W987ClosedEmbeddingEndpointHomologyFreeEndpointFactsLocalizedSelectedCochainW829StableFieldsFromDirectSourceW1533.lean:1:1: * '-/':
Copyright too short!


Note: This linter can be disabled with `set_option linter.style.header false`
⚠ [2802/2809] Replayed LeanLCAExactChallenge.Derived.W987ClosedEmbeddingEndpointHomologyFreeEndpointFactsLocalizedSelectedCochainW829StableCertificateFromDirectSourceW1534
warning: LeanLCAExactChallenge/Derived/W987ClosedEmbeddingEndpointHomologyFreeEndpointFactsLocalizedSelectedCochainW829StableCertificateFromDirectSourceW1534.lean:1:1: * '-/':
Copyright too short!


Note: This linter can be disabled with `set_option linter.style.header false`
⚠ [2803/2809] Replayed LeanLCAExactChallenge.Derived.W987ClosedEmbeddingEndpointHomologyFreeEndpointFactsLocalizedSelectedCochainW829StableProjectionFactsFromAcceptedDirectSourceW1535
warning: LeanLCAExactChallenge/Derived/W987ClosedEmbeddingEndpointHomologyFreeEndpointFactsLocalizedSelectedCochainW829StableProjectionFactsFromAcceptedDirectSourceW1535.lean:1:1: * '-/':
Copyright too short!


Note: This linter can be disabled with `set_option linter.style.header false`
⚠ [2804/2809] Replayed LeanLCAExactChallenge.Derived.W987ClosedEmbeddingEndpointHomologyFreeEndpointFactsLocalizedSelectedCochainW829StableProjectionFactsDirectSourceComparisonW1536
warning: LeanLCAExactChallenge/Derived/W987ClosedEmbeddingEndpointHomologyFreeEndpointFactsLocalizedSelectedCochainW829StableProjectionFactsDirectSourceComparisonW1536.lean:1:1: * '-/':
Copyright too short!


Note: This linter can be disabled with `set_option linter.style.header false`
⚠ [2805/2809] Replayed LeanLCAExactChallenge.Derived.W987ClosedEmbeddingEndpointHomologyFreeEndpointFactsLocalizedSelectedCochainW829StableInstanceFactsFromDirectSourceW1537
warning: LeanLCAExactChallenge/Derived/W987ClosedEmbeddingEndpointHomologyFreeEndpointFactsLocalizedSelectedCochainW829StableInstanceFactsFromDirectSourceW1537.lean:1:1: * '-/':
Copyright too short!


Note: This linter can be disabled with `set_option linter.style.header false`
⚠ [2806/2809] Replayed LeanLCAExactChallenge.Derived.W987ClosedEmbeddingEndpointHomologyFreeEndpointFactsLocalizedSelectedCochainW829StableInstancePackageComparisonW1538
warning: LeanLCAExactChallenge/Derived/W987ClosedEmbeddingEndpointHomologyFreeEndpointFactsLocalizedSelectedCochainW829StableInstancePackageComparisonW1538.lean:1:1: * '-/':
Copyright too short!


Note: This linter can be disabled with `set_option linter.style.header false`
⚠ [2807/2809] Replayed LeanLCAExactChallenge.Derived.W987ClosedEmbeddingEndpointHomologyFreeEndpointFactsLocalizedSelectedCochainW829StableSemanticAdapterComparisonW1539
warning: LeanLCAExactChallenge/Derived/W987ClosedEmbeddingEndpointHomologyFreeEndpointFactsLocalizedSelectedCochainW829StableSemanticAdapterComparisonW1539.lean:1:1: * '-/':
Copyright too short!


Note: This linter can be disabled with `set_option linter.style.header false`
⚠ [2808/2809] Replayed LeanLCAExactChallenge.BoundedDerived.MetrizableStableBridge
warning: LeanLCAExactChallenge/BoundedDerived/MetrizableStableBridge.lean:1:1: * '-/':
Copyright too short!


Note: This linter can be disabled with `set_option linter.style.header false`
⚠ [2809/2809] Built LeanLCAExactChallenge.OriginalFourTask.ProductData (14s)
warning: LeanLCAExactChallenge/OriginalFourTask/ProductData.lean:1:1: * '-/':
Copyright too short!


Note: This linter can be disabled with `set_option linter.style.header false`
Build completed successfully (2809 jobs).
