LeanLCAExactChallenge/Derived/TargetIsoRealizationTrianglehSelectedW461RowsProductRoute.lean:123:noncomputable def directFiniteShapeStableDataOfClosedMapTargetIsoRealizationW784
LeanLCAExactChallenge/Derived/TargetIsoRealizationTrianglehSelectedW461RowsProductRoute.lean:130:noncomputable def directFiniteShapeStableDataOfClosedEmbeddingTargetIsoRealizationW784
LeanLCAExactChallenge/Derived/TargetIsoRealizationTrianglehSelectedW461RowsProductRoute.lean:137:noncomputable def stableBoundaryInputsOfClosedMapTargetIsoRealizationW784
LeanLCAExactChallenge/Derived/TargetIsoRealizationTrianglehSelectedW461RowsProductRoute.lean:144:noncomputable def stableBoundaryInputsOfClosedEmbeddingTargetIsoRealizationW784
LeanLCAExactChallenge/Derived/TargetIsoRealizationTrianglehSelectedW461RowsProductRoute.lean:151:noncomputable def acceptedStableOfClosedMapTargetIsoRealizationW784
LeanLCAExactChallenge/Derived/TargetIsoRealizationTrianglehSelectedW461RowsProductRoute.lean:160:noncomputable def acceptedStableOfClosedEmbeddingTargetIsoRealizationW784
LeanLCAExactChallenge/Derived/TargetIsoRealizationTrianglehSelectedW461RowsProductRoute.lean:167:noncomputable def boundedDerivedOfClosedMapTargetIsoRealizationStableBoundaryW784
LeanLCAExactChallenge/Derived/TargetIsoRealizationTrianglehSelectedW461RowsProductRoute.lean:176:    boundedDerivedOfClosedEmbeddingTargetIsoRealizationStableBoundaryW784
LeanLCAExactChallenge/Derived/TargetIsoRealizationTrianglehSelectedW461RowsProductRoute.lean:225:      "directFiniteShapeStableDataOfClosedMapTargetIsoRealizationW784",
LeanLCAExactChallenge/Derived/TargetIsoRealizationTrianglehSelectedW461RowsProductRoute.lean:226:      "directFiniteShapeStableDataOfClosedEmbeddingTargetIsoRealizationW784",
LeanLCAExactChallenge/Derived/TargetIsoRealizationTrianglehSelectedW461RowsProductRoute.lean:227:      "stableBoundaryInputsOfClosedMapTargetIsoRealizationW784",
LeanLCAExactChallenge/Derived/TargetIsoRealizationTrianglehSelectedW461RowsProductRoute.lean:228:      "stableBoundaryInputsOfClosedEmbeddingTargetIsoRealizationW784",
LeanLCAExactChallenge/Derived/TargetIsoRealizationTrianglehSelectedW461RowsProductRoute.lean:229:      "acceptedStableOfClosedMapTargetIsoRealizationW784",
LeanLCAExactChallenge/Derived/TargetIsoRealizationTrianglehSelectedW461RowsProductRoute.lean:230:      "acceptedStableOfClosedEmbeddingTargetIsoRealizationW784",
LeanLCAExactChallenge/Derived/TargetIsoRealizationTrianglehSelectedW461RowsProductRoute.lean:231:      "boundedDerivedOfClosedMapTargetIsoRealizationStableBoundaryW784",
LeanLCAExactChallenge/Derived/TargetIsoRealizationTrianglehSelectedW461RowsProductRoute.lean:232:      "boundedDerivedOfClosedEmbeddingTargetIsoRealizationStableBoundaryW784",
audit/RequiredDeclarations.lean:1001:  LeanLCAExactChallenge.Dbounded.directFiniteShapeStableDataOfClosedMapTargetIsoRealizationW784
audit/RequiredDeclarations.lean:1003:  LeanLCAExactChallenge.Dbounded.directFiniteShapeStableDataOfClosedEmbeddingTargetIsoRealizationW784
audit/RequiredDeclarations.lean:1005:  LeanLCAExactChallenge.Dbounded.stableBoundaryInputsOfClosedMapTargetIsoRealizationW784
audit/RequiredDeclarations.lean:1007:  LeanLCAExactChallenge.Dbounded.stableBoundaryInputsOfClosedEmbeddingTargetIsoRealizationW784
audit/RequiredDeclarations.lean:1009:  LeanLCAExactChallenge.Dbounded.acceptedStableOfClosedMapTargetIsoRealizationW784
audit/RequiredDeclarations.lean:1011:  LeanLCAExactChallenge.Dbounded.acceptedStableOfClosedEmbeddingTargetIsoRealizationW784
audit/RequiredDeclarations.lean:1013:  LeanLCAExactChallenge.Dbounded.boundedDerivedOfClosedMapTargetIsoRealizationStableBoundaryW784
audit/RequiredDeclarations.lean:1015:  LeanLCAExactChallenge.Dbounded.boundedDerivedOfClosedEmbeddingTargetIsoRealizationStableBoundaryW784
audit/OriginalFourTaskCompletionDeclarations.lean:793:  LeanLCAExactChallenge.Dbounded.directFiniteShapeStableDataOfClosedMapTargetIsoRealizationW784
audit/OriginalFourTaskCompletionDeclarations.lean:795:  LeanLCAExactChallenge.Dbounded.directFiniteShapeStableDataOfClosedEmbeddingTargetIsoRealizationW784
audit/OriginalFourTaskCompletionDeclarations.lean:797:  LeanLCAExactChallenge.Dbounded.stableBoundaryInputsOfClosedMapTargetIsoRealizationW784
audit/OriginalFourTaskCompletionDeclarations.lean:799:  LeanLCAExactChallenge.Dbounded.stableBoundaryInputsOfClosedEmbeddingTargetIsoRealizationW784
audit/OriginalFourTaskCompletionDeclarations.lean:801:  LeanLCAExactChallenge.Dbounded.acceptedStableOfClosedMapTargetIsoRealizationW784
audit/OriginalFourTaskCompletionDeclarations.lean:803:  LeanLCAExactChallenge.Dbounded.acceptedStableOfClosedEmbeddingTargetIsoRealizationW784
audit/OriginalFourTaskCompletionDeclarations.lean:805:  LeanLCAExactChallenge.Dbounded.boundedDerivedOfClosedMapTargetIsoRealizationStableBoundaryW784
audit/OriginalFourTaskCompletionDeclarations.lean:807:  LeanLCAExactChallenge.Dbounded.boundedDerivedOfClosedEmbeddingTargetIsoRealizationStableBoundaryW784
audit/ProductSuccessDeclarations.lean:9453:  #check Dbounded.directFiniteShapeStableDataOfClosedMapTargetIsoRealizationW784
audit/ProductSuccessDeclarations.lean:9455:    Dbounded.directFiniteShapeStableDataOfClosedEmbeddingTargetIsoRealizationW784
audit/ProductSuccessDeclarations.lean:9456:  #check Dbounded.stableBoundaryInputsOfClosedMapTargetIsoRealizationW784
audit/ProductSuccessDeclarations.lean:9457:  #check Dbounded.stableBoundaryInputsOfClosedEmbeddingTargetIsoRealizationW784
audit/ProductSuccessDeclarations.lean:9458:  #check Dbounded.acceptedStableOfClosedMapTargetIsoRealizationW784
audit/ProductSuccessDeclarations.lean:9459:  #check Dbounded.acceptedStableOfClosedEmbeddingTargetIsoRealizationW784
audit/ProductSuccessDeclarations.lean:9460:  #check Dbounded.boundedDerivedOfClosedMapTargetIsoRealizationStableBoundaryW784
audit/ProductSuccessDeclarations.lean:9462:    Dbounded.boundedDerivedOfClosedEmbeddingTargetIsoRealizationStableBoundaryW784
