LeanLCAExactChallenge/Derived/TargetHomologyZeroKernelCokernelTargetIsoSelectedW461RowsProductRoute.lean:159:    directFiniteShapeStableDataOfClosedMapTargetHomologyZeroKernelCokernelW788
LeanLCAExactChallenge/Derived/TargetHomologyZeroKernelCokernelTargetIsoSelectedW461RowsProductRoute.lean:168:    directFiniteShapeStableDataOfClosedEmbeddingTargetHomologyZeroKernelCokernelW788
LeanLCAExactChallenge/Derived/TargetHomologyZeroKernelCokernelTargetIsoSelectedW461RowsProductRoute.lean:178:    stableBoundaryInputsOfClosedMapTargetHomologyZeroKernelCokernelW788
LeanLCAExactChallenge/Derived/TargetHomologyZeroKernelCokernelTargetIsoSelectedW461RowsProductRoute.lean:187:    stableBoundaryInputsOfClosedEmbeddingTargetHomologyZeroKernelCokernelW788
LeanLCAExactChallenge/Derived/TargetHomologyZeroKernelCokernelTargetIsoSelectedW461RowsProductRoute.lean:196:noncomputable def acceptedStableOfClosedMapTargetHomologyZeroKernelCokernelW788
LeanLCAExactChallenge/Derived/TargetHomologyZeroKernelCokernelTargetIsoSelectedW461RowsProductRoute.lean:207:    acceptedStableOfClosedEmbeddingTargetHomologyZeroKernelCokernelW788
LeanLCAExactChallenge/Derived/TargetHomologyZeroKernelCokernelTargetIsoSelectedW461RowsProductRoute.lean:217:    boundedDerivedOfClosedMapTargetHomologyZeroKernelCokernelStableBoundaryW788
LeanLCAExactChallenge/Derived/TargetHomologyZeroKernelCokernelTargetIsoSelectedW461RowsProductRoute.lean:227:    boundedDerivedOfClosedEmbeddingTargetHomologyZeroKernelCokernelStableBoundaryW788
LeanLCAExactChallenge/Derived/TargetHomologyZeroKernelCokernelTargetIsoSelectedW461RowsProductRoute.lean:282:      "directFiniteShapeStableDataOfClosedMapTargetHomologyZeroKernelCokernelW788",
LeanLCAExactChallenge/Derived/TargetHomologyZeroKernelCokernelTargetIsoSelectedW461RowsProductRoute.lean:283:      "directFiniteShapeStableDataOfClosedEmbeddingTargetHomologyZeroKernelCokernelW788",
LeanLCAExactChallenge/Derived/TargetHomologyZeroKernelCokernelTargetIsoSelectedW461RowsProductRoute.lean:284:      "stableBoundaryInputsOfClosedMapTargetHomologyZeroKernelCokernelW788",
LeanLCAExactChallenge/Derived/TargetHomologyZeroKernelCokernelTargetIsoSelectedW461RowsProductRoute.lean:285:      "stableBoundaryInputsOfClosedEmbeddingTargetHomologyZeroKernelCokernelW788",
LeanLCAExactChallenge/Derived/TargetHomologyZeroKernelCokernelTargetIsoSelectedW461RowsProductRoute.lean:286:      "acceptedStableOfClosedMapTargetHomologyZeroKernelCokernelW788",
LeanLCAExactChallenge/Derived/TargetHomologyZeroKernelCokernelTargetIsoSelectedW461RowsProductRoute.lean:287:      "acceptedStableOfClosedEmbeddingTargetHomologyZeroKernelCokernelW788",
LeanLCAExactChallenge/Derived/TargetHomologyZeroKernelCokernelTargetIsoSelectedW461RowsProductRoute.lean:288:      "boundedDerivedOfClosedMapTargetHomologyZeroKernelCokernelStableBoundaryW788",
LeanLCAExactChallenge/Derived/TargetHomologyZeroKernelCokernelTargetIsoSelectedW461RowsProductRoute.lean:289:      "boundedDerivedOfClosedEmbeddingTargetHomologyZeroKernelCokernelStableBoundaryW788",
audit/RequiredDeclarations.lean:1069:  LeanLCAExactChallenge.Dbounded.directFiniteShapeStableDataOfClosedMapTargetHomologyZeroKernelCokernelW788
audit/RequiredDeclarations.lean:1071:  LeanLCAExactChallenge.Dbounded.directFiniteShapeStableDataOfClosedEmbeddingTargetHomologyZeroKernelCokernelW788
audit/RequiredDeclarations.lean:1073:  LeanLCAExactChallenge.Dbounded.stableBoundaryInputsOfClosedMapTargetHomologyZeroKernelCokernelW788
audit/RequiredDeclarations.lean:1075:  LeanLCAExactChallenge.Dbounded.stableBoundaryInputsOfClosedEmbeddingTargetHomologyZeroKernelCokernelW788
audit/RequiredDeclarations.lean:1077:  LeanLCAExactChallenge.Dbounded.acceptedStableOfClosedMapTargetHomologyZeroKernelCokernelW788
audit/RequiredDeclarations.lean:1079:  LeanLCAExactChallenge.Dbounded.acceptedStableOfClosedEmbeddingTargetHomologyZeroKernelCokernelW788
audit/RequiredDeclarations.lean:1081:  LeanLCAExactChallenge.Dbounded.boundedDerivedOfClosedMapTargetHomologyZeroKernelCokernelStableBoundaryW788
audit/RequiredDeclarations.lean:1083:  LeanLCAExactChallenge.Dbounded.boundedDerivedOfClosedEmbeddingTargetHomologyZeroKernelCokernelStableBoundaryW788
audit/OriginalFourTaskCompletionDeclarations.lean:861:  LeanLCAExactChallenge.Dbounded.directFiniteShapeStableDataOfClosedMapTargetHomologyZeroKernelCokernelW788
audit/OriginalFourTaskCompletionDeclarations.lean:863:  LeanLCAExactChallenge.Dbounded.directFiniteShapeStableDataOfClosedEmbeddingTargetHomologyZeroKernelCokernelW788
audit/OriginalFourTaskCompletionDeclarations.lean:865:  LeanLCAExactChallenge.Dbounded.stableBoundaryInputsOfClosedMapTargetHomologyZeroKernelCokernelW788
audit/OriginalFourTaskCompletionDeclarations.lean:867:  LeanLCAExactChallenge.Dbounded.stableBoundaryInputsOfClosedEmbeddingTargetHomologyZeroKernelCokernelW788
audit/OriginalFourTaskCompletionDeclarations.lean:869:  LeanLCAExactChallenge.Dbounded.acceptedStableOfClosedMapTargetHomologyZeroKernelCokernelW788
audit/OriginalFourTaskCompletionDeclarations.lean:871:  LeanLCAExactChallenge.Dbounded.acceptedStableOfClosedEmbeddingTargetHomologyZeroKernelCokernelW788
audit/OriginalFourTaskCompletionDeclarations.lean:873:  LeanLCAExactChallenge.Dbounded.boundedDerivedOfClosedMapTargetHomologyZeroKernelCokernelStableBoundaryW788
audit/OriginalFourTaskCompletionDeclarations.lean:875:  LeanLCAExactChallenge.Dbounded.boundedDerivedOfClosedEmbeddingTargetHomologyZeroKernelCokernelStableBoundaryW788
audit/ProductSuccessDeclarations.lean:9566:    Dbounded.directFiniteShapeStableDataOfClosedMapTargetHomologyZeroKernelCokernelW788
audit/ProductSuccessDeclarations.lean:9568:    Dbounded.directFiniteShapeStableDataOfClosedEmbeddingTargetHomologyZeroKernelCokernelW788
audit/ProductSuccessDeclarations.lean:9570:    Dbounded.stableBoundaryInputsOfClosedMapTargetHomologyZeroKernelCokernelW788
audit/ProductSuccessDeclarations.lean:9572:    Dbounded.stableBoundaryInputsOfClosedEmbeddingTargetHomologyZeroKernelCokernelW788
audit/ProductSuccessDeclarations.lean:9573:  #check Dbounded.acceptedStableOfClosedMapTargetHomologyZeroKernelCokernelW788
audit/ProductSuccessDeclarations.lean:9575:    Dbounded.acceptedStableOfClosedEmbeddingTargetHomologyZeroKernelCokernelW788
audit/ProductSuccessDeclarations.lean:9577:    Dbounded.boundedDerivedOfClosedMapTargetHomologyZeroKernelCokernelStableBoundaryW788
audit/ProductSuccessDeclarations.lean:9579:    Dbounded.boundedDerivedOfClosedEmbeddingTargetHomologyZeroKernelCokernelStableBoundaryW788
