LeanLCAExactChallenge/Derived/LeftSnakeDirectRightLcaNormalizedClosedRangeProductRoute.lean:136:noncomputable def directFiniteShapeStableDataOfClosedMapLeftSnakeDirectRightLcaW778
LeanLCAExactChallenge/Derived/LeftSnakeDirectRightLcaNormalizedClosedRangeProductRoute.lean:143:noncomputable def directFiniteShapeStableDataOfClosedEmbeddingLeftSnakeDirectRightLcaW778
LeanLCAExactChallenge/Derived/LeftSnakeDirectRightLcaNormalizedClosedRangeProductRoute.lean:150:noncomputable def stableBoundaryInputsOfClosedMapLeftSnakeDirectRightLcaW778
LeanLCAExactChallenge/Derived/LeftSnakeDirectRightLcaNormalizedClosedRangeProductRoute.lean:157:noncomputable def stableBoundaryInputsOfClosedEmbeddingLeftSnakeDirectRightLcaW778
LeanLCAExactChallenge/Derived/LeftSnakeDirectRightLcaNormalizedClosedRangeProductRoute.lean:164:noncomputable def acceptedStableOfClosedMapLeftSnakeDirectRightLcaW778
LeanLCAExactChallenge/Derived/LeftSnakeDirectRightLcaNormalizedClosedRangeProductRoute.lean:171:noncomputable def acceptedStableOfClosedEmbeddingLeftSnakeDirectRightLcaW778
LeanLCAExactChallenge/Derived/LeftSnakeDirectRightLcaNormalizedClosedRangeProductRoute.lean:178:noncomputable def boundedDerivedOfClosedMapLeftSnakeDirectRightLcaStableBoundaryW778
LeanLCAExactChallenge/Derived/LeftSnakeDirectRightLcaNormalizedClosedRangeProductRoute.lean:186:noncomputable def boundedDerivedOfClosedEmbeddingLeftSnakeDirectRightLcaStableBoundaryW778
LeanLCAExactChallenge/Derived/LeftSnakeDirectRightLcaNormalizedClosedRangeProductRoute.lean:241:      "directFiniteShapeStableDataOfClosedMapLeftSnakeDirectRightLcaW778",
LeanLCAExactChallenge/Derived/LeftSnakeDirectRightLcaNormalizedClosedRangeProductRoute.lean:242:      "directFiniteShapeStableDataOfClosedEmbeddingLeftSnakeDirectRightLcaW778",
LeanLCAExactChallenge/Derived/LeftSnakeDirectRightLcaNormalizedClosedRangeProductRoute.lean:243:      "stableBoundaryInputsOfClosedMapLeftSnakeDirectRightLcaW778",
LeanLCAExactChallenge/Derived/LeftSnakeDirectRightLcaNormalizedClosedRangeProductRoute.lean:244:      "stableBoundaryInputsOfClosedEmbeddingLeftSnakeDirectRightLcaW778",
LeanLCAExactChallenge/Derived/LeftSnakeDirectRightLcaNormalizedClosedRangeProductRoute.lean:245:      "acceptedStableOfClosedMapLeftSnakeDirectRightLcaW778",
LeanLCAExactChallenge/Derived/LeftSnakeDirectRightLcaNormalizedClosedRangeProductRoute.lean:246:      "acceptedStableOfClosedEmbeddingLeftSnakeDirectRightLcaW778",
LeanLCAExactChallenge/Derived/LeftSnakeDirectRightLcaNormalizedClosedRangeProductRoute.lean:247:      "boundedDerivedOfClosedMapLeftSnakeDirectRightLcaStableBoundaryW778",
LeanLCAExactChallenge/Derived/LeftSnakeDirectRightLcaNormalizedClosedRangeProductRoute.lean:248:      "boundedDerivedOfClosedEmbeddingLeftSnakeDirectRightLcaStableBoundaryW778",
audit/RequiredDeclarations.lean:899:  LeanLCAExactChallenge.Dbounded.directFiniteShapeStableDataOfClosedMapLeftSnakeDirectRightLcaW778
audit/RequiredDeclarations.lean:901:  LeanLCAExactChallenge.Dbounded.directFiniteShapeStableDataOfClosedEmbeddingLeftSnakeDirectRightLcaW778
audit/RequiredDeclarations.lean:903:  LeanLCAExactChallenge.Dbounded.stableBoundaryInputsOfClosedMapLeftSnakeDirectRightLcaW778
audit/RequiredDeclarations.lean:905:  LeanLCAExactChallenge.Dbounded.stableBoundaryInputsOfClosedEmbeddingLeftSnakeDirectRightLcaW778
audit/RequiredDeclarations.lean:907:  LeanLCAExactChallenge.Dbounded.acceptedStableOfClosedMapLeftSnakeDirectRightLcaW778
audit/RequiredDeclarations.lean:909:  LeanLCAExactChallenge.Dbounded.acceptedStableOfClosedEmbeddingLeftSnakeDirectRightLcaW778
audit/RequiredDeclarations.lean:911:  LeanLCAExactChallenge.Dbounded.boundedDerivedOfClosedMapLeftSnakeDirectRightLcaStableBoundaryW778
audit/RequiredDeclarations.lean:913:  LeanLCAExactChallenge.Dbounded.boundedDerivedOfClosedEmbeddingLeftSnakeDirectRightLcaStableBoundaryW778
audit/OriginalFourTaskCompletionDeclarations.lean:691:  LeanLCAExactChallenge.Dbounded.directFiniteShapeStableDataOfClosedMapLeftSnakeDirectRightLcaW778
audit/OriginalFourTaskCompletionDeclarations.lean:693:  LeanLCAExactChallenge.Dbounded.directFiniteShapeStableDataOfClosedEmbeddingLeftSnakeDirectRightLcaW778
audit/OriginalFourTaskCompletionDeclarations.lean:695:  LeanLCAExactChallenge.Dbounded.stableBoundaryInputsOfClosedMapLeftSnakeDirectRightLcaW778
audit/OriginalFourTaskCompletionDeclarations.lean:697:  LeanLCAExactChallenge.Dbounded.stableBoundaryInputsOfClosedEmbeddingLeftSnakeDirectRightLcaW778
audit/OriginalFourTaskCompletionDeclarations.lean:699:  LeanLCAExactChallenge.Dbounded.acceptedStableOfClosedMapLeftSnakeDirectRightLcaW778
audit/OriginalFourTaskCompletionDeclarations.lean:701:  LeanLCAExactChallenge.Dbounded.acceptedStableOfClosedEmbeddingLeftSnakeDirectRightLcaW778
audit/OriginalFourTaskCompletionDeclarations.lean:703:  LeanLCAExactChallenge.Dbounded.boundedDerivedOfClosedMapLeftSnakeDirectRightLcaStableBoundaryW778
audit/OriginalFourTaskCompletionDeclarations.lean:705:  LeanLCAExactChallenge.Dbounded.boundedDerivedOfClosedEmbeddingLeftSnakeDirectRightLcaStableBoundaryW778
audit/ProductSuccessDeclarations.lean:9279:    Dbounded.directFiniteShapeStableDataOfClosedMapLeftSnakeDirectRightLcaW778
audit/ProductSuccessDeclarations.lean:9281:    Dbounded.directFiniteShapeStableDataOfClosedEmbeddingLeftSnakeDirectRightLcaW778
audit/ProductSuccessDeclarations.lean:9283:    Dbounded.stableBoundaryInputsOfClosedMapLeftSnakeDirectRightLcaW778
audit/ProductSuccessDeclarations.lean:9285:    Dbounded.stableBoundaryInputsOfClosedEmbeddingLeftSnakeDirectRightLcaW778
audit/ProductSuccessDeclarations.lean:9287:    Dbounded.acceptedStableOfClosedMapLeftSnakeDirectRightLcaW778
audit/ProductSuccessDeclarations.lean:9289:    Dbounded.acceptedStableOfClosedEmbeddingLeftSnakeDirectRightLcaW778
audit/ProductSuccessDeclarations.lean:9291:    Dbounded.boundedDerivedOfClosedMapLeftSnakeDirectRightLcaStableBoundaryW778
audit/ProductSuccessDeclarations.lean:9293:    Dbounded.boundedDerivedOfClosedEmbeddingLeftSnakeDirectRightLcaStableBoundaryW778
