checkpoint=w_clean_20260607_w780_closed_quotient_epi_boundary
terminal_outcome=nonterminal
product_success=false
overall=0

commands:
- lake env lean LeanLCAExactChallenge/Derived/ClosedQuotientEpiDirectComparisonLeftSnakeProductRoute.lean
- lake build LeanLCAExactChallenge.Derived.ClosedQuotientEpiDirectComparisonLeftSnakeProductRoute
- lake env lean audit/RequiredDeclarations.lean
- lake env lean audit/ProductSuccessDeclarations.lean
- lake env lean audit/OriginalFourTaskCompletionDeclarations.lean
- git diff --check
- scripts/audit_no_forbidden_lean_tokens.sh LeanLCAExactChallenge/Derived/ClosedQuotientEpiDirectComparisonLeftSnakeProductRoute.lean

results:
- W780 Lean file: exit 0, no output.
- W780 Lake build: exit 0; dependency warnings are pre-existing and the local W780 warning scan is empty.
- RequiredDeclarations: exit 0.
- ProductSuccessDeclarations: exit 0.
- OriginalFourTaskCompletionDeclarations: exit 0.
- git diff --check: exit 0.
- forbidden Lean token audit: exit 0.
- declaration presence scan: all 8 W780 stable-boundary declarations found in source and audit surfaces.
- true/product-success scan: empty.
- terminal false scan: productSuccessClaimed remains false and terminal_outcome remains nonterminal.

notes:
- This checkpoint connects W780 closed-quotient/Epi direct-comparison left/Snake branch data to the existing W779/W778/W774/W773/W769 canonical stable-boundary gate. It does not claim full product success.
