completion claim post scan for W810 iso closure strict realization terminal stable boundary
LeanLCAExactChallenge/Derived/IsoClosureStrictRealizationTerminalProductRoute.lean:191:  productSuccessClaimed : Bool
LeanLCAExactChallenge/Derived/IsoClosureStrictRealizationTerminalProductRoute.lean:235:  productSuccessClaimed := false
LeanLCAExactChallenge/Derived/IsoClosureStrictRealizationTerminalProductRoute.lean:240:      state.productSuccessClaimed) =
run/w_clean_20260607_w810_iso_closure_strict_realization_terminal_boundary_checkpoint.md:5:Changed files: `LeanLCAExactChallenge/Derived/IsoClosureStrictRealizationTerminalProductRoute.lean`, `audit/RequiredDeclarations.lean`, `audit/ProductSuccessDeclarations.lean`, `audit/OriginalFourTaskCompletionDeclarations.lean`, `run/goal_identity_20260602_human_centered_positive_witness.json`, and W810 verification logs under `run/`.
run/w_clean_20260607_w810_iso_closure_strict_realization_terminal_boundary_checkpoint.md:13:Still carried: universal comparison isomorphism, concrete W735 branch, and W651 exact-acyclic homotopy-object iso-closure strict realization data. Product success is not claimed.
run/w_clean_20260607_w810_iso_closure_strict_realization_terminal_boundary_checkpoint.md:22:git diff --check -- LeanLCAExactChallenge/Derived/IsoClosureStrictRealizationTerminalProductRoute.lean audit/RequiredDeclarations.lean audit/ProductSuccessDeclarations.lean audit/OriginalFourTaskCompletionDeclarations.lean
run/w_clean_20260607_w810_iso_closure_strict_realization_terminal_boundary_checkpoint.md:25:lake env lean audit/ProductSuccessDeclarations.lean
run/w_clean_20260607_w810_iso_closure_strict_realization_terminal_boundary_checkpoint.md:31:Completion claim status: `productSuccessClaimed := false`; no product-success completion claim was introduced.
audit/ProductSuccessDeclarations.lean:23340:#check LeanLCAExactChallenge.Dbounded.originalFourTaskContractCompletion_productSuccessClaimed
audit/OriginalFourTaskCompletionDeclarations.lean:1375:    Dbounded.currentMetrizableSemanticStableRouteState.productSuccessClaimed = false :=
audit/OriginalFourTaskCompletionDeclarations.lean:1571:    Dbounded.currentMetrizableSelectedCochainClosed2RouteStateW848.productSuccessClaimed =
audit/OriginalFourTaskCompletionDeclarations.lean:1581:    Dbounded.currentMetrizableSelectedCochainExactInputsRouteStateW849.productSuccessClaimed =
audit/OriginalFourTaskCompletionDeclarations.lean:1591:    Dbounded.currentMetrizableExactInputsSelectedCochainDirectSourceStableRouteStateW850.productSuccessClaimed =
audit/OriginalFourTaskCompletionDeclarations.lean:1601:    Dbounded.currentMetrizableComparisonSelectedCochainStableRouteStateW851.productSuccessClaimed =
audit/OriginalFourTaskCompletionDeclarations.lean:1611:    Dbounded.currentMetrizableRouteDataSelectedCochainStableRouteStateW852.productSuccessClaimed =
audit/OriginalFourTaskCompletionDeclarations.lean:1621:    Dbounded.currentMetrizableHomologyFreeSelectedCochainStableRouteStateW853.productSuccessClaimed =
audit/OriginalFourTaskCompletionDeclarations.lean:1631:    Dbounded.currentMetrizableHomologyFreeProviderFromRouteDataStateW854.productSuccessClaimed =
audit/OriginalFourTaskCompletionDeclarations.lean:1640:    Dbounded.currentMetrizableComparisonBijectivityRouteDataProviderStateW855.productSuccessClaimed =
audit/OriginalFourTaskCompletionDeclarations.lean:1653:    Dbounded.currentMetrizableEndpointFactsHomologyFreeRouteDataStateW856.productSuccessClaimed =
audit/OriginalFourTaskCompletionDeclarations.lean:1670:    Dbounded.currentMetrizableEndpointKernelCokernelFromClosednessBranchStateW857.productSuccessClaimed =
audit/OriginalFourTaskCompletionDeclarations.lean:1684:    Dbounded.currentMetrizableEndpointKernelCokernelLocalizedRouteStateW858.productSuccessClaimed =
audit/OriginalFourTaskCompletionDeclarations.lean:1703:    Dbounded.currentMetrizableClosednessBranchTargetExactAtRouteStateW859.productSuccessClaimed =
audit/OriginalFourTaskCompletionDeclarations.lean:1718:    Dbounded.currentMetrizableEndpointLocalizedClosednessBranchTargetExactAtRouteStateW860.productSuccessClaimed =
audit/OriginalFourTaskCompletionDeclarations.lean:1733:    Dbounded.currentMetrizableConcreteLeavesTargetExactAtRouteStateW861.productSuccessClaimed =
audit/OriginalFourTaskCompletionDeclarations.lean:1750:      state.productSuccessClaimed) =
audit/OriginalFourTaskCompletionDeclarations.lean:1766:      state.productSuccessClaimed) =
audit/OriginalFourTaskCompletionDeclarations.lean:1783:      state.productSuccessClaimed) =
audit/OriginalFourTaskCompletionDeclarations.lean:1800:      state.productSuccessClaimed) =
audit/OriginalFourTaskCompletionDeclarations.lean:1817:      state.productSuccessClaimed) =
audit/OriginalFourTaskCompletionDeclarations.lean:1834:      state.productSuccessClaimed) =
audit/OriginalFourTaskCompletionDeclarations.lean:1851:      state.productSuccessClaimed) =
audit/OriginalFourTaskCompletionDeclarations.lean:1863:      state.productSuccessClaimed) =
audit/OriginalFourTaskCompletionDeclarations.lean:1875:      state.productSuccessClaimed) =
audit/OriginalFourTaskCompletionDeclarations.lean:1887:      state.productSuccessClaimed) =
audit/OriginalFourTaskCompletionDeclarations.lean:1899:      state.productSuccessClaimed) =
audit/OriginalFourTaskCompletionDeclarations.lean:1911:      state.productSuccessClaimed) =
audit/OriginalFourTaskCompletionDeclarations.lean:1923:      state.productSuccessClaimed) =
audit/OriginalFourTaskCompletionDeclarations.lean:1932:    Dbounded.currentMetrizableW732SelectedCochainStableExactAtRouteStateW875.productSuccessClaimed =
audit/OriginalFourTaskCompletionDeclarations.lean:1941:    Dbounded.currentMetrizableW735W732SelectedCochainStableExactAtRouteStateW876.productSuccessClaimed =
audit/OriginalFourTaskCompletionDeclarations.lean:1951:    Dbounded.currentMetrizableConcreteLeavesSelectedCochainStableExactAtRouteStateW877.productSuccessClaimed =
audit/OriginalFourTaskCompletionDeclarations.lean:1967:    Dbounded.currentMetrizableSelectedCochainConcreteLeavesStableExactAtRouteStateW878.productSuccessClaimed =
audit/OriginalFourTaskCompletionDeclarations.lean:1982:    Dbounded.currentMetrizableComparisonConcreteLeavesStableExactAtRouteStateW879.productSuccessClaimed =
audit/OriginalFourTaskCompletionDeclarations.lean:1997:    Dbounded.currentMetrizableHomologyFreeComparisonConcreteLeavesStableExactAtRouteStateW880.productSuccessClaimed =
audit/OriginalFourTaskCompletionDeclarations.lean:2012:    Dbounded.currentMetrizableEndpointLocalizedComparisonConcreteLeavesStableExactAtRouteStateW881.productSuccessClaimed =
audit/OriginalFourTaskCompletionDeclarations.lean:2027:    Dbounded.currentMetrizableW732ComparisonConcreteLeavesStableExactAtRouteStateW882.productSuccessClaimed =
audit/OriginalFourTaskCompletionDeclarations.lean:2037:    Dbounded.currentMetrizableConcreteLeavesComparisonStableExactAtRouteStateW883.productSuccessClaimed =
audit/OriginalFourTaskCompletionDeclarations.lean:2053:    Dbounded.currentMetrizableSourceTriangulationComparisonStableExactAtRouteStateW884.productSuccessClaimed =
audit/OriginalFourTaskCompletionDeclarations.lean:2069:    Dbounded.currentMetrizableSourceTriangulationFieldsComparisonStableExactAtRouteStateW885.productSuccessClaimed =
audit/OriginalFourTaskCompletionDeclarations.lean:2085:    Dbounded.currentMetrizableEndpointFieldsComparisonStableExactAtRouteStateW886.productSuccessClaimed =
audit/OriginalFourTaskCompletionDeclarations.lean:2101:    Dbounded.currentMetrizableLocalizedRightAdjointFieldsComparisonStableExactAtRouteStateW887.productSuccessClaimed =
audit/OriginalFourTaskCompletionDeclarations.lean:2117:    Dbounded.currentMetrizableNormalizedFixedTargetFieldsComparisonStableExactAtRouteStateW888.productSuccessClaimed =
audit/OriginalFourTaskCompletionDeclarations.lean:2133:    Dbounded.currentMetrizableNormalizedLiftBlueprintFieldsComparisonStableExactAtRouteStateW889.productSuccessClaimed =
audit/OriginalFourTaskCompletionDeclarations.lean:2149:    Dbounded.currentMetrizableStrictRepresentativeFieldsComparisonStableExactAtRouteStateW890.productSuccessClaimed =
audit/OriginalFourTaskCompletionDeclarations.lean:2165:    Dbounded.currentMetrizableStrictPreimageObjectFieldsComparisonStableExactAtRouteStateW891.productSuccessClaimed =
audit/OriginalFourTaskCompletionDeclarations.lean:2181:    Dbounded.currentMetrizableStrictPreimageMapFieldsComparisonStableExactAtRouteStateW892.productSuccessClaimed =
audit/OriginalFourTaskCompletionDeclarations.lean:2197:    Dbounded.currentMetrizableBoundaryFieldsComparisonStableExactAtRouteStateW893.productSuccessClaimed =
audit/OriginalFourTaskCompletionDeclarations.lean:2213:    Dbounded.currentMetrizableRelationFieldsComparisonStableExactAtRouteStateW894.productSuccessClaimed =
audit/OriginalFourTaskCompletionDeclarations.lean:2229:    Dbounded.currentMetrizableTargetSurjectiveCompactFieldsComparisonStableExactAtRouteStateW895.productSuccessClaimed =
audit/OriginalFourTaskCompletionDeclarations.lean:2245:    Dbounded.currentMetrizableClosedMapClosednessFieldsComparisonStableExactAtRouteStateW896.productSuccessClaimed =
audit/OriginalFourTaskCompletionDeclarations.lean:2261:    Dbounded.currentMetrizableClosedEmbeddingClosednessFieldsComparisonStableExactAtRouteStateW897.productSuccessClaimed =
audit/OriginalFourTaskCompletionDeclarations.lean:2277:    Dbounded.currentMetrizableClosedEmbeddingEndpointHomologyFreeComparisonStableExactAtRouteStateW898.productSuccessClaimed =
audit/OriginalFourTaskCompletionDeclarations.lean:2293:    Dbounded.currentMetrizableClosedMapEndpointHomologyFreeComparisonStableExactAtRouteStateW899.productSuccessClaimed =
audit/OriginalFourTaskCompletionDeclarations.lean:2310:    Dbounded.currentMetrizableClosedMapEndpointLocalizedAdjointRouteStateW900.productSuccessClaimed =
audit/OriginalFourTaskCompletionDeclarations.lean:2326:    Dbounded.currentMetrizableClosedMapSourceTriangulationEndpointFactsRouteStateW901.productSuccessClaimed =
audit/OriginalFourTaskCompletionDeclarations.lean:2342:    Dbounded.currentMetrizableClosedMapBoundaryDataSourceTriangulationEndpointFactsRouteStateW902.productSuccessClaimed =
audit/OriginalFourTaskCompletionDeclarations.lean:2358:    Dbounded.currentMetrizableClosedMapRelationDataBoundaryEndpointFactsRouteStateW903.productSuccessClaimed =
audit/OriginalFourTaskCompletionDeclarations.lean:2374:    Dbounded.currentMetrizableClosedMapTargetDataEndpointFactsRouteStateW904.productSuccessClaimed =
audit/OriginalFourTaskCompletionDeclarations.lean:2390:    Dbounded.currentMetrizableClosedMapMappedCokernelFieldTargetDataRouteStateW905.productSuccessClaimed =
audit/OriginalFourTaskCompletionDeclarations.lean:2406:    Dbounded.currentMetrizableClosedMapComponentFieldsMappedCokernelFieldTargetDataRouteStateW906.productSuccessClaimed =
audit/OriginalFourTaskCompletionDeclarations.lean:2420:    Dbounded.currentMetrizableClosedMapBoundaryFieldsRouteStateW907.productSuccessClaimed =
audit/OriginalFourTaskCompletionDeclarations.lean:2434:    Dbounded.currentMetrizableClosedMapRelationFieldsRouteStateW908.productSuccessClaimed =
audit/OriginalFourTaskCompletionDeclarations.lean:2448:    Dbounded.currentMetrizableClosedMapTargetFieldsRouteStateW909.productSuccessClaimed =
audit/OriginalFourTaskCompletionDeclarations.lean:2462:    Dbounded.currentMetrizableClosedMapSourceFieldsRouteStateW910.productSuccessClaimed =
audit/OriginalFourTaskCompletionDeclarations.lean:2476:    Dbounded.currentMetrizableClosedMapEndpointFieldsRouteStateW911.productSuccessClaimed =
audit/OriginalFourTaskCompletionDeclarations.lean:2490:    Dbounded.currentMetrizableClosedMapLocalizedRightAdjointFieldsRouteStateW912.productSuccessClaimed =
audit/OriginalFourTaskCompletionDeclarations.lean:2504:    Dbounded.currentMetrizableClosedMapFixedTargetUniqFieldsRouteStateW913.productSuccessClaimed =
audit/OriginalFourTaskCompletionDeclarations.lean:2518:    Dbounded.currentMetrizableClosedMapSelectedDifferenceFieldsRouteStateW914.productSuccessClaimed =
audit/OriginalFourTaskCompletionDeclarations.lean:2532:    Dbounded.currentMetrizableClosedMapTargetRawFieldsRouteStateW915.productSuccessClaimed =
audit/OriginalFourTaskCompletionDeclarations.lean:2546:    Dbounded.currentMetrizableClosedMapRelationRawFieldsRouteStateW916.productSuccessClaimed =
audit/OriginalFourTaskCompletionDeclarations.lean:2560:    Dbounded.currentMetrizableClosedMapBoundaryRawFieldsRouteStateW917.productSuccessClaimed =
audit/OriginalFourTaskCompletionDeclarations.lean:2574:    Dbounded.currentMetrizableClosedMapTriangleCompletionRawFieldBoundaryRawFieldsRouteStateW918.productSuccessClaimed =
audit/OriginalFourTaskCompletionDeclarations.lean:2588:    Dbounded.currentMetrizableClosedMapSourceRawFieldsRouteStateW919.productSuccessClaimed =
audit/OriginalFourTaskCompletionDeclarations.lean:2602:    Dbounded.currentMetrizableClosedMapRelationPrimitiveFieldsRouteStateW920.productSuccessClaimed =
audit/OriginalFourTaskCompletionDeclarations.lean:2618:      state.productSuccessClaimed) =
audit/OriginalFourTaskCompletionDeclarations.lean:2634:      state.productSuccessClaimed) =
audit/OriginalFourTaskCompletionDeclarations.lean:2650:      state.productSuccessClaimed) =
audit/OriginalFourTaskCompletionDeclarations.lean:2666:      state.productSuccessClaimed) =
audit/OriginalFourTaskCompletionDeclarations.lean:2682:      state.productSuccessClaimed) =
audit/OriginalFourTaskCompletionDeclarations.lean:2698:      state.productSuccessClaimed) =
audit/OriginalFourTaskCompletionDeclarations.lean:2714:      state.productSuccessClaimed) =
audit/OriginalFourTaskCompletionDeclarations.lean:2730:      state.productSuccessClaimed) =
audit/OriginalFourTaskCompletionDeclarations.lean:2746:      state.productSuccessClaimed) =
audit/OriginalFourTaskCompletionDeclarations.lean:2762:      state.productSuccessClaimed) =
audit/OriginalFourTaskCompletionDeclarations.lean:2778:      state.productSuccessClaimed) =
audit/OriginalFourTaskCompletionDeclarations.lean:2794:      state.productSuccessClaimed) =
audit/OriginalFourTaskCompletionDeclarations.lean:2810:      state.productSuccessClaimed) =
audit/OriginalFourTaskCompletionDeclarations.lean:2826:      state.productSuccessClaimed) =
audit/OriginalFourTaskCompletionDeclarations.lean:2842:      state.productSuccessClaimed) =
audit/OriginalFourTaskCompletionDeclarations.lean:2858:      state.productSuccessClaimed) =
audit/OriginalFourTaskCompletionDeclarations.lean:2874:      state.productSuccessClaimed) =
audit/OriginalFourTaskCompletionDeclarations.lean:2890:      state.productSuccessClaimed) =
audit/OriginalFourTaskCompletionDeclarations.lean:2906:      state.productSuccessClaimed) =
audit/OriginalFourTaskCompletionDeclarations.lean:2922:      state.productSuccessClaimed) =
audit/OriginalFourTaskCompletionDeclarations.lean:2938:      state.productSuccessClaimed) =
audit/OriginalFourTaskCompletionDeclarations.lean:2954:      state.productSuccessClaimed) =
audit/OriginalFourTaskCompletionDeclarations.lean:2970:      state.productSuccessClaimed) =
audit/OriginalFourTaskCompletionDeclarations.lean:2986:      state.productSuccessClaimed) =
audit/OriginalFourTaskCompletionDeclarations.lean:3003:      state.productSuccessClaimed) =
audit/OriginalFourTaskCompletionDeclarations.lean:3019:      state.productSuccessClaimed) =
audit/OriginalFourTaskCompletionDeclarations.lean:3035:      state.productSuccessClaimed) =
audit/OriginalFourTaskCompletionDeclarations.lean:3051:      state.productSuccessClaimed) =
audit/OriginalFourTaskCompletionDeclarations.lean:3067:      state.productSuccessClaimed) =
audit/OriginalFourTaskCompletionDeclarations.lean:3083:      state.productSuccessClaimed) =
audit/OriginalFourTaskCompletionDeclarations.lean:3099:      state.productSuccessClaimed) =
audit/OriginalFourTaskCompletionDeclarations.lean:3115:      state.productSuccessClaimed) =
audit/OriginalFourTaskCompletionDeclarations.lean:3131:      state.productSuccessClaimed) =
audit/OriginalFourTaskCompletionDeclarations.lean:3147:      state.productSuccessClaimed) =
audit/OriginalFourTaskCompletionDeclarations.lean:3163:      state.productSuccessClaimed) =
audit/OriginalFourTaskCompletionDeclarations.lean:3179:      state.productSuccessClaimed) =
audit/OriginalFourTaskCompletionDeclarations.lean:3195:      state.productSuccessClaimed) =
audit/OriginalFourTaskCompletionDeclarations.lean:3211:      state.productSuccessClaimed) =
audit/OriginalFourTaskCompletionDeclarations.lean:3226:      state.productSuccessClaimed) =
audit/OriginalFourTaskCompletionDeclarations.lean:3241:      state.productSuccessClaimed) =
audit/OriginalFourTaskCompletionDeclarations.lean:3256:      state.productSuccessClaimed) =
audit/OriginalFourTaskCompletionDeclarations.lean:3271:      state.productSuccessClaimed) =
audit/OriginalFourTaskCompletionDeclarations.lean:3286:      state.productSuccessClaimed) =
audit/OriginalFourTaskCompletionDeclarations.lean:3302:      state.productSuccessClaimed) =
audit/OriginalFourTaskCompletionDeclarations.lean:3319:      state.productSuccessClaimed) =
audit/OriginalFourTaskCompletionDeclarations.lean:3336:      state.productSuccessClaimed) =
audit/OriginalFourTaskCompletionDeclarations.lean:3353:      state.productSuccessClaimed) =
audit/OriginalFourTaskCompletionDeclarations.lean:3372:      state.productSuccessClaimed) =
audit/OriginalFourTaskCompletionDeclarations.lean:3392:      state.productSuccessClaimed) =
audit/OriginalFourTaskCompletionDeclarations.lean:3413:      state.productSuccessClaimed) =
audit/OriginalFourTaskCompletionDeclarations.lean:3434:      state.productSuccessClaimed) =
audit/OriginalFourTaskCompletionDeclarations.lean:3455:      state.productSuccessClaimed) =
audit/OriginalFourTaskCompletionDeclarations.lean:3476:      state.productSuccessClaimed) =
audit/OriginalFourTaskCompletionDeclarations.lean:3496:      state.productSuccessClaimed) =
audit/OriginalFourTaskCompletionDeclarations.lean:3516:      state.productSuccessClaimed) =
audit/OriginalFourTaskCompletionDeclarations.lean:3536:      state.productSuccessClaimed) =
audit/OriginalFourTaskCompletionDeclarations.lean:3556:      state.productSuccessClaimed) =
audit/OriginalFourTaskCompletionDeclarations.lean:3576:      state.productSuccessClaimed) =
audit/OriginalFourTaskCompletionDeclarations.lean:3596:      state.productSuccessClaimed) =
audit/OriginalFourTaskCompletionDeclarations.lean:3617:      state.productSuccessClaimed) =
audit/OriginalFourTaskCompletionDeclarations.lean:3644:      state.productSuccessClaimed) =
audit/OriginalFourTaskCompletionDeclarations.lean:3668:      state.productSuccessClaimed) =
audit/OriginalFourTaskCompletionDeclarations.lean:3689:      state.productSuccessClaimed) =
audit/OriginalFourTaskCompletionDeclarations.lean:3719:      state.productSuccessClaimed) =
audit/OriginalFourTaskCompletionDeclarations.lean:3742:      state.productSuccessClaimed) =
audit/OriginalFourTaskCompletionDeclarations.lean:3768:      state.productSuccessClaimed) =
audit/OriginalFourTaskCompletionDeclarations.lean:3791:      state.productSuccessClaimed) =
audit/OriginalFourTaskCompletionDeclarations.lean:3815:      state.productSuccessClaimed) =
audit/OriginalFourTaskCompletionDeclarations.lean:3837:      state.productSuccessClaimed) =
audit/OriginalFourTaskCompletionDeclarations.lean:3861:      state.productSuccessClaimed) =
audit/OriginalFourTaskCompletionDeclarations.lean:3883:      state.productSuccessClaimed) =
audit/OriginalFourTaskCompletionDeclarations.lean:3905:      state.productSuccessClaimed) =
audit/OriginalFourTaskCompletionDeclarations.lean:3929:      state.productSuccessClaimed) =
audit/OriginalFourTaskCompletionDeclarations.lean:3954:      state.productSuccessClaimed) =
audit/OriginalFourTaskCompletionDeclarations.lean:3981:      state.productSuccessClaimed) =
audit/OriginalFourTaskCompletionDeclarations.lean:4009:      state.productSuccessClaimed) =
audit/OriginalFourTaskCompletionDeclarations.lean:4037:      state.productSuccessClaimed) =
audit/OriginalFourTaskCompletionDeclarations.lean:4066:      state.productSuccessClaimed) =
audit/OriginalFourTaskCompletionDeclarations.lean:4101:      state.productSuccessClaimed) =
audit/OriginalFourTaskCompletionDeclarations.lean:4129:      state.productSuccessClaimed) =
audit/OriginalFourTaskCompletionDeclarations.lean:4157:      state.productSuccessClaimed) =
audit/OriginalFourTaskCompletionDeclarations.lean:4184:      state.productSuccessClaimed) =
audit/OriginalFourTaskCompletionDeclarations.lean:4212:      state.productSuccessClaimed) =
audit/OriginalFourTaskCompletionDeclarations.lean:4243:      state.productSuccessClaimed) =
audit/OriginalFourTaskCompletionDeclarations.lean:4275:      state.productSuccessClaimed) =
audit/OriginalFourTaskCompletionDeclarations.lean:4308:      state.productSuccessClaimed) =
audit/OriginalFourTaskCompletionDeclarations.lean:4346:      state.productSuccessClaimed) =
audit/OriginalFourTaskCompletionDeclarations.lean:4384:      state.productSuccessClaimed) =
audit/OriginalFourTaskCompletionDeclarations.lean:4422:      state.productSuccessClaimed) =
audit/OriginalFourTaskCompletionDeclarations.lean:4461:      state.productSuccessClaimed) =
audit/OriginalFourTaskCompletionDeclarations.lean:4501:      state.productSuccessClaimed) =
audit/OriginalFourTaskCompletionDeclarations.lean:4541:      state.productSuccessClaimed) =
audit/OriginalFourTaskCompletionDeclarations.lean:4583:      state.productSuccessClaimed) =
audit/OriginalFourTaskCompletionDeclarations.lean:4605:      state.productSuccessClaimed) =
audit/OriginalFourTaskCompletionDeclarations.lean:4629:      state.productSuccessClaimed) =
audit/OriginalFourTaskCompletionDeclarations.lean:4653:      state.productSuccessClaimed) =
audit/OriginalFourTaskCompletionDeclarations.lean:4678:      state.productSuccessClaimed) =
audit/OriginalFourTaskCompletionDeclarations.lean:4703:      state.productSuccessClaimed) =
audit/OriginalFourTaskCompletionDeclarations.lean:4729:      state.productSuccessClaimed) =
audit/OriginalFourTaskCompletionDeclarations.lean:4756:      state.productSuccessClaimed) =
audit/OriginalFourTaskCompletionDeclarations.lean:4784:      state.productSuccessClaimed) =
audit/OriginalFourTaskCompletionDeclarations.lean:4813:      state.productSuccessClaimed) =
audit/OriginalFourTaskCompletionDeclarations.lean:4842:      state.productSuccessClaimed) =
audit/OriginalFourTaskCompletionDeclarations.lean:4871:      state.productSuccessClaimed) =
audit/OriginalFourTaskCompletionDeclarations.lean:4900:      state.productSuccessClaimed) =
audit/OriginalFourTaskCompletionDeclarations.lean:4930:      state.productSuccessClaimed) =
audit/OriginalFourTaskCompletionDeclarations.lean:4961:      state.productSuccessClaimed) =
audit/OriginalFourTaskCompletionDeclarations.lean:4993:      state.productSuccessClaimed) =
audit/OriginalFourTaskCompletionDeclarations.lean:5026:      state.productSuccessClaimed) =
audit/OriginalFourTaskCompletionDeclarations.lean:5060:      state.productSuccessClaimed) =
audit/OriginalFourTaskCompletionDeclarations.lean:5095:      state.productSuccessClaimed) =
audit/OriginalFourTaskCompletionDeclarations.lean:5131:      state.productSuccessClaimed) =
audit/OriginalFourTaskCompletionDeclarations.lean:5169:      state.productSuccessClaimed) =
audit/OriginalFourTaskCompletionDeclarations.lean:5207:      state.productSuccessClaimed) =
audit/OriginalFourTaskCompletionDeclarations.lean:5246:      state.productSuccessClaimed) =
audit/OriginalFourTaskCompletionDeclarations.lean:5286:      state.productSuccessClaimed) =
audit/OriginalFourTaskCompletionDeclarations.lean:5327:      state.productSuccessClaimed) =
audit/OriginalFourTaskCompletionDeclarations.lean:5369:      state.productSuccessClaimed) =
audit/OriginalFourTaskCompletionDeclarations.lean:5412:      state.productSuccessClaimed) =
audit/OriginalFourTaskCompletionDeclarations.lean:5456:      state.productSuccessClaimed) =
audit/OriginalFourTaskCompletionDeclarations.lean:5501:      state.productSuccessClaimed) =
audit/OriginalFourTaskCompletionDeclarations.lean:5548:      state.productSuccessClaimed) =
audit/OriginalFourTaskCompletionDeclarations.lean:5586:      state.productSuccessClaimed) =
audit/OriginalFourTaskCompletionDeclarations.lean:5625:      state.productSuccessClaimed) =
audit/OriginalFourTaskCompletionDeclarations.lean:5665:      state.productSuccessClaimed) =
audit/OriginalFourTaskCompletionDeclarations.lean:5706:      state.productSuccessClaimed) =
audit/OriginalFourTaskCompletionDeclarations.lean:5748:      state.productSuccessClaimed) =
audit/OriginalFourTaskCompletionDeclarations.lean:5791:      state.productSuccessClaimed) =
audit/OriginalFourTaskCompletionDeclarations.lean:5835:      state.productSuccessClaimed) =
audit/OriginalFourTaskCompletionDeclarations.lean:5880:      state.productSuccessClaimed) =
audit/OriginalFourTaskCompletionDeclarations.lean:5926:      state.productSuccessClaimed) =
audit/OriginalFourTaskCompletionDeclarations.lean:5964:      state.productSuccessClaimed) =
audit/OriginalFourTaskCompletionDeclarations.lean:6003:      state.productSuccessClaimed) =
audit/OriginalFourTaskCompletionDeclarations.lean:6043:      state.productSuccessClaimed) =
audit/OriginalFourTaskCompletionDeclarations.lean:6084:      state.productSuccessClaimed) =
audit/OriginalFourTaskCompletionDeclarations.lean:6126:      state.productSuccessClaimed) =
audit/OriginalFourTaskCompletionDeclarations.lean:6169:      state.productSuccessClaimed) =
audit/OriginalFourTaskCompletionDeclarations.lean:6213:      state.productSuccessClaimed) =
audit/OriginalFourTaskCompletionDeclarations.lean:6258:      state.productSuccessClaimed) =
audit/OriginalFourTaskCompletionDeclarations.lean:6304:      state.productSuccessClaimed) =
audit/OriginalFourTaskCompletionDeclarations.lean:6343:      state.productSuccessClaimed) =
audit/OriginalFourTaskCompletionDeclarations.lean:6383:      state.productSuccessClaimed) =
audit/OriginalFourTaskCompletionDeclarations.lean:6424:      state.productSuccessClaimed) =
audit/OriginalFourTaskCompletionDeclarations.lean:6465:      state.productSuccessClaimed) =
audit/OriginalFourTaskCompletionDeclarations.lean:6507:      state.productSuccessClaimed) =
audit/OriginalFourTaskCompletionDeclarations.lean:6550:      state.productSuccessClaimed) =
audit/OriginalFourTaskCompletionDeclarations.lean:6594:      state.productSuccessClaimed) =
audit/OriginalFourTaskCompletionDeclarations.lean:6639:      state.productSuccessClaimed) =
audit/OriginalFourTaskCompletionDeclarations.lean:6685:      state.productSuccessClaimed) =
audit/OriginalFourTaskCompletionDeclarations.lean:6723:      state.productSuccessClaimed) =
audit/OriginalFourTaskCompletionDeclarations.lean:6762:      state.productSuccessClaimed) =
audit/OriginalFourTaskCompletionDeclarations.lean:6802:      state.productSuccessClaimed) =
audit/OriginalFourTaskCompletionDeclarations.lean:6843:      state.productSuccessClaimed) =
audit/OriginalFourTaskCompletionDeclarations.lean:6885:      state.productSuccessClaimed) =
audit/OriginalFourTaskCompletionDeclarations.lean:6928:      state.productSuccessClaimed) =
audit/OriginalFourTaskCompletionDeclarations.lean:6972:      state.productSuccessClaimed) =
audit/OriginalFourTaskCompletionDeclarations.lean:7017:      state.productSuccessClaimed) =
audit/OriginalFourTaskCompletionDeclarations.lean:7063:      state.productSuccessClaimed) =
audit/OriginalFourTaskCompletionDeclarations.lean:7101:      state.productSuccessClaimed) =
audit/OriginalFourTaskCompletionDeclarations.lean:7140:      state.productSuccessClaimed) =
audit/OriginalFourTaskCompletionDeclarations.lean:7180:      state.productSuccessClaimed) =
audit/OriginalFourTaskCompletionDeclarations.lean:7221:      state.productSuccessClaimed) =
audit/OriginalFourTaskCompletionDeclarations.lean:7263:      state.productSuccessClaimed) =
audit/OriginalFourTaskCompletionDeclarations.lean:7306:      state.productSuccessClaimed) =
audit/OriginalFourTaskCompletionDeclarations.lean:7350:      state.productSuccessClaimed) =
audit/OriginalFourTaskCompletionDeclarations.lean:7395:      state.productSuccessClaimed) =
audit/OriginalFourTaskCompletionDeclarations.lean:7442:      state.productSuccessClaimed) =
audit/OriginalFourTaskCompletionDeclarations.lean:7481:      state.productSuccessClaimed) =
audit/OriginalFourTaskCompletionDeclarations.lean:7521:      state.productSuccessClaimed) =
audit/OriginalFourTaskCompletionDeclarations.lean:7562:      state.productSuccessClaimed) =
audit/OriginalFourTaskCompletionDeclarations.lean:7604:      state.productSuccessClaimed) =
audit/OriginalFourTaskCompletionDeclarations.lean:7647:      state.productSuccessClaimed) =
audit/OriginalFourTaskCompletionDeclarations.lean:7691:      state.productSuccessClaimed) =
audit/OriginalFourTaskCompletionDeclarations.lean:7736:      state.productSuccessClaimed) =
audit/OriginalFourTaskCompletionDeclarations.lean:7782:      state.productSuccessClaimed) =
audit/OriginalFourTaskCompletionDeclarations.lean:7829:      state.productSuccessClaimed) =
audit/OriginalFourTaskCompletionDeclarations.lean:7868:      state.productSuccessClaimed) =
audit/OriginalFourTaskCompletionDeclarations.lean:7908:      state.productSuccessClaimed) =
audit/OriginalFourTaskCompletionDeclarations.lean:7949:      state.productSuccessClaimed) =
audit/OriginalFourTaskCompletionDeclarations.lean:7991:      state.productSuccessClaimed) =
audit/OriginalFourTaskCompletionDeclarations.lean:8034:      state.productSuccessClaimed) =
audit/OriginalFourTaskCompletionDeclarations.lean:8078:      state.productSuccessClaimed) =
audit/OriginalFourTaskCompletionDeclarations.lean:8123:      state.productSuccessClaimed) =
audit/OriginalFourTaskCompletionDeclarations.lean:8169:      state.productSuccessClaimed) =
audit/OriginalFourTaskCompletionDeclarations.lean:8216:      state.productSuccessClaimed) =
audit/OriginalFourTaskCompletionDeclarations.lean:8255:      state.productSuccessClaimed) =
audit/OriginalFourTaskCompletionDeclarations.lean:8296:      state.productSuccessClaimed) =
audit/OriginalFourTaskCompletionDeclarations.lean:8338:      state.productSuccessClaimed) =
audit/OriginalFourTaskCompletionDeclarations.lean:8380:      state.productSuccessClaimed) =
audit/OriginalFourTaskCompletionDeclarations.lean:8424:      state.productSuccessClaimed) =
audit/OriginalFourTaskCompletionDeclarations.lean:8468:      state.productSuccessClaimed) =
audit/OriginalFourTaskCompletionDeclarations.lean:8513:      state.productSuccessClaimed) =
audit/OriginalFourTaskCompletionDeclarations.lean:8559:      state.productSuccessClaimed) =
audit/OriginalFourTaskCompletionDeclarations.lean:8606:      state.productSuccessClaimed) =
audit/OriginalFourTaskCompletionDeclarations.lean:8645:      state.productSuccessClaimed) =
audit/OriginalFourTaskCompletionDeclarations.lean:8686:      state.productSuccessClaimed) =
audit/OriginalFourTaskCompletionDeclarations.lean:8728:      state.productSuccessClaimed) =
audit/OriginalFourTaskCompletionDeclarations.lean:8774:      state.productSuccessClaimed) =
audit/OriginalFourTaskCompletionDeclarations.lean:8818:      state.productSuccessClaimed) =
audit/OriginalFourTaskCompletionDeclarations.lean:8863:      state.productSuccessClaimed) =
audit/OriginalFourTaskCompletionDeclarations.lean:8908:      state.productSuccessClaimed) =
audit/OriginalFourTaskCompletionDeclarations.lean:8954:      state.productSuccessClaimed) =
audit/OriginalFourTaskCompletionDeclarations.lean:9001:      state.productSuccessClaimed) =
audit/OriginalFourTaskCompletionDeclarations.lean:9040:      state.productSuccessClaimed) =
audit/OriginalFourTaskCompletionDeclarations.lean:9080:      state.productSuccessClaimed) =
audit/OriginalFourTaskCompletionDeclarations.lean:9122:      state.productSuccessClaimed) =
audit/OriginalFourTaskCompletionDeclarations.lean:9165:      state.productSuccessClaimed) =
audit/OriginalFourTaskCompletionDeclarations.lean:9209:      state.productSuccessClaimed) =
audit/OriginalFourTaskCompletionDeclarations.lean:9253:      state.productSuccessClaimed) =
audit/OriginalFourTaskCompletionDeclarations.lean:9298:      state.productSuccessClaimed) =
audit/OriginalFourTaskCompletionDeclarations.lean:9346:      state.productSuccessClaimed) =
audit/OriginalFourTaskCompletionDeclarations.lean:9385:      state.productSuccessClaimed) =
audit/OriginalFourTaskCompletionDeclarations.lean:9424:      state.productSuccessClaimed) =
audit/OriginalFourTaskCompletionDeclarations.lean:9464:      state.productSuccessClaimed) =
audit/OriginalFourTaskCompletionDeclarations.lean:9505:      state.productSuccessClaimed) =
audit/OriginalFourTaskCompletionDeclarations.lean:9549:      state.productSuccessClaimed) =
audit/OriginalFourTaskCompletionDeclarations.lean:9594:      state.productSuccessClaimed) =
audit/OriginalFourTaskCompletionDeclarations.lean:9642:      state.productSuccessClaimed) =
audit/OriginalFourTaskCompletionDeclarations.lean:9692:      state.productSuccessClaimed) =
audit/OriginalFourTaskCompletionDeclarations.lean:9743:      state.productSuccessClaimed) =
audit/OriginalFourTaskCompletionDeclarations.lean:9786:      state.productSuccessClaimed) =
audit/OriginalFourTaskCompletionDeclarations.lean:9830:      state.productSuccessClaimed) =
audit/OriginalFourTaskCompletionDeclarations.lean:9875:      state.productSuccessClaimed) =
audit/OriginalFourTaskCompletionDeclarations.lean:9921:      state.productSuccessClaimed) =
audit/OriginalFourTaskCompletionDeclarations.lean:9968:      state.productSuccessClaimed) =
audit/OriginalFourTaskCompletionDeclarations.lean:10016:      state.productSuccessClaimed) =
audit/OriginalFourTaskCompletionDeclarations.lean:10065:      state.productSuccessClaimed) =
audit/OriginalFourTaskCompletionDeclarations.lean:10115:      state.productSuccessClaimed) =
audit/OriginalFourTaskCompletionDeclarations.lean:10166:      state.productSuccessClaimed) =
audit/OriginalFourTaskCompletionDeclarations.lean:10209:      state.productSuccessClaimed) =
audit/OriginalFourTaskCompletionDeclarations.lean:10253:      state.productSuccessClaimed) =
audit/OriginalFourTaskCompletionDeclarations.lean:10298:      state.productSuccessClaimed) =
audit/OriginalFourTaskCompletionDeclarations.lean:10344:      state.productSuccessClaimed) =
audit/OriginalFourTaskCompletionDeclarations.lean:10391:      state.productSuccessClaimed) =
audit/OriginalFourTaskCompletionDeclarations.lean:10439:      state.productSuccessClaimed) =
audit/OriginalFourTaskCompletionDeclarations.lean:10487:      state.productSuccessClaimed) =
audit/OriginalFourTaskCompletionDeclarations.lean:10536:      state.productSuccessClaimed) =
audit/OriginalFourTaskCompletionDeclarations.lean:10586:      state.productSuccessClaimed) =
audit/OriginalFourTaskCompletionDeclarations.lean:10628:      state.productSuccessClaimed) =
audit/OriginalFourTaskCompletionDeclarations.lean:10671:      state.productSuccessClaimed) =
audit/OriginalFourTaskCompletionDeclarations.lean:10715:      state.productSuccessClaimed) =
audit/OriginalFourTaskCompletionDeclarations.lean:10760:      state.productSuccessClaimed) =
audit/OriginalFourTaskCompletionDeclarations.lean:10806:      state.productSuccessClaimed) =
audit/OriginalFourTaskCompletionDeclarations.lean:10853:      state.productSuccessClaimed) =
audit/OriginalFourTaskCompletionDeclarations.lean:10902:      state.productSuccessClaimed) =
audit/OriginalFourTaskCompletionDeclarations.lean:10952:      state.productSuccessClaimed) =
audit/OriginalFourTaskCompletionDeclarations.lean:11003:      state.productSuccessClaimed) =
audit/OriginalFourTaskCompletionDeclarations.lean:11046:      state.productSuccessClaimed) =
audit/OriginalFourTaskCompletionDeclarations.lean:11090:      state.productSuccessClaimed) =
audit/OriginalFourTaskCompletionDeclarations.lean:11135:      state.productSuccessClaimed) =
audit/OriginalFourTaskCompletionDeclarations.lean:11181:      state.productSuccessClaimed) =
audit/OriginalFourTaskCompletionDeclarations.lean:11227:      state.productSuccessClaimed) =
audit/OriginalFourTaskCompletionDeclarations.lean:11276:      state.productSuccessClaimed) =
audit/OriginalFourTaskCompletionDeclarations.lean:11327:      state.productSuccessClaimed) =
audit/OriginalFourTaskCompletionDeclarations.lean:11377:      state.productSuccessClaimed) =
audit/OriginalFourTaskCompletionDeclarations.lean:11428:      state.productSuccessClaimed) =
audit/OriginalFourTaskCompletionDeclarations.lean:11471:      state.productSuccessClaimed) =
audit/OriginalFourTaskCompletionDeclarations.lean:11515:      state.productSuccessClaimed) =
audit/OriginalFourTaskCompletionDeclarations.lean:11560:      state.productSuccessClaimed) =
audit/OriginalFourTaskCompletionDeclarations.lean:11605:      state.productSuccessClaimed) =
audit/OriginalFourTaskCompletionDeclarations.lean:11650:      state.productSuccessClaimed) =
audit/OriginalFourTaskCompletionDeclarations.lean:11698:      state.productSuccessClaimed) =
audit/OriginalFourTaskCompletionDeclarations.lean:11749:      state.productSuccessClaimed) =
audit/OriginalFourTaskCompletionDeclarations.lean:11799:      state.productSuccessClaimed) =
audit/OriginalFourTaskCompletionDeclarations.lean:11850:      state.productSuccessClaimed) =
audit/OriginalFourTaskCompletionDeclarations.lean:11893:      state.productSuccessClaimed) =
audit/OriginalFourTaskCompletionDeclarations.lean:11937:      state.productSuccessClaimed) =
audit/OriginalFourTaskCompletionDeclarations.lean:11982:      state.productSuccessClaimed) =
audit/OriginalFourTaskCompletionDeclarations.lean:12028:      state.productSuccessClaimed) =
audit/OriginalFourTaskCompletionDeclarations.lean:12074:      state.productSuccessClaimed) =
audit/OriginalFourTaskCompletionDeclarations.lean:12123:      state.productSuccessClaimed) =
audit/OriginalFourTaskCompletionDeclarations.lean:12173:      state.productSuccessClaimed) =
audit/OriginalFourTaskCompletionDeclarations.lean:12224:      state.productSuccessClaimed) =
audit/OriginalFourTaskCompletionDeclarations.lean:12276:      state.productSuccessClaimed) =
audit/OriginalFourTaskCompletionDeclarations.lean:12320:      state.productSuccessClaimed) =
audit/OriginalFourTaskCompletionDeclarations.lean:12365:      state.productSuccessClaimed) =
audit/OriginalFourTaskCompletionDeclarations.lean:12411:      state.productSuccessClaimed) =
audit/OriginalFourTaskCompletionDeclarations.lean:12459:      state.productSuccessClaimed) =
audit/OriginalFourTaskCompletionDeclarations.lean:12507:      state.productSuccessClaimed) =
audit/OriginalFourTaskCompletionDeclarations.lean:12556:      state.productSuccessClaimed) =
audit/OriginalFourTaskCompletionDeclarations.lean:12606:      state.productSuccessClaimed) =
audit/OriginalFourTaskCompletionDeclarations.lean:12657:      state.productSuccessClaimed) =
audit/OriginalFourTaskCompletionDeclarations.lean:12709:      state.productSuccessClaimed) =
audit/OriginalFourTaskCompletionDeclarations.lean:12751:      state.productSuccessClaimed) =
audit/OriginalFourTaskCompletionDeclarations.lean:12794:      state.productSuccessClaimed) =
audit/OriginalFourTaskCompletionDeclarations.lean:12840:      state.productSuccessClaimed) =
audit/OriginalFourTaskCompletionDeclarations.lean:12888:      state.productSuccessClaimed) =
audit/OriginalFourTaskCompletionDeclarations.lean:12936:      state.productSuccessClaimed) =
audit/OriginalFourTaskCompletionDeclarations.lean:12985:      state.productSuccessClaimed) =
audit/OriginalFourTaskCompletionDeclarations.lean:13035:      state.productSuccessClaimed) =
audit/OriginalFourTaskCompletionDeclarations.lean:13086:      state.productSuccessClaimed) =
audit/OriginalFourTaskCompletionDeclarations.lean:13138:      state.productSuccessClaimed) =
audit/OriginalFourTaskCompletionDeclarations.lean:13180:      state.productSuccessClaimed) =
audit/OriginalFourTaskCompletionDeclarations.lean:13224:      state.productSuccessClaimed) =
audit/OriginalFourTaskCompletionDeclarations.lean:13269:      state.productSuccessClaimed) =
audit/OriginalFourTaskCompletionDeclarations.lean:13315:      state.productSuccessClaimed) =
audit/OriginalFourTaskCompletionDeclarations.lean:13362:      state.productSuccessClaimed) =
audit/OriginalFourTaskCompletionDeclarations.lean:13410:      state.productSuccessClaimed) =
audit/OriginalFourTaskCompletionDeclarations.lean:13457:      state.productSuccessClaimed) =
audit/OriginalFourTaskCompletionDeclarations.lean:13505:      state.productSuccessClaimed) =
audit/OriginalFourTaskCompletionDeclarations.lean:13554:      state.productSuccessClaimed) =
audit/OriginalFourTaskCompletionDeclarations.lean:13595:      state.productSuccessClaimed) =
audit/OriginalFourTaskCompletionDeclarations.lean:13637:      state.productSuccessClaimed) =
audit/OriginalFourTaskCompletionDeclarations.lean:13681:      state.productSuccessClaimed) =
audit/OriginalFourTaskCompletionDeclarations.lean:13726:      state.productSuccessClaimed) =
audit/OriginalFourTaskCompletionDeclarations.lean:13772:      state.productSuccessClaimed) =
audit/OriginalFourTaskCompletionDeclarations.lean:13819:      state.productSuccessClaimed) =
audit/OriginalFourTaskCompletionDeclarations.lean:13866:      state.productSuccessClaimed) =
audit/OriginalFourTaskCompletionDeclarations.lean:13914:      state.productSuccessClaimed) =
audit/OriginalFourTaskCompletionDeclarations.lean:13963:      state.productSuccessClaimed) =
audit/OriginalFourTaskCompletionDeclarations.lean:14004:      state.productSuccessClaimed) =
audit/OriginalFourTaskCompletionDeclarations.lean:14050:      state.productSuccessClaimed) =
audit/OriginalFourTaskCompletionDeclarations.lean:14102:      state.productSuccessClaimed) =
audit/OriginalFourTaskCompletionDeclarations.lean:14158:      state.productSuccessClaimed) =
audit/OriginalFourTaskCompletionDeclarations.lean:14204:      state.productSuccessClaimed) =
audit/OriginalFourTaskCompletionDeclarations.lean:14271:      state.productSuccessClaimed) =
audit/OriginalFourTaskCompletionDeclarations.lean:14318:      state.productSuccessClaimed) =
audit/OriginalFourTaskCompletionDeclarations.lean:14366:      state.productSuccessClaimed) =
audit/OriginalFourTaskCompletionDeclarations.lean:14415:      state.productSuccessClaimed) =
audit/OriginalFourTaskCompletionDeclarations.lean:14457:      state.productSuccessClaimed) =
audit/OriginalFourTaskCompletionDeclarations.lean:14500:      state.productSuccessClaimed) =
audit/OriginalFourTaskCompletionDeclarations.lean:14544:      state.productSuccessClaimed) =
audit/OriginalFourTaskCompletionDeclarations.lean:14590:      state.productSuccessClaimed) =
audit/OriginalFourTaskCompletionDeclarations.lean:14637:      state.productSuccessClaimed) =
audit/OriginalFourTaskCompletionDeclarations.lean:14685:      state.productSuccessClaimed) =
audit/OriginalFourTaskCompletionDeclarations.lean:14734:      state.productSuccessClaimed) =
audit/OriginalFourTaskCompletionDeclarations.lean:14784:      state.productSuccessClaimed) =
audit/OriginalFourTaskCompletionDeclarations.lean:14835:      state.productSuccessClaimed) =
audit/OriginalFourTaskCompletionDeclarations.lean:14878:      state.productSuccessClaimed) =
audit/OriginalFourTaskCompletionDeclarations.lean:14922:      state.productSuccessClaimed) =
audit/OriginalFourTaskCompletionDeclarations.lean:14967:      state.productSuccessClaimed) =
audit/OriginalFourTaskCompletionDeclarations.lean:15013:      state.productSuccessClaimed) =
audit/OriginalFourTaskCompletionDeclarations.lean:15060:      state.productSuccessClaimed) =
audit/OriginalFourTaskCompletionDeclarations.lean:15108:      state.productSuccessClaimed) =
audit/OriginalFourTaskCompletionDeclarations.lean:15157:      state.productSuccessClaimed) =
audit/OriginalFourTaskCompletionDeclarations.lean:15207:      state.productSuccessClaimed) =
audit/OriginalFourTaskCompletionDeclarations.lean:15258:      state.productSuccessClaimed) =
audit/OriginalFourTaskCompletionDeclarations.lean:15301:      state.productSuccessClaimed) =
audit/OriginalFourTaskCompletionDeclarations.lean:15345:      state.productSuccessClaimed) =
audit/OriginalFourTaskCompletionDeclarations.lean:15363:      state.productSuccessClaimed) =
audit/OriginalFourTaskCompletionDeclarations.lean:15383:      state.productSuccessClaimed) =
audit/OriginalFourTaskCompletionDeclarations.lean:15401:      state.productSuccessClaimed) =
audit/OriginalFourTaskCompletionDeclarations.lean:15421:      state.productSuccessClaimed) =
audit/OriginalFourTaskCompletionDeclarations.lean:15441:      state.productSuccessClaimed) =
audit/OriginalFourTaskCompletionDeclarations.lean:15461:      state.productSuccessClaimed) =
audit/OriginalFourTaskCompletionDeclarations.lean:15481:      state.productSuccessClaimed) =
audit/OriginalFourTaskCompletionDeclarations.lean:15501:      state.productSuccessClaimed) =
audit/OriginalFourTaskCompletionDeclarations.lean:15521:      state.productSuccessClaimed) =
audit/OriginalFourTaskCompletionDeclarations.lean:15541:      state.productSuccessClaimed) =
audit/OriginalFourTaskCompletionDeclarations.lean:15559:      state.productSuccessClaimed) =
audit/OriginalFourTaskCompletionDeclarations.lean:15577:    LeanLCAExactChallenge.Dbounded.currentClosedMapLocalizedUnitChoiceFullDataStableConvergenceStateW1424.productSuccessClaimed =
audit/OriginalFourTaskCompletionDeclarations.lean:15596:    LeanLCAExactChallenge.Dbounded.currentClosedMapLocalizedUnitChoiceProjectionStableConvergenceStateW1425.productSuccessClaimed =
audit/OriginalFourTaskCompletionDeclarations.lean:15617:    LeanLCAExactChallenge.Dbounded.currentClosedMapLocalizedUnitChoiceNestedProjectionStableConvergenceStateW1430.productSuccessClaimed =
audit/OriginalFourTaskCompletionDeclarations.lean:15644:    LeanLCAExactChallenge.Dbounded.currentClosedMapLocalizedUnitChoiceDeepProjectionStableConvergenceStateW1431.productSuccessClaimed =
audit/OriginalFourTaskCompletionDeclarations.lean:15667:    LeanLCAExactChallenge.Dbounded.currentClosedMapEndpointLocalizedUnitStableConvergenceStateW1432.productSuccessClaimed =
audit/OriginalFourTaskCompletionDeclarations.lean:15690:    LeanLCAExactChallenge.Dbounded.currentClosedMapNormalizedSourceEndpointLocalizedUnitStableConvergenceStateW1433.productSuccessClaimed =
audit/OriginalFourTaskCompletionDeclarations.lean:15714:    LeanLCAExactChallenge.Dbounded.currentClosedMapTargetClosedEmbeddingClosednessStableConvergenceStateW1434.productSuccessClaimed =
audit/OriginalFourTaskCompletionDeclarations.lean:15739:    LeanLCAExactChallenge.Dbounded.currentClosedMapTargetClosedEmbeddingClosednessNormalizedSourceEndpointStableConvergenceStateW1435.productSuccessClaimed =
audit/OriginalFourTaskCompletionDeclarations.lean:15765:    LeanLCAExactChallenge.Dbounded.currentClosedMapBranchFullDataStableConvergenceStateW1436.productSuccessClaimed =
audit/OriginalFourTaskCompletionDeclarations.lean:15800:    LeanLCAExactChallenge.Dbounded.currentClosedMapBranchFullDataOneInputCycleStateW1437.productSuccessClaimed =
audit/OriginalFourTaskCompletionDeclarations.lean:15831:    LeanLCAExactChallenge.Dbounded.currentClosedMapBranchFullDataW987UnpackBoundaryStateW1438.productSuccessClaimed =
audit/OriginalFourTaskCompletionDeclarations.lean:15862:    LeanLCAExactChallenge.Dbounded.currentClosedMapBranchFullDataW986UnpackBoundaryStateW1439.productSuccessClaimed =
audit/OriginalFourTaskCompletionDeclarations.lean:15897:    LeanLCAExactChallenge.Dbounded.currentClosedMapBranchFullDataW984TargetClosednessUnpackBoundaryStateW1440.productSuccessClaimed =
audit/OriginalFourTaskCompletionDeclarations.lean:15932:    LeanLCAExactChallenge.Dbounded.currentClosedMapBranchFullDataW950NormalizedEndpointUnpackBoundaryStateW1441.productSuccessClaimed =
audit/OriginalFourTaskCompletionDeclarations.lean:15967:    LeanLCAExactChallenge.Dbounded.currentClosedMapBranchFullDataW948NormalizedSourceUnpackBoundaryStateW1442.productSuccessClaimed =
audit/OriginalFourTaskCompletionDeclarations.lean:16002:    LeanLCAExactChallenge.Dbounded.currentClosedMapBranchFullDataW949EndpointLocalizedUnitUnpackBoundaryStateW1443.productSuccessClaimed =
audit/OriginalFourTaskCompletionDeclarations.lean:16038:    LeanLCAExactChallenge.Dbounded.currentClosedMapBranchFullDataW945LocalizedUnitUnpackBoundaryStateW1444.productSuccessClaimed =
audit/OriginalFourTaskCompletionDeclarations.lean:16071:    LeanLCAExactChallenge.Dbounded.currentClosedMapBranchFullDataW990PrimitiveUnitComponentsAlignmentStateW1445.productSuccessClaimed =
audit/OriginalFourTaskCompletionDeclarations.lean:16105:    LeanLCAExactChallenge.Dbounded.currentClosedMapBranchFullDataW990UnitStrictExactIsoPackagingStateW1446.productSuccessClaimed =
audit/OriginalFourTaskCompletionDeclarations.lean:16134:    LeanLCAExactChallenge.Dbounded.currentClosedMapBranchFullDataW989LocalizedUnitChoiceFullDataPackagingStateW1447.productSuccessClaimed =
audit/OriginalFourTaskCompletionDeclarations.lean:16161:    LeanLCAExactChallenge.Dbounded.currentClosedMapBranchFullDataW987RewrapCycleStateW1448.productSuccessClaimed =
audit/OriginalFourTaskCompletionDeclarations.lean:16188:    LeanLCAExactChallenge.Dbounded.currentClosedMapBranchFullDataW987RewrappedStableRouteStateW1449.productSuccessClaimed =
audit/OriginalFourTaskCompletionDeclarations.lean:16221:    LeanLCAExactChallenge.Dbounded.currentW987FieldDataConstructionStateW1450.productSuccessClaimed =
audit/OriginalFourTaskCompletionDeclarations.lean:16271:    LeanLCAExactChallenge.Dbounded.currentW987BoundaryFieldDataConstructionStateW1451.productSuccessClaimed =
audit/OriginalFourTaskCompletionDeclarations.lean:16323:    LeanLCAExactChallenge.Dbounded.currentW987BoundaryRelationFieldDataConstructionStateW1452.productSuccessClaimed =
audit/OriginalFourTaskCompletionDeclarations.lean:16379:    LeanLCAExactChallenge.Dbounded.currentW987BoundaryRelationTargetFieldDataConstructionStateW1453.productSuccessClaimed =
audit/OriginalFourTaskCompletionDeclarations.lean:16437:    LeanLCAExactChallenge.Dbounded.currentW987BoundaryRelationTargetNormalizedEndpointFieldDataConstructionStateW1454.productSuccessClaimed =
audit/OriginalFourTaskCompletionDeclarations.lean:16499:    LeanLCAExactChallenge.Dbounded.currentW987BoundaryRelationTargetEndpointLocalizedUnitFieldDataConstructionStateW1455.productSuccessClaimed =
audit/OriginalFourTaskCompletionDeclarations.lean:16565:    LeanLCAExactChallenge.Dbounded.currentW987BoundaryRelationTargetNormalizedSourceFieldDataConstructionStateW1456.productSuccessClaimed =
audit/OriginalFourTaskCompletionDeclarations.lean:16633:    LeanLCAExactChallenge.Dbounded.currentW987BoundaryRelationTargetNormalizedFixedTargetFieldDataConstructionStateW1457.productSuccessClaimed =
audit/OriginalFourTaskCompletionDeclarations.lean:16710:    LeanLCAExactChallenge.Dbounded.currentW987BoundaryRelationTargetSourceTriangulationFieldDataConstructionStateW1458.productSuccessClaimed =
audit/OriginalFourTaskCompletionDeclarations.lean:16788:    LeanLCAExactChallenge.Dbounded.currentW987BoundaryRelationTargetLocalizedUnitFieldDataConstructionStateW1459.productSuccessClaimed =
audit/OriginalFourTaskCompletionDeclarations.lean:16846:    LeanLCAExactChallenge.Dbounded.currentW987BoundaryRelationTargetUnitMappingConeFieldDataConstructionStateW1460.productSuccessClaimed =
audit/OriginalFourTaskCompletionDeclarations.lean:16902:    LeanLCAExactChallenge.Dbounded.currentW987BoundaryRelationTargetLocalizedAdjunctionCoreFieldDataConstructionStateW1461.productSuccessClaimed =
audit/OriginalFourTaskCompletionDeclarations.lean:16960:    LeanLCAExactChallenge.Dbounded.currentW987BoundaryRelationTargetUnitKernelCokernelTopFieldDataConstructionStateW1462.productSuccessClaimed =
audit/OriginalFourTaskCompletionDeclarations.lean:17019:    LeanLCAExactChallenge.Dbounded.currentW987BoundaryRelationTargetEndpointKernelCokernelTopFieldDataConstructionStateW1463.productSuccessClaimed =
audit/OriginalFourTaskCompletionDeclarations.lean:17069:    LeanLCAExactChallenge.Dbounded.currentW987BoundaryRelationTargetUnitIsoHomInvFieldDataConstructionStateW1464.productSuccessClaimed =
audit/OriginalFourTaskCompletionDeclarations.lean:17122:    LeanLCAExactChallenge.Dbounded.currentW987BoundaryRelationTargetLocalizedAdjunctionNatTransFieldDataConstructionStateW1465.productSuccessClaimed =
audit/OriginalFourTaskCompletionDeclarations.lean:17177:    LeanLCAExactChallenge.Dbounded.currentW987BoundaryRelationTargetLocalizedAdjunctionTriangleComponentFieldDataConstructionStateW1466.productSuccessClaimed =
audit/OriginalFourTaskCompletionDeclarations.lean:17238:    LeanLCAExactChallenge.Dbounded.currentW987BoundaryRelationTargetLocalizedRightAdjointFunctorFieldDataConstructionStateW1467.productSuccessClaimed =
audit/OriginalFourTaskCompletionDeclarations.lean:17289:    LeanLCAExactChallenge.Dbounded.currentW987BoundaryRelationTargetNoUnivPrimitiveFieldDataConstructionStateW1468.productSuccessClaimed =
audit/OriginalFourTaskCompletionDeclarations.lean:17341:    LeanLCAExactChallenge.Dbounded.currentW987BoundaryRelationTargetClosedEmbeddingClosednessFieldDataConstructionStateW1469.productSuccessClaimed =
audit/OriginalFourTaskCompletionDeclarations.lean:17398:    LeanLCAExactChallenge.Dbounded.currentW987BoundaryRelationTargetSelectedDifferenceClosedEmbeddingComponentFieldDataConstructionStateW1470.productSuccessClaimed =
audit/OriginalFourTaskCompletionDeclarations.lean:17459:    LeanLCAExactChallenge.Dbounded.currentW987BoundaryRelationTargetMappedCokernelClosedEmbeddingFieldDataConstructionStateW1471.productSuccessClaimed =
audit/OriginalFourTaskCompletionDeclarations.lean:17508:    LeanLCAExactChallenge.Dbounded.currentW987BoundaryRelationTargetNormalizedLiftBlueprintFieldDataConstructionStateW1472.productSuccessClaimed =
audit/OriginalFourTaskCompletionDeclarations.lean:17562:    LeanLCAExactChallenge.Dbounded.currentW987BoundaryRelationTargetLiftBlueprintFieldDataConstructionStateW1473.productSuccessClaimed =
audit/OriginalFourTaskCompletionDeclarations.lean:17623:    LeanLCAExactChallenge.Dbounded.currentW987BoundaryRelationTargetStrictPreimageObjectFieldDataConstructionStateW1474.productSuccessClaimed =
audit/OriginalFourTaskCompletionDeclarations.lean:17683:    LeanLCAExactChallenge.Dbounded.currentW987BoundaryRelationTargetStrictPreimageMapFieldDataConstructionStateW1475.productSuccessClaimed =
audit/OriginalFourTaskCompletionDeclarations.lean:17752:    LeanLCAExactChallenge.Dbounded.currentW987BoundaryRelationTargetStrictPreimageMapFunctorialityFieldDataConstructionStateW1476.productSuccessClaimed =
audit/OriginalFourTaskCompletionDeclarations.lean:17804:    LeanLCAExactChallenge.Dbounded.currentW987BoundaryRelationTargetStrictPreimageMapImageFieldDataConstructionStateW1477.productSuccessClaimed =
audit/OriginalFourTaskCompletionDeclarations.lean:17856:    LeanLCAExactChallenge.Dbounded.currentW987BoundaryRelationTargetStrictPreimageObjectImageFieldDataConstructionStateW1478.productSuccessClaimed =
audit/OriginalFourTaskCompletionDeclarations.lean:17906:    LeanLCAExactChallenge.Dbounded.currentW987BoundaryRelationTargetStrictPreimageObjectImageRightAdjointFunctorFieldDataConstructionStateW1479.productSuccessClaimed =
audit/OriginalFourTaskCompletionDeclarations.lean:17959:    LeanLCAExactChallenge.Dbounded.currentW987BoundaryRelationTargetStrictPreimageObjectImageRightAdjointFunctorTargetSurjectivityFieldDataConstructionStateW1480.productSuccessClaimed =
audit/OriginalFourTaskCompletionDeclarations.lean:18007:    LeanLCAExactChallenge.Dbounded.currentW987BoundaryRelationTargetStrictPreimageObjectImageRightAdjointFunctorTargetSurjectivityCompactnessFieldDataConstructionStateW1481.productSuccessClaimed =
audit/OriginalFourTaskCompletionDeclarations.lean:18048:    LeanLCAExactChallenge.Dbounded.currentW987BoundaryRelationTargetStrictPreimageObjectImageRightAdjointFunctorTargetSurjectivityCompactnessMappedCokernelFieldDataConstructionStateW1482.productSuccessClaimed =
audit/OriginalFourTaskCompletionDeclarations.lean:18084:    LeanLCAExactChallenge.Dbounded.currentW987BoundaryRelationTargetStrictPreimageObjectImageRightAdjointFunctorTargetSurjectivityCompactnessMappedCokernelPi1FieldDataConstructionStateW1483.productSuccessClaimed =
audit/OriginalFourTaskCompletionDeclarations.lean:18129:    LeanLCAExactChallenge.Dbounded.currentW987BoundaryRelationTargetStrictPreimageObjectImageRightAdjointFunctorTargetSurjectivityCompactnessMappedCokernelPi1Pi2FieldDataConstructionStateW1484.productSuccessClaimed =
audit/OriginalFourTaskCompletionDeclarations.lean:18174:    LeanLCAExactChallenge.Dbounded.currentW987BoundaryRelationTargetStrictPreimageObjectImageRightAdjointFunctorTargetSurjectivityCompactnessMappedCokernelPi1Pi2Pi3FieldDataConstructionStateW1485.productSuccessClaimed =
audit/OriginalFourTaskCompletionDeclarations.lean:18218:    LeanLCAExactChallenge.Dbounded.currentW987BoundaryRelationTargetStrictPreimageObjectImageRightAdjointFunctorTargetSurjectivityCompactnessMappedCokernelPi1Pi2Pi3FieldDataConstructionStateW1486.productSuccessClaimed =
audit/OriginalFourTaskCompletionDeclarations.lean:18262:    LeanLCAExactChallenge.Dbounded.currentW987BoundaryRelationTargetStrictPreimageObjectImageRightAdjointFunctorTargetSurjectivityCompactnessMappedCokernelPi1Pi2Pi3FieldDataConstructionStateW1487.productSuccessClaimed =
audit/OriginalFourTaskCompletionDeclarations.lean:18301:    LeanLCAExactChallenge.Dbounded.currentW987BoundaryRelationTargetStrictPreimageObjectImageRightAdjointFunctorTargetSurjectivityCompactnessMappedCokernelPi1Pi2Pi3FieldDataConstructionStateW1488.productSuccessClaimed =
audit/OriginalFourTaskCompletionDeclarations.lean:18341:    LeanLCAExactChallenge.Dbounded.currentW987BoundaryRelationTargetStrictPreimageObjectImageRightAdjointFunctorTargetSurjectivityCompactnessMappedCokernelPi1Pi2Pi3FieldDataConstructionStateW1489.productSuccessClaimed =
audit/OriginalFourTaskCompletionDeclarations.lean:18380:    LeanLCAExactChallenge.Dbounded.currentW987BoundaryRelationTargetStrictPreimageObjectImageRightAdjointFunctorTargetSurjectivityCompactnessMappedCokernelPi1Pi2Pi3FieldDataConstructionStateW1490.productSuccessClaimed =
audit/OriginalFourTaskCompletionDeclarations.lean:18419:    LeanLCAExactChallenge.Dbounded.currentW987BoundaryRelationTargetStrictPreimageObjectImageRightAdjointFunctorTargetSurjectivityCompactnessMappedCokernelPi1Pi2Pi3FieldDataConstructionStateW1491.productSuccessClaimed =
audit/OriginalFourTaskCompletionDeclarations.lean:18457:    LeanLCAExactChallenge.Dbounded.currentW987BoundaryRelationTargetStrictPreimageObjectImageRightAdjointFunctorTargetSurjectivityCompactnessMappedCokernelPi1Pi2Pi3FieldDataConstructionStateW1492.productSuccessClaimed =
audit/OriginalFourTaskCompletionDeclarations.lean:18495:    LeanLCAExactChallenge.Dbounded.currentW987BoundaryRelationTargetStrictPreimageObjectImageRightAdjointFunctorTargetSurjectivityCompactnessMappedCokernelPi1Pi2Pi3FieldDataConstructionStateW1493.productSuccessClaimed =
audit/OriginalFourTaskCompletionDeclarations.lean:18536:    LeanLCAExactChallenge.Dbounded.currentW987BoundaryRelationTargetStrictPreimageObjectImageRightAdjointFunctorTargetSurjectivityCompactnessMappedCokernelPi1Pi2Pi3FieldDataConstructionStateW1494.productSuccessClaimed =
audit/OriginalFourTaskCompletionDeclarations.lean:18580:    LeanLCAExactChallenge.Dbounded.currentW987BoundaryRelationTargetStrictPreimageObjectImageRightAdjointFunctorTargetSurjectivityCompactnessMappedCokernelPi1Pi2Pi3SourceTriangulationFieldDataConstructionStateW1495.productSuccessClaimed =
audit/OriginalFourTaskCompletionDeclarations.lean:18613:    LeanLCAExactChallenge.Dbounded.currentW987BoundaryRelationTargetStrictPreimageObjectImageRightAdjointFunctorTargetSurjectivityCompactnessMappedCokernelPi1Pi2Pi3SourceHomologicalTriangulationDataConstructionStateW1496.productSuccessClaimed =
audit/OriginalFourTaskCompletionDeclarations.lean:18644:    LeanLCAExactChallenge.Dbounded.currentW987BoundaryRelationTargetStrictPreimageObjectImageRightAdjointFunctorTargetSurjectivityCompactnessMappedCokernelPi1Pi2Pi3StableExactAtRouteConnectionStateW1497.productSuccessClaimed =
audit/OriginalFourTaskCompletionDeclarations.lean:18680:    LeanLCAExactChallenge.Dbounded.currentW987BoundaryRelationTargetStrictPreimageObjectImageRightAdjointFunctorTargetSurjectivityCompactnessMappedCokernelPi1Pi2Pi3SourceTriangulationComparisonLeavesStateW1498.productSuccessClaimed =
audit/OriginalFourTaskCompletionDeclarations.lean:18712:    LeanLCAExactChallenge.Dbounded.currentW987BoundaryRelationTargetStrictPreimageObjectImageRightAdjointFunctorTargetSurjectivityCompactnessMappedCokernelPi1Pi2Pi3SourceTriangulationFieldsComparisonStateW1499.productSuccessClaimed =
audit/OriginalFourTaskCompletionDeclarations.lean:18745:    LeanLCAExactChallenge.Dbounded.currentW987BoundaryRelationTargetStrictPreimageObjectImageRightAdjointFunctorTargetSurjectivityCompactnessMappedCokernelPi1Pi2Pi3EndpointFieldsComparisonStateW1500.productSuccessClaimed =
audit/OriginalFourTaskCompletionDeclarations.lean:18778:    LeanLCAExactChallenge.Dbounded.currentW987BoundaryRelationTargetStrictPreimageObjectImageRightAdjointFunctorTargetSurjectivityCompactnessMappedCokernelPi1Pi2Pi3LocalizedRightAdjointFieldsComparisonStateW1501.productSuccessClaimed =
audit/OriginalFourTaskCompletionDeclarations.lean:18813:    LeanLCAExactChallenge.Dbounded.currentW987BoundaryRelationTargetStrictPreimageObjectImageRightAdjointFunctorTargetSurjectivityCompactnessMappedCokernelPi1Pi2Pi3NormalizedFixedTargetFieldsComparisonStateW1502.productSuccessClaimed =
audit/OriginalFourTaskCompletionDeclarations.lean:18850:    LeanLCAExactChallenge.Dbounded.currentW987BoundaryRelationTargetStrictPreimageObjectImageRightAdjointFunctorTargetSurjectivityCompactnessMappedCokernelPi1Pi2Pi3NormalizedLiftBlueprintFieldsComparisonStateW1503.productSuccessClaimed =
audit/OriginalFourTaskCompletionDeclarations.lean:18887:    LeanLCAExactChallenge.Dbounded.currentW987BoundaryRelationTargetStrictPreimageObjectImageRightAdjointFunctorTargetSurjectivityCompactnessMappedCokernelPi1Pi2Pi3StrictRepresentativeLiftFieldsComparisonStateW1504.productSuccessClaimed =
audit/OriginalFourTaskCompletionDeclarations.lean:18925:    LeanLCAExactChallenge.Dbounded.currentW987BoundaryRelationTargetStrictPreimageObjectImageRightAdjointFunctorTargetSurjectivityCompactnessMappedCokernelPi1Pi2Pi3StrictPreimageObjectFieldsComparisonStateW1505.productSuccessClaimed =
audit/OriginalFourTaskCompletionDeclarations.lean:18958:    LeanLCAExactChallenge.Dbounded.currentW987BoundaryRelationTargetStrictPreimageObjectImageRightAdjointFunctorTargetSurjectivityCompactnessMappedCokernelPi1Pi2Pi3StrictPreimageMapFieldsComparisonStateW1506.productSuccessClaimed =
audit/OriginalFourTaskCompletionDeclarations.lean:18990:    LeanLCAExactChallenge.Dbounded.currentW987BoundaryRelationTargetStrictPreimageObjectImageRightAdjointFunctorTargetSurjectivityCompactnessMappedCokernelPi1Pi2Pi3BoundaryFieldsComparisonStateW1507.productSuccessClaimed =
audit/OriginalFourTaskCompletionDeclarations.lean:19022:    LeanLCAExactChallenge.Dbounded.currentW987BoundaryRelationTargetStrictPreimageObjectImageRightAdjointFunctorTargetSurjectivityCompactnessMappedCokernelPi1Pi2Pi3RelationFieldsComparisonStateW1508.productSuccessClaimed =
audit/OriginalFourTaskCompletionDeclarations.lean:19054:    LeanLCAExactChallenge.Dbounded.currentW987BoundaryRelationTargetStrictPreimageObjectImageRightAdjointFunctorTargetSurjectivityCompactnessMappedCokernelPi1Pi2Pi3TargetSurjectiveCompactFieldsComparisonStateW1509.productSuccessClaimed =
audit/OriginalFourTaskCompletionDeclarations.lean:19087:    LeanLCAExactChallenge.Dbounded.currentW987BoundaryRelationTargetStrictPreimageObjectImageRightAdjointFunctorTargetSurjectivityCompactnessMappedCokernelPi1Pi2Pi3ClosedEmbeddingClosednessFieldsComparisonStateW1510.productSuccessClaimed =
audit/OriginalFourTaskCompletionDeclarations.lean:19119:    LeanLCAExactChallenge.Dbounded.currentW987BoundaryRelationTargetStrictPreimageObjectImageRightAdjointFunctorTargetSurjectivityCompactnessMappedCokernelPi1Pi2Pi3ClosedEmbeddingEndpointHomologyFreeComparisonStateW1511.productSuccessClaimed =
audit/OriginalFourTaskCompletionDeclarations.lean:19152:    LeanLCAExactChallenge.Dbounded.currentW987BoundaryRelationTargetStrictPreimageObjectImageRightAdjointFunctorTargetSurjectivityCompactnessMappedCokernelPi1Pi2Pi3EndpointHomologyFreeConvergenceStateW1512.productSuccessClaimed =
audit/OriginalFourTaskCompletionDeclarations.lean:19191:    LeanLCAExactChallenge.Dbounded.currentW987BoundaryRelationTargetStrictPreimageObjectImageRightAdjointFunctorTargetSurjectivityCompactnessMappedCokernelPi1Pi2Pi3TargetBranchConvergenceStateW1513.productSuccessClaimed =
audit/OriginalFourTaskCompletionDeclarations.lean:19240:    LeanLCAExactChallenge.Dbounded.currentW987BoundaryRelationTargetStrictPreimageObjectImageRightAdjointFunctorTargetSurjectivityCompactnessMappedCokernelPi1Pi2Pi3StrictPreimageConvergenceStateW1514.productSuccessClaimed =
audit/OriginalFourTaskCompletionDeclarations.lean:19291:    LeanLCAExactChallenge.Dbounded.currentW987BoundaryRelationTargetStrictPreimageObjectImageRightAdjointFunctorTargetSurjectivityCompactnessMappedCokernelPi1Pi2Pi3LocalizedRightAdjointConvergenceStateW1515.productSuccessClaimed =
audit/OriginalFourTaskCompletionDeclarations.lean:19338:    LeanLCAExactChallenge.Dbounded.currentW987BoundaryRelationTargetStrictPreimageObjectImageRightAdjointFunctorTargetSurjectivityCompactnessMappedCokernelPi1Pi2Pi3SourceEndpointConvergenceStateW1516.productSuccessClaimed =
audit/OriginalFourTaskCompletionDeclarations.lean:19384:    LeanLCAExactChallenge.Dbounded.currentW987BoundaryRelationTargetStrictPreimageObjectImageRightAdjointFunctorTargetSurjectivityCompactnessMappedCokernelPi1Pi2Pi3ComparisonConcreteLeavesConvergenceStateW1517.productSuccessClaimed =
audit/OriginalFourTaskCompletionDeclarations.lean:19480:    LeanLCAExactChallenge.Dbounded.currentW987BoundaryRelationTargetStrictPreimageObjectImageRightAdjointFunctorTargetSurjectivityCompactnessMappedCokernelPi1Pi2Pi3SelectedCochainConcreteLeavesConvergenceStateW1518.productSuccessClaimed =
audit/OriginalFourTaskCompletionDeclarations.lean:19497:    LeanLCAExactChallenge.Dbounded.currentW987BoundaryRelationTargetStrictPreimageObjectImageRightAdjointFunctorTargetSurjectivityCompactnessMappedCokernelPi1Pi2Pi3W735W732SelectedCochainConvergenceStateW1519.productSuccessClaimed =
audit/OriginalFourTaskCompletionDeclarations.lean:19514:    LeanLCAExactChallenge.Dbounded.currentW987BoundaryRelationTargetStrictPreimageObjectImageRightAdjointFunctorTargetSurjectivityCompactnessMappedCokernelPi1Pi2Pi3EndpointFactsLocalizedSelectedCochainConvergenceStateW1520.productSuccessClaimed =
audit/OriginalFourTaskCompletionDeclarations.lean:19552:    LeanLCAExactChallenge.Dbounded.currentW987BoundaryRelationTargetStrictPreimageObjectImageRightAdjointFunctorTargetSurjectivityCompactnessMappedCokernelPi1Pi2Pi3W870BranchDispatchStateW1521.productSuccessClaimed =
audit/OriginalFourTaskCompletionDeclarations.lean:19598:    LeanLCAExactChallenge.Dbounded.currentW987BoundaryRelationTargetStrictPreimageObjectImageRightAdjointFunctorTargetSurjectivityCompactnessMappedCokernelPi1Pi2Pi3W869W868ConvergenceStateW1522.productSuccessClaimed =
audit/OriginalFourTaskCompletionDeclarations.lean:19636:    LeanLCAExactChallenge.Dbounded.currentW987BoundaryRelationTargetStrictPreimageObjectImageRightAdjointFunctorTargetSurjectivityCompactnessMappedCokernelPi1Pi2Pi3W867StrictRealizationConvergenceStateW1523.productSuccessClaimed =
audit/OriginalFourTaskCompletionDeclarations.lean:19674:    LeanLCAExactChallenge.Dbounded.currentW987BoundaryRelationTargetStrictPreimageObjectImageRightAdjointFunctorTargetSurjectivityCompactnessMappedCokernelPi1Pi2Pi3W866IsoClosureConvergenceStateW1524.productSuccessClaimed =
audit/OriginalFourTaskCompletionDeclarations.lean:19712:    LeanLCAExactChallenge.Dbounded.currentW987BoundaryRelationTargetStrictPreimageObjectImageRightAdjointFunctorTargetSurjectivityCompactnessMappedCokernelPi1Pi2Pi3W865TargetIsoConvergenceStateW1525.productSuccessClaimed =
audit/OriginalFourTaskCompletionDeclarations.lean:19750:    LeanLCAExactChallenge.Dbounded.currentW987BoundaryRelationTargetStrictPreimageObjectImageRightAdjointFunctorTargetSurjectivityCompactnessMappedCokernelPi1Pi2Pi3W864TargetExactAtConvergenceStateW1526.productSuccessClaimed =
audit/OriginalFourTaskCompletionDeclarations.lean:19924:    LeanLCAExactChallenge.Dbounded.currentW987BoundaryRelationTargetStrictPreimageObjectImageRightAdjointFunctorTargetSurjectivityCompactnessMappedCokernelPi1Pi2Pi3W863TargetHomologyZeroConvergenceStateW1527.productSuccessClaimed =
audit/OriginalFourTaskCompletionDeclarations.lean:19941:    LeanLCAExactChallenge.Dbounded.currentW987BoundaryRelationTargetStrictPreimageObjectImageRightAdjointFunctorTargetSurjectivityCompactnessMappedCokernelPi1Pi2Pi3W862ConcreteLeavesTargetExactAtConvergenceStateW1528.productSuccessClaimed =
audit/OriginalFourTaskCompletionDeclarations.lean:19958:    LeanLCAExactChallenge.Dbounded.currentW987BoundaryRelationTargetStrictPreimageObjectImageRightAdjointFunctorTargetSurjectivityCompactnessMappedCokernelPi1Pi2Pi3W860EndpointLocalizedTargetExactAtConvergenceStateW1529.productSuccessClaimed =
audit/OriginalFourTaskCompletionDeclarations.lean:19975:    LeanLCAExactChallenge.Dbounded.currentW987BoundaryRelationTargetStrictPreimageObjectImageRightAdjointFunctorTargetSurjectivityCompactnessMappedCokernelPi1Pi2Pi3W859ClosednessBranchTargetExactAtConvergenceStateW1530.productSuccessClaimed =
audit/OriginalFourTaskCompletionDeclarations.lean:19992:    LeanLCAExactChallenge.Dbounded.currentW987BoundaryRelationTargetStrictPreimageObjectImageRightAdjointFunctorTargetSurjectivityCompactnessMappedCokernelPi1Pi2Pi3W831ComparisonBijectivityLeftCalculusConvergenceStateW1531.productSuccessClaimed =
audit/OriginalFourTaskCompletionDeclarations.lean:20009:    LeanLCAExactChallenge.Dbounded.currentW987BoundaryRelationTargetStrictPreimageObjectImageRightAdjointFunctorTargetSurjectivityCompactnessMappedCokernelPi1Pi2Pi3W829LeftCalculusStableRouteConvergenceStateW1532.productSuccessClaimed =
audit/OriginalFourTaskCompletionDeclarations.lean:20026:    LeanLCAExactChallenge.Dbounded.currentW987BoundaryRelationTargetStrictPreimageObjectImageRightAdjointFunctorTargetSurjectivityCompactnessMappedCokernelPi1Pi2Pi3W829StableFieldsFromDirectSourceStateW1533.productSuccessClaimed =
audit/OriginalFourTaskCompletionDeclarations.lean:20043:    LeanLCAExactChallenge.Dbounded.currentW987BoundaryRelationTargetStrictPreimageObjectImageRightAdjointFunctorTargetSurjectivityCompactnessMappedCokernelPi1Pi2Pi3W829StableCertificateFromDirectSourceStateW1534.productSuccessClaimed =
audit/OriginalFourTaskCompletionDeclarations.lean:20060:    LeanLCAExactChallenge.Dbounded.currentW987BoundaryRelationTargetStrictPreimageObjectImageRightAdjointFunctorTargetSurjectivityCompactnessMappedCokernelPi1Pi2Pi3W829StableProjectionFactsFromAcceptedDirectSourceStateW1535.productSuccessClaimed =
audit/OriginalFourTaskCompletionDeclarations.lean:20077:    LeanLCAExactChallenge.Dbounded.currentW987BoundaryRelationTargetStrictPreimageObjectImageRightAdjointFunctorTargetSurjectivityCompactnessMappedCokernelPi1Pi2Pi3W829StableProjectionFactsDirectSourceComparisonStateW1536.productSuccessClaimed =
audit/OriginalFourTaskCompletionDeclarations.lean:20094:    LeanLCAExactChallenge.Dbounded.currentW987BoundaryRelationTargetStrictPreimageObjectImageRightAdjointFunctorTargetSurjectivityCompactnessMappedCokernelPi1Pi2Pi3W829StableInstanceFactsFromDirectSourceStateW1537.productSuccessClaimed =
audit/OriginalFourTaskCompletionDeclarations.lean:20111:    LeanLCAExactChallenge.Dbounded.currentW987BoundaryRelationTargetStrictPreimageObjectImageRightAdjointFunctorTargetSurjectivityCompactnessMappedCokernelPi1Pi2Pi3W829StableInstancePackageComparisonStateW1538.productSuccessClaimed =
audit/OriginalFourTaskCompletionDeclarations.lean:20128:    LeanLCAExactChallenge.Dbounded.currentW987BoundaryRelationTargetStrictPreimageObjectImageRightAdjointFunctorTargetSurjectivityCompactnessMappedCokernelPi1Pi2Pi3W829StableSemanticAdapterComparisonStateW1539.productSuccessClaimed =
audit/OriginalFourTaskCompletionDeclarations.lean:20145:    LeanLCAExactChallenge.Dbounded.currentW987BoundaryRelationTargetStrictPreimageObjectImageRightAdjointFunctorTargetSurjectivityCompactnessMappedCokernelPi1Pi2Pi3W829StableCertificateSemanticAdapterComparisonStateW1540.productSuccessClaimed =
audit/OriginalFourTaskCompletionDeclarations.lean:20270:#check LeanLCAExactChallenge.Dbounded.originalFourTaskContractCompletion_productSuccessClaimed
