LeanLCAExactChallenge/Derived/DirectRightLcaLimitOpClosureNormalizedClosedRangeProductRoute.lean:116:noncomputable def directFiniteShapeStableDataOfClosedMapDirectRightLcaW777
LeanLCAExactChallenge/Derived/DirectRightLcaLimitOpClosureNormalizedClosedRangeProductRoute.lean:124:noncomputable def directFiniteShapeStableDataOfClosedEmbeddingDirectRightLcaW777
LeanLCAExactChallenge/Derived/DirectRightLcaLimitOpClosureNormalizedClosedRangeProductRoute.lean:132:noncomputable def stableBoundaryInputsOfClosedMapDirectRightLcaW777
LeanLCAExactChallenge/Derived/DirectRightLcaLimitOpClosureNormalizedClosedRangeProductRoute.lean:140:noncomputable def stableBoundaryInputsOfClosedEmbeddingDirectRightLcaW777
LeanLCAExactChallenge/Derived/DirectRightLcaLimitOpClosureNormalizedClosedRangeProductRoute.lean:148:noncomputable def acceptedStableOfClosedMapDirectRightLcaW777
LeanLCAExactChallenge/Derived/DirectRightLcaLimitOpClosureNormalizedClosedRangeProductRoute.lean:156:noncomputable def acceptedStableOfClosedEmbeddingDirectRightLcaW777
LeanLCAExactChallenge/Derived/DirectRightLcaLimitOpClosureNormalizedClosedRangeProductRoute.lean:164:noncomputable def boundedDerivedOfClosedMapDirectRightLcaStableBoundaryW777
LeanLCAExactChallenge/Derived/DirectRightLcaLimitOpClosureNormalizedClosedRangeProductRoute.lean:173:noncomputable def boundedDerivedOfClosedEmbeddingDirectRightLcaStableBoundaryW777
LeanLCAExactChallenge/Derived/DirectRightLcaLimitOpClosureNormalizedClosedRangeProductRoute.lean:227:      "directFiniteShapeStableDataOfClosedMapDirectRightLcaW777",
LeanLCAExactChallenge/Derived/DirectRightLcaLimitOpClosureNormalizedClosedRangeProductRoute.lean:228:      "directFiniteShapeStableDataOfClosedEmbeddingDirectRightLcaW777",
LeanLCAExactChallenge/Derived/DirectRightLcaLimitOpClosureNormalizedClosedRangeProductRoute.lean:229:      "stableBoundaryInputsOfClosedMapDirectRightLcaW777",
LeanLCAExactChallenge/Derived/DirectRightLcaLimitOpClosureNormalizedClosedRangeProductRoute.lean:230:      "stableBoundaryInputsOfClosedEmbeddingDirectRightLcaW777",
LeanLCAExactChallenge/Derived/DirectRightLcaLimitOpClosureNormalizedClosedRangeProductRoute.lean:231:      "acceptedStableOfClosedMapDirectRightLcaW777",
LeanLCAExactChallenge/Derived/DirectRightLcaLimitOpClosureNormalizedClosedRangeProductRoute.lean:232:      "acceptedStableOfClosedEmbeddingDirectRightLcaW777",
LeanLCAExactChallenge/Derived/DirectRightLcaLimitOpClosureNormalizedClosedRangeProductRoute.lean:233:      "boundedDerivedOfClosedMapDirectRightLcaStableBoundaryW777",
LeanLCAExactChallenge/Derived/DirectRightLcaLimitOpClosureNormalizedClosedRangeProductRoute.lean:234:      "boundedDerivedOfClosedEmbeddingDirectRightLcaStableBoundaryW777",
audit/RequiredDeclarations.lean:882:  LeanLCAExactChallenge.Dbounded.directFiniteShapeStableDataOfClosedMapDirectRightLcaW777
audit/RequiredDeclarations.lean:884:  LeanLCAExactChallenge.Dbounded.directFiniteShapeStableDataOfClosedEmbeddingDirectRightLcaW777
audit/RequiredDeclarations.lean:886:  LeanLCAExactChallenge.Dbounded.stableBoundaryInputsOfClosedMapDirectRightLcaW777
audit/RequiredDeclarations.lean:888:  LeanLCAExactChallenge.Dbounded.stableBoundaryInputsOfClosedEmbeddingDirectRightLcaW777
audit/RequiredDeclarations.lean:890:  LeanLCAExactChallenge.Dbounded.acceptedStableOfClosedMapDirectRightLcaW777
audit/RequiredDeclarations.lean:892:  LeanLCAExactChallenge.Dbounded.acceptedStableOfClosedEmbeddingDirectRightLcaW777
audit/RequiredDeclarations.lean:894:  LeanLCAExactChallenge.Dbounded.boundedDerivedOfClosedMapDirectRightLcaStableBoundaryW777
audit/RequiredDeclarations.lean:896:  LeanLCAExactChallenge.Dbounded.boundedDerivedOfClosedEmbeddingDirectRightLcaStableBoundaryW777
run/w_clean_20260607_w777_direct_right_lca_boundary_checkpoint.md:21:- `directFiniteShapeStableDataOfClosedMapDirectRightLcaW777`
run/w_clean_20260607_w777_direct_right_lca_boundary_checkpoint.md:22:- `directFiniteShapeStableDataOfClosedEmbeddingDirectRightLcaW777`
run/w_clean_20260607_w777_direct_right_lca_boundary_checkpoint.md:23:- `stableBoundaryInputsOfClosedMapDirectRightLcaW777`
run/w_clean_20260607_w777_direct_right_lca_boundary_checkpoint.md:24:- `stableBoundaryInputsOfClosedEmbeddingDirectRightLcaW777`
run/w_clean_20260607_w777_direct_right_lca_boundary_checkpoint.md:25:- `acceptedStableOfClosedMapDirectRightLcaW777`
run/w_clean_20260607_w777_direct_right_lca_boundary_checkpoint.md:26:- `acceptedStableOfClosedEmbeddingDirectRightLcaW777`
run/w_clean_20260607_w777_direct_right_lca_boundary_checkpoint.md:27:- `boundedDerivedOfClosedMapDirectRightLcaStableBoundaryW777`
run/w_clean_20260607_w777_direct_right_lca_boundary_checkpoint.md:28:- `boundedDerivedOfClosedEmbeddingDirectRightLcaStableBoundaryW777`
audit/OriginalFourTaskCompletionDeclarations.lean:674:  LeanLCAExactChallenge.Dbounded.directFiniteShapeStableDataOfClosedMapDirectRightLcaW777
audit/OriginalFourTaskCompletionDeclarations.lean:676:  LeanLCAExactChallenge.Dbounded.directFiniteShapeStableDataOfClosedEmbeddingDirectRightLcaW777
audit/OriginalFourTaskCompletionDeclarations.lean:678:  LeanLCAExactChallenge.Dbounded.stableBoundaryInputsOfClosedMapDirectRightLcaW777
audit/OriginalFourTaskCompletionDeclarations.lean:680:  LeanLCAExactChallenge.Dbounded.stableBoundaryInputsOfClosedEmbeddingDirectRightLcaW777
audit/OriginalFourTaskCompletionDeclarations.lean:682:  LeanLCAExactChallenge.Dbounded.acceptedStableOfClosedMapDirectRightLcaW777
audit/OriginalFourTaskCompletionDeclarations.lean:684:  LeanLCAExactChallenge.Dbounded.acceptedStableOfClosedEmbeddingDirectRightLcaW777
audit/OriginalFourTaskCompletionDeclarations.lean:686:  LeanLCAExactChallenge.Dbounded.boundedDerivedOfClosedMapDirectRightLcaStableBoundaryW777
audit/OriginalFourTaskCompletionDeclarations.lean:688:  LeanLCAExactChallenge.Dbounded.boundedDerivedOfClosedEmbeddingDirectRightLcaStableBoundaryW777
audit/ProductSuccessDeclarations.lean:9242:    Dbounded.directFiniteShapeStableDataOfClosedMapDirectRightLcaW777
audit/ProductSuccessDeclarations.lean:9244:    Dbounded.directFiniteShapeStableDataOfClosedEmbeddingDirectRightLcaW777
audit/ProductSuccessDeclarations.lean:9246:    Dbounded.stableBoundaryInputsOfClosedMapDirectRightLcaW777
audit/ProductSuccessDeclarations.lean:9248:    Dbounded.stableBoundaryInputsOfClosedEmbeddingDirectRightLcaW777
audit/ProductSuccessDeclarations.lean:9250:    Dbounded.acceptedStableOfClosedMapDirectRightLcaW777
audit/ProductSuccessDeclarations.lean:9252:    Dbounded.acceptedStableOfClosedEmbeddingDirectRightLcaW777
audit/ProductSuccessDeclarations.lean:9254:    Dbounded.boundedDerivedOfClosedMapDirectRightLcaStableBoundaryW777
audit/ProductSuccessDeclarations.lean:9256:    Dbounded.boundedDerivedOfClosedEmbeddingDirectRightLcaStableBoundaryW777
