declaration presence scan for W808 target iso to target ExactAt terminal stable boundary
LeanLCAExactChallenge/Derived/TargetIsoToTargetExactAtTerminalProductRoute.lean:120:noncomputable def directFiniteShapeStableDataOfClosedMapTargetIsoTerminalW808
LeanLCAExactChallenge/Derived/TargetIsoToTargetExactAtTerminalProductRoute.lean:130:    directFiniteShapeStableDataOfClosedEmbeddingTargetIsoTerminalW808
LeanLCAExactChallenge/Derived/TargetIsoToTargetExactAtTerminalProductRoute.lean:137:noncomputable def stableBoundaryInputsOfClosedMapTargetIsoTerminalW808
LeanLCAExactChallenge/Derived/TargetIsoToTargetExactAtTerminalProductRoute.lean:146:noncomputable def stableBoundaryInputsOfClosedEmbeddingTargetIsoTerminalW808
LeanLCAExactChallenge/Derived/TargetIsoToTargetExactAtTerminalProductRoute.lean:153:noncomputable def acceptedStableOfClosedMapTargetIsoTerminalW808
LeanLCAExactChallenge/Derived/TargetIsoToTargetExactAtTerminalProductRoute.lean:162:noncomputable def acceptedStableOfClosedEmbeddingTargetIsoTerminalW808
LeanLCAExactChallenge/Derived/TargetIsoToTargetExactAtTerminalProductRoute.lean:171:noncomputable def boundedDerivedOfClosedMapTargetIsoTerminalStableBoundaryW808
LeanLCAExactChallenge/Derived/TargetIsoToTargetExactAtTerminalProductRoute.lean:183:    boundedDerivedOfClosedEmbeddingTargetIsoTerminalStableBoundaryW808
LeanLCAExactChallenge/Derived/TargetIsoToTargetExactAtTerminalProductRoute.lean:205:  stableBoundaryResult : String
LeanLCAExactChallenge/Derived/TargetIsoToTargetExactAtTerminalProductRoute.lean:224:      "directFiniteShapeStableDataOfClosedMapTargetIsoTerminalW808",
LeanLCAExactChallenge/Derived/TargetIsoToTargetExactAtTerminalProductRoute.lean:225:      "directFiniteShapeStableDataOfClosedEmbeddingTargetIsoTerminalW808",
LeanLCAExactChallenge/Derived/TargetIsoToTargetExactAtTerminalProductRoute.lean:226:      "stableBoundaryInputsOfClosedMapTargetIsoTerminalW808",
LeanLCAExactChallenge/Derived/TargetIsoToTargetExactAtTerminalProductRoute.lean:227:      "stableBoundaryInputsOfClosedEmbeddingTargetIsoTerminalW808",
LeanLCAExactChallenge/Derived/TargetIsoToTargetExactAtTerminalProductRoute.lean:228:      "acceptedStableOfClosedMapTargetIsoTerminalW808",
LeanLCAExactChallenge/Derived/TargetIsoToTargetExactAtTerminalProductRoute.lean:229:      "acceptedStableOfClosedEmbeddingTargetIsoTerminalW808",
LeanLCAExactChallenge/Derived/TargetIsoToTargetExactAtTerminalProductRoute.lean:230:      "boundedDerivedOfClosedMapTargetIsoTerminalStableBoundaryW808",
LeanLCAExactChallenge/Derived/TargetIsoToTargetExactAtTerminalProductRoute.lean:231:      "boundedDerivedOfClosedEmbeddingTargetIsoTerminalStableBoundaryW808",
LeanLCAExactChallenge/Derived/TargetIsoToTargetExactAtTerminalProductRoute.lean:240:  stableBoundaryResult :=
audit/RequiredDeclarations.lean:1386:  LeanLCAExactChallenge.Dbounded.directFiniteShapeStableDataOfClosedMapTargetIsoTerminalW808
audit/RequiredDeclarations.lean:1388:  LeanLCAExactChallenge.Dbounded.directFiniteShapeStableDataOfClosedEmbeddingTargetIsoTerminalW808
audit/RequiredDeclarations.lean:1390:  LeanLCAExactChallenge.Dbounded.stableBoundaryInputsOfClosedMapTargetIsoTerminalW808
audit/RequiredDeclarations.lean:1392:  LeanLCAExactChallenge.Dbounded.stableBoundaryInputsOfClosedEmbeddingTargetIsoTerminalW808
audit/RequiredDeclarations.lean:1394:  LeanLCAExactChallenge.Dbounded.acceptedStableOfClosedMapTargetIsoTerminalW808
audit/RequiredDeclarations.lean:1396:  LeanLCAExactChallenge.Dbounded.acceptedStableOfClosedEmbeddingTargetIsoTerminalW808
audit/RequiredDeclarations.lean:1398:  LeanLCAExactChallenge.Dbounded.boundedDerivedOfClosedMapTargetIsoTerminalStableBoundaryW808
audit/RequiredDeclarations.lean:1400:  LeanLCAExactChallenge.Dbounded.boundedDerivedOfClosedEmbeddingTargetIsoTerminalStableBoundaryW808
audit/ProductSuccessDeclarations.lean:10192:  #check Dbounded.directFiniteShapeStableDataOfClosedMapTargetIsoTerminalW808
audit/ProductSuccessDeclarations.lean:10194:    Dbounded.directFiniteShapeStableDataOfClosedEmbeddingTargetIsoTerminalW808
audit/ProductSuccessDeclarations.lean:10195:  #check Dbounded.stableBoundaryInputsOfClosedMapTargetIsoTerminalW808
audit/ProductSuccessDeclarations.lean:10196:  #check Dbounded.stableBoundaryInputsOfClosedEmbeddingTargetIsoTerminalW808
audit/ProductSuccessDeclarations.lean:10197:  #check Dbounded.acceptedStableOfClosedMapTargetIsoTerminalW808
audit/ProductSuccessDeclarations.lean:10198:  #check Dbounded.acceptedStableOfClosedEmbeddingTargetIsoTerminalW808
audit/ProductSuccessDeclarations.lean:10199:  #check Dbounded.boundedDerivedOfClosedMapTargetIsoTerminalStableBoundaryW808
audit/ProductSuccessDeclarations.lean:10201:    Dbounded.boundedDerivedOfClosedEmbeddingTargetIsoTerminalStableBoundaryW808
audit/OriginalFourTaskCompletionDeclarations.lean:1178:  LeanLCAExactChallenge.Dbounded.directFiniteShapeStableDataOfClosedMapTargetIsoTerminalW808
audit/OriginalFourTaskCompletionDeclarations.lean:1180:  LeanLCAExactChallenge.Dbounded.directFiniteShapeStableDataOfClosedEmbeddingTargetIsoTerminalW808
audit/OriginalFourTaskCompletionDeclarations.lean:1182:  LeanLCAExactChallenge.Dbounded.stableBoundaryInputsOfClosedMapTargetIsoTerminalW808
audit/OriginalFourTaskCompletionDeclarations.lean:1184:  LeanLCAExactChallenge.Dbounded.stableBoundaryInputsOfClosedEmbeddingTargetIsoTerminalW808
audit/OriginalFourTaskCompletionDeclarations.lean:1186:  LeanLCAExactChallenge.Dbounded.acceptedStableOfClosedMapTargetIsoTerminalW808
audit/OriginalFourTaskCompletionDeclarations.lean:1188:  LeanLCAExactChallenge.Dbounded.acceptedStableOfClosedEmbeddingTargetIsoTerminalW808
audit/OriginalFourTaskCompletionDeclarations.lean:1190:  LeanLCAExactChallenge.Dbounded.boundedDerivedOfClosedMapTargetIsoTerminalStableBoundaryW808
audit/OriginalFourTaskCompletionDeclarations.lean:1192:  LeanLCAExactChallenge.Dbounded.boundedDerivedOfClosedEmbeddingTargetIsoTerminalStableBoundaryW808
