declaration presence scan for W812 iso closure homology detection terminal stable boundary
LeanLCAExactChallenge/Derived/IsoClosureHomologyDetectionTerminalProductRoute.lean:124:    directFiniteShapeStableDataOfClosedMapHomologyDetectedIsoClosureW812
LeanLCAExactChallenge/Derived/IsoClosureHomologyDetectionTerminalProductRoute.lean:135:    directFiniteShapeStableDataOfClosedEmbeddingHomologyDetectedIsoClosureW812
LeanLCAExactChallenge/Derived/IsoClosureHomologyDetectionTerminalProductRoute.lean:142:noncomputable def stableBoundaryInputsOfClosedMapHomologyDetectedIsoClosureW812
LeanLCAExactChallenge/Derived/IsoClosureHomologyDetectionTerminalProductRoute.lean:152:    stableBoundaryInputsOfClosedEmbeddingHomologyDetectedIsoClosureW812
LeanLCAExactChallenge/Derived/IsoClosureHomologyDetectionTerminalProductRoute.lean:159:noncomputable def acceptedStableOfClosedMapHomologyDetectedIsoClosureW812
LeanLCAExactChallenge/Derived/IsoClosureHomologyDetectionTerminalProductRoute.lean:168:noncomputable def acceptedStableOfClosedEmbeddingHomologyDetectedIsoClosureW812
LeanLCAExactChallenge/Derived/IsoClosureHomologyDetectionTerminalProductRoute.lean:179:    boundedDerivedOfClosedMapHomologyDetectedIsoClosureStableBoundaryW812
LeanLCAExactChallenge/Derived/IsoClosureHomologyDetectionTerminalProductRoute.lean:191:    boundedDerivedOfClosedEmbeddingHomologyDetectedIsoClosureStableBoundaryW812
LeanLCAExactChallenge/Derived/IsoClosureHomologyDetectionTerminalProductRoute.lean:214:  stableBoundaryResult : String
LeanLCAExactChallenge/Derived/IsoClosureHomologyDetectionTerminalProductRoute.lean:232:      "directFiniteShapeStableDataOfClosedMapHomologyDetectedIsoClosureW812",
LeanLCAExactChallenge/Derived/IsoClosureHomologyDetectionTerminalProductRoute.lean:233:      "directFiniteShapeStableDataOfClosedEmbeddingHomologyDetectedIsoClosureW812",
LeanLCAExactChallenge/Derived/IsoClosureHomologyDetectionTerminalProductRoute.lean:234:      "stableBoundaryInputsOfClosedMapHomologyDetectedIsoClosureW812",
LeanLCAExactChallenge/Derived/IsoClosureHomologyDetectionTerminalProductRoute.lean:235:      "stableBoundaryInputsOfClosedEmbeddingHomologyDetectedIsoClosureW812",
LeanLCAExactChallenge/Derived/IsoClosureHomologyDetectionTerminalProductRoute.lean:236:      "acceptedStableOfClosedMapHomologyDetectedIsoClosureW812",
LeanLCAExactChallenge/Derived/IsoClosureHomologyDetectionTerminalProductRoute.lean:237:      "acceptedStableOfClosedEmbeddingHomologyDetectedIsoClosureW812",
LeanLCAExactChallenge/Derived/IsoClosureHomologyDetectionTerminalProductRoute.lean:238:      "boundedDerivedOfClosedMapHomologyDetectedIsoClosureStableBoundaryW812",
LeanLCAExactChallenge/Derived/IsoClosureHomologyDetectionTerminalProductRoute.lean:239:      "boundedDerivedOfClosedEmbeddingHomologyDetectedIsoClosureStableBoundaryW812",
LeanLCAExactChallenge/Derived/IsoClosureHomologyDetectionTerminalProductRoute.lean:248:  stableBoundaryResult :=
audit/RequiredDeclarations.lean:1437:  LeanLCAExactChallenge.Dbounded.directFiniteShapeStableDataOfClosedMapHomologyDetectedIsoClosureW812
audit/RequiredDeclarations.lean:1439:  LeanLCAExactChallenge.Dbounded.directFiniteShapeStableDataOfClosedEmbeddingHomologyDetectedIsoClosureW812
audit/RequiredDeclarations.lean:1441:  LeanLCAExactChallenge.Dbounded.stableBoundaryInputsOfClosedMapHomologyDetectedIsoClosureW812
audit/RequiredDeclarations.lean:1443:  LeanLCAExactChallenge.Dbounded.stableBoundaryInputsOfClosedEmbeddingHomologyDetectedIsoClosureW812
audit/RequiredDeclarations.lean:1445:  LeanLCAExactChallenge.Dbounded.acceptedStableOfClosedMapHomologyDetectedIsoClosureW812
audit/RequiredDeclarations.lean:1447:  LeanLCAExactChallenge.Dbounded.acceptedStableOfClosedEmbeddingHomologyDetectedIsoClosureW812
audit/RequiredDeclarations.lean:1449:  LeanLCAExactChallenge.Dbounded.boundedDerivedOfClosedMapHomologyDetectedIsoClosureStableBoundaryW812
audit/RequiredDeclarations.lean:1451:  LeanLCAExactChallenge.Dbounded.boundedDerivedOfClosedEmbeddingHomologyDetectedIsoClosureStableBoundaryW812
audit/OriginalFourTaskCompletionDeclarations.lean:1229:  LeanLCAExactChallenge.Dbounded.directFiniteShapeStableDataOfClosedMapHomologyDetectedIsoClosureW812
audit/OriginalFourTaskCompletionDeclarations.lean:1231:  LeanLCAExactChallenge.Dbounded.directFiniteShapeStableDataOfClosedEmbeddingHomologyDetectedIsoClosureW812
audit/OriginalFourTaskCompletionDeclarations.lean:1233:  LeanLCAExactChallenge.Dbounded.stableBoundaryInputsOfClosedMapHomologyDetectedIsoClosureW812
audit/OriginalFourTaskCompletionDeclarations.lean:1235:  LeanLCAExactChallenge.Dbounded.stableBoundaryInputsOfClosedEmbeddingHomologyDetectedIsoClosureW812
audit/OriginalFourTaskCompletionDeclarations.lean:1237:  LeanLCAExactChallenge.Dbounded.acceptedStableOfClosedMapHomologyDetectedIsoClosureW812
audit/OriginalFourTaskCompletionDeclarations.lean:1239:  LeanLCAExactChallenge.Dbounded.acceptedStableOfClosedEmbeddingHomologyDetectedIsoClosureW812
audit/OriginalFourTaskCompletionDeclarations.lean:1241:  LeanLCAExactChallenge.Dbounded.boundedDerivedOfClosedMapHomologyDetectedIsoClosureStableBoundaryW812
audit/OriginalFourTaskCompletionDeclarations.lean:1243:  LeanLCAExactChallenge.Dbounded.boundedDerivedOfClosedEmbeddingHomologyDetectedIsoClosureStableBoundaryW812
audit/ProductSuccessDeclarations.lean:10275:    Dbounded.directFiniteShapeStableDataOfClosedMapHomologyDetectedIsoClosureW812
audit/ProductSuccessDeclarations.lean:10277:    Dbounded.directFiniteShapeStableDataOfClosedEmbeddingHomologyDetectedIsoClosureW812
audit/ProductSuccessDeclarations.lean:10278:  #check Dbounded.stableBoundaryInputsOfClosedMapHomologyDetectedIsoClosureW812
audit/ProductSuccessDeclarations.lean:10280:    Dbounded.stableBoundaryInputsOfClosedEmbeddingHomologyDetectedIsoClosureW812
audit/ProductSuccessDeclarations.lean:10281:  #check Dbounded.acceptedStableOfClosedMapHomologyDetectedIsoClosureW812
audit/ProductSuccessDeclarations.lean:10282:  #check Dbounded.acceptedStableOfClosedEmbeddingHomologyDetectedIsoClosureW812
audit/ProductSuccessDeclarations.lean:10284:    Dbounded.boundedDerivedOfClosedMapHomologyDetectedIsoClosureStableBoundaryW812
audit/ProductSuccessDeclarations.lean:10286:    Dbounded.boundedDerivedOfClosedEmbeddingHomologyDetectedIsoClosureStableBoundaryW812
