## goal-clean-positive-witness-20260607...origin/goal-clean-positive-witness-20260607
 M LeanLCAExactChallenge/Derived/NormalizedDirectSourceClosedRangeProductRoute.lean
 M audit/OriginalFourTaskCompletionDeclarations.lean
 M audit/ProductSuccessDeclarations.lean
 M audit/RequiredDeclarations.lean
 M run/goal_identity_20260602_human_centered_positive_witness.json
?? run/w_clean_20260607_w774_stable_boundary_build.log
?? run/w_clean_20260607_w774_stable_boundary_build_local_warning_error_scan.log
?? run/w_clean_20260607_w774_stable_boundary_changed_files_completion_claim_scan.log
?? run/w_clean_20260607_w774_stable_boundary_checkpoint.md
?? run/w_clean_20260607_w774_stable_boundary_diff_check.log
?? run/w_clean_20260607_w774_stable_boundary_forbidden_lean_tokens.log
?? run/w_clean_20260607_w774_stable_boundary_new_declaration_presence.log
?? run/w_clean_20260607_w774_stable_boundary_normalized_lean.log
?? run/w_clean_20260607_w774_stable_boundary_original_four_task_declarations.log
?? run/w_clean_20260607_w774_stable_boundary_post_verify_status.log
?? run/w_clean_20260607_w774_stable_boundary_product_success_declarations.log
?? run/w_clean_20260607_w774_stable_boundary_required_declarations.log
?? run/w_clean_20260607_w774_stable_boundary_resumption_contract_hashes.log
?? run/w_clean_20260607_w774_stable_boundary_resumption_head.log
?? run/w_clean_20260607_w774_stable_boundary_resumption_lsremote_main.log
?? run/w_clean_20260607_w774_stable_boundary_resumption_origin_main.log
?? run/w_clean_20260607_w774_stable_boundary_resumption_status.log
?? run/w_clean_20260607_w774_stable_boundary_resumption_terminal_outcome_summary.log
?? run/w_clean_20260607_w774_stable_boundary_source_audit_warning_error_scan.log
?? run/w_clean_20260607_w774_stable_boundary_terminal_outcome.log
?? run/w_clean_20260607_w774_stable_boundary_terminal_outcome_false_scan.log
?? run/w_clean_20260607_w774_stable_boundary_true_boolean_claim_scan_clean.log
?? run/w_clean_20260607_w774_stable_boundary_verification_summary.log
