LeanLCAExactChallenge/Derived/DirectComparisonLeftSnakeProductRoute.lean:105:noncomputable def directFiniteShapeStableDataOfClosedMapDirectComparisonLeftSnakeW779
LeanLCAExactChallenge/Derived/DirectComparisonLeftSnakeProductRoute.lean:112:noncomputable def directFiniteShapeStableDataOfClosedEmbeddingDirectComparisonLeftSnakeW779
LeanLCAExactChallenge/Derived/DirectComparisonLeftSnakeProductRoute.lean:119:noncomputable def stableBoundaryInputsOfClosedMapDirectComparisonLeftSnakeW779
LeanLCAExactChallenge/Derived/DirectComparisonLeftSnakeProductRoute.lean:126:noncomputable def stableBoundaryInputsOfClosedEmbeddingDirectComparisonLeftSnakeW779
LeanLCAExactChallenge/Derived/DirectComparisonLeftSnakeProductRoute.lean:133:noncomputable def acceptedStableOfClosedMapDirectComparisonLeftSnakeW779
LeanLCAExactChallenge/Derived/DirectComparisonLeftSnakeProductRoute.lean:140:noncomputable def acceptedStableOfClosedEmbeddingDirectComparisonLeftSnakeW779
LeanLCAExactChallenge/Derived/DirectComparisonLeftSnakeProductRoute.lean:147:noncomputable def boundedDerivedOfClosedMapDirectComparisonLeftSnakeStableBoundaryW779
LeanLCAExactChallenge/Derived/DirectComparisonLeftSnakeProductRoute.lean:155:noncomputable def boundedDerivedOfClosedEmbeddingDirectComparisonLeftSnakeStableBoundaryW779
LeanLCAExactChallenge/Derived/DirectComparisonLeftSnakeProductRoute.lean:205:      "directFiniteShapeStableDataOfClosedMapDirectComparisonLeftSnakeW779",
LeanLCAExactChallenge/Derived/DirectComparisonLeftSnakeProductRoute.lean:206:      "directFiniteShapeStableDataOfClosedEmbeddingDirectComparisonLeftSnakeW779",
LeanLCAExactChallenge/Derived/DirectComparisonLeftSnakeProductRoute.lean:207:      "stableBoundaryInputsOfClosedMapDirectComparisonLeftSnakeW779",
LeanLCAExactChallenge/Derived/DirectComparisonLeftSnakeProductRoute.lean:208:      "stableBoundaryInputsOfClosedEmbeddingDirectComparisonLeftSnakeW779",
LeanLCAExactChallenge/Derived/DirectComparisonLeftSnakeProductRoute.lean:209:      "acceptedStableOfClosedMapDirectComparisonLeftSnakeW779",
LeanLCAExactChallenge/Derived/DirectComparisonLeftSnakeProductRoute.lean:210:      "acceptedStableOfClosedEmbeddingDirectComparisonLeftSnakeW779",
LeanLCAExactChallenge/Derived/DirectComparisonLeftSnakeProductRoute.lean:211:      "boundedDerivedOfClosedMapDirectComparisonLeftSnakeStableBoundaryW779",
LeanLCAExactChallenge/Derived/DirectComparisonLeftSnakeProductRoute.lean:212:      "boundedDerivedOfClosedEmbeddingDirectComparisonLeftSnakeStableBoundaryW779",
audit/RequiredDeclarations.lean:916:  LeanLCAExactChallenge.Dbounded.directFiniteShapeStableDataOfClosedMapDirectComparisonLeftSnakeW779
audit/RequiredDeclarations.lean:918:  LeanLCAExactChallenge.Dbounded.directFiniteShapeStableDataOfClosedEmbeddingDirectComparisonLeftSnakeW779
audit/RequiredDeclarations.lean:920:  LeanLCAExactChallenge.Dbounded.stableBoundaryInputsOfClosedMapDirectComparisonLeftSnakeW779
audit/RequiredDeclarations.lean:922:  LeanLCAExactChallenge.Dbounded.stableBoundaryInputsOfClosedEmbeddingDirectComparisonLeftSnakeW779
audit/RequiredDeclarations.lean:924:  LeanLCAExactChallenge.Dbounded.acceptedStableOfClosedMapDirectComparisonLeftSnakeW779
audit/RequiredDeclarations.lean:926:  LeanLCAExactChallenge.Dbounded.acceptedStableOfClosedEmbeddingDirectComparisonLeftSnakeW779
audit/RequiredDeclarations.lean:928:  LeanLCAExactChallenge.Dbounded.boundedDerivedOfClosedMapDirectComparisonLeftSnakeStableBoundaryW779
audit/RequiredDeclarations.lean:930:  LeanLCAExactChallenge.Dbounded.boundedDerivedOfClosedEmbeddingDirectComparisonLeftSnakeStableBoundaryW779
audit/ProductSuccessDeclarations.lean:9308:    Dbounded.directFiniteShapeStableDataOfClosedMapDirectComparisonLeftSnakeW779
audit/ProductSuccessDeclarations.lean:9310:    Dbounded.directFiniteShapeStableDataOfClosedEmbeddingDirectComparisonLeftSnakeW779
audit/ProductSuccessDeclarations.lean:9312:    Dbounded.stableBoundaryInputsOfClosedMapDirectComparisonLeftSnakeW779
audit/ProductSuccessDeclarations.lean:9314:    Dbounded.stableBoundaryInputsOfClosedEmbeddingDirectComparisonLeftSnakeW779
audit/ProductSuccessDeclarations.lean:9316:    Dbounded.acceptedStableOfClosedMapDirectComparisonLeftSnakeW779
audit/ProductSuccessDeclarations.lean:9318:    Dbounded.acceptedStableOfClosedEmbeddingDirectComparisonLeftSnakeW779
audit/ProductSuccessDeclarations.lean:9320:    Dbounded.boundedDerivedOfClosedMapDirectComparisonLeftSnakeStableBoundaryW779
audit/ProductSuccessDeclarations.lean:9322:    Dbounded.boundedDerivedOfClosedEmbeddingDirectComparisonLeftSnakeStableBoundaryW779
audit/OriginalFourTaskCompletionDeclarations.lean:708:  LeanLCAExactChallenge.Dbounded.directFiniteShapeStableDataOfClosedMapDirectComparisonLeftSnakeW779
audit/OriginalFourTaskCompletionDeclarations.lean:710:  LeanLCAExactChallenge.Dbounded.directFiniteShapeStableDataOfClosedEmbeddingDirectComparisonLeftSnakeW779
audit/OriginalFourTaskCompletionDeclarations.lean:712:  LeanLCAExactChallenge.Dbounded.stableBoundaryInputsOfClosedMapDirectComparisonLeftSnakeW779
audit/OriginalFourTaskCompletionDeclarations.lean:714:  LeanLCAExactChallenge.Dbounded.stableBoundaryInputsOfClosedEmbeddingDirectComparisonLeftSnakeW779
audit/OriginalFourTaskCompletionDeclarations.lean:716:  LeanLCAExactChallenge.Dbounded.acceptedStableOfClosedMapDirectComparisonLeftSnakeW779
audit/OriginalFourTaskCompletionDeclarations.lean:718:  LeanLCAExactChallenge.Dbounded.acceptedStableOfClosedEmbeddingDirectComparisonLeftSnakeW779
audit/OriginalFourTaskCompletionDeclarations.lean:720:  LeanLCAExactChallenge.Dbounded.boundedDerivedOfClosedMapDirectComparisonLeftSnakeStableBoundaryW779
audit/OriginalFourTaskCompletionDeclarations.lean:722:  LeanLCAExactChallenge.Dbounded.boundedDerivedOfClosedEmbeddingDirectComparisonLeftSnakeStableBoundaryW779
