W800 stable-boundary declaration presence
LeanLCAExactChallenge/Derived/TargetHomologyZeroW664SourceTriangulationProductRoute.lean:124:noncomputable def directFiniteShapeStableDataOfClosedMapW664SourceTriangulationW800
LeanLCAExactChallenge/Derived/TargetHomologyZeroW664SourceTriangulationProductRoute.lean:135:    directFiniteShapeStableDataOfClosedEmbeddingW664SourceTriangulationW800
LeanLCAExactChallenge/Derived/TargetHomologyZeroW664SourceTriangulationProductRoute.lean:143:noncomputable def stableBoundaryInputsOfClosedMapW664SourceTriangulationW800
LeanLCAExactChallenge/Derived/TargetHomologyZeroW664SourceTriangulationProductRoute.lean:153:noncomputable def stableBoundaryInputsOfClosedEmbeddingW664SourceTriangulationW800
LeanLCAExactChallenge/Derived/TargetHomologyZeroW664SourceTriangulationProductRoute.lean:161:noncomputable def acceptedStableOfClosedMapW664SourceTriangulationW800
LeanLCAExactChallenge/Derived/TargetHomologyZeroW664SourceTriangulationProductRoute.lean:168:noncomputable def acceptedStableOfClosedEmbeddingW664SourceTriangulationW800
LeanLCAExactChallenge/Derived/TargetHomologyZeroW664SourceTriangulationProductRoute.lean:177:    boundedDerivedOfClosedMapW664SourceTriangulationStableBoundaryW800
LeanLCAExactChallenge/Derived/TargetHomologyZeroW664SourceTriangulationProductRoute.lean:189:    boundedDerivedOfClosedEmbeddingW664SourceTriangulationStableBoundaryW800
LeanLCAExactChallenge/Derived/TargetHomologyZeroW664SourceTriangulationProductRoute.lean:217:  stableBoundaryResult : String
LeanLCAExactChallenge/Derived/TargetHomologyZeroW664SourceTriangulationProductRoute.lean:241:      "directFiniteShapeStableDataOfClosedMapW664SourceTriangulationW800",
LeanLCAExactChallenge/Derived/TargetHomologyZeroW664SourceTriangulationProductRoute.lean:242:      "directFiniteShapeStableDataOfClosedEmbeddingW664SourceTriangulationW800",
LeanLCAExactChallenge/Derived/TargetHomologyZeroW664SourceTriangulationProductRoute.lean:243:      "stableBoundaryInputsOfClosedMapW664SourceTriangulationW800",
LeanLCAExactChallenge/Derived/TargetHomologyZeroW664SourceTriangulationProductRoute.lean:244:      "stableBoundaryInputsOfClosedEmbeddingW664SourceTriangulationW800",
LeanLCAExactChallenge/Derived/TargetHomologyZeroW664SourceTriangulationProductRoute.lean:245:      "acceptedStableOfClosedMapW664SourceTriangulationW800",
LeanLCAExactChallenge/Derived/TargetHomologyZeroW664SourceTriangulationProductRoute.lean:246:      "acceptedStableOfClosedEmbeddingW664SourceTriangulationW800",
LeanLCAExactChallenge/Derived/TargetHomologyZeroW664SourceTriangulationProductRoute.lean:247:      "boundedDerivedOfClosedMapW664SourceTriangulationStableBoundaryW800",
LeanLCAExactChallenge/Derived/TargetHomologyZeroW664SourceTriangulationProductRoute.lean:248:      "boundedDerivedOfClosedEmbeddingW664SourceTriangulationStableBoundaryW800",
LeanLCAExactChallenge/Derived/TargetHomologyZeroW664SourceTriangulationProductRoute.lean:255:  stableBoundaryResult :=
audit/RequiredDeclarations.lean:1222:  LeanLCAExactChallenge.Dbounded.directFiniteShapeStableDataOfClosedMapW664SourceTriangulationW800
audit/RequiredDeclarations.lean:1224:  LeanLCAExactChallenge.Dbounded.directFiniteShapeStableDataOfClosedEmbeddingW664SourceTriangulationW800
audit/RequiredDeclarations.lean:1226:  LeanLCAExactChallenge.Dbounded.stableBoundaryInputsOfClosedMapW664SourceTriangulationW800
audit/RequiredDeclarations.lean:1228:  LeanLCAExactChallenge.Dbounded.stableBoundaryInputsOfClosedEmbeddingW664SourceTriangulationW800
audit/RequiredDeclarations.lean:1230:  LeanLCAExactChallenge.Dbounded.acceptedStableOfClosedMapW664SourceTriangulationW800
audit/RequiredDeclarations.lean:1232:  LeanLCAExactChallenge.Dbounded.acceptedStableOfClosedEmbeddingW664SourceTriangulationW800
audit/RequiredDeclarations.lean:1234:  LeanLCAExactChallenge.Dbounded.boundedDerivedOfClosedMapW664SourceTriangulationStableBoundaryW800
audit/RequiredDeclarations.lean:1236:  LeanLCAExactChallenge.Dbounded.boundedDerivedOfClosedEmbeddingW664SourceTriangulationStableBoundaryW800
audit/OriginalFourTaskCompletionDeclarations.lean:1014:  LeanLCAExactChallenge.Dbounded.directFiniteShapeStableDataOfClosedMapW664SourceTriangulationW800
audit/OriginalFourTaskCompletionDeclarations.lean:1016:  LeanLCAExactChallenge.Dbounded.directFiniteShapeStableDataOfClosedEmbeddingW664SourceTriangulationW800
audit/OriginalFourTaskCompletionDeclarations.lean:1018:  LeanLCAExactChallenge.Dbounded.stableBoundaryInputsOfClosedMapW664SourceTriangulationW800
audit/OriginalFourTaskCompletionDeclarations.lean:1020:  LeanLCAExactChallenge.Dbounded.stableBoundaryInputsOfClosedEmbeddingW664SourceTriangulationW800
audit/OriginalFourTaskCompletionDeclarations.lean:1022:  LeanLCAExactChallenge.Dbounded.acceptedStableOfClosedMapW664SourceTriangulationW800
audit/OriginalFourTaskCompletionDeclarations.lean:1024:  LeanLCAExactChallenge.Dbounded.acceptedStableOfClosedEmbeddingW664SourceTriangulationW800
audit/OriginalFourTaskCompletionDeclarations.lean:1026:  LeanLCAExactChallenge.Dbounded.boundedDerivedOfClosedMapW664SourceTriangulationStableBoundaryW800
audit/OriginalFourTaskCompletionDeclarations.lean:1028:  LeanLCAExactChallenge.Dbounded.boundedDerivedOfClosedEmbeddingW664SourceTriangulationStableBoundaryW800
audit/ProductSuccessDeclarations.lean:9894:  #check Dbounded.directFiniteShapeStableDataOfClosedMapW664SourceTriangulationW800
audit/ProductSuccessDeclarations.lean:9896:    Dbounded.directFiniteShapeStableDataOfClosedEmbeddingW664SourceTriangulationW800
audit/ProductSuccessDeclarations.lean:9897:  #check Dbounded.stableBoundaryInputsOfClosedMapW664SourceTriangulationW800
audit/ProductSuccessDeclarations.lean:9899:    Dbounded.stableBoundaryInputsOfClosedEmbeddingW664SourceTriangulationW800
audit/ProductSuccessDeclarations.lean:9900:  #check Dbounded.acceptedStableOfClosedMapW664SourceTriangulationW800
audit/ProductSuccessDeclarations.lean:9901:  #check Dbounded.acceptedStableOfClosedEmbeddingW664SourceTriangulationW800
audit/ProductSuccessDeclarations.lean:9903:    Dbounded.boundedDerivedOfClosedMapW664SourceTriangulationStableBoundaryW800
audit/ProductSuccessDeclarations.lean:9905:    Dbounded.boundedDerivedOfClosedEmbeddingW664SourceTriangulationStableBoundaryW800
