declaration presence scan for W805 target ExactAt endpoint reduction stable boundary
LeanLCAExactChallenge/Derived/TargetExactAtEndpointReductionProductRoute.lean:132:noncomputable def directFiniteShapeStableDataOfClosedMapTargetExactAtEndpointReducedW805
LeanLCAExactChallenge/Derived/TargetExactAtEndpointReductionProductRoute.lean:142:    directFiniteShapeStableDataOfClosedEmbeddingTargetExactAtEndpointReducedW805
LeanLCAExactChallenge/Derived/TargetExactAtEndpointReductionProductRoute.lean:152:noncomputable def stableBoundaryInputsOfClosedMapTargetExactAtEndpointReducedW805
LeanLCAExactChallenge/Derived/TargetExactAtEndpointReductionProductRoute.lean:162:    stableBoundaryInputsOfClosedEmbeddingTargetExactAtEndpointReducedW805
LeanLCAExactChallenge/Derived/TargetExactAtEndpointReductionProductRoute.lean:172:noncomputable def acceptedStableOfClosedMapTargetExactAtEndpointReducedW805
LeanLCAExactChallenge/Derived/TargetExactAtEndpointReductionProductRoute.lean:181:noncomputable def acceptedStableOfClosedEmbeddingTargetExactAtEndpointReducedW805
LeanLCAExactChallenge/Derived/TargetExactAtEndpointReductionProductRoute.lean:192:    boundedDerivedOfClosedMapTargetExactAtEndpointReducedStableBoundaryW805
LeanLCAExactChallenge/Derived/TargetExactAtEndpointReductionProductRoute.lean:204:    boundedDerivedOfClosedEmbeddingTargetExactAtEndpointReducedStableBoundaryW805
LeanLCAExactChallenge/Derived/TargetExactAtEndpointReductionProductRoute.lean:227:  stableBoundaryResult : String
LeanLCAExactChallenge/Derived/TargetExactAtEndpointReductionProductRoute.lean:249:      "directFiniteShapeStableDataOfClosedMapTargetExactAtEndpointReducedW805",
LeanLCAExactChallenge/Derived/TargetExactAtEndpointReductionProductRoute.lean:250:      "directFiniteShapeStableDataOfClosedEmbeddingTargetExactAtEndpointReducedW805",
LeanLCAExactChallenge/Derived/TargetExactAtEndpointReductionProductRoute.lean:251:      "stableBoundaryInputsOfClosedMapTargetExactAtEndpointReducedW805",
LeanLCAExactChallenge/Derived/TargetExactAtEndpointReductionProductRoute.lean:252:      "stableBoundaryInputsOfClosedEmbeddingTargetExactAtEndpointReducedW805",
LeanLCAExactChallenge/Derived/TargetExactAtEndpointReductionProductRoute.lean:253:      "acceptedStableOfClosedMapTargetExactAtEndpointReducedW805",
LeanLCAExactChallenge/Derived/TargetExactAtEndpointReductionProductRoute.lean:254:      "acceptedStableOfClosedEmbeddingTargetExactAtEndpointReducedW805",
LeanLCAExactChallenge/Derived/TargetExactAtEndpointReductionProductRoute.lean:255:      "boundedDerivedOfClosedMapTargetExactAtEndpointReducedStableBoundaryW805",
LeanLCAExactChallenge/Derived/TargetExactAtEndpointReductionProductRoute.lean:256:      "boundedDerivedOfClosedEmbeddingTargetExactAtEndpointReducedStableBoundaryW805",
LeanLCAExactChallenge/Derived/TargetExactAtEndpointReductionProductRoute.lean:263:  stableBoundaryResult :=
audit/RequiredDeclarations.lean:1307:  LeanLCAExactChallenge.Dbounded.directFiniteShapeStableDataOfClosedMapTargetExactAtEndpointReducedW805
audit/RequiredDeclarations.lean:1309:  LeanLCAExactChallenge.Dbounded.directFiniteShapeStableDataOfClosedEmbeddingTargetExactAtEndpointReducedW805
audit/RequiredDeclarations.lean:1311:  LeanLCAExactChallenge.Dbounded.stableBoundaryInputsOfClosedMapTargetExactAtEndpointReducedW805
audit/RequiredDeclarations.lean:1313:  LeanLCAExactChallenge.Dbounded.stableBoundaryInputsOfClosedEmbeddingTargetExactAtEndpointReducedW805
audit/RequiredDeclarations.lean:1315:  LeanLCAExactChallenge.Dbounded.acceptedStableOfClosedMapTargetExactAtEndpointReducedW805
audit/RequiredDeclarations.lean:1317:  LeanLCAExactChallenge.Dbounded.acceptedStableOfClosedEmbeddingTargetExactAtEndpointReducedW805
audit/RequiredDeclarations.lean:1319:  LeanLCAExactChallenge.Dbounded.boundedDerivedOfClosedMapTargetExactAtEndpointReducedStableBoundaryW805
audit/RequiredDeclarations.lean:1321:  LeanLCAExactChallenge.Dbounded.boundedDerivedOfClosedEmbeddingTargetExactAtEndpointReducedStableBoundaryW805
audit/ProductSuccessDeclarations.lean:10077:    Dbounded.directFiniteShapeStableDataOfClosedMapTargetExactAtEndpointReducedW805
audit/ProductSuccessDeclarations.lean:10079:    Dbounded.directFiniteShapeStableDataOfClosedEmbeddingTargetExactAtEndpointReducedW805
audit/ProductSuccessDeclarations.lean:10080:  #check Dbounded.stableBoundaryInputsOfClosedMapTargetExactAtEndpointReducedW805
audit/ProductSuccessDeclarations.lean:10082:    Dbounded.stableBoundaryInputsOfClosedEmbeddingTargetExactAtEndpointReducedW805
audit/ProductSuccessDeclarations.lean:10083:  #check Dbounded.acceptedStableOfClosedMapTargetExactAtEndpointReducedW805
audit/ProductSuccessDeclarations.lean:10084:  #check Dbounded.acceptedStableOfClosedEmbeddingTargetExactAtEndpointReducedW805
audit/ProductSuccessDeclarations.lean:10086:    Dbounded.boundedDerivedOfClosedMapTargetExactAtEndpointReducedStableBoundaryW805
audit/ProductSuccessDeclarations.lean:10088:    Dbounded.boundedDerivedOfClosedEmbeddingTargetExactAtEndpointReducedStableBoundaryW805
audit/OriginalFourTaskCompletionDeclarations.lean:1099:  LeanLCAExactChallenge.Dbounded.directFiniteShapeStableDataOfClosedMapTargetExactAtEndpointReducedW805
audit/OriginalFourTaskCompletionDeclarations.lean:1101:  LeanLCAExactChallenge.Dbounded.directFiniteShapeStableDataOfClosedEmbeddingTargetExactAtEndpointReducedW805
audit/OriginalFourTaskCompletionDeclarations.lean:1103:  LeanLCAExactChallenge.Dbounded.stableBoundaryInputsOfClosedMapTargetExactAtEndpointReducedW805
audit/OriginalFourTaskCompletionDeclarations.lean:1105:  LeanLCAExactChallenge.Dbounded.stableBoundaryInputsOfClosedEmbeddingTargetExactAtEndpointReducedW805
audit/OriginalFourTaskCompletionDeclarations.lean:1107:  LeanLCAExactChallenge.Dbounded.acceptedStableOfClosedMapTargetExactAtEndpointReducedW805
audit/OriginalFourTaskCompletionDeclarations.lean:1109:  LeanLCAExactChallenge.Dbounded.acceptedStableOfClosedEmbeddingTargetExactAtEndpointReducedW805
audit/OriginalFourTaskCompletionDeclarations.lean:1111:  LeanLCAExactChallenge.Dbounded.boundedDerivedOfClosedMapTargetExactAtEndpointReducedStableBoundaryW805
audit/OriginalFourTaskCompletionDeclarations.lean:1113:  LeanLCAExactChallenge.Dbounded.boundedDerivedOfClosedEmbeddingTargetExactAtEndpointReducedStableBoundaryW805
