⚠ [1879/2026] Replayed LeanLCAExactChallenge.LCA.Cokernel
warning: LeanLCAExactChallenge/LCA/Cokernel.lean:222:6: try 'simp' instead of 'simpa'

Note: This linter can be disabled with `set_option linter.unnecessarySimpa false`
warning: LeanLCAExactChallenge/LCA/Cokernel.lean:236:2: try 'simp' instead of 'simpa'

Note: This linter can be disabled with `set_option linter.unnecessarySimpa false`
warning: LeanLCAExactChallenge/LCA/Cokernel.lean:265:4: try 'simp' instead of 'simpa'

Note: This linter can be disabled with `set_option linter.unnecessarySimpa false`
warning: LeanLCAExactChallenge/LCA/Cokernel.lean:295:4: try 'simp' instead of 'simpa'

Note: This linter can be disabled with `set_option linter.unnecessarySimpa false`
⚠ [2026/2026] Built LeanLCAExactChallenge.Derived.Bounded (27s)
warning: LeanLCAExactChallenge/Derived/Bounded.lean:320:14: This simp argument is unused:
  strictShortExactBiprodComplex

Hint: Omit it from the simp argument list.
  simp ̵[̵s̵t̵r̵i̵c̵t̵S̵h̵o̵r̵t̵E̵x̵a̵c̵t̵B̵i̵p̵r̵o̵d̵C̵o̵m̵p̵l̵e̵x̵]̵

Note: This linter can be disabled with `set_option linter.unusedSimpArgs false`
warning: LeanLCAExactChallenge/Derived/Bounded.lean:328:14: This simp argument is unused:
  strictShortExactBiprodComplex

Hint: Omit it from the simp argument list.
  simp ̵[̵s̵t̵r̵i̵c̵t̵S̵h̵o̵r̵t̵E̵x̵a̵c̵t̵B̵i̵p̵r̵o̵d̵C̵o̵m̵p̵l̵e̵x̵]̵

Note: This linter can be disabled with `set_option linter.unusedSimpArgs false`
warning: LeanLCAExactChallenge/Derived/Bounded.lean:341:14: This simp argument is unused:
  strictShortExactBiprodComplex

Hint: Omit it from the simp argument list.
  simp ̵[̵s̵t̵r̵i̵c̵t̵S̵h̵o̵r̵t̵E̵x̵a̵c̵t̵B̵i̵p̵r̵o̵d̵C̵o̵m̵p̵l̵e̵x̵]̵

Note: This linter can be disabled with `set_option linter.unusedSimpArgs false`
warning: LeanLCAExactChallenge/Derived/Bounded.lean:349:14: This simp argument is unused:
  strictShortExactBiprodComplex

Hint: Omit it from the simp argument list.
  simp ̵[̵s̵t̵r̵i̵c̵t̵S̵h̵o̵r̵t̵E̵x̵a̵c̵t̵B̵i̵p̵r̵o̵d̵C̵o̵m̵p̵l̵e̵x̵]̵

Note: This linter can be disabled with `set_option linter.unusedSimpArgs false`
warning: LeanLCAExactChallenge/Derived/Bounded.lean:320:8: 'simp [strictShortExactBiprodComplex]' is a flexible tactic modifying '⊢'. Try 'simp?' and use the suggested 'simp only [...]'. Alternatively, use `suffices` to explicitly state the simplified form.

Note: This linter can be disabled with `set_option linter.flexible false`
info: LeanLCAExactChallenge/Derived/Bounded.lean:320:8: Try this:
  [apply] simp only [biprodObjIsoBiprod_hom_fst, biprodMap_biprodFst]
info: LeanLCAExactChallenge/Derived/Bounded.lean:321:8: 'rw [← Category.assoc, biprodObjIsoBiprod_hom_fst]' uses '⊢'!
warning: LeanLCAExactChallenge/Derived/Bounded.lean:328:8: 'simp [strictShortExactBiprodComplex]' is a flexible tactic modifying '⊢'. Try 'simp?' and use the suggested 'simp only [...]'. Alternatively, use `suffices` to explicitly state the simplified form.

Note: This linter can be disabled with `set_option linter.flexible false`
info: LeanLCAExactChallenge/Derived/Bounded.lean:328:8: Try this:
  [apply] simp only [biprodObjIsoBiprod_hom_snd, biprodMap_biprodSnd]
info: LeanLCAExactChallenge/Derived/Bounded.lean:329:8: 'rw [← Category.assoc, biprodObjIsoBiprod_hom_snd]' uses '⊢'!
warning: LeanLCAExactChallenge/Derived/Bounded.lean:341:8: 'simp [strictShortExactBiprodComplex]' is a flexible tactic modifying '⊢'. Try 'simp?' and use the suggested 'simp only [...]'. Alternatively, use `suffices` to explicitly state the simplified form.

Note: This linter can be disabled with `set_option linter.flexible false`
info: LeanLCAExactChallenge/Derived/Bounded.lean:341:8: Try this:
  [apply] simp only [biprodObjIsoBiprod_hom_fst, biprodMap_biprodFst]
info: LeanLCAExactChallenge/Derived/Bounded.lean:342:8: 'rw [← Category.assoc, biprodObjIsoBiprod_hom_fst]' uses '⊢'!
warning: LeanLCAExactChallenge/Derived/Bounded.lean:349:8: 'simp [strictShortExactBiprodComplex]' is a flexible tactic modifying '⊢'. Try 'simp?' and use the suggested 'simp only [...]'. Alternatively, use `suffices` to explicitly state the simplified form.

Note: This linter can be disabled with `set_option linter.flexible false`
info: LeanLCAExactChallenge/Derived/Bounded.lean:349:8: Try this:
  [apply] simp only [biprodObjIsoBiprod_hom_snd, biprodMap_biprodSnd]
info: LeanLCAExactChallenge/Derived/Bounded.lean:350:8: 'rw [← Category.assoc, biprodObjIsoBiprod_hom_snd]' uses '⊢'!
warning: LeanLCAExactChallenge/Derived/Bounded.lean:4675:100: This line exceeds the 100 character limit, please shorten it!

Note: This linter can be disabled with `set_option linter.style.longLine false`
warning: LeanLCAExactChallenge/Derived/Bounded.lean:4693:100: This line exceeds the 100 character limit, please shorten it!

Note: This linter can be disabled with `set_option linter.style.longLine false`
warning: LeanLCAExactChallenge/Derived/Bounded.lean:4698:100: This line exceeds the 100 character limit, please shorten it!

Note: This linter can be disabled with `set_option linter.style.longLine false`
warning: LeanLCAExactChallenge/Derived/Bounded.lean:4759:100: This line exceeds the 100 character limit, please shorten it!
You can use "string gaps" to format long strings: within a string quotation, using a '\' at the end of a line allows you to continue the string on the following line, removing all intervening whitespace.

Note: This linter can be disabled with `set_option linter.style.longLine false`
warning: LeanLCAExactChallenge/Derived/Bounded.lean:4781:100: This line exceeds the 100 character limit, please shorten it!

Note: This linter can be disabled with `set_option linter.style.longLine false`
warning: LeanLCAExactChallenge/Derived/Bounded.lean:4917:100: This line exceeds the 100 character limit, please shorten it!

Note: This linter can be disabled with `set_option linter.style.longLine false`
warning: LeanLCAExactChallenge/Derived/Bounded.lean:4983:100: This line exceeds the 100 character limit, please shorten it!
You can use "string gaps" to format long strings: within a string quotation, using a '\' at the end of a line allows you to continue the string on the following line, removing all intervening whitespace.

Note: This linter can be disabled with `set_option linter.style.longLine false`
warning: LeanLCAExactChallenge/Derived/Bounded.lean:5001:100: This line exceeds the 100 character limit, please shorten it!

Note: This linter can be disabled with `set_option linter.style.longLine false`
warning: LeanLCAExactChallenge/Derived/Bounded.lean:5002:100: This line exceeds the 100 character limit, please shorten it!

Note: This linter can be disabled with `set_option linter.style.longLine false`
Build completed successfully (2026 jobs).
exit=0
