audit/external_audit.py:58:    "originalFourTaskContractCompletion.productSuccessClaimed = false",
audit/external_audit.py:59:    "productSuccessClaimed := false",
audit/external_audit.py:421:        fail("product_success imports a final witness proving productSuccessClaimed=false")
LeanLCAExactChallenge/Derived/TargetExactAtClosedRangeProductRoute.lean:181:  productSuccessClaimed := false
LeanLCAExactChallenge/Derived/W987TargetSurjectiveCompactFieldsComparisonGuardW1509.lean:229:  productSuccessClaimed := false
LeanLCAExactChallenge/Derived/ClosedMapBoundaryRelationTargetSurjectiveCompactClosedEmbeddingClosednessNormalizedSourceEndpointLocalizedUnitFullDataFromNormalizedSourceEndpointLocalizedUnitToEndpointLocalizedUnitDirectRouteW1157.lean:405:  productSuccessClaimed := false
LeanLCAExactChallenge/Derived/ClosedMapBoundaryRelationTargetNoUnivClosedEmbeddingClosednessNormalizedSourceEndpointLocalizedUnitFullDataFromLocalizedUnitChoiceRoute.lean:211:  productSuccessClaimed := false
LeanLCAExactChallenge/Derived/ClosedMapBoundaryRelationTargetSurjectiveCompactClosedEmbeddingClosednessNormalizedSourceEndpointLocalizedUnitFullDataSplitCompactTargetEndpointsFieldSplitGuardW1352.lean:154:  productSuccessClaimed := false
LeanLCAExactChallenge/Derived/ClosedMapBoundaryRelationDataTargetNoUnivDataClosedEmbeddingClosednessDataNormalizedSourceTriangulationDataEndpointKernelCokernelTopAndUnitKernelCokernelTopIsoComponentFieldsRoute.lean:319:  productSuccessClaimed := false
LeanLCAExactChallenge/Derived/ClosedMapTargetCompactOuterNonbottomPrimitiveFieldRoute.lean:452:  productSuccessClaimed := false
LeanLCAExactChallenge/Derived/ClosedMapBoundaryRelationTargetSurjectiveCompactClosedEmbeddingClosednessNormalizedSourceEndpointLocalizedUnitFullDataClosedMapPrimitiveBridgeStableConvergenceFieldSplitGuardW1396.lean:147:  productSuccessClaimed := false
LeanLCAExactChallenge/Derived/Bounded.lean:4123:  productSuccessClaimed := false
LeanLCAExactChallenge/Derived/Bounded.lean:4132:    Dbounded.currentMetrizableSemanticStableRouteState.productSuccessClaimed = false :=
LeanLCAExactChallenge/Derived/Bounded.lean:4585:  productSuccessClaimed := false
LeanLCAExactChallenge/Derived/Bounded.lean:4772:  productSuccessClaimed := false
LeanLCAExactChallenge/Derived/Bounded.lean:4993:  productSuccessClaimed := false
LeanLCAExactChallenge/Derived/Bounded.lean:5176:  productSuccessClaimed := false
LeanLCAExactChallenge/Derived/Bounded.lean:5291:  productSuccessClaimed := false
LeanLCAExactChallenge/Derived/TargetIsoStrictRealizationTerminalProductRoute.lean:143:  productSuccessClaimed := false
LeanLCAExactChallenge/Derived/ClosedMapBoundaryRelationTargetSurjectiveCompactClosedEmbeddingClosednessNormalizedSourceEndpointLocalizedUnitFullDataW987BoundaryRelationTargetLocalizedAdjunctionNatTransFieldDataConstructionGuardW1465.lean:577:  productSuccessClaimed := false
LeanLCAExactChallenge/Derived/ClosedMapBoundaryDataSourceTriangulationEndpointFactsLocalizedRightAdjointComparisonStableExactAtRoute.lean:329:  productSuccessClaimed := false
LeanLCAExactChallenge/Derived/ClosedMapBoundaryRelationTargetSurjectiveCompactClosedEmbeddingClosednessNormalizedSourceEndpointLocalizedUnitFullDataTargetSurjectiveCompactKernelCokernelTopIsoComponentFieldsGuardW1320.lean:86:  productSuccessClaimed := false
audit/original_four_task_contract_audit.py:31:    "originalFourTaskContractCompletion.productSuccessClaimed = false",
audit/original_four_task_contract_audit.py:32:    "productSuccessClaimed := false",
audit/original_four_task_contract_audit.py:250:            blockers.append("product_success imports a final witness proving productSuccessClaimed=false")
LeanLCAExactChallenge/Derived/ClosedMapBoundaryRelationTargetSurjectiveCompactClosedEmbeddingClosednessNormalizedSourceEndpointLocalizedUnitFullDataW987BoundaryRelationTargetStrictPreimageObjectImageRightAdjointFunctorFieldDataConstructionGuardW1479.lean:1929:  productSuccessClaimed := false
LeanLCAExactChallenge/Derived/IsoClosureHomologyDetectionTerminalProductRoute.lean:169:  productSuccessClaimed := false
LeanLCAExactChallenge/Derived/ClosedMapBoundaryRelationTargetSurjectiveCompactClosedEmbeddingClosednessNormalizedSourceEndpointLocalizedUnitFullDataClosedMapTargetComponentRelationFieldsStableConvergenceFieldSplitGuardW1384.lean:337:  productSuccessClaimed := false
LeanLCAExactChallenge/Derived/ClosedMapBoundaryRelationTargetSurjectiveCompactClosedEmbeddingClosednessNormalizedSourceEndpointLocalizedUnitFullDataTopTargetRelationRepresentativeImageFieldSplitGuardW1349.lean:114:  productSuccessClaimed := false
LeanLCAExactChallenge/Derived/ClosedMapBoundaryRelationTargetSurjectiveCompactClosedEmbeddingClosednessNormalizedSourceEndpointLocalizedUnitFullDataW987BoundaryRelationTargetUnitIsoHomInvFieldDataConstructionGuardW1464.lean:478:  productSuccessClaimed := false
LeanLCAExactChallenge/Derived/ClosedMapTargetCompactNoUnivMembershipClosednessDataBoundaryRelationDataNormalizedFixedTargetDataSourceTriangulationEndpointStrictExactUnitStrictExactComponentsPrimitiveFieldRoute.lean:219:  productSuccessClaimed := false
LeanLCAExactChallenge/Derived/OriginalFourTaskContractCompletion.lean:7741:  productSuccessClaimed := false
LeanLCAExactChallenge/Derived/OriginalFourTaskContractCompletion.lean:7744:    originalFourTaskContractCompletion.productSuccessClaimed = false :=
LeanLCAExactChallenge/Derived/ComparisonBijectivityStrictRealizationLeftCalculusRoute.lean:326:  productSuccessClaimed := false
LeanLCAExactChallenge/Derived/ClosedMapBoundaryRelationTargetSurjectiveCompactClosedEmbeddingClosednessNormalizedSourceEndpointLocalizedUnitFullDataFromBranchFullDataToTargetClosedEmbeddingClosednessNormalizedSourceEndpointDirectRouteW1133.lean:344:  productSuccessClaimed := false
LeanLCAExactChallenge/Derived/ClosedMapBoundaryRelationTargetSurjectiveCompactClosedEmbeddingClosednessNormalizedSourceEndpointLocalizedUnitFullDataFromTargetClosedEmbeddingClosednessToNormalizedSourceEndpointLocalizedUnitDirectRouteW1059.lean:405:  productSuccessClaimed := false
LeanLCAExactChallenge/Derived/EndpointKernelCokernelFromClosednessBranch.lean:209:  productSuccessClaimed := false
LeanLCAExactChallenge/Derived/ClosedMapBoundaryRelationTargetSurjectiveCompactClosedEmbeddingClosednessNormalizedSourceEndpointLocalizedUnitFullDataW987BoundaryRelationTargetStrictPreimageMapFieldDataConstructionGuardW1475.lean:1364:  productSuccessClaimed := false
audit/OriginalFourTaskCompletionDeclarations.lean:1075:    Dbounded.currentMetrizableSemanticStableRouteState.productSuccessClaimed = false :=
LeanLCAExactChallenge/Derived/ClosedMapBoundaryRelationTargetSurjectiveCompactClosedEmbeddingClosednessNormalizedSourceEndpointLocalizedUnitFullDataFromEndpointLocalizedUnitToLocalizedUnitChoiceDirectRouteW1165.lean:362:  productSuccessClaimed := false
LeanLCAExactChallenge/Derived/W987MappedCokernelEmbeddingFieldDataConstructionGuardW1482.lean:2205:  productSuccessClaimed := false
LeanLCAExactChallenge/Derived/ClosedMapRawBoundaryRelationFieldsNormalizedFixedTargetFieldsSourceTriangulationFieldsClosedEmbeddingClosednessFieldsSplitTargetNoUnivClosednessNormalizedEndpointCokernelTopAndUnitWitnessComponentFieldsRoute.lean:293:  productSuccessClaimed := false
LeanLCAExactChallenge/Derived/ClosedMapBoundaryRelationTargetSurjectiveCompactClosedEmbeddingClosednessNormalizedSourceEndpointLocalizedUnitFullDataEndpointLocalizedConcreteLeavesConvergenceFieldSplitGuardW1369.lean:171:  productSuccessClaimed := false
LeanLCAExactChallenge/Derived/ClosedMapBoundaryRelationTargetSurjectiveCompactClosedEmbeddingClosednessNormalizedSourceEndpointLocalizedUnitFullDataFromNormalizedSourceEndpointLocalizedUnitToEndpointLocalizedUnitDirectRouteW1184.lean:405:  productSuccessClaimed := false
LeanLCAExactChallenge/Derived/ClosedMapBoundaryRelationTargetSurjectiveCompactClosedEmbeddingClosednessNormalizedSourceEndpointLocalizedUnitFullDataFromBranchFullDataToTargetClosedEmbeddingClosednessNormalizedSourceEndpointDirectRouteW1241.lean:344:  productSuccessClaimed := false
LeanLCAExactChallenge/Derived/ClosedMapBoundaryRelationTargetSurjectiveCompactClosedEmbeddingClosednessNormalizedSourceEndpointLocalizedUnitFullDataClosedMapSplitTargetNoUnivPrimitiveStableConvergenceFieldSplitGuardW1397.lean:96:  productSuccessClaimed := false
LeanLCAExactChallenge/Derived/ClosedMapBoundaryRelationTargetSurjectiveCompactClosedEmbeddingClosednessNormalizedSourceEndpointLocalizedUnitFullDataFromUnitStrictExactIsoDataToComponentFieldsDirectRoute.lean:193:  productSuccessClaimed := false
LeanLCAExactChallenge/Derived/ClosedMapBoundaryRelationTargetSurjectiveCompactClosedEmbeddingClosednessNormalizedSourceEndpointLocalizedUnitFullDataFromComponentFieldsToCurrentFullDataDirectRouteW1252.lean:334:  productSuccessClaimed := false
LeanLCAExactChallenge/Derived/ClosedMapBoundaryRelationTargetSurjectiveCompactClosedEmbeddingClosednessNormalizedSourceEndpointLocalizedUnitFullDataFromEndpointLocalizedUnitToLocalizedUnitChoiceDirectRouteW1174.lean:362:  productSuccessClaimed := false
LeanLCAExactChallenge/Derived/TargetHomologyZeroFiniteShapeStableRoute.lean:279:  productSuccessClaimed := false
LeanLCAExactChallenge/Derived/IsoClosureDirectSourceStableRoute.lean:204:  productSuccessClaimed := false
LeanLCAExactChallenge/Derived/ClosedMapBoundaryRelationTargetSurjectiveCompactClosedEmbeddingClosednessNormalizedSourceEndpointLocalizedUnitFullDataFromBranchFullDataToTargetClosedEmbeddingClosednessNormalizedSourceEndpointDirectRouteW1106.lean:344:  productSuccessClaimed := false
LeanLCAExactChallenge/Derived/ClosedMapBoundaryRelationTargetSurjectiveCompactClosedEmbeddingClosednessNormalizedSourceEndpointLocalizedUnitFullDataFromTargetClosedEmbeddingClosednessRoute.lean:295:  productSuccessClaimed := false
LeanLCAExactChallenge/Derived/W987ClosedEmbeddingEndpointHomologyFreeEndpointFactsLocalizedSelectedCochainW866IsoClosureConvergenceGuardW1524.lean:380:  productSuccessClaimed := false
LeanLCAExactChallenge/Derived/ClosedMapBoundaryRelationTargetSurjectiveCompactClosedEmbeddingClosednessNormalizedSourceEndpointLocalizedUnitFullDataFromNormalizedSourceEndpointLocalizedUnitToEndpointLocalizedUnitDirectRouteW1148.lean:405:  productSuccessClaimed := false
LeanLCAExactChallenge/Derived/KernelCokernelProductRoute.lean:171:  productSuccessClaimed := false
LeanLCAExactChallenge/Derived/ClosedMapBoundaryRelationDataTargetNoUnivDataClosedEmbeddingClosednessDataEndpointKernelCokernelTopDataLocalizedAdjunctionDataNormalizedSourceTriangulationDataUnitKernelCokernelTopIsoComponentFieldsRoute.lean:276:  productSuccessClaimed := false
LeanLCAExactChallenge/Derived/ClosedMapBoundaryRelationTargetSurjectiveCompactClosedEmbeddingClosednessNormalizedSourceEndpointLocalizedUnitFullDataW732W735SelectedCochainStableConvergenceFieldSplitGuardW1375.lean:203:  productSuccessClaimed := false
LeanLCAExactChallenge/Derived/ClosedMapBoundaryRelationTargetSurjectiveCompactClosedEmbeddingClosednessNormalizedSourceEndpointLocalizedUnitFullDataTargetCompactFullDataGuardW1324.lean:79:  productSuccessClaimed := false
LeanLCAExactChallenge/Derived/ClosedMapBoundaryRelationTargetSurjectiveCompactClosedEmbeddingClosednessNormalizedSourceEndpointLocalizedUnitFullDataW987BoundaryRelationTargetEndpointLocalizedUnitFieldDataConstructionGuardW1455.lean:421:  productSuccessClaimed := false
LeanLCAExactChallenge/Derived/ClosedMapBoundaryRelationTargetSurjectiveCompactClosedEmbeddingClosednessNormalizedSourceEndpointLocalizedUnitFullDataFromNormalizedSourceEndpointLocalizedUnitToEndpointLocalizedUnitDirectRouteW1112.lean:405:  productSuccessClaimed := false
LeanLCAExactChallenge/Derived/ClosedMapBoundaryRelationTargetSurjectiveCompactClosedEmbeddingClosednessNormalizedSourceEndpointLocalizedUnitFullDataFromTargetClosedEmbeddingClosednessToNormalizedSourceEndpointLocalizedUnitDirectRoute.lean:236:  productSuccessClaimed := false
LeanLCAExactChallenge/Derived/ClosedMapBoundaryRelationTargetSurjectiveCompactClosedEmbeddingClosednessNormalizedSourceEndpointLocalizedUnitFullDataFromBranchFullDataToTargetClosedEmbeddingClosednessNormalizedSourceEndpointDirectRouteW1079.lean:338:  productSuccessClaimed := false
LeanLCAExactChallenge/Derived/ComparisonEmbeddingCriterionRoute.lean:211:  productSuccessClaimed := false
LeanLCAExactChallenge/Derived/ClosedMapBoundaryRelationTargetSurjectiveCompactClosedEmbeddingClosednessNormalizedSourceEndpointLocalizedUnitFullDataRepeatedDirectRouteAliasGuardW1290.lean:129:  productSuccessClaimed := false
LeanLCAExactChallenge/Derived/ClosedMapBoundaryRelationTargetSurjectiveCompactClosedEmbeddingClosednessNormalizedSourceEndpointLocalizedUnitFullDataFromNormalizedSourceEndpointLocalizedUnitToEndpointLocalizedUnitDirectRouteW1238.lean:405:  productSuccessClaimed := false
LeanLCAExactChallenge/Derived/ClosedMapBoundaryRelationTargetSurjectiveCompactClosedEmbeddingClosednessNormalizedSourceEndpointLocalizedUnitFullDataFromBranchFullDataToTargetClosedEmbeddingClosednessNormalizedSourceEndpointDirectRouteW1205.lean:344:  productSuccessClaimed := false
audit/blockers/addcommgrp_mapped_explicit_cokernel_closed_range_v370_support_parent.lean:187:  productSuccessClaimed := false
LeanLCAExactChallenge/Derived/ClosedMapBoundaryRelationTargetSurjectiveCompactClosedEmbeddingClosednessNormalizedSourceEndpointLocalizedUnitFullDataFromEndpointLocalizedUnitToLocalizedUnitChoiceDirectRouteW1057.lean:353:  productSuccessClaimed := false
LeanLCAExactChallenge/Derived/ClosedMapBoundaryRelationTargetNoUnivClosedEmbeddingClosednessNormalizedSourceEndpointLocalizedUnitFullDataFromUnitStrictExactIsoRoute.lean:208:  productSuccessClaimed := false
audit/blockers/addcommgrp_forgotten_target_row_id_v370_support_w382.lean:445:  productSuccessClaimed := false
audit/blockers/addcommgrp_forgotten_target_row_id_v370_support_w382.lean:448:    currentAddCommGrpForgottenTargetRowIdV370SupportState.productSuccessClaimed = false := rfl
LeanLCAExactChallenge/Derived/ClosedMapBoundaryRelationTargetSurjectiveCompactClosedEmbeddingClosednessNormalizedSourceEndpointLocalizedUnitFullDataFromUnitStrictExactIsoDataToComponentFieldsDirectRouteW1091.lean:342:  productSuccessClaimed := false
LeanLCAExactChallenge/Derived/ClosedMapBoundaryRelationTargetSurjectiveCompactClosedEmbeddingClosednessNormalizedSourceEndpointLocalizedUnitFullDataFromTargetClosedEmbeddingClosednessToNormalizedSourceEndpointLocalizedUnitDirectRouteW1167.lean:415:  productSuccessClaimed := false
LeanLCAExactChallenge/Derived/SelectedCochainConcreteLeavesStableExactAtRoute.lean:141:  productSuccessClaimed := false
LeanLCAExactChallenge/Derived/ClosedMapMappedCokernelPrimitiveFieldsRoute.lean:448:  productSuccessClaimed := false
LeanLCAExactChallenge/Derived/ClosedMapBoundaryRelationTargetSurjectiveCompactClosedEmbeddingClosednessNormalizedSourceEndpointLocalizedUnitFullDataW987BoundaryRelationTargetNormalizedLiftBlueprintFieldDataConstructionGuardW1472.lean:726:  productSuccessClaimed := false
LeanLCAExactChallenge/Derived/ClosedMapRawBoundaryRelationFieldsNormalizedFixedTargetFieldsSourceTriangulationFieldsClosedEmbeddingClosednessFieldsSplitTargetNoUnivClosednessNormalizedEndpointUnitComponentsPrimitiveFieldsRoute.lean:311:  productSuccessClaimed := false
LeanLCAExactChallenge/Derived/ExactInputsComparisonSelectedCochainStableRoute.lean:129:  productSuccessClaimed := false
LeanLCAExactChallenge/Derived/TargetHomologyZeroW664RouteConsistencyProductRoute.lean:115:  productSuccessClaimed := false
