LeanLCAExactChallenge.Dbounded.MetrizableStableInstanceBoundaryDirectLocalizationInputs : Type 1
LeanLCAExactChallenge.Dbounded.pretriangulatedOfMetrizableStableInstanceBoundaryDirectLocalization
  (inputs : MetrizableStableInstanceBoundaryDirectLocalizationInputs) :
  have available := metrizableLeftCalculusSemanticFields;
  Pretriangulated (Dbounded MetrizableLCA)
LeanLCAExactChallenge.Dbounded.triangulatedOfMetrizableStableInstanceBoundaryDirectLocalization
  (inputs : MetrizableStableInstanceBoundaryDirectLocalizationInputs) :
  let available := metrizableLeftCalculusSemanticFields;
  IsTriangulated (Dbounded MetrizableLCA)
LeanLCAExactChallenge.Dbounded.metrizableWalkingParallelPairTransferStableSemanticInputsOfDirectLocalization
  (inputs : MetrizableStableInstanceBoundaryDirectLocalizationInputs) :
  MetrizableWalkingParallelPairTransferStableSemanticInputs metrizableLeftCalculusSemanticFields
LeanLCAExactChallenge.Dbounded.boundedDerivedInfinityCategoryOfMetrizableStableInstanceBoundaryDirectLocalization
  (inputs : MetrizableStableInstanceBoundaryDirectLocalizationInputs) :
  BoundedDerivedInfinityCategory MetrizableLCA (infinityCategory MetrizableLCA)
LeanLCAExactChallenge.Dbounded.stableCertificateOfMetrizableStableInstanceBoundaryDirectLocalization_ready
  (inputs : MetrizableStableInstanceBoundaryDirectLocalizationInputs) :
  StableFourProjectionCertificate.ready
    (stableFourProjectionCertificateOfMetrizableOrdinaryInput
      (metrizableOrdinaryStableSemanticInputOfWalkingParallelPairTransfer
        (metrizableWalkingParallelPairTransferStableSemanticInputsOfDirectLocalization inputs)))
LeanLCAExactChallenge.Dbounded.MetrizableStableInstanceBoundaryDirectLimitOpClosureInputs : Type 1
LeanLCAExactChallenge.Dbounded.metrizableStableInstanceBoundaryDirectLocalizationInputs_of_directLimitOpClosure
  (inputs : MetrizableStableInstanceBoundaryDirectLimitOpClosureInputs) :
  MetrizableStableInstanceBoundaryDirectLocalizationInputs
LeanLCAExactChallenge.Dbounded.boundedDerivedInfinityCategoryOfMetrizableStableInstanceBoundaryDirectLimitOpClosure
  (inputs : MetrizableStableInstanceBoundaryDirectLimitOpClosureInputs) :
  BoundedDerivedInfinityCategory MetrizableLCA (infinityCategory MetrizableLCA)
LeanLCAExactChallenge.Dbounded.stableCertificateOfMetrizableStableInstanceBoundaryDirectLimitOpClosure_ready
  (inputs : MetrizableStableInstanceBoundaryDirectLimitOpClosureInputs) :
  have localizedInputs := metrizableStableInstanceBoundaryDirectLocalizationInputs_of_directLimitOpClosure inputs;
  StableFourProjectionCertificate.ready
    (stableFourProjectionCertificateOfMetrizableOrdinaryInput
      (metrizableOrdinaryStableSemanticInputOfWalkingParallelPairTransfer
        (metrizableWalkingParallelPairTransferStableSemanticInputsOfDirectLocalization localizedInputs)))
LeanLCAExactChallenge.Dbounded.metrizableStableInstanceBoundaryDirectLimitOpClosureInputNames : List String
LeanLCAExactChallenge.Dbounded.metrizableStableInstanceBoundaryDirectLimitOpClosureInputNames_count :
  metrizableStableInstanceBoundaryDirectLimitOpClosureInputNames.length = 6
LeanLCAExactChallenge.Dbounded.MetrizableStableInstanceBoundaryDirectLimitFieldsOpClosureInputs : Type 1
LeanLCAExactChallenge.Dbounded.metrizableStableInstanceBoundaryDirectLocalizationInputs_of_directLimitFieldsOpClosure
  (inputs : MetrizableStableInstanceBoundaryDirectLimitFieldsOpClosureInputs) :
  MetrizableStableInstanceBoundaryDirectLocalizationInputs
LeanLCAExactChallenge.Dbounded.boundedDerivedInfinityCategoryOfMetrizableStableInstanceBoundaryDirectLimitFieldsOpClosure
  (inputs : MetrizableStableInstanceBoundaryDirectLimitFieldsOpClosureInputs) :
  BoundedDerivedInfinityCategory MetrizableLCA (infinityCategory MetrizableLCA)
LeanLCAExactChallenge.Dbounded.stableCertificateOfMetrizableStableInstanceBoundaryDirectLimitFieldsOpClosure_ready
  (inputs : MetrizableStableInstanceBoundaryDirectLimitFieldsOpClosureInputs) :
  have localizedInputs := metrizableStableInstanceBoundaryDirectLocalizationInputs_of_directLimitFieldsOpClosure inputs;
  StableFourProjectionCertificate.ready
    (stableFourProjectionCertificateOfMetrizableOrdinaryInput
      (metrizableOrdinaryStableSemanticInputOfWalkingParallelPairTransfer
        (metrizableWalkingParallelPairTransferStableSemanticInputsOfDirectLocalization localizedInputs)))
LeanLCAExactChallenge.Dbounded.metrizableStableInstanceBoundaryDirectLimitFieldsOpClosureInputNames : List String
LeanLCAExactChallenge.Dbounded.metrizableStableInstanceBoundaryDirectLimitFieldsOpClosureInputNames_count :
  metrizableStableInstanceBoundaryDirectLimitFieldsOpClosureInputNames.length = 9
LeanLCAExactChallenge.Dbounded.metrizableStableInstanceBoundaryDirectLocalizationInputNames : List String
LeanLCAExactChallenge.Dbounded.metrizableStableInstanceBoundaryDirectLocalizationInputNames_count :
  metrizableStableInstanceBoundaryDirectLocalizationInputNames.length = 3
LeanLCAExactChallenge.Dbounded.metrizableStableInstanceBoundaryDirectLocalizationDerivedFieldNames : List String
LeanLCAExactChallenge.Dbounded.metrizableStableInstanceBoundaryDirectLocalizationDerivedFieldNames_count :
  metrizableStableInstanceBoundaryDirectLocalizationDerivedFieldNames.length = 4
LeanLCAExactChallenge.Dbounded.currentMetrizableStableInstanceBoundaryDirectLocalizationRouteState_productSuccess :
  (have state := currentMetrizableStableInstanceBoundaryDirectLocalizationRouteState;
    state.productSuccessClaimed) =
    false
