LeanLCAExactChallenge/Derived/TargetHomologyZeroConcreteLeafColimitProductRoute.lean:143:    directFiniteShapeStableDataOfClosedMapTargetHomologyZeroConcreteLeafColimitW793
LeanLCAExactChallenge/Derived/TargetHomologyZeroConcreteLeafColimitProductRoute.lean:152:    directFiniteShapeStableDataOfClosedEmbeddingTargetHomologyZeroConcreteLeafColimitW793
LeanLCAExactChallenge/Derived/TargetHomologyZeroConcreteLeafColimitProductRoute.lean:161:    stableBoundaryInputsOfClosedMapTargetHomologyZeroConcreteLeafColimitW793
LeanLCAExactChallenge/Derived/TargetHomologyZeroConcreteLeafColimitProductRoute.lean:170:    stableBoundaryInputsOfClosedEmbeddingTargetHomologyZeroConcreteLeafColimitW793
LeanLCAExactChallenge/Derived/TargetHomologyZeroConcreteLeafColimitProductRoute.lean:178:noncomputable def acceptedStableOfClosedMapTargetHomologyZeroConcreteLeafColimitW793
LeanLCAExactChallenge/Derived/TargetHomologyZeroConcreteLeafColimitProductRoute.lean:189:    acceptedStableOfClosedEmbeddingTargetHomologyZeroConcreteLeafColimitW793
LeanLCAExactChallenge/Derived/TargetHomologyZeroConcreteLeafColimitProductRoute.lean:198:    boundedDerivedOfClosedMapTargetHomologyZeroConcreteLeafColimitStableBoundaryW793
LeanLCAExactChallenge/Derived/TargetHomologyZeroConcreteLeafColimitProductRoute.lean:210:    boundedDerivedOfClosedEmbeddingTargetHomologyZeroConcreteLeafColimitStableBoundaryW793
LeanLCAExactChallenge/Derived/TargetHomologyZeroConcreteLeafColimitProductRoute.lean:260:      "directFiniteShapeStableDataOfClosedMapTargetHomologyZeroConcreteLeafColimitW793",
LeanLCAExactChallenge/Derived/TargetHomologyZeroConcreteLeafColimitProductRoute.lean:261:      "directFiniteShapeStableDataOfClosedEmbeddingTargetHomologyZeroConcreteLeafColimitW793",
LeanLCAExactChallenge/Derived/TargetHomologyZeroConcreteLeafColimitProductRoute.lean:262:      "stableBoundaryInputsOfClosedMapTargetHomologyZeroConcreteLeafColimitW793",
LeanLCAExactChallenge/Derived/TargetHomologyZeroConcreteLeafColimitProductRoute.lean:263:      "stableBoundaryInputsOfClosedEmbeddingTargetHomologyZeroConcreteLeafColimitW793",
LeanLCAExactChallenge/Derived/TargetHomologyZeroConcreteLeafColimitProductRoute.lean:264:      "acceptedStableOfClosedMapTargetHomologyZeroConcreteLeafColimitW793",
LeanLCAExactChallenge/Derived/TargetHomologyZeroConcreteLeafColimitProductRoute.lean:265:      "acceptedStableOfClosedEmbeddingTargetHomologyZeroConcreteLeafColimitW793",
LeanLCAExactChallenge/Derived/TargetHomologyZeroConcreteLeafColimitProductRoute.lean:266:      "boundedDerivedOfClosedMapTargetHomologyZeroConcreteLeafColimitStableBoundaryW793",
LeanLCAExactChallenge/Derived/TargetHomologyZeroConcreteLeafColimitProductRoute.lean:267:      "boundedDerivedOfClosedEmbeddingTargetHomologyZeroConcreteLeafColimitStableBoundaryW793",
audit/RequiredDeclarations.lean:1154:  LeanLCAExactChallenge.Dbounded.directFiniteShapeStableDataOfClosedMapTargetHomologyZeroConcreteLeafColimitW793
audit/RequiredDeclarations.lean:1156:  LeanLCAExactChallenge.Dbounded.directFiniteShapeStableDataOfClosedEmbeddingTargetHomologyZeroConcreteLeafColimitW793
audit/RequiredDeclarations.lean:1158:  LeanLCAExactChallenge.Dbounded.stableBoundaryInputsOfClosedMapTargetHomologyZeroConcreteLeafColimitW793
audit/RequiredDeclarations.lean:1160:  LeanLCAExactChallenge.Dbounded.stableBoundaryInputsOfClosedEmbeddingTargetHomologyZeroConcreteLeafColimitW793
audit/RequiredDeclarations.lean:1162:  LeanLCAExactChallenge.Dbounded.acceptedStableOfClosedMapTargetHomologyZeroConcreteLeafColimitW793
audit/RequiredDeclarations.lean:1164:  LeanLCAExactChallenge.Dbounded.acceptedStableOfClosedEmbeddingTargetHomologyZeroConcreteLeafColimitW793
audit/RequiredDeclarations.lean:1166:  LeanLCAExactChallenge.Dbounded.boundedDerivedOfClosedMapTargetHomologyZeroConcreteLeafColimitStableBoundaryW793
audit/RequiredDeclarations.lean:1168:  LeanLCAExactChallenge.Dbounded.boundedDerivedOfClosedEmbeddingTargetHomologyZeroConcreteLeafColimitStableBoundaryW793
audit/OriginalFourTaskCompletionDeclarations.lean:946:  LeanLCAExactChallenge.Dbounded.directFiniteShapeStableDataOfClosedMapTargetHomologyZeroConcreteLeafColimitW793
audit/OriginalFourTaskCompletionDeclarations.lean:948:  LeanLCAExactChallenge.Dbounded.directFiniteShapeStableDataOfClosedEmbeddingTargetHomologyZeroConcreteLeafColimitW793
audit/OriginalFourTaskCompletionDeclarations.lean:950:  LeanLCAExactChallenge.Dbounded.stableBoundaryInputsOfClosedMapTargetHomologyZeroConcreteLeafColimitW793
audit/OriginalFourTaskCompletionDeclarations.lean:952:  LeanLCAExactChallenge.Dbounded.stableBoundaryInputsOfClosedEmbeddingTargetHomologyZeroConcreteLeafColimitW793
audit/OriginalFourTaskCompletionDeclarations.lean:954:  LeanLCAExactChallenge.Dbounded.acceptedStableOfClosedMapTargetHomologyZeroConcreteLeafColimitW793
audit/OriginalFourTaskCompletionDeclarations.lean:956:  LeanLCAExactChallenge.Dbounded.acceptedStableOfClosedEmbeddingTargetHomologyZeroConcreteLeafColimitW793
audit/OriginalFourTaskCompletionDeclarations.lean:958:  LeanLCAExactChallenge.Dbounded.boundedDerivedOfClosedMapTargetHomologyZeroConcreteLeafColimitStableBoundaryW793
audit/OriginalFourTaskCompletionDeclarations.lean:960:  LeanLCAExactChallenge.Dbounded.boundedDerivedOfClosedEmbeddingTargetHomologyZeroConcreteLeafColimitStableBoundaryW793
audit/ProductSuccessDeclarations.lean:9724:    Dbounded.directFiniteShapeStableDataOfClosedMapTargetHomologyZeroConcreteLeafColimitW793
audit/ProductSuccessDeclarations.lean:9726:    Dbounded.directFiniteShapeStableDataOfClosedEmbeddingTargetHomologyZeroConcreteLeafColimitW793
audit/ProductSuccessDeclarations.lean:9728:    Dbounded.stableBoundaryInputsOfClosedMapTargetHomologyZeroConcreteLeafColimitW793
audit/ProductSuccessDeclarations.lean:9730:    Dbounded.stableBoundaryInputsOfClosedEmbeddingTargetHomologyZeroConcreteLeafColimitW793
audit/ProductSuccessDeclarations.lean:9731:  #check Dbounded.acceptedStableOfClosedMapTargetHomologyZeroConcreteLeafColimitW793
audit/ProductSuccessDeclarations.lean:9733:    Dbounded.acceptedStableOfClosedEmbeddingTargetHomologyZeroConcreteLeafColimitW793
audit/ProductSuccessDeclarations.lean:9735:    Dbounded.boundedDerivedOfClosedMapTargetHomologyZeroConcreteLeafColimitStableBoundaryW793
audit/ProductSuccessDeclarations.lean:9737:    Dbounded.boundedDerivedOfClosedEmbeddingTargetHomologyZeroConcreteLeafColimitStableBoundaryW793
