declaration presence scan for W807 target ExactAt W663 direct bundle reduction stable boundary
LeanLCAExactChallenge/Derived/TargetExactAtW663DirectBundleReductionProductRoute.lean:156:noncomputable def directFiniteShapeStableDataOfClosedMapDirectEndpointBundleReducedW807
LeanLCAExactChallenge/Derived/TargetExactAtW663DirectBundleReductionProductRoute.lean:173:    directFiniteShapeStableDataOfClosedEmbeddingDirectEndpointBundleReducedW807
LeanLCAExactChallenge/Derived/TargetExactAtW663DirectBundleReductionProductRoute.lean:189:noncomputable def directFiniteShapeStableDataOfClosedMapDirectShortExactBundleReducedW807
LeanLCAExactChallenge/Derived/TargetExactAtW663DirectBundleReductionProductRoute.lean:206:    directFiniteShapeStableDataOfClosedEmbeddingDirectShortExactBundleReducedW807
LeanLCAExactChallenge/Derived/TargetExactAtW663DirectBundleReductionProductRoute.lean:219:noncomputable def stableBoundaryInputsOfClosedMapDirectEndpointBundleReducedW807
LeanLCAExactChallenge/Derived/TargetExactAtW663DirectBundleReductionProductRoute.lean:234:noncomputable def stableBoundaryInputsOfClosedEmbeddingDirectEndpointBundleReducedW807
LeanLCAExactChallenge/Derived/TargetExactAtW663DirectBundleReductionProductRoute.lean:249:noncomputable def stableBoundaryInputsOfClosedMapDirectShortExactBundleReducedW807
LeanLCAExactChallenge/Derived/TargetExactAtW663DirectBundleReductionProductRoute.lean:265:noncomputable def stableBoundaryInputsOfClosedEmbeddingDirectShortExactBundleReducedW807
LeanLCAExactChallenge/Derived/TargetExactAtW663DirectBundleReductionProductRoute.lean:278:noncomputable def acceptedStableOfClosedMapDirectEndpointBundleReducedW807
LeanLCAExactChallenge/Derived/TargetExactAtW663DirectBundleReductionProductRoute.lean:293:noncomputable def acceptedStableOfClosedEmbeddingDirectEndpointBundleReducedW807
LeanLCAExactChallenge/Derived/TargetExactAtW663DirectBundleReductionProductRoute.lean:306:noncomputable def acceptedStableOfClosedMapDirectShortExactBundleReducedW807
LeanLCAExactChallenge/Derived/TargetExactAtW663DirectBundleReductionProductRoute.lean:322:noncomputable def acceptedStableOfClosedEmbeddingDirectShortExactBundleReducedW807
LeanLCAExactChallenge/Derived/TargetExactAtW663DirectBundleReductionProductRoute.lean:338:noncomputable def boundedDerivedOfClosedMapDirectEndpointBundleReducedStableBoundaryW807
LeanLCAExactChallenge/Derived/TargetExactAtW663DirectBundleReductionProductRoute.lean:356:    boundedDerivedOfClosedEmbeddingDirectEndpointBundleReducedStableBoundaryW807
LeanLCAExactChallenge/Derived/TargetExactAtW663DirectBundleReductionProductRoute.lean:374:    boundedDerivedOfClosedMapDirectShortExactBundleReducedStableBoundaryW807
LeanLCAExactChallenge/Derived/TargetExactAtW663DirectBundleReductionProductRoute.lean:392:    boundedDerivedOfClosedEmbeddingDirectShortExactBundleReducedStableBoundaryW807
LeanLCAExactChallenge/Derived/TargetExactAtW663DirectBundleReductionProductRoute.lean:421:  stableBoundaryResult : String
LeanLCAExactChallenge/Derived/TargetExactAtW663DirectBundleReductionProductRoute.lean:441:      "directFiniteShapeStableDataOfClosedMapDirectEndpointBundleReducedW807",
LeanLCAExactChallenge/Derived/TargetExactAtW663DirectBundleReductionProductRoute.lean:442:      "directFiniteShapeStableDataOfClosedEmbeddingDirectEndpointBundleReducedW807",
LeanLCAExactChallenge/Derived/TargetExactAtW663DirectBundleReductionProductRoute.lean:443:      "directFiniteShapeStableDataOfClosedMapDirectShortExactBundleReducedW807",
LeanLCAExactChallenge/Derived/TargetExactAtW663DirectBundleReductionProductRoute.lean:444:      "directFiniteShapeStableDataOfClosedEmbeddingDirectShortExactBundleReducedW807",
LeanLCAExactChallenge/Derived/TargetExactAtW663DirectBundleReductionProductRoute.lean:445:      "stableBoundaryInputsOfClosedMapDirectEndpointBundleReducedW807",
LeanLCAExactChallenge/Derived/TargetExactAtW663DirectBundleReductionProductRoute.lean:446:      "stableBoundaryInputsOfClosedEmbeddingDirectEndpointBundleReducedW807",
LeanLCAExactChallenge/Derived/TargetExactAtW663DirectBundleReductionProductRoute.lean:447:      "stableBoundaryInputsOfClosedMapDirectShortExactBundleReducedW807",
LeanLCAExactChallenge/Derived/TargetExactAtW663DirectBundleReductionProductRoute.lean:448:      "stableBoundaryInputsOfClosedEmbeddingDirectShortExactBundleReducedW807",
LeanLCAExactChallenge/Derived/TargetExactAtW663DirectBundleReductionProductRoute.lean:449:      "acceptedStableOfClosedMapDirectEndpointBundleReducedW807",
LeanLCAExactChallenge/Derived/TargetExactAtW663DirectBundleReductionProductRoute.lean:450:      "acceptedStableOfClosedEmbeddingDirectEndpointBundleReducedW807",
LeanLCAExactChallenge/Derived/TargetExactAtW663DirectBundleReductionProductRoute.lean:451:      "acceptedStableOfClosedMapDirectShortExactBundleReducedW807",
LeanLCAExactChallenge/Derived/TargetExactAtW663DirectBundleReductionProductRoute.lean:452:      "acceptedStableOfClosedEmbeddingDirectShortExactBundleReducedW807",
LeanLCAExactChallenge/Derived/TargetExactAtW663DirectBundleReductionProductRoute.lean:453:      "boundedDerivedOfClosedMapDirectEndpointBundleReducedStableBoundaryW807",
LeanLCAExactChallenge/Derived/TargetExactAtW663DirectBundleReductionProductRoute.lean:454:      "boundedDerivedOfClosedEmbeddingDirectEndpointBundleReducedStableBoundaryW807",
LeanLCAExactChallenge/Derived/TargetExactAtW663DirectBundleReductionProductRoute.lean:455:      "boundedDerivedOfClosedMapDirectShortExactBundleReducedStableBoundaryW807",
LeanLCAExactChallenge/Derived/TargetExactAtW663DirectBundleReductionProductRoute.lean:456:      "boundedDerivedOfClosedEmbeddingDirectShortExactBundleReducedStableBoundaryW807",
LeanLCAExactChallenge/Derived/TargetExactAtW663DirectBundleReductionProductRoute.lean:463:  stableBoundaryResult :=
audit/RequiredDeclarations.lean:1353:  LeanLCAExactChallenge.Dbounded.directFiniteShapeStableDataOfClosedMapDirectEndpointBundleReducedW807
audit/RequiredDeclarations.lean:1355:  LeanLCAExactChallenge.Dbounded.directFiniteShapeStableDataOfClosedEmbeddingDirectEndpointBundleReducedW807
audit/RequiredDeclarations.lean:1357:  LeanLCAExactChallenge.Dbounded.directFiniteShapeStableDataOfClosedMapDirectShortExactBundleReducedW807
audit/RequiredDeclarations.lean:1359:  LeanLCAExactChallenge.Dbounded.directFiniteShapeStableDataOfClosedEmbeddingDirectShortExactBundleReducedW807
audit/RequiredDeclarations.lean:1361:  LeanLCAExactChallenge.Dbounded.stableBoundaryInputsOfClosedMapDirectEndpointBundleReducedW807
audit/RequiredDeclarations.lean:1363:  LeanLCAExactChallenge.Dbounded.stableBoundaryInputsOfClosedEmbeddingDirectEndpointBundleReducedW807
audit/RequiredDeclarations.lean:1365:  LeanLCAExactChallenge.Dbounded.stableBoundaryInputsOfClosedMapDirectShortExactBundleReducedW807
audit/RequiredDeclarations.lean:1367:  LeanLCAExactChallenge.Dbounded.stableBoundaryInputsOfClosedEmbeddingDirectShortExactBundleReducedW807
audit/RequiredDeclarations.lean:1369:  LeanLCAExactChallenge.Dbounded.acceptedStableOfClosedMapDirectEndpointBundleReducedW807
audit/RequiredDeclarations.lean:1371:  LeanLCAExactChallenge.Dbounded.acceptedStableOfClosedEmbeddingDirectEndpointBundleReducedW807
audit/RequiredDeclarations.lean:1373:  LeanLCAExactChallenge.Dbounded.acceptedStableOfClosedMapDirectShortExactBundleReducedW807
audit/RequiredDeclarations.lean:1375:  LeanLCAExactChallenge.Dbounded.acceptedStableOfClosedEmbeddingDirectShortExactBundleReducedW807
audit/RequiredDeclarations.lean:1377:  LeanLCAExactChallenge.Dbounded.boundedDerivedOfClosedMapDirectEndpointBundleReducedStableBoundaryW807
audit/RequiredDeclarations.lean:1379:  LeanLCAExactChallenge.Dbounded.boundedDerivedOfClosedEmbeddingDirectEndpointBundleReducedStableBoundaryW807
audit/RequiredDeclarations.lean:1381:  LeanLCAExactChallenge.Dbounded.boundedDerivedOfClosedMapDirectShortExactBundleReducedStableBoundaryW807
audit/RequiredDeclarations.lean:1383:  LeanLCAExactChallenge.Dbounded.boundedDerivedOfClosedEmbeddingDirectShortExactBundleReducedStableBoundaryW807
audit/OriginalFourTaskCompletionDeclarations.lean:1145:  LeanLCAExactChallenge.Dbounded.directFiniteShapeStableDataOfClosedMapDirectEndpointBundleReducedW807
audit/OriginalFourTaskCompletionDeclarations.lean:1147:  LeanLCAExactChallenge.Dbounded.directFiniteShapeStableDataOfClosedEmbeddingDirectEndpointBundleReducedW807
audit/OriginalFourTaskCompletionDeclarations.lean:1149:  LeanLCAExactChallenge.Dbounded.directFiniteShapeStableDataOfClosedMapDirectShortExactBundleReducedW807
audit/OriginalFourTaskCompletionDeclarations.lean:1151:  LeanLCAExactChallenge.Dbounded.directFiniteShapeStableDataOfClosedEmbeddingDirectShortExactBundleReducedW807
audit/OriginalFourTaskCompletionDeclarations.lean:1153:  LeanLCAExactChallenge.Dbounded.stableBoundaryInputsOfClosedMapDirectEndpointBundleReducedW807
audit/OriginalFourTaskCompletionDeclarations.lean:1155:  LeanLCAExactChallenge.Dbounded.stableBoundaryInputsOfClosedEmbeddingDirectEndpointBundleReducedW807
audit/OriginalFourTaskCompletionDeclarations.lean:1157:  LeanLCAExactChallenge.Dbounded.stableBoundaryInputsOfClosedMapDirectShortExactBundleReducedW807
audit/OriginalFourTaskCompletionDeclarations.lean:1159:  LeanLCAExactChallenge.Dbounded.stableBoundaryInputsOfClosedEmbeddingDirectShortExactBundleReducedW807
audit/OriginalFourTaskCompletionDeclarations.lean:1161:  LeanLCAExactChallenge.Dbounded.acceptedStableOfClosedMapDirectEndpointBundleReducedW807
audit/OriginalFourTaskCompletionDeclarations.lean:1163:  LeanLCAExactChallenge.Dbounded.acceptedStableOfClosedEmbeddingDirectEndpointBundleReducedW807
audit/OriginalFourTaskCompletionDeclarations.lean:1165:  LeanLCAExactChallenge.Dbounded.acceptedStableOfClosedMapDirectShortExactBundleReducedW807
audit/OriginalFourTaskCompletionDeclarations.lean:1167:  LeanLCAExactChallenge.Dbounded.acceptedStableOfClosedEmbeddingDirectShortExactBundleReducedW807
audit/OriginalFourTaskCompletionDeclarations.lean:1169:  LeanLCAExactChallenge.Dbounded.boundedDerivedOfClosedMapDirectEndpointBundleReducedStableBoundaryW807
audit/OriginalFourTaskCompletionDeclarations.lean:1171:  LeanLCAExactChallenge.Dbounded.boundedDerivedOfClosedEmbeddingDirectEndpointBundleReducedStableBoundaryW807
audit/OriginalFourTaskCompletionDeclarations.lean:1173:  LeanLCAExactChallenge.Dbounded.boundedDerivedOfClosedMapDirectShortExactBundleReducedStableBoundaryW807
audit/OriginalFourTaskCompletionDeclarations.lean:1175:  LeanLCAExactChallenge.Dbounded.boundedDerivedOfClosedEmbeddingDirectShortExactBundleReducedStableBoundaryW807
audit/ProductSuccessDeclarations.lean:10150:    Dbounded.directFiniteShapeStableDataOfClosedMapDirectEndpointBundleReducedW807
audit/ProductSuccessDeclarations.lean:10152:    Dbounded.directFiniteShapeStableDataOfClosedEmbeddingDirectEndpointBundleReducedW807
audit/ProductSuccessDeclarations.lean:10154:    Dbounded.directFiniteShapeStableDataOfClosedMapDirectShortExactBundleReducedW807
audit/ProductSuccessDeclarations.lean:10156:    Dbounded.directFiniteShapeStableDataOfClosedEmbeddingDirectShortExactBundleReducedW807
audit/ProductSuccessDeclarations.lean:10157:  #check Dbounded.stableBoundaryInputsOfClosedMapDirectEndpointBundleReducedW807
audit/ProductSuccessDeclarations.lean:10159:    Dbounded.stableBoundaryInputsOfClosedEmbeddingDirectEndpointBundleReducedW807
audit/ProductSuccessDeclarations.lean:10161:    Dbounded.stableBoundaryInputsOfClosedMapDirectShortExactBundleReducedW807
audit/ProductSuccessDeclarations.lean:10163:    Dbounded.stableBoundaryInputsOfClosedEmbeddingDirectShortExactBundleReducedW807
audit/ProductSuccessDeclarations.lean:10164:  #check Dbounded.acceptedStableOfClosedMapDirectEndpointBundleReducedW807
audit/ProductSuccessDeclarations.lean:10165:  #check Dbounded.acceptedStableOfClosedEmbeddingDirectEndpointBundleReducedW807
audit/ProductSuccessDeclarations.lean:10166:  #check Dbounded.acceptedStableOfClosedMapDirectShortExactBundleReducedW807
audit/ProductSuccessDeclarations.lean:10167:  #check Dbounded.acceptedStableOfClosedEmbeddingDirectShortExactBundleReducedW807
audit/ProductSuccessDeclarations.lean:10169:    Dbounded.boundedDerivedOfClosedMapDirectEndpointBundleReducedStableBoundaryW807
audit/ProductSuccessDeclarations.lean:10171:    Dbounded.boundedDerivedOfClosedEmbeddingDirectEndpointBundleReducedStableBoundaryW807
audit/ProductSuccessDeclarations.lean:10173:    Dbounded.boundedDerivedOfClosedMapDirectShortExactBundleReducedStableBoundaryW807
audit/ProductSuccessDeclarations.lean:10175:    Dbounded.boundedDerivedOfClosedEmbeddingDirectShortExactBundleReducedStableBoundaryW807
