LeanLCAExactChallenge.Dbounded.metrizableStableInstanceBoundaryRemainingInputNames : List String
LeanLCAExactChallenge.Dbounded.metrizableStableInstanceBoundaryRemainingInputNames_count :
  metrizableStableInstanceBoundaryRemainingInputNames.length = 4
LeanLCAExactChallenge.Dbounded.metrizableStableInstanceBoundaryDerivedFieldNames : List String
LeanLCAExactChallenge.Dbounded.metrizableStableInstanceBoundaryDerivedFieldNames_count :
  metrizableStableInstanceBoundaryDerivedFieldNames.length = 7
LeanLCAExactChallenge.Dbounded.boundedDerivedInfinityCategoryOfMetrizableStableInstanceBoundary
  [(boundedExactWeakEquivalence MetrizableLCA).HasLeftCalculusOfFractions]
  (inputs : MetrizableWalkingParallelPairTransferStableSemanticInputs metrizableLeftCalculusSemanticFields) :
  BoundedDerivedInfinityCategory MetrizableLCA (infinityCategory MetrizableLCA)
LeanLCAExactChallenge.Dbounded.MetrizableStableInstanceBoundaryInputs : Type 1
LeanLCAExactChallenge.Dbounded.MetrizableStableInstanceBoundaryInputs.ordinaryStableSemanticInput
  (inputs : MetrizableStableInstanceBoundaryInputs) : MetrizableOrdinaryStableSemanticInput
LeanLCAExactChallenge.Dbounded.MetrizableStableInstanceBoundaryInputs.stableCertificate
  (inputs : MetrizableStableInstanceBoundaryInputs) : StableFourProjectionCertificate MetrizableLCA
LeanLCAExactChallenge.Dbounded.MetrizableStableInstanceBoundaryInputs.stableCertificate_ready
  (inputs : MetrizableStableInstanceBoundaryInputs) : StableFourProjectionCertificate.ready inputs.stableCertificate
LeanLCAExactChallenge.Dbounded.MetrizableStableInstanceBoundaryInputs.acceptedStable
  (inputs : MetrizableStableInstanceBoundaryInputs) : AcceptedStableBoundedDerivedInfinityCategory MetrizableLCA
LeanLCAExactChallenge.Dbounded.MetrizableStableInstanceBoundaryInputs.boundedDerivedInfinityCategory
  (inputs : MetrizableStableInstanceBoundaryInputs) :
  BoundedDerivedInfinityCategory MetrizableLCA (infinityCategory MetrizableLCA)
LeanLCAExactChallenge.Dbounded.currentMetrizableStableInstanceBoundary_productSuccess :
  currentMetrizableStableInstanceBoundaryProductSuccessClaimed = false
exit=0
