LeanLCAExactChallenge/Derived/TargetHomologyZeroComparisonHomologyProductRoute.lean:111:    directFiniteShapeStableDataOfClosedMapTargetHomologyZeroComparisonHomologyW794
LeanLCAExactChallenge/Derived/TargetHomologyZeroComparisonHomologyProductRoute.lean:120:    directFiniteShapeStableDataOfClosedEmbeddingTargetHomologyZeroComparisonHomologyW794
LeanLCAExactChallenge/Derived/TargetHomologyZeroComparisonHomologyProductRoute.lean:129:    stableBoundaryInputsOfClosedMapTargetHomologyZeroComparisonHomologyW794
LeanLCAExactChallenge/Derived/TargetHomologyZeroComparisonHomologyProductRoute.lean:138:    stableBoundaryInputsOfClosedEmbeddingTargetHomologyZeroComparisonHomologyW794
LeanLCAExactChallenge/Derived/TargetHomologyZeroComparisonHomologyProductRoute.lean:146:noncomputable def acceptedStableOfClosedMapTargetHomologyZeroComparisonHomologyW794
LeanLCAExactChallenge/Derived/TargetHomologyZeroComparisonHomologyProductRoute.lean:157:    acceptedStableOfClosedEmbeddingTargetHomologyZeroComparisonHomologyW794
LeanLCAExactChallenge/Derived/TargetHomologyZeroComparisonHomologyProductRoute.lean:166:    boundedDerivedOfClosedMapTargetHomologyZeroComparisonHomologyStableBoundaryW794
LeanLCAExactChallenge/Derived/TargetHomologyZeroComparisonHomologyProductRoute.lean:178:    boundedDerivedOfClosedEmbeddingTargetHomologyZeroComparisonHomologyStableBoundaryW794
LeanLCAExactChallenge/Derived/TargetHomologyZeroComparisonHomologyProductRoute.lean:223:      "directFiniteShapeStableDataOfClosedMapTargetHomologyZeroComparisonHomologyW794",
LeanLCAExactChallenge/Derived/TargetHomologyZeroComparisonHomologyProductRoute.lean:224:      "directFiniteShapeStableDataOfClosedEmbeddingTargetHomologyZeroComparisonHomologyW794",
LeanLCAExactChallenge/Derived/TargetHomologyZeroComparisonHomologyProductRoute.lean:225:      "stableBoundaryInputsOfClosedMapTargetHomologyZeroComparisonHomologyW794",
LeanLCAExactChallenge/Derived/TargetHomologyZeroComparisonHomologyProductRoute.lean:226:      "stableBoundaryInputsOfClosedEmbeddingTargetHomologyZeroComparisonHomologyW794",
LeanLCAExactChallenge/Derived/TargetHomologyZeroComparisonHomologyProductRoute.lean:227:      "acceptedStableOfClosedMapTargetHomologyZeroComparisonHomologyW794",
LeanLCAExactChallenge/Derived/TargetHomologyZeroComparisonHomologyProductRoute.lean:228:      "acceptedStableOfClosedEmbeddingTargetHomologyZeroComparisonHomologyW794",
LeanLCAExactChallenge/Derived/TargetHomologyZeroComparisonHomologyProductRoute.lean:229:      "boundedDerivedOfClosedMapTargetHomologyZeroComparisonHomologyStableBoundaryW794",
LeanLCAExactChallenge/Derived/TargetHomologyZeroComparisonHomologyProductRoute.lean:230:      "boundedDerivedOfClosedEmbeddingTargetHomologyZeroComparisonHomologyStableBoundaryW794",
audit/RequiredDeclarations.lean:1171:  LeanLCAExactChallenge.Dbounded.directFiniteShapeStableDataOfClosedMapTargetHomologyZeroComparisonHomologyW794
audit/RequiredDeclarations.lean:1173:  LeanLCAExactChallenge.Dbounded.directFiniteShapeStableDataOfClosedEmbeddingTargetHomologyZeroComparisonHomologyW794
audit/RequiredDeclarations.lean:1175:  LeanLCAExactChallenge.Dbounded.stableBoundaryInputsOfClosedMapTargetHomologyZeroComparisonHomologyW794
audit/RequiredDeclarations.lean:1177:  LeanLCAExactChallenge.Dbounded.stableBoundaryInputsOfClosedEmbeddingTargetHomologyZeroComparisonHomologyW794
audit/RequiredDeclarations.lean:1179:  LeanLCAExactChallenge.Dbounded.acceptedStableOfClosedMapTargetHomologyZeroComparisonHomologyW794
audit/RequiredDeclarations.lean:1181:  LeanLCAExactChallenge.Dbounded.acceptedStableOfClosedEmbeddingTargetHomologyZeroComparisonHomologyW794
audit/RequiredDeclarations.lean:1183:  LeanLCAExactChallenge.Dbounded.boundedDerivedOfClosedMapTargetHomologyZeroComparisonHomologyStableBoundaryW794
audit/RequiredDeclarations.lean:1185:  LeanLCAExactChallenge.Dbounded.boundedDerivedOfClosedEmbeddingTargetHomologyZeroComparisonHomologyStableBoundaryW794
audit/OriginalFourTaskCompletionDeclarations.lean:963:  LeanLCAExactChallenge.Dbounded.directFiniteShapeStableDataOfClosedMapTargetHomologyZeroComparisonHomologyW794
audit/OriginalFourTaskCompletionDeclarations.lean:965:  LeanLCAExactChallenge.Dbounded.directFiniteShapeStableDataOfClosedEmbeddingTargetHomologyZeroComparisonHomologyW794
audit/OriginalFourTaskCompletionDeclarations.lean:967:  LeanLCAExactChallenge.Dbounded.stableBoundaryInputsOfClosedMapTargetHomologyZeroComparisonHomologyW794
audit/OriginalFourTaskCompletionDeclarations.lean:969:  LeanLCAExactChallenge.Dbounded.stableBoundaryInputsOfClosedEmbeddingTargetHomologyZeroComparisonHomologyW794
audit/OriginalFourTaskCompletionDeclarations.lean:971:  LeanLCAExactChallenge.Dbounded.acceptedStableOfClosedMapTargetHomologyZeroComparisonHomologyW794
audit/OriginalFourTaskCompletionDeclarations.lean:973:  LeanLCAExactChallenge.Dbounded.acceptedStableOfClosedEmbeddingTargetHomologyZeroComparisonHomologyW794
audit/OriginalFourTaskCompletionDeclarations.lean:975:  LeanLCAExactChallenge.Dbounded.boundedDerivedOfClosedMapTargetHomologyZeroComparisonHomologyStableBoundaryW794
audit/OriginalFourTaskCompletionDeclarations.lean:977:  LeanLCAExactChallenge.Dbounded.boundedDerivedOfClosedEmbeddingTargetHomologyZeroComparisonHomologyStableBoundaryW794
audit/ProductSuccessDeclarations.lean:9751:    Dbounded.directFiniteShapeStableDataOfClosedMapTargetHomologyZeroComparisonHomologyW794
audit/ProductSuccessDeclarations.lean:9753:    Dbounded.directFiniteShapeStableDataOfClosedEmbeddingTargetHomologyZeroComparisonHomologyW794
audit/ProductSuccessDeclarations.lean:9755:    Dbounded.stableBoundaryInputsOfClosedMapTargetHomologyZeroComparisonHomologyW794
audit/ProductSuccessDeclarations.lean:9757:    Dbounded.stableBoundaryInputsOfClosedEmbeddingTargetHomologyZeroComparisonHomologyW794
audit/ProductSuccessDeclarations.lean:9758:  #check Dbounded.acceptedStableOfClosedMapTargetHomologyZeroComparisonHomologyW794
audit/ProductSuccessDeclarations.lean:9760:    Dbounded.acceptedStableOfClosedEmbeddingTargetHomologyZeroComparisonHomologyW794
audit/ProductSuccessDeclarations.lean:9762:    Dbounded.boundedDerivedOfClosedMapTargetHomologyZeroComparisonHomologyStableBoundaryW794
audit/ProductSuccessDeclarations.lean:9764:    Dbounded.boundedDerivedOfClosedEmbeddingTargetHomologyZeroComparisonHomologyStableBoundaryW794
