declaration presence scan for W810 iso closure strict realization terminal stable boundary
LeanLCAExactChallenge/Derived/IsoClosureStrictRealizationTerminalProductRoute.lean:98:    directFiniteShapeStableDataOfClosedMapIsoClosureRealizationTerminalW810
LeanLCAExactChallenge/Derived/IsoClosureStrictRealizationTerminalProductRoute.lean:108:    directFiniteShapeStableDataOfClosedEmbeddingIsoClosureRealizationTerminalW810
LeanLCAExactChallenge/Derived/IsoClosureStrictRealizationTerminalProductRoute.lean:115:noncomputable def stableBoundaryInputsOfClosedMapIsoClosureRealizationTerminalW810
LeanLCAExactChallenge/Derived/IsoClosureStrictRealizationTerminalProductRoute.lean:125:    stableBoundaryInputsOfClosedEmbeddingIsoClosureRealizationTerminalW810
LeanLCAExactChallenge/Derived/IsoClosureStrictRealizationTerminalProductRoute.lean:132:noncomputable def acceptedStableOfClosedMapIsoClosureRealizationTerminalW810
LeanLCAExactChallenge/Derived/IsoClosureStrictRealizationTerminalProductRoute.lean:141:noncomputable def acceptedStableOfClosedEmbeddingIsoClosureRealizationTerminalW810
LeanLCAExactChallenge/Derived/IsoClosureStrictRealizationTerminalProductRoute.lean:152:    boundedDerivedOfClosedMapIsoClosureRealizationTerminalStableBoundaryW810
LeanLCAExactChallenge/Derived/IsoClosureStrictRealizationTerminalProductRoute.lean:164:    boundedDerivedOfClosedEmbeddingIsoClosureRealizationTerminalStableBoundaryW810
LeanLCAExactChallenge/Derived/IsoClosureStrictRealizationTerminalProductRoute.lean:188:  stableBoundaryResult : String
LeanLCAExactChallenge/Derived/IsoClosureStrictRealizationTerminalProductRoute.lean:205:      "directFiniteShapeStableDataOfClosedMapIsoClosureRealizationTerminalW810",
LeanLCAExactChallenge/Derived/IsoClosureStrictRealizationTerminalProductRoute.lean:206:      "directFiniteShapeStableDataOfClosedEmbeddingIsoClosureRealizationTerminalW810",
LeanLCAExactChallenge/Derived/IsoClosureStrictRealizationTerminalProductRoute.lean:207:      "stableBoundaryInputsOfClosedMapIsoClosureRealizationTerminalW810",
LeanLCAExactChallenge/Derived/IsoClosureStrictRealizationTerminalProductRoute.lean:208:      "stableBoundaryInputsOfClosedEmbeddingIsoClosureRealizationTerminalW810",
LeanLCAExactChallenge/Derived/IsoClosureStrictRealizationTerminalProductRoute.lean:209:      "acceptedStableOfClosedMapIsoClosureRealizationTerminalW810",
LeanLCAExactChallenge/Derived/IsoClosureStrictRealizationTerminalProductRoute.lean:210:      "acceptedStableOfClosedEmbeddingIsoClosureRealizationTerminalW810",
LeanLCAExactChallenge/Derived/IsoClosureStrictRealizationTerminalProductRoute.lean:211:      "boundedDerivedOfClosedMapIsoClosureRealizationTerminalStableBoundaryW810",
LeanLCAExactChallenge/Derived/IsoClosureStrictRealizationTerminalProductRoute.lean:212:      "boundedDerivedOfClosedEmbeddingIsoClosureRealizationTerminalStableBoundaryW810",
LeanLCAExactChallenge/Derived/IsoClosureStrictRealizationTerminalProductRoute.lean:224:  stableBoundaryResult :=
audit/RequiredDeclarations.lean:1420:  LeanLCAExactChallenge.Dbounded.directFiniteShapeStableDataOfClosedMapIsoClosureRealizationTerminalW810
audit/RequiredDeclarations.lean:1422:  LeanLCAExactChallenge.Dbounded.directFiniteShapeStableDataOfClosedEmbeddingIsoClosureRealizationTerminalW810
audit/RequiredDeclarations.lean:1424:  LeanLCAExactChallenge.Dbounded.stableBoundaryInputsOfClosedMapIsoClosureRealizationTerminalW810
audit/RequiredDeclarations.lean:1426:  LeanLCAExactChallenge.Dbounded.stableBoundaryInputsOfClosedEmbeddingIsoClosureRealizationTerminalW810
audit/RequiredDeclarations.lean:1428:  LeanLCAExactChallenge.Dbounded.acceptedStableOfClosedMapIsoClosureRealizationTerminalW810
audit/RequiredDeclarations.lean:1430:  LeanLCAExactChallenge.Dbounded.acceptedStableOfClosedEmbeddingIsoClosureRealizationTerminalW810
audit/RequiredDeclarations.lean:1432:  LeanLCAExactChallenge.Dbounded.boundedDerivedOfClosedMapIsoClosureRealizationTerminalStableBoundaryW810
audit/RequiredDeclarations.lean:1434:  LeanLCAExactChallenge.Dbounded.boundedDerivedOfClosedEmbeddingIsoClosureRealizationTerminalStableBoundaryW810
audit/ProductSuccessDeclarations.lean:10246:    Dbounded.directFiniteShapeStableDataOfClosedMapIsoClosureRealizationTerminalW810
audit/ProductSuccessDeclarations.lean:10248:    Dbounded.directFiniteShapeStableDataOfClosedEmbeddingIsoClosureRealizationTerminalW810
audit/ProductSuccessDeclarations.lean:10250:    Dbounded.stableBoundaryInputsOfClosedMapIsoClosureRealizationTerminalW810
audit/ProductSuccessDeclarations.lean:10252:    Dbounded.stableBoundaryInputsOfClosedEmbeddingIsoClosureRealizationTerminalW810
audit/ProductSuccessDeclarations.lean:10253:  #check Dbounded.acceptedStableOfClosedMapIsoClosureRealizationTerminalW810
audit/ProductSuccessDeclarations.lean:10255:    Dbounded.acceptedStableOfClosedEmbeddingIsoClosureRealizationTerminalW810
audit/ProductSuccessDeclarations.lean:10257:    Dbounded.boundedDerivedOfClosedMapIsoClosureRealizationTerminalStableBoundaryW810
audit/ProductSuccessDeclarations.lean:10259:    Dbounded.boundedDerivedOfClosedEmbeddingIsoClosureRealizationTerminalStableBoundaryW810
audit/OriginalFourTaskCompletionDeclarations.lean:1212:  LeanLCAExactChallenge.Dbounded.directFiniteShapeStableDataOfClosedMapIsoClosureRealizationTerminalW810
audit/OriginalFourTaskCompletionDeclarations.lean:1214:  LeanLCAExactChallenge.Dbounded.directFiniteShapeStableDataOfClosedEmbeddingIsoClosureRealizationTerminalW810
audit/OriginalFourTaskCompletionDeclarations.lean:1216:  LeanLCAExactChallenge.Dbounded.stableBoundaryInputsOfClosedMapIsoClosureRealizationTerminalW810
audit/OriginalFourTaskCompletionDeclarations.lean:1218:  LeanLCAExactChallenge.Dbounded.stableBoundaryInputsOfClosedEmbeddingIsoClosureRealizationTerminalW810
audit/OriginalFourTaskCompletionDeclarations.lean:1220:  LeanLCAExactChallenge.Dbounded.acceptedStableOfClosedMapIsoClosureRealizationTerminalW810
audit/OriginalFourTaskCompletionDeclarations.lean:1222:  LeanLCAExactChallenge.Dbounded.acceptedStableOfClosedEmbeddingIsoClosureRealizationTerminalW810
audit/OriginalFourTaskCompletionDeclarations.lean:1224:  LeanLCAExactChallenge.Dbounded.boundedDerivedOfClosedMapIsoClosureRealizationTerminalStableBoundaryW810
audit/OriginalFourTaskCompletionDeclarations.lean:1226:  LeanLCAExactChallenge.Dbounded.boundedDerivedOfClosedEmbeddingIsoClosureRealizationTerminalStableBoundaryW810
