verification_started_utc=2026-06-07T01:01:17Z

## lean Yoneda module
$ lake env lean LeanLCAExactChallenge/Ext/Yoneda.lean
exit=0
output_lines=6
last_60_lines:
LeanLCAExactChallenge/Ext/Yoneda.lean:6294:2: warning: try 'simp' instead of 'simpa'

Note: This linter can be disabled with `set_option linter.unnecessarySimpa false`
LeanLCAExactChallenge/Ext/Yoneda.lean:6307:2: warning: try 'simp' instead of 'simpa'

Note: This linter can be disabled with `set_option linter.unnecessarySimpa false`


## lake build Yoneda module
$ lake build LeanLCAExactChallenge.Ext.Yoneda
exit=0
output_lines=21
last_60_lines:
⚠ [1476/1556] Replayed LeanLCAExactChallenge.LCA.Cokernel
warning: LeanLCAExactChallenge/LCA/Cokernel.lean:222:6: try 'simp' instead of 'simpa'

Note: This linter can be disabled with `set_option linter.unnecessarySimpa false`
warning: LeanLCAExactChallenge/LCA/Cokernel.lean:236:2: try 'simp' instead of 'simpa'

Note: This linter can be disabled with `set_option linter.unnecessarySimpa false`
warning: LeanLCAExactChallenge/LCA/Cokernel.lean:265:4: try 'simp' instead of 'simpa'

Note: This linter can be disabled with `set_option linter.unnecessarySimpa false`
warning: LeanLCAExactChallenge/LCA/Cokernel.lean:295:4: try 'simp' instead of 'simpa'

Note: This linter can be disabled with `set_option linter.unnecessarySimpa false`
⚠ [1750/1750] Replayed LeanLCAExactChallenge.Ext.Yoneda
warning: LeanLCAExactChallenge/Ext/Yoneda.lean:6294:2: try 'simp' instead of 'simpa'

Note: This linter can be disabled with `set_option linter.unnecessarySimpa false`
warning: LeanLCAExactChallenge/Ext/Yoneda.lean:6307:2: try 'simp' instead of 'simpa'

Note: This linter can be disabled with `set_option linter.unnecessarySimpa false`
Build completed successfully (1750 jobs).


## audit required declarations
$ lake env lean audit/RequiredDeclarations.lean
exit=0
output_lines=38221
last_60_lines:
  (have state :=
      LeanLCAExactChallenge.Dbounded.currentMetrizableCurrentFullDataPayloadFromNormalizedSourceEndpointLocalizedUnitStateW1268;
    state.productSuccessClaimed) =
    false
LeanLCAExactChallenge.Dbounded.currentFullDataPayloadOfTargetNormalizedEndpointW1269
  (data :
    LeanLCAExactChallenge.Dbounded.BoundaryRelationTargetClosedEmbeddingClosednessNormalizedSourceEndpointLocalizedUnitDataProviderW986) :
  LeanLCAExactChallenge.Dbounded.BoundaryRelationTargetNoUnivClosedEmbeddingEndpointLocalizedUnitDataProviderW977
LeanLCAExactChallenge.Dbounded.currentFullDataProviderOfTargetNormalizedEndpointW1269
  (data :
    LeanLCAExactChallenge.Dbounded.BoundaryRelationTargetClosedEmbeddingClosednessNormalizedSourceEndpointLocalizedUnitDataProviderW986) :
  LeanLCAExactChallenge.Dbounded.BoundaryRelationTargetClosedEmbeddingClosednessNormalizedSourceEndpointLocalizedUnitCurrentFullDataProviderW1008
LeanLCAExactChallenge.Dbounded.currentFullDataPayloadFromTargetNormalizedEndpointInputNamesW1269 : List String
LeanLCAExactChallenge.Dbounded.currentFullDataPayloadFromTargetNormalizedEndpointInputNamesW1269_count :
  LeanLCAExactChallenge.Dbounded.currentFullDataPayloadFromTargetNormalizedEndpointInputNamesW1269.length = 2
LeanLCAExactChallenge.Dbounded.currentFullDataPayloadFromTargetNormalizedEndpointReducesW1269 :
  LeanLCAExactChallenge.Dbounded.currentFullDataPayloadFromTargetNormalizedEndpointInputNamesW1269.length <
    LeanLCAExactChallenge.Dbounded.currentFullDataPayloadFromNormalizedSourceEndpointLocalizedUnitInputNamesW1268.length
LeanLCAExactChallenge.Dbounded.MetrizableCurrentFullDataPayloadFromTargetNormalizedEndpointStateW1269 : Type
LeanLCAExactChallenge.Dbounded.currentMetrizableCurrentFullDataPayloadFromTargetNormalizedEndpointStateW1269 :
  LeanLCAExactChallenge.Dbounded.MetrizableCurrentFullDataPayloadFromTargetNormalizedEndpointStateW1269
LeanLCAExactChallenge.Dbounded.currentW1269CurrentFullDataPayloadFromTargetNormalizedEndpoint_productSuccess :
  (have state :=
      LeanLCAExactChallenge.Dbounded.currentMetrizableCurrentFullDataPayloadFromTargetNormalizedEndpointStateW1269;
    state.productSuccessClaimed) =
    false
LeanLCAExactChallenge.Dbounded.currentFullDataPayloadOfBranchFullDataW1270
  (data :
    LeanLCAExactChallenge.Dbounded.BoundaryRelationTargetClosedEmbeddingClosednessNormalizedSourceEndpointLocalizedUnitFullDataProviderW987) :
  LeanLCAExactChallenge.Dbounded.BoundaryRelationTargetNoUnivClosedEmbeddingEndpointLocalizedUnitDataProviderW977
LeanLCAExactChallenge.Dbounded.currentFullDataProviderOfBranchFullDataW1270
  (data :
    LeanLCAExactChallenge.Dbounded.BoundaryRelationTargetClosedEmbeddingClosednessNormalizedSourceEndpointLocalizedUnitFullDataProviderW987) :
  LeanLCAExactChallenge.Dbounded.BoundaryRelationTargetClosedEmbeddingClosednessNormalizedSourceEndpointLocalizedUnitCurrentFullDataProviderW1008
LeanLCAExactChallenge.Dbounded.currentFullDataPayloadFromBranchFullDataInputNamesW1270 : List String
LeanLCAExactChallenge.Dbounded.currentFullDataPayloadFromBranchFullDataInputNamesW1270_count :
  LeanLCAExactChallenge.Dbounded.currentFullDataPayloadFromBranchFullDataInputNamesW1270.length = 1
LeanLCAExactChallenge.Dbounded.currentFullDataPayloadFromBranchFullDataReducesW1270 :
  LeanLCAExactChallenge.Dbounded.currentFullDataPayloadFromBranchFullDataInputNamesW1270.length <
    LeanLCAExactChallenge.Dbounded.currentFullDataPayloadFromTargetNormalizedEndpointInputNamesW1269.length
LeanLCAExactChallenge.Dbounded.MetrizableCurrentFullDataPayloadFromBranchFullDataStateW1270 : Type
LeanLCAExactChallenge.Dbounded.currentMetrizableCurrentFullDataPayloadFromBranchFullDataStateW1270 :
  LeanLCAExactChallenge.Dbounded.MetrizableCurrentFullDataPayloadFromBranchFullDataStateW1270
LeanLCAExactChallenge.Dbounded.currentW1270CurrentFullDataPayloadFromBranchFullData_productSuccess :
  (have state := LeanLCAExactChallenge.Dbounded.currentMetrizableCurrentFullDataPayloadFromBranchFullDataStateW1270;
    state.productSuccessClaimed) =
    false
LeanLCAExactChallenge.Dbounded.branchFullDataCurrentFullDataCycleInputNamesW1271 : List String
LeanLCAExactChallenge.Dbounded.branchFullDataCurrentFullDataCycleInputNamesW1271_count :
  LeanLCAExactChallenge.Dbounded.branchFullDataCurrentFullDataCycleInputNamesW1271.length = 1
LeanLCAExactChallenge.Dbounded.branchFullDataCurrentFullDataCycleDoesNotReduceW1271 :
  LeanLCAExactChallenge.Dbounded.branchFullDataCurrentFullDataCycleInputNamesW1271.length =
    LeanLCAExactChallenge.Dbounded.currentFullDataPayloadFromBranchFullDataInputNamesW1270.length
LeanLCAExactChallenge.Dbounded.MetrizableBranchFullDataCurrentFullDataCycleGuardStateW1271 : Type
LeanLCAExactChallenge.Dbounded.currentMetrizableBranchFullDataCurrentFullDataCycleGuardStateW1271 :
  LeanLCAExactChallenge.Dbounded.MetrizableBranchFullDataCurrentFullDataCycleGuardStateW1271
LeanLCAExactChallenge.Dbounded.currentW1271BranchFullDataCurrentFullDataCycleGuard_productSuccess :
  (have state := LeanLCAExactChallenge.Dbounded.currentMetrizableBranchFullDataCurrentFullDataCycleGuardStateW1271;
    state.productSuccessClaimed) =
    false


## audit product success declarations
$ lake env lean audit/ProductSuccessDeclarations.lean
exit=0
output_lines=70220
last_60_lines:
    LeanLCAExactChallenge.WppOpClosedRangeMappedCokernelPreservationV370SupportW519.MappedExplicitCokernelClosedMapProviderW519) :
  (LeanLCAExactChallenge.Dbounded.closedMapW829StableSemanticAdapterAcceptedW1539 input globalClosedMapComponents
        mappedCokernelClosedMapProvider).certificate =
    LeanLCAExactChallenge.Dbounded.closedMapStableFourProjectionCertificateW829DirectSourceW1534 input
      globalClosedMapComponents mappedCokernelClosedMapProvider
LeanLCAExactChallenge.Dbounded.originalFourTaskContractCompletion_branchFullDataW829StableCertificateSemanticAdapterComparisonClosedEmbeddingCertificateEqW1534W1543
  (input :
    LeanLCAExactChallenge.Dbounded.W987BoundaryRelationTargetStrictPreimageObjectImageRightAdjointFunctorTargetSurjectivityCompactnessMappedCokernelPi1Pi2Pi3W829StableCertificateSemanticAdapterComparisonInputW1540)
  (globalClosedEmbeddingComponents :
    LeanLCAExactChallenge.Dbounded.SelectedDifferenceClosedEmbeddingDiagramComponentProviderW718)
  (mappedCokernelClosedEmbeddingProvider :
    LeanLCAExactChallenge.WppOpClosedRangeMappedCokernelPreservationV370SupportW519.MappedExplicitCokernelClosedEmbeddingProviderW519) :
  (LeanLCAExactChallenge.Dbounded.closedEmbeddingW829StableSemanticAdapterAcceptedW1539 input
        globalClosedEmbeddingComponents mappedCokernelClosedEmbeddingProvider).certificate =
    LeanLCAExactChallenge.Dbounded.closedEmbeddingStableFourProjectionCertificateW829DirectSourceW1534 input
      globalClosedEmbeddingComponents mappedCokernelClosedEmbeddingProvider
LeanLCAExactChallenge.Dbounded.originalFourTaskContractCompletion_branchFullDataW829StableCertificateSemanticAdapterComparisonClosedMapPackageEqAcceptedW1542
  (input :
    LeanLCAExactChallenge.Dbounded.W987BoundaryRelationTargetStrictPreimageObjectImageRightAdjointFunctorTargetSurjectivityCompactnessMappedCokernelPi1Pi2Pi3W829StableCertificateSemanticAdapterComparisonInputW1540)
  (globalClosedMapComponents : LeanLCAExactChallenge.Dbounded.SelectedDifferenceClosedMapDiagramComponentProviderW718)
  (mappedCokernelClosedMapProvider :
    LeanLCAExactChallenge.WppOpClosedRangeMappedCokernelPreservationV370SupportW519.MappedExplicitCokernelClosedMapProviderW519) :
  LeanLCAExactChallenge.Dbounded.closedMapW829StableSemanticAdapterPackageW1539 input globalClosedMapComponents
      mappedCokernelClosedMapProvider =
    LeanLCAExactChallenge.Dbounded.closedMapBoundedDerivedInfinityCategoryOfW829AcceptedDirectSourceConvergenceW1534
      input globalClosedMapComponents mappedCokernelClosedMapProvider
LeanLCAExactChallenge.Dbounded.originalFourTaskContractCompletion_branchFullDataW829StableCertificateSemanticAdapterComparisonClosedEmbeddingPackageEqAcceptedW1542
  (input :
    LeanLCAExactChallenge.Dbounded.W987BoundaryRelationTargetStrictPreimageObjectImageRightAdjointFunctorTargetSurjectivityCompactnessMappedCokernelPi1Pi2Pi3W829StableCertificateSemanticAdapterComparisonInputW1540)
  (globalClosedEmbeddingComponents :
    LeanLCAExactChallenge.Dbounded.SelectedDifferenceClosedEmbeddingDiagramComponentProviderW718)
  (mappedCokernelClosedEmbeddingProvider :
    LeanLCAExactChallenge.WppOpClosedRangeMappedCokernelPreservationV370SupportW519.MappedExplicitCokernelClosedEmbeddingProviderW519) :
  LeanLCAExactChallenge.Dbounded.closedEmbeddingW829StableSemanticAdapterPackageW1539 input
      globalClosedEmbeddingComponents mappedCokernelClosedEmbeddingProvider =
    LeanLCAExactChallenge.Dbounded.closedEmbeddingBoundedDerivedInfinityCategoryOfW829AcceptedDirectSourceConvergenceW1534
      input globalClosedEmbeddingComponents mappedCokernelClosedEmbeddingProvider
LeanLCAExactChallenge.Dbounded.originalFourTaskContractCompletion_branchFullDataW829StableCertificateSemanticAdapterComparisonClosedMapProjectionFactsEqAcceptedW1542
  (input :
    LeanLCAExactChallenge.Dbounded.W987BoundaryRelationTargetStrictPreimageObjectImageRightAdjointFunctorTargetSurjectivityCompactnessMappedCokernelPi1Pi2Pi3W829StableCertificateSemanticAdapterComparisonInputW1540)
  (globalClosedMapComponents : LeanLCAExactChallenge.Dbounded.SelectedDifferenceClosedMapDiagramComponentProviderW718)
  (mappedCokernelClosedMapProvider :
    LeanLCAExactChallenge.WppOpClosedRangeMappedCokernelPreservationV370SupportW519.MappedExplicitCokernelClosedMapProviderW519) :
  LeanLCAExactChallenge.Dbounded.stableProjectionFactsOfBoundedDerivedPackageW1535
      (LeanLCAExactChallenge.Dbounded.closedMapW829StableSemanticAdapterPackageW1539 input globalClosedMapComponents
        mappedCokernelClosedMapProvider) =
    LeanLCAExactChallenge.Dbounded.closedMapW829AcceptedDirectSourceStableProjectionFactsW1535 input
      globalClosedMapComponents mappedCokernelClosedMapProvider
LeanLCAExactChallenge.Dbounded.originalFourTaskContractCompletion_branchFullDataW829StableCertificateSemanticAdapterComparisonClosedEmbeddingProjectionFactsEqAcceptedW1542
  (input :
    LeanLCAExactChallenge.Dbounded.W987BoundaryRelationTargetStrictPreimageObjectImageRightAdjointFunctorTargetSurjectivityCompactnessMappedCokernelPi1Pi2Pi3W829StableCertificateSemanticAdapterComparisonInputW1540)
  (globalClosedEmbeddingComponents :
    LeanLCAExactChallenge.Dbounded.SelectedDifferenceClosedEmbeddingDiagramComponentProviderW718)
  (mappedCokernelClosedEmbeddingProvider :
    LeanLCAExactChallenge.WppOpClosedRangeMappedCokernelPreservationV370SupportW519.MappedExplicitCokernelClosedEmbeddingProviderW519) :
  LeanLCAExactChallenge.Dbounded.stableProjectionFactsOfBoundedDerivedPackageW1535
      (LeanLCAExactChallenge.Dbounded.closedEmbeddingW829StableSemanticAdapterPackageW1539 input
        globalClosedEmbeddingComponents mappedCokernelClosedEmbeddingProvider) =
    LeanLCAExactChallenge.Dbounded.closedEmbeddingW829AcceptedDirectSourceStableProjectionFactsW1535 input
      globalClosedEmbeddingComponents mappedCokernelClosedEmbeddingProvider


## audit original four task completion declarations
$ lake env lean audit/OriginalFourTaskCompletionDeclarations.lean
exit=0
output_lines=51163
last_60_lines:
    LeanLCAExactChallenge.WppOpClosedRangeMappedCokernelPreservationV370SupportW519.MappedExplicitCokernelClosedMapProviderW519) :
  (LeanLCAExactChallenge.Dbounded.closedMapW829StableSemanticAdapterAcceptedW1539 input globalClosedMapComponents
        mappedCokernelClosedMapProvider).certificate =
    LeanLCAExactChallenge.Dbounded.closedMapStableFourProjectionCertificateW829DirectSourceW1534 input
      globalClosedMapComponents mappedCokernelClosedMapProvider
LeanLCAExactChallenge.Dbounded.originalFourTaskContractCompletion_branchFullDataW829StableCertificateSemanticAdapterComparisonClosedEmbeddingCertificateEqW1534W1543
  (input :
    LeanLCAExactChallenge.Dbounded.W987BoundaryRelationTargetStrictPreimageObjectImageRightAdjointFunctorTargetSurjectivityCompactnessMappedCokernelPi1Pi2Pi3W829StableCertificateSemanticAdapterComparisonInputW1540)
  (globalClosedEmbeddingComponents :
    LeanLCAExactChallenge.Dbounded.SelectedDifferenceClosedEmbeddingDiagramComponentProviderW718)
  (mappedCokernelClosedEmbeddingProvider :
    LeanLCAExactChallenge.WppOpClosedRangeMappedCokernelPreservationV370SupportW519.MappedExplicitCokernelClosedEmbeddingProviderW519) :
  (LeanLCAExactChallenge.Dbounded.closedEmbeddingW829StableSemanticAdapterAcceptedW1539 input
        globalClosedEmbeddingComponents mappedCokernelClosedEmbeddingProvider).certificate =
    LeanLCAExactChallenge.Dbounded.closedEmbeddingStableFourProjectionCertificateW829DirectSourceW1534 input
      globalClosedEmbeddingComponents mappedCokernelClosedEmbeddingProvider
LeanLCAExactChallenge.Dbounded.originalFourTaskContractCompletion_branchFullDataW829StableCertificateSemanticAdapterComparisonClosedMapPackageEqAcceptedW1542
  (input :
    LeanLCAExactChallenge.Dbounded.W987BoundaryRelationTargetStrictPreimageObjectImageRightAdjointFunctorTargetSurjectivityCompactnessMappedCokernelPi1Pi2Pi3W829StableCertificateSemanticAdapterComparisonInputW1540)
  (globalClosedMapComponents : LeanLCAExactChallenge.Dbounded.SelectedDifferenceClosedMapDiagramComponentProviderW718)
  (mappedCokernelClosedMapProvider :
    LeanLCAExactChallenge.WppOpClosedRangeMappedCokernelPreservationV370SupportW519.MappedExplicitCokernelClosedMapProviderW519) :
  LeanLCAExactChallenge.Dbounded.closedMapW829StableSemanticAdapterPackageW1539 input globalClosedMapComponents
      mappedCokernelClosedMapProvider =
    LeanLCAExactChallenge.Dbounded.closedMapBoundedDerivedInfinityCategoryOfW829AcceptedDirectSourceConvergenceW1534
      input globalClosedMapComponents mappedCokernelClosedMapProvider
LeanLCAExactChallenge.Dbounded.originalFourTaskContractCompletion_branchFullDataW829StableCertificateSemanticAdapterComparisonClosedEmbeddingPackageEqAcceptedW1542
  (input :
    LeanLCAExactChallenge.Dbounded.W987BoundaryRelationTargetStrictPreimageObjectImageRightAdjointFunctorTargetSurjectivityCompactnessMappedCokernelPi1Pi2Pi3W829StableCertificateSemanticAdapterComparisonInputW1540)
  (globalClosedEmbeddingComponents :
    LeanLCAExactChallenge.Dbounded.SelectedDifferenceClosedEmbeddingDiagramComponentProviderW718)
  (mappedCokernelClosedEmbeddingProvider :
    LeanLCAExactChallenge.WppOpClosedRangeMappedCokernelPreservationV370SupportW519.MappedExplicitCokernelClosedEmbeddingProviderW519) :
  LeanLCAExactChallenge.Dbounded.closedEmbeddingW829StableSemanticAdapterPackageW1539 input
      globalClosedEmbeddingComponents mappedCokernelClosedEmbeddingProvider =
    LeanLCAExactChallenge.Dbounded.closedEmbeddingBoundedDerivedInfinityCategoryOfW829AcceptedDirectSourceConvergenceW1534
      input globalClosedEmbeddingComponents mappedCokernelClosedEmbeddingProvider
LeanLCAExactChallenge.Dbounded.originalFourTaskContractCompletion_branchFullDataW829StableCertificateSemanticAdapterComparisonClosedMapProjectionFactsEqAcceptedW1542
  (input :
    LeanLCAExactChallenge.Dbounded.W987BoundaryRelationTargetStrictPreimageObjectImageRightAdjointFunctorTargetSurjectivityCompactnessMappedCokernelPi1Pi2Pi3W829StableCertificateSemanticAdapterComparisonInputW1540)
  (globalClosedMapComponents : LeanLCAExactChallenge.Dbounded.SelectedDifferenceClosedMapDiagramComponentProviderW718)
  (mappedCokernelClosedMapProvider :
    LeanLCAExactChallenge.WppOpClosedRangeMappedCokernelPreservationV370SupportW519.MappedExplicitCokernelClosedMapProviderW519) :
  LeanLCAExactChallenge.Dbounded.stableProjectionFactsOfBoundedDerivedPackageW1535
      (LeanLCAExactChallenge.Dbounded.closedMapW829StableSemanticAdapterPackageW1539 input globalClosedMapComponents
        mappedCokernelClosedMapProvider) =
    LeanLCAExactChallenge.Dbounded.closedMapW829AcceptedDirectSourceStableProjectionFactsW1535 input
      globalClosedMapComponents mappedCokernelClosedMapProvider
LeanLCAExactChallenge.Dbounded.originalFourTaskContractCompletion_branchFullDataW829StableCertificateSemanticAdapterComparisonClosedEmbeddingProjectionFactsEqAcceptedW1542
  (input :
    LeanLCAExactChallenge.Dbounded.W987BoundaryRelationTargetStrictPreimageObjectImageRightAdjointFunctorTargetSurjectivityCompactnessMappedCokernelPi1Pi2Pi3W829StableCertificateSemanticAdapterComparisonInputW1540)
  (globalClosedEmbeddingComponents :
    LeanLCAExactChallenge.Dbounded.SelectedDifferenceClosedEmbeddingDiagramComponentProviderW718)
  (mappedCokernelClosedEmbeddingProvider :
    LeanLCAExactChallenge.WppOpClosedRangeMappedCokernelPreservationV370SupportW519.MappedExplicitCokernelClosedEmbeddingProviderW519) :
  LeanLCAExactChallenge.Dbounded.stableProjectionFactsOfBoundedDerivedPackageW1535
      (LeanLCAExactChallenge.Dbounded.closedEmbeddingW829StableSemanticAdapterPackageW1539 input
        globalClosedEmbeddingComponents mappedCokernelClosedEmbeddingProvider) =
    LeanLCAExactChallenge.Dbounded.closedEmbeddingW829AcceptedDirectSourceStableProjectionFactsW1535 input
      globalClosedEmbeddingComponents mappedCokernelClosedEmbeddingProvider


## git diff check
$ git diff --check -- LeanLCAExactChallenge/Ext/Yoneda.lean audit/RequiredDeclarations.lean audit/ProductSuccessDeclarations.lean audit/OriginalFourTaskCompletionDeclarations.lean run/goal_identity_20260602_human_centered_positive_witness.json run/w_clean_20260607_post_positive_chain_bridge_resumption_contract_hashes.log run/w_clean_20260607_post_positive_chain_bridge_resumption_false_claim_surface.log run/w_clean_20260607_post_positive_chain_bridge_resumption_forbidden_true_claims.log run/w_clean_20260607_post_positive_chain_bridge_resumption_head.log run/w_clean_20260607_post_positive_chain_bridge_resumption_origin_main.log run/w_clean_20260607_post_positive_chain_bridge_resumption_remote_main.log run/w_clean_20260607_post_positive_chain_bridge_resumption_status.log run/w_clean_20260607_post_positive_chain_bridge_resumption_terminal_outcome.log
exit=0
output_lines=0
last_60_lines:


## forbidden Lean tokens Yoneda
$ scripts/audit_no_forbidden_lean_tokens.sh LeanLCAExactChallenge/Ext/Yoneda.lean
exit=0
output_lines=1
last_60_lines:
No forbidden Lean tokens found under LeanLCAExactChallenge/Ext/Yoneda.lean.


## forbidden true completion scan excluding negative fixtures packets and run logs
$ rg -n --glob \!audit/negative_fixtures/\*\* --glob \!packets/\*\* --glob \!run/\*.log productSuccessClaimed\[\[:space:\]\]\*:=\*\[\[:space:\]\]\*true\|\"product_success\"\[\[:space:\]\]\*:\[\[:space:\]\]\*true\|\"product_complete\"\[\[:space:\]\]\*:\[\[:space:\]\]\*true\|\"update_goal_allowed\"\[\[:space:\]\]\*:\[\[:space:\]\]\*true\|\"outcome\"\[\[:space:\]\]\*:\[\[:space:\]\]\*\"product_success\" LeanLCAExactChallenge audit docs terminal_outcome run
exit=1
expected_exit=1_no_matches
check_status=0
output_lines=0
last_60_lines:


## terminal outcome surface
$ rg -n \"outcome\"\|\"product_success\"\|\"product_success_claimed\"\|\"product_complete\"\|\"update_goal_allowed\"\|\"git_head\" terminal_outcome/terminal_outcome.json
exit=0
output_lines=6
last_60_lines:
4:  "git_head": "f152323a20527411a6a43810dd648b66d1356613",
6:  "outcome": "mathematical_frontier_nonterminal",
7:  "product_success": false,
8:  "product_success_claimed": false,
9:  "product_complete": false,
10:  "update_goal_allowed": false,


verification_finished_utc=2026-06-07T01:03:34Z
overall=0
