LeanLCAExactChallenge/Derived/TargetHomologyZeroExactInputsClosedRangeProductRoute.lean:207:    directFiniteShapeStableDataOfClosedMapTargetHomologyZeroExactInputsClosedRangeW790
LeanLCAExactChallenge/Derived/TargetHomologyZeroExactInputsClosedRangeProductRoute.lean:216:    directFiniteShapeStableDataOfClosedEmbeddingTargetHomologyZeroExactInputsClosedRangeW790
LeanLCAExactChallenge/Derived/TargetHomologyZeroExactInputsClosedRangeProductRoute.lean:226:    stableBoundaryInputsOfClosedMapTargetHomologyZeroExactInputsClosedRangeW790
LeanLCAExactChallenge/Derived/TargetHomologyZeroExactInputsClosedRangeProductRoute.lean:235:    stableBoundaryInputsOfClosedEmbeddingTargetHomologyZeroExactInputsClosedRangeW790
LeanLCAExactChallenge/Derived/TargetHomologyZeroExactInputsClosedRangeProductRoute.lean:244:noncomputable def acceptedStableOfClosedMapTargetHomologyZeroExactInputsClosedRangeW790
LeanLCAExactChallenge/Derived/TargetHomologyZeroExactInputsClosedRangeProductRoute.lean:255:    acceptedStableOfClosedEmbeddingTargetHomologyZeroExactInputsClosedRangeW790
LeanLCAExactChallenge/Derived/TargetHomologyZeroExactInputsClosedRangeProductRoute.lean:265:    boundedDerivedOfClosedMapTargetHomologyZeroExactInputsClosedRangeStableBoundaryW790
LeanLCAExactChallenge/Derived/TargetHomologyZeroExactInputsClosedRangeProductRoute.lean:275:    boundedDerivedOfClosedEmbeddingTargetHomologyZeroExactInputsClosedRangeStableBoundaryW790
LeanLCAExactChallenge/Derived/TargetHomologyZeroExactInputsClosedRangeProductRoute.lean:331:      "directFiniteShapeStableDataOfClosedMapTargetHomologyZeroExactInputsClosedRangeW790",
LeanLCAExactChallenge/Derived/TargetHomologyZeroExactInputsClosedRangeProductRoute.lean:332:      "directFiniteShapeStableDataOfClosedEmbeddingTargetHomologyZeroExactInputsClosedRangeW790",
LeanLCAExactChallenge/Derived/TargetHomologyZeroExactInputsClosedRangeProductRoute.lean:333:      "stableBoundaryInputsOfClosedMapTargetHomologyZeroExactInputsClosedRangeW790",
LeanLCAExactChallenge/Derived/TargetHomologyZeroExactInputsClosedRangeProductRoute.lean:334:      "stableBoundaryInputsOfClosedEmbeddingTargetHomologyZeroExactInputsClosedRangeW790",
LeanLCAExactChallenge/Derived/TargetHomologyZeroExactInputsClosedRangeProductRoute.lean:335:      "acceptedStableOfClosedMapTargetHomologyZeroExactInputsClosedRangeW790",
LeanLCAExactChallenge/Derived/TargetHomologyZeroExactInputsClosedRangeProductRoute.lean:336:      "acceptedStableOfClosedEmbeddingTargetHomologyZeroExactInputsClosedRangeW790",
LeanLCAExactChallenge/Derived/TargetHomologyZeroExactInputsClosedRangeProductRoute.lean:337:      "boundedDerivedOfClosedMapTargetHomologyZeroExactInputsClosedRangeStableBoundaryW790",
LeanLCAExactChallenge/Derived/TargetHomologyZeroExactInputsClosedRangeProductRoute.lean:338:      "boundedDerivedOfClosedEmbeddingTargetHomologyZeroExactInputsClosedRangeStableBoundaryW790",
audit/RequiredDeclarations.lean:1103:  LeanLCAExactChallenge.Dbounded.directFiniteShapeStableDataOfClosedMapTargetHomologyZeroExactInputsClosedRangeW790
audit/RequiredDeclarations.lean:1105:  LeanLCAExactChallenge.Dbounded.directFiniteShapeStableDataOfClosedEmbeddingTargetHomologyZeroExactInputsClosedRangeW790
audit/RequiredDeclarations.lean:1107:  LeanLCAExactChallenge.Dbounded.stableBoundaryInputsOfClosedMapTargetHomologyZeroExactInputsClosedRangeW790
audit/RequiredDeclarations.lean:1109:  LeanLCAExactChallenge.Dbounded.stableBoundaryInputsOfClosedEmbeddingTargetHomologyZeroExactInputsClosedRangeW790
audit/RequiredDeclarations.lean:1111:  LeanLCAExactChallenge.Dbounded.acceptedStableOfClosedMapTargetHomologyZeroExactInputsClosedRangeW790
audit/RequiredDeclarations.lean:1113:  LeanLCAExactChallenge.Dbounded.acceptedStableOfClosedEmbeddingTargetHomologyZeroExactInputsClosedRangeW790
audit/RequiredDeclarations.lean:1115:  LeanLCAExactChallenge.Dbounded.boundedDerivedOfClosedMapTargetHomologyZeroExactInputsClosedRangeStableBoundaryW790
audit/RequiredDeclarations.lean:1117:  LeanLCAExactChallenge.Dbounded.boundedDerivedOfClosedEmbeddingTargetHomologyZeroExactInputsClosedRangeStableBoundaryW790
audit/OriginalFourTaskCompletionDeclarations.lean:895:  LeanLCAExactChallenge.Dbounded.directFiniteShapeStableDataOfClosedMapTargetHomologyZeroExactInputsClosedRangeW790
audit/OriginalFourTaskCompletionDeclarations.lean:897:  LeanLCAExactChallenge.Dbounded.directFiniteShapeStableDataOfClosedEmbeddingTargetHomologyZeroExactInputsClosedRangeW790
audit/OriginalFourTaskCompletionDeclarations.lean:899:  LeanLCAExactChallenge.Dbounded.stableBoundaryInputsOfClosedMapTargetHomologyZeroExactInputsClosedRangeW790
audit/OriginalFourTaskCompletionDeclarations.lean:901:  LeanLCAExactChallenge.Dbounded.stableBoundaryInputsOfClosedEmbeddingTargetHomologyZeroExactInputsClosedRangeW790
audit/OriginalFourTaskCompletionDeclarations.lean:903:  LeanLCAExactChallenge.Dbounded.acceptedStableOfClosedMapTargetHomologyZeroExactInputsClosedRangeW790
audit/OriginalFourTaskCompletionDeclarations.lean:905:  LeanLCAExactChallenge.Dbounded.acceptedStableOfClosedEmbeddingTargetHomologyZeroExactInputsClosedRangeW790
audit/OriginalFourTaskCompletionDeclarations.lean:907:  LeanLCAExactChallenge.Dbounded.boundedDerivedOfClosedMapTargetHomologyZeroExactInputsClosedRangeStableBoundaryW790
audit/OriginalFourTaskCompletionDeclarations.lean:909:  LeanLCAExactChallenge.Dbounded.boundedDerivedOfClosedEmbeddingTargetHomologyZeroExactInputsClosedRangeStableBoundaryW790
audit/ProductSuccessDeclarations.lean:9629:    Dbounded.directFiniteShapeStableDataOfClosedMapTargetHomologyZeroExactInputsClosedRangeW790
audit/ProductSuccessDeclarations.lean:9631:    Dbounded.directFiniteShapeStableDataOfClosedEmbeddingTargetHomologyZeroExactInputsClosedRangeW790
audit/ProductSuccessDeclarations.lean:9633:    Dbounded.stableBoundaryInputsOfClosedMapTargetHomologyZeroExactInputsClosedRangeW790
audit/ProductSuccessDeclarations.lean:9635:    Dbounded.stableBoundaryInputsOfClosedEmbeddingTargetHomologyZeroExactInputsClosedRangeW790
audit/ProductSuccessDeclarations.lean:9637:    Dbounded.acceptedStableOfClosedMapTargetHomologyZeroExactInputsClosedRangeW790
audit/ProductSuccessDeclarations.lean:9639:    Dbounded.acceptedStableOfClosedEmbeddingTargetHomologyZeroExactInputsClosedRangeW790
audit/ProductSuccessDeclarations.lean:9641:    Dbounded.boundedDerivedOfClosedMapTargetHomologyZeroExactInputsClosedRangeStableBoundaryW790
audit/ProductSuccessDeclarations.lean:9643:    Dbounded.boundedDerivedOfClosedEmbeddingTargetHomologyZeroExactInputsClosedRangeStableBoundaryW790
