declaration presence scan for W809 target iso strict realization terminal stable boundary
LeanLCAExactChallenge/Derived/TargetIsoStrictRealizationTerminalProductRoute.lean:94:noncomputable def directFiniteShapeStableDataOfClosedMapStrictRealizationTerminalW809
LeanLCAExactChallenge/Derived/TargetIsoStrictRealizationTerminalProductRoute.lean:104:    directFiniteShapeStableDataOfClosedEmbeddingStrictRealizationTerminalW809
LeanLCAExactChallenge/Derived/TargetIsoStrictRealizationTerminalProductRoute.lean:111:noncomputable def stableBoundaryInputsOfClosedMapStrictRealizationTerminalW809
LeanLCAExactChallenge/Derived/TargetIsoStrictRealizationTerminalProductRoute.lean:120:noncomputable def stableBoundaryInputsOfClosedEmbeddingStrictRealizationTerminalW809
LeanLCAExactChallenge/Derived/TargetIsoStrictRealizationTerminalProductRoute.lean:127:noncomputable def acceptedStableOfClosedMapStrictRealizationTerminalW809
LeanLCAExactChallenge/Derived/TargetIsoStrictRealizationTerminalProductRoute.lean:136:noncomputable def acceptedStableOfClosedEmbeddingStrictRealizationTerminalW809
LeanLCAExactChallenge/Derived/TargetIsoStrictRealizationTerminalProductRoute.lean:146:    boundedDerivedOfClosedMapStrictRealizationTerminalStableBoundaryW809
LeanLCAExactChallenge/Derived/TargetIsoStrictRealizationTerminalProductRoute.lean:158:    boundedDerivedOfClosedEmbeddingStrictRealizationTerminalStableBoundaryW809
LeanLCAExactChallenge/Derived/TargetIsoStrictRealizationTerminalProductRoute.lean:180:  stableBoundaryResult : String
LeanLCAExactChallenge/Derived/TargetIsoStrictRealizationTerminalProductRoute.lean:197:      "directFiniteShapeStableDataOfClosedMapStrictRealizationTerminalW809",
LeanLCAExactChallenge/Derived/TargetIsoStrictRealizationTerminalProductRoute.lean:198:      "directFiniteShapeStableDataOfClosedEmbeddingStrictRealizationTerminalW809",
LeanLCAExactChallenge/Derived/TargetIsoStrictRealizationTerminalProductRoute.lean:199:      "stableBoundaryInputsOfClosedMapStrictRealizationTerminalW809",
LeanLCAExactChallenge/Derived/TargetIsoStrictRealizationTerminalProductRoute.lean:200:      "stableBoundaryInputsOfClosedEmbeddingStrictRealizationTerminalW809",
LeanLCAExactChallenge/Derived/TargetIsoStrictRealizationTerminalProductRoute.lean:201:      "acceptedStableOfClosedMapStrictRealizationTerminalW809",
LeanLCAExactChallenge/Derived/TargetIsoStrictRealizationTerminalProductRoute.lean:202:      "acceptedStableOfClosedEmbeddingStrictRealizationTerminalW809",
LeanLCAExactChallenge/Derived/TargetIsoStrictRealizationTerminalProductRoute.lean:203:      "boundedDerivedOfClosedMapStrictRealizationTerminalStableBoundaryW809",
LeanLCAExactChallenge/Derived/TargetIsoStrictRealizationTerminalProductRoute.lean:204:      "boundedDerivedOfClosedEmbeddingStrictRealizationTerminalStableBoundaryW809",
LeanLCAExactChallenge/Derived/TargetIsoStrictRealizationTerminalProductRoute.lean:216:  stableBoundaryResult :=
audit/RequiredDeclarations.lean:1403:  LeanLCAExactChallenge.Dbounded.directFiniteShapeStableDataOfClosedMapStrictRealizationTerminalW809
audit/RequiredDeclarations.lean:1405:  LeanLCAExactChallenge.Dbounded.directFiniteShapeStableDataOfClosedEmbeddingStrictRealizationTerminalW809
audit/RequiredDeclarations.lean:1407:  LeanLCAExactChallenge.Dbounded.stableBoundaryInputsOfClosedMapStrictRealizationTerminalW809
audit/RequiredDeclarations.lean:1409:  LeanLCAExactChallenge.Dbounded.stableBoundaryInputsOfClosedEmbeddingStrictRealizationTerminalW809
audit/RequiredDeclarations.lean:1411:  LeanLCAExactChallenge.Dbounded.acceptedStableOfClosedMapStrictRealizationTerminalW809
audit/RequiredDeclarations.lean:1413:  LeanLCAExactChallenge.Dbounded.acceptedStableOfClosedEmbeddingStrictRealizationTerminalW809
audit/RequiredDeclarations.lean:1415:  LeanLCAExactChallenge.Dbounded.boundedDerivedOfClosedMapStrictRealizationTerminalStableBoundaryW809
audit/RequiredDeclarations.lean:1417:  LeanLCAExactChallenge.Dbounded.boundedDerivedOfClosedEmbeddingStrictRealizationTerminalStableBoundaryW809
audit/OriginalFourTaskCompletionDeclarations.lean:1195:  LeanLCAExactChallenge.Dbounded.directFiniteShapeStableDataOfClosedMapStrictRealizationTerminalW809
audit/OriginalFourTaskCompletionDeclarations.lean:1197:  LeanLCAExactChallenge.Dbounded.directFiniteShapeStableDataOfClosedEmbeddingStrictRealizationTerminalW809
audit/OriginalFourTaskCompletionDeclarations.lean:1199:  LeanLCAExactChallenge.Dbounded.stableBoundaryInputsOfClosedMapStrictRealizationTerminalW809
audit/OriginalFourTaskCompletionDeclarations.lean:1201:  LeanLCAExactChallenge.Dbounded.stableBoundaryInputsOfClosedEmbeddingStrictRealizationTerminalW809
audit/OriginalFourTaskCompletionDeclarations.lean:1203:  LeanLCAExactChallenge.Dbounded.acceptedStableOfClosedMapStrictRealizationTerminalW809
audit/OriginalFourTaskCompletionDeclarations.lean:1205:  LeanLCAExactChallenge.Dbounded.acceptedStableOfClosedEmbeddingStrictRealizationTerminalW809
audit/OriginalFourTaskCompletionDeclarations.lean:1207:  LeanLCAExactChallenge.Dbounded.boundedDerivedOfClosedMapStrictRealizationTerminalStableBoundaryW809
audit/OriginalFourTaskCompletionDeclarations.lean:1209:  LeanLCAExactChallenge.Dbounded.boundedDerivedOfClosedEmbeddingStrictRealizationTerminalStableBoundaryW809
audit/ProductSuccessDeclarations.lean:10218:    Dbounded.directFiniteShapeStableDataOfClosedMapStrictRealizationTerminalW809
audit/ProductSuccessDeclarations.lean:10220:    Dbounded.directFiniteShapeStableDataOfClosedEmbeddingStrictRealizationTerminalW809
audit/ProductSuccessDeclarations.lean:10221:  #check Dbounded.stableBoundaryInputsOfClosedMapStrictRealizationTerminalW809
audit/ProductSuccessDeclarations.lean:10223:    Dbounded.stableBoundaryInputsOfClosedEmbeddingStrictRealizationTerminalW809
audit/ProductSuccessDeclarations.lean:10224:  #check Dbounded.acceptedStableOfClosedMapStrictRealizationTerminalW809
audit/ProductSuccessDeclarations.lean:10225:  #check Dbounded.acceptedStableOfClosedEmbeddingStrictRealizationTerminalW809
audit/ProductSuccessDeclarations.lean:10227:    Dbounded.boundedDerivedOfClosedMapStrictRealizationTerminalStableBoundaryW809
audit/ProductSuccessDeclarations.lean:10229:    Dbounded.boundedDerivedOfClosedEmbeddingStrictRealizationTerminalStableBoundaryW809
