file=run/w_clean_20260607_w778_left_snake_boundary_required_declarations.raw.log
exit_status=0
error_count=warning_count=line_count=38538
--- first 20 lines ---
LeanLCAExactChallenge.QuillenExactCategory.{v, u} (C : Type u) [CategoryTheory.Category.{v, u} C]
  [CategoryTheory.Preadditive C] : Type (max u v)
LeanLCAExactChallenge.QuillenExactCategory.Conflation.{v, u} {C : Type u} {inst✝ : CategoryTheory.Category.{v, u} C}
  {inst✝¹ : CategoryTheory.Preadditive C} [self : LeanLCAExactChallenge.QuillenExactCategory C] :
  CategoryTheory.ShortComplex C → Prop
LeanLCAExactChallenge.QuillenExactCategory.inflation.{v, u} {C : Type u} [CategoryTheory.Category.{v, u} C]
  [CategoryTheory.Preadditive C] [LeanLCAExactChallenge.QuillenExactCategory C] {X Y : C} (i : X ⟶ Y) : Prop
LeanLCAExactChallenge.QuillenExactCategory.deflation.{v, u} {C : Type u} [CategoryTheory.Category.{v, u} C]
  [CategoryTheory.Preadditive C] [LeanLCAExactChallenge.QuillenExactCategory C] {X Y : C} (p : X ⟶ Y) : Prop
LeanLCAExactChallenge.QuillenExactCategory.inflation_of_conflation.{v, u} {C : Type u}
  [CategoryTheory.Category.{v, u} C] [CategoryTheory.Preadditive C] [LeanLCAExactChallenge.QuillenExactCategory C]
  {S : CategoryTheory.ShortComplex C} (hS : LeanLCAExactChallenge.QuillenExactCategory.Conflation S) :
  LeanLCAExactChallenge.QuillenExactCategory.inflation S.f
LeanLCAExactChallenge.QuillenExactCategory.deflation_of_conflation.{v, u} {C : Type u}
  [CategoryTheory.Category.{v, u} C] [CategoryTheory.Preadditive C] [LeanLCAExactChallenge.QuillenExactCategory C]
  {S : CategoryTheory.ShortComplex C} (hS : LeanLCAExactChallenge.QuillenExactCategory.Conflation S) :
  LeanLCAExactChallenge.QuillenExactCategory.deflation S.g
LeanLCAExactChallenge.QuillenExactCategory.conflation_of_splitting.{v, u} {C : Type u}
  [CategoryTheory.Category.{v, u} C] [CategoryTheory.Preadditive C] [LeanLCAExactChallenge.QuillenExactCategory C]
  (S : CategoryTheory.ShortComplex C) (hS : S.Splitting) : LeanLCAExactChallenge.QuillenExactCategory.Conflation S
--- last 20 lines ---
LeanLCAExactChallenge.Dbounded.MetrizableCurrentFullDataPayloadFromBranchFullDataStateW1270 : Type
LeanLCAExactChallenge.Dbounded.currentMetrizableCurrentFullDataPayloadFromBranchFullDataStateW1270 :
  LeanLCAExactChallenge.Dbounded.MetrizableCurrentFullDataPayloadFromBranchFullDataStateW1270
LeanLCAExactChallenge.Dbounded.currentW1270CurrentFullDataPayloadFromBranchFullData_productSuccess :
  (have state := LeanLCAExactChallenge.Dbounded.currentMetrizableCurrentFullDataPayloadFromBranchFullDataStateW1270;
    state.productSuccessClaimed) =
    false
LeanLCAExactChallenge.Dbounded.branchFullDataCurrentFullDataCycleInputNamesW1271 : List String
LeanLCAExactChallenge.Dbounded.branchFullDataCurrentFullDataCycleInputNamesW1271_count :
  LeanLCAExactChallenge.Dbounded.branchFullDataCurrentFullDataCycleInputNamesW1271.length = 1
LeanLCAExactChallenge.Dbounded.branchFullDataCurrentFullDataCycleDoesNotReduceW1271 :
  LeanLCAExactChallenge.Dbounded.branchFullDataCurrentFullDataCycleInputNamesW1271.length =
    LeanLCAExactChallenge.Dbounded.currentFullDataPayloadFromBranchFullDataInputNamesW1270.length
LeanLCAExactChallenge.Dbounded.MetrizableBranchFullDataCurrentFullDataCycleGuardStateW1271 : Type
LeanLCAExactChallenge.Dbounded.currentMetrizableBranchFullDataCurrentFullDataCycleGuardStateW1271 :
  LeanLCAExactChallenge.Dbounded.MetrizableBranchFullDataCurrentFullDataCycleGuardStateW1271
LeanLCAExactChallenge.Dbounded.currentW1271BranchFullDataCurrentFullDataCycleGuard_productSuccess :
  (have state := LeanLCAExactChallenge.Dbounded.currentMetrizableBranchFullDataCurrentFullDataCycleGuardStateW1271;
    state.productSuccessClaimed) =
    false
