declaration presence scan for W803 stable-boundary target ExactAt terminal route
LeanLCAExactChallenge/Derived/TargetExactAtW664TerminalProductRoute.lean:139:noncomputable def directFiniteShapeStableDataOfClosedMapTargetExactAtW664TerminalW803
LeanLCAExactChallenge/Derived/TargetExactAtW664TerminalProductRoute.lean:150:    directFiniteShapeStableDataOfClosedEmbeddingTargetExactAtW664TerminalW803
LeanLCAExactChallenge/Derived/TargetExactAtW664TerminalProductRoute.lean:160:noncomputable def stableBoundaryInputsOfClosedMapTargetExactAtW664TerminalW803
LeanLCAExactChallenge/Derived/TargetExactAtW664TerminalProductRoute.lean:171:    stableBoundaryInputsOfClosedEmbeddingTargetExactAtW664TerminalW803
LeanLCAExactChallenge/Derived/TargetExactAtW664TerminalProductRoute.lean:181:noncomputable def acceptedStableOfClosedMapTargetExactAtW664TerminalW803
LeanLCAExactChallenge/Derived/TargetExactAtW664TerminalProductRoute.lean:191:noncomputable def acceptedStableOfClosedEmbeddingTargetExactAtW664TerminalW803
LeanLCAExactChallenge/Derived/TargetExactAtW664TerminalProductRoute.lean:202:    boundedDerivedOfClosedMapTargetExactAtW664TerminalStableBoundaryW803
LeanLCAExactChallenge/Derived/TargetExactAtW664TerminalProductRoute.lean:214:    boundedDerivedOfClosedEmbeddingTargetExactAtW664TerminalStableBoundaryW803
LeanLCAExactChallenge/Derived/TargetExactAtW664TerminalProductRoute.lean:236:  stableBoundaryResult : String
LeanLCAExactChallenge/Derived/TargetExactAtW664TerminalProductRoute.lean:257:      "directFiniteShapeStableDataOfClosedMapTargetExactAtW664TerminalW803",
LeanLCAExactChallenge/Derived/TargetExactAtW664TerminalProductRoute.lean:258:      "directFiniteShapeStableDataOfClosedEmbeddingTargetExactAtW664TerminalW803",
LeanLCAExactChallenge/Derived/TargetExactAtW664TerminalProductRoute.lean:259:      "stableBoundaryInputsOfClosedMapTargetExactAtW664TerminalW803",
LeanLCAExactChallenge/Derived/TargetExactAtW664TerminalProductRoute.lean:260:      "stableBoundaryInputsOfClosedEmbeddingTargetExactAtW664TerminalW803",
LeanLCAExactChallenge/Derived/TargetExactAtW664TerminalProductRoute.lean:261:      "acceptedStableOfClosedMapTargetExactAtW664TerminalW803",
LeanLCAExactChallenge/Derived/TargetExactAtW664TerminalProductRoute.lean:262:      "acceptedStableOfClosedEmbeddingTargetExactAtW664TerminalW803",
LeanLCAExactChallenge/Derived/TargetExactAtW664TerminalProductRoute.lean:263:      "boundedDerivedOfClosedMapTargetExactAtW664TerminalStableBoundaryW803",
LeanLCAExactChallenge/Derived/TargetExactAtW664TerminalProductRoute.lean:264:      "boundedDerivedOfClosedEmbeddingTargetExactAtW664TerminalStableBoundaryW803",
LeanLCAExactChallenge/Derived/TargetExactAtW664TerminalProductRoute.lean:271:  stableBoundaryResult :=
audit/RequiredDeclarations.lean:1273:  LeanLCAExactChallenge.Dbounded.directFiniteShapeStableDataOfClosedMapTargetExactAtW664TerminalW803
audit/RequiredDeclarations.lean:1275:  LeanLCAExactChallenge.Dbounded.directFiniteShapeStableDataOfClosedEmbeddingTargetExactAtW664TerminalW803
audit/RequiredDeclarations.lean:1277:  LeanLCAExactChallenge.Dbounded.stableBoundaryInputsOfClosedMapTargetExactAtW664TerminalW803
audit/RequiredDeclarations.lean:1279:  LeanLCAExactChallenge.Dbounded.stableBoundaryInputsOfClosedEmbeddingTargetExactAtW664TerminalW803
audit/RequiredDeclarations.lean:1281:  LeanLCAExactChallenge.Dbounded.acceptedStableOfClosedMapTargetExactAtW664TerminalW803
audit/RequiredDeclarations.lean:1283:  LeanLCAExactChallenge.Dbounded.acceptedStableOfClosedEmbeddingTargetExactAtW664TerminalW803
audit/RequiredDeclarations.lean:1285:  LeanLCAExactChallenge.Dbounded.boundedDerivedOfClosedMapTargetExactAtW664TerminalStableBoundaryW803
audit/RequiredDeclarations.lean:1287:  LeanLCAExactChallenge.Dbounded.boundedDerivedOfClosedEmbeddingTargetExactAtW664TerminalStableBoundaryW803
audit/OriginalFourTaskCompletionDeclarations.lean:1065:  LeanLCAExactChallenge.Dbounded.directFiniteShapeStableDataOfClosedMapTargetExactAtW664TerminalW803
audit/OriginalFourTaskCompletionDeclarations.lean:1067:  LeanLCAExactChallenge.Dbounded.directFiniteShapeStableDataOfClosedEmbeddingTargetExactAtW664TerminalW803
audit/OriginalFourTaskCompletionDeclarations.lean:1069:  LeanLCAExactChallenge.Dbounded.stableBoundaryInputsOfClosedMapTargetExactAtW664TerminalW803
audit/OriginalFourTaskCompletionDeclarations.lean:1071:  LeanLCAExactChallenge.Dbounded.stableBoundaryInputsOfClosedEmbeddingTargetExactAtW664TerminalW803
audit/OriginalFourTaskCompletionDeclarations.lean:1073:  LeanLCAExactChallenge.Dbounded.acceptedStableOfClosedMapTargetExactAtW664TerminalW803
audit/OriginalFourTaskCompletionDeclarations.lean:1075:  LeanLCAExactChallenge.Dbounded.acceptedStableOfClosedEmbeddingTargetExactAtW664TerminalW803
audit/OriginalFourTaskCompletionDeclarations.lean:1077:  LeanLCAExactChallenge.Dbounded.boundedDerivedOfClosedMapTargetExactAtW664TerminalStableBoundaryW803
audit/OriginalFourTaskCompletionDeclarations.lean:1079:  LeanLCAExactChallenge.Dbounded.boundedDerivedOfClosedEmbeddingTargetExactAtW664TerminalStableBoundaryW803
audit/ProductSuccessDeclarations.lean:10003:    Dbounded.directFiniteShapeStableDataOfClosedMapTargetExactAtW664TerminalW803
audit/ProductSuccessDeclarations.lean:10005:    Dbounded.directFiniteShapeStableDataOfClosedEmbeddingTargetExactAtW664TerminalW803
audit/ProductSuccessDeclarations.lean:10006:  #check Dbounded.stableBoundaryInputsOfClosedMapTargetExactAtW664TerminalW803
audit/ProductSuccessDeclarations.lean:10008:    Dbounded.stableBoundaryInputsOfClosedEmbeddingTargetExactAtW664TerminalW803
audit/ProductSuccessDeclarations.lean:10009:  #check Dbounded.acceptedStableOfClosedMapTargetExactAtW664TerminalW803
audit/ProductSuccessDeclarations.lean:10010:  #check Dbounded.acceptedStableOfClosedEmbeddingTargetExactAtW664TerminalW803
audit/ProductSuccessDeclarations.lean:10012:    Dbounded.boundedDerivedOfClosedMapTargetExactAtW664TerminalStableBoundaryW803
audit/ProductSuccessDeclarations.lean:10014:    Dbounded.boundedDerivedOfClosedEmbeddingTargetExactAtW664TerminalStableBoundaryW803
