LeanLCAExactChallenge/Derived/TargetHomologyZeroTerminalEvidenceProductRoute.lean:83:    directFiniteShapeStableDataOfClosedMapTargetHomologyZeroTerminalEvidenceW798
LeanLCAExactChallenge/Derived/TargetHomologyZeroTerminalEvidenceProductRoute.lean:95:    directFiniteShapeStableDataOfClosedEmbeddingTargetHomologyZeroTerminalEvidenceW798
LeanLCAExactChallenge/Derived/TargetHomologyZeroTerminalEvidenceProductRoute.lean:104:    stableBoundaryInputsOfClosedMapTargetHomologyZeroTerminalEvidenceW798
LeanLCAExactChallenge/Derived/TargetHomologyZeroTerminalEvidenceProductRoute.lean:115:    stableBoundaryInputsOfClosedEmbeddingTargetHomologyZeroTerminalEvidenceW798
LeanLCAExactChallenge/Derived/TargetHomologyZeroTerminalEvidenceProductRoute.lean:123:noncomputable def acceptedStableOfClosedMapTargetHomologyZeroTerminalEvidenceW798
LeanLCAExactChallenge/Derived/TargetHomologyZeroTerminalEvidenceProductRoute.lean:133:    acceptedStableOfClosedEmbeddingTargetHomologyZeroTerminalEvidenceW798
LeanLCAExactChallenge/Derived/TargetHomologyZeroTerminalEvidenceProductRoute.lean:141:    boundedDerivedOfClosedMapTargetHomologyZeroTerminalEvidenceStableBoundaryW798
LeanLCAExactChallenge/Derived/TargetHomologyZeroTerminalEvidenceProductRoute.lean:154:    boundedDerivedOfClosedEmbeddingTargetHomologyZeroTerminalEvidenceStableBoundaryW798
LeanLCAExactChallenge/Derived/TargetHomologyZeroTerminalEvidenceProductRoute.lean:199:      "directFiniteShapeStableDataOfClosedMapTargetHomologyZeroTerminalEvidenceW798",
LeanLCAExactChallenge/Derived/TargetHomologyZeroTerminalEvidenceProductRoute.lean:200:      "directFiniteShapeStableDataOfClosedEmbeddingTargetHomologyZeroTerminalEvidenceW798",
LeanLCAExactChallenge/Derived/TargetHomologyZeroTerminalEvidenceProductRoute.lean:201:      "stableBoundaryInputsOfClosedMapTargetHomologyZeroTerminalEvidenceW798",
LeanLCAExactChallenge/Derived/TargetHomologyZeroTerminalEvidenceProductRoute.lean:202:      "stableBoundaryInputsOfClosedEmbeddingTargetHomologyZeroTerminalEvidenceW798",
LeanLCAExactChallenge/Derived/TargetHomologyZeroTerminalEvidenceProductRoute.lean:203:      "acceptedStableOfClosedMapTargetHomologyZeroTerminalEvidenceW798",
LeanLCAExactChallenge/Derived/TargetHomologyZeroTerminalEvidenceProductRoute.lean:204:      "acceptedStableOfClosedEmbeddingTargetHomologyZeroTerminalEvidenceW798",
LeanLCAExactChallenge/Derived/TargetHomologyZeroTerminalEvidenceProductRoute.lean:205:      "boundedDerivedOfClosedMapTargetHomologyZeroTerminalEvidenceStableBoundaryW798",
LeanLCAExactChallenge/Derived/TargetHomologyZeroTerminalEvidenceProductRoute.lean:206:      "boundedDerivedOfClosedEmbeddingTargetHomologyZeroTerminalEvidenceStableBoundaryW798",
audit/RequiredDeclarations.lean:1188:  LeanLCAExactChallenge.Dbounded.directFiniteShapeStableDataOfClosedMapTargetHomologyZeroTerminalEvidenceW798
audit/RequiredDeclarations.lean:1190:  LeanLCAExactChallenge.Dbounded.directFiniteShapeStableDataOfClosedEmbeddingTargetHomologyZeroTerminalEvidenceW798
audit/RequiredDeclarations.lean:1192:  LeanLCAExactChallenge.Dbounded.stableBoundaryInputsOfClosedMapTargetHomologyZeroTerminalEvidenceW798
audit/RequiredDeclarations.lean:1194:  LeanLCAExactChallenge.Dbounded.stableBoundaryInputsOfClosedEmbeddingTargetHomologyZeroTerminalEvidenceW798
audit/RequiredDeclarations.lean:1196:  LeanLCAExactChallenge.Dbounded.acceptedStableOfClosedMapTargetHomologyZeroTerminalEvidenceW798
audit/RequiredDeclarations.lean:1198:  LeanLCAExactChallenge.Dbounded.acceptedStableOfClosedEmbeddingTargetHomologyZeroTerminalEvidenceW798
audit/RequiredDeclarations.lean:1200:  LeanLCAExactChallenge.Dbounded.boundedDerivedOfClosedMapTargetHomologyZeroTerminalEvidenceStableBoundaryW798
audit/RequiredDeclarations.lean:1202:  LeanLCAExactChallenge.Dbounded.boundedDerivedOfClosedEmbeddingTargetHomologyZeroTerminalEvidenceStableBoundaryW798
audit/OriginalFourTaskCompletionDeclarations.lean:980:  LeanLCAExactChallenge.Dbounded.directFiniteShapeStableDataOfClosedMapTargetHomologyZeroTerminalEvidenceW798
audit/OriginalFourTaskCompletionDeclarations.lean:982:  LeanLCAExactChallenge.Dbounded.directFiniteShapeStableDataOfClosedEmbeddingTargetHomologyZeroTerminalEvidenceW798
audit/OriginalFourTaskCompletionDeclarations.lean:984:  LeanLCAExactChallenge.Dbounded.stableBoundaryInputsOfClosedMapTargetHomologyZeroTerminalEvidenceW798
audit/OriginalFourTaskCompletionDeclarations.lean:986:  LeanLCAExactChallenge.Dbounded.stableBoundaryInputsOfClosedEmbeddingTargetHomologyZeroTerminalEvidenceW798
audit/OriginalFourTaskCompletionDeclarations.lean:988:  LeanLCAExactChallenge.Dbounded.acceptedStableOfClosedMapTargetHomologyZeroTerminalEvidenceW798
audit/OriginalFourTaskCompletionDeclarations.lean:990:  LeanLCAExactChallenge.Dbounded.acceptedStableOfClosedEmbeddingTargetHomologyZeroTerminalEvidenceW798
audit/OriginalFourTaskCompletionDeclarations.lean:992:  LeanLCAExactChallenge.Dbounded.boundedDerivedOfClosedMapTargetHomologyZeroTerminalEvidenceStableBoundaryW798
audit/OriginalFourTaskCompletionDeclarations.lean:994:  LeanLCAExactChallenge.Dbounded.boundedDerivedOfClosedEmbeddingTargetHomologyZeroTerminalEvidenceStableBoundaryW798
audit/ProductSuccessDeclarations.lean:9825:    Dbounded.directFiniteShapeStableDataOfClosedMapTargetHomologyZeroTerminalEvidenceW798
audit/ProductSuccessDeclarations.lean:9827:    Dbounded.directFiniteShapeStableDataOfClosedEmbeddingTargetHomologyZeroTerminalEvidenceW798
audit/ProductSuccessDeclarations.lean:9829:    Dbounded.stableBoundaryInputsOfClosedMapTargetHomologyZeroTerminalEvidenceW798
audit/ProductSuccessDeclarations.lean:9831:    Dbounded.stableBoundaryInputsOfClosedEmbeddingTargetHomologyZeroTerminalEvidenceW798
audit/ProductSuccessDeclarations.lean:9832:  #check Dbounded.acceptedStableOfClosedMapTargetHomologyZeroTerminalEvidenceW798
audit/ProductSuccessDeclarations.lean:9834:    Dbounded.acceptedStableOfClosedEmbeddingTargetHomologyZeroTerminalEvidenceW798
audit/ProductSuccessDeclarations.lean:9836:    Dbounded.boundedDerivedOfClosedMapTargetHomologyZeroTerminalEvidenceStableBoundaryW798
audit/ProductSuccessDeclarations.lean:9838:    Dbounded.boundedDerivedOfClosedEmbeddingTargetHomologyZeroTerminalEvidenceStableBoundaryW798
