LeanLCAExactChallenge/Derived/TargetHomologyZeroBoundaryDataExactInputsProductRoute.lean:111:    directFiniteShapeStableDataOfClosedMapTargetHomologyZeroBoundaryDataW791
LeanLCAExactChallenge/Derived/TargetHomologyZeroBoundaryDataExactInputsProductRoute.lean:119:    directFiniteShapeStableDataOfClosedEmbeddingTargetHomologyZeroBoundaryDataW791
LeanLCAExactChallenge/Derived/TargetHomologyZeroBoundaryDataExactInputsProductRoute.lean:128:    stableBoundaryInputsOfClosedMapTargetHomologyZeroBoundaryDataW791
LeanLCAExactChallenge/Derived/TargetHomologyZeroBoundaryDataExactInputsProductRoute.lean:136:    stableBoundaryInputsOfClosedEmbeddingTargetHomologyZeroBoundaryDataW791
LeanLCAExactChallenge/Derived/TargetHomologyZeroBoundaryDataExactInputsProductRoute.lean:144:noncomputable def acceptedStableOfClosedMapTargetHomologyZeroBoundaryDataW791
LeanLCAExactChallenge/Derived/TargetHomologyZeroBoundaryDataExactInputsProductRoute.lean:154:    acceptedStableOfClosedEmbeddingTargetHomologyZeroBoundaryDataW791
LeanLCAExactChallenge/Derived/TargetHomologyZeroBoundaryDataExactInputsProductRoute.lean:163:    boundedDerivedOfClosedMapTargetHomologyZeroBoundaryDataStableBoundaryW791
LeanLCAExactChallenge/Derived/TargetHomologyZeroBoundaryDataExactInputsProductRoute.lean:174:    boundedDerivedOfClosedEmbeddingTargetHomologyZeroBoundaryDataStableBoundaryW791
LeanLCAExactChallenge/Derived/TargetHomologyZeroBoundaryDataExactInputsProductRoute.lean:223:      "directFiniteShapeStableDataOfClosedMapTargetHomologyZeroBoundaryDataW791",
LeanLCAExactChallenge/Derived/TargetHomologyZeroBoundaryDataExactInputsProductRoute.lean:224:      "directFiniteShapeStableDataOfClosedEmbeddingTargetHomologyZeroBoundaryDataW791",
LeanLCAExactChallenge/Derived/TargetHomologyZeroBoundaryDataExactInputsProductRoute.lean:225:      "stableBoundaryInputsOfClosedMapTargetHomologyZeroBoundaryDataW791",
LeanLCAExactChallenge/Derived/TargetHomologyZeroBoundaryDataExactInputsProductRoute.lean:226:      "stableBoundaryInputsOfClosedEmbeddingTargetHomologyZeroBoundaryDataW791",
LeanLCAExactChallenge/Derived/TargetHomologyZeroBoundaryDataExactInputsProductRoute.lean:227:      "acceptedStableOfClosedMapTargetHomologyZeroBoundaryDataW791",
LeanLCAExactChallenge/Derived/TargetHomologyZeroBoundaryDataExactInputsProductRoute.lean:228:      "acceptedStableOfClosedEmbeddingTargetHomologyZeroBoundaryDataW791",
LeanLCAExactChallenge/Derived/TargetHomologyZeroBoundaryDataExactInputsProductRoute.lean:229:      "boundedDerivedOfClosedMapTargetHomologyZeroBoundaryDataStableBoundaryW791",
LeanLCAExactChallenge/Derived/TargetHomologyZeroBoundaryDataExactInputsProductRoute.lean:230:      "boundedDerivedOfClosedEmbeddingTargetHomologyZeroBoundaryDataStableBoundaryW791",
audit/RequiredDeclarations.lean:1120:  LeanLCAExactChallenge.Dbounded.directFiniteShapeStableDataOfClosedMapTargetHomologyZeroBoundaryDataW791
audit/RequiredDeclarations.lean:1122:  LeanLCAExactChallenge.Dbounded.directFiniteShapeStableDataOfClosedEmbeddingTargetHomologyZeroBoundaryDataW791
audit/RequiredDeclarations.lean:1124:  LeanLCAExactChallenge.Dbounded.stableBoundaryInputsOfClosedMapTargetHomologyZeroBoundaryDataW791
audit/RequiredDeclarations.lean:1126:  LeanLCAExactChallenge.Dbounded.stableBoundaryInputsOfClosedEmbeddingTargetHomologyZeroBoundaryDataW791
audit/RequiredDeclarations.lean:1128:  LeanLCAExactChallenge.Dbounded.acceptedStableOfClosedMapTargetHomologyZeroBoundaryDataW791
audit/RequiredDeclarations.lean:1130:  LeanLCAExactChallenge.Dbounded.acceptedStableOfClosedEmbeddingTargetHomologyZeroBoundaryDataW791
audit/RequiredDeclarations.lean:1132:  LeanLCAExactChallenge.Dbounded.boundedDerivedOfClosedMapTargetHomologyZeroBoundaryDataStableBoundaryW791
audit/RequiredDeclarations.lean:1134:  LeanLCAExactChallenge.Dbounded.boundedDerivedOfClosedEmbeddingTargetHomologyZeroBoundaryDataStableBoundaryW791
audit/ProductSuccessDeclarations.lean:9660:    Dbounded.directFiniteShapeStableDataOfClosedMapTargetHomologyZeroBoundaryDataW791
audit/ProductSuccessDeclarations.lean:9662:    Dbounded.directFiniteShapeStableDataOfClosedEmbeddingTargetHomologyZeroBoundaryDataW791
audit/ProductSuccessDeclarations.lean:9663:  #check Dbounded.stableBoundaryInputsOfClosedMapTargetHomologyZeroBoundaryDataW791
audit/ProductSuccessDeclarations.lean:9665:    Dbounded.stableBoundaryInputsOfClosedEmbeddingTargetHomologyZeroBoundaryDataW791
audit/ProductSuccessDeclarations.lean:9666:  #check Dbounded.acceptedStableOfClosedMapTargetHomologyZeroBoundaryDataW791
audit/ProductSuccessDeclarations.lean:9667:  #check Dbounded.acceptedStableOfClosedEmbeddingTargetHomologyZeroBoundaryDataW791
audit/ProductSuccessDeclarations.lean:9669:    Dbounded.boundedDerivedOfClosedMapTargetHomologyZeroBoundaryDataStableBoundaryW791
audit/ProductSuccessDeclarations.lean:9671:    Dbounded.boundedDerivedOfClosedEmbeddingTargetHomologyZeroBoundaryDataStableBoundaryW791
audit/OriginalFourTaskCompletionDeclarations.lean:912:  LeanLCAExactChallenge.Dbounded.directFiniteShapeStableDataOfClosedMapTargetHomologyZeroBoundaryDataW791
audit/OriginalFourTaskCompletionDeclarations.lean:914:  LeanLCAExactChallenge.Dbounded.directFiniteShapeStableDataOfClosedEmbeddingTargetHomologyZeroBoundaryDataW791
audit/OriginalFourTaskCompletionDeclarations.lean:916:  LeanLCAExactChallenge.Dbounded.stableBoundaryInputsOfClosedMapTargetHomologyZeroBoundaryDataW791
audit/OriginalFourTaskCompletionDeclarations.lean:918:  LeanLCAExactChallenge.Dbounded.stableBoundaryInputsOfClosedEmbeddingTargetHomologyZeroBoundaryDataW791
audit/OriginalFourTaskCompletionDeclarations.lean:920:  LeanLCAExactChallenge.Dbounded.acceptedStableOfClosedMapTargetHomologyZeroBoundaryDataW791
audit/OriginalFourTaskCompletionDeclarations.lean:922:  LeanLCAExactChallenge.Dbounded.acceptedStableOfClosedEmbeddingTargetHomologyZeroBoundaryDataW791
audit/OriginalFourTaskCompletionDeclarations.lean:924:  LeanLCAExactChallenge.Dbounded.boundedDerivedOfClosedMapTargetHomologyZeroBoundaryDataStableBoundaryW791
audit/OriginalFourTaskCompletionDeclarations.lean:926:  LeanLCAExactChallenge.Dbounded.boundedDerivedOfClosedEmbeddingTargetHomologyZeroBoundaryDataStableBoundaryW791
