checkpoint=w769-direct-finite-shape-stable-boundary
generated_utc=2026-06-07T03:21:23Z
source_head_before_checkpoint_commit=87543de2f7a45dc23da1735ec4f92a358f46997b
terminal_outcome=nonterminal_checkpoint
product_success=false
product_complete=false
update_goal_allowed=false
goal_status=active
commit_status=pending_at_artifact_creation
remote_verification=pending_at_artifact_creation
discharged=W769 direct finite-shape data derives direct bounded left calculus and canonical stable-boundary inputs
discharged=W769 direct finite-shape data reaches accepted stable Dbounded gate through canonical boundary
derived=stable-boundary-only W769 source input list excludes the separate W735 exact/WPP branch
still_carried=universal left-right comparison isomorphism
still_carried=exactAcyclicHomotopyIsoClosure triangulated closedness
still_carried=direct finite-shape WPP source data
still_carried=kernel/cokernel-conditioned topology inputs
still_carried=bounded homotopy localized right-adjoint data
still_carried=direct-localization triangulated source core
next_safe_action=continue source input inhabitation without calling update_goal
