LeanLCAExactChallenge/Derived/NormalizedDirectSourceClosedRangeProductRoute.lean:149:    directFiniteShapeStableDataOfClosedMapNormalizedDirectSourceClosedRangeW774
LeanLCAExactChallenge/Derived/NormalizedDirectSourceClosedRangeProductRoute.lean:157:    directFiniteShapeStableDataOfClosedEmbeddingNormalizedDirectSourceClosedRangeW774
LeanLCAExactChallenge/Derived/NormalizedDirectSourceClosedRangeProductRoute.lean:165:noncomputable def stableBoundaryInputsOfClosedMapNormalizedDirectSourceClosedRangeW774
LeanLCAExactChallenge/Derived/NormalizedDirectSourceClosedRangeProductRoute.lean:173:    stableBoundaryInputsOfClosedEmbeddingNormalizedDirectSourceClosedRangeW774
LeanLCAExactChallenge/Derived/NormalizedDirectSourceClosedRangeProductRoute.lean:182:    acceptedStableOfClosedMapNormalizedDirectSourceClosedRangeW774
LeanLCAExactChallenge/Derived/NormalizedDirectSourceClosedRangeProductRoute.lean:190:    acceptedStableOfClosedEmbeddingNormalizedDirectSourceClosedRangeW774
LeanLCAExactChallenge/Derived/NormalizedDirectSourceClosedRangeProductRoute.lean:199:    boundedDerivedOfClosedMapNormalizedDirectSourceClosedRangeStableBoundaryW774
LeanLCAExactChallenge/Derived/NormalizedDirectSourceClosedRangeProductRoute.lean:208:    boundedDerivedOfClosedEmbeddingNormalizedDirectSourceClosedRangeStableBoundaryW774
LeanLCAExactChallenge/Derived/NormalizedDirectSourceClosedRangeProductRoute.lean:260:      "directFiniteShapeStableDataOfClosedMapNormalizedDirectSourceClosedRangeW774",
LeanLCAExactChallenge/Derived/NormalizedDirectSourceClosedRangeProductRoute.lean:261:      "directFiniteShapeStableDataOfClosedEmbeddingNormalizedDirectSourceClosedRangeW774",
LeanLCAExactChallenge/Derived/NormalizedDirectSourceClosedRangeProductRoute.lean:262:      "stableBoundaryInputsOfClosedMapNormalizedDirectSourceClosedRangeW774",
LeanLCAExactChallenge/Derived/NormalizedDirectSourceClosedRangeProductRoute.lean:263:      "stableBoundaryInputsOfClosedEmbeddingNormalizedDirectSourceClosedRangeW774",
LeanLCAExactChallenge/Derived/NormalizedDirectSourceClosedRangeProductRoute.lean:264:      "acceptedStableOfClosedMapNormalizedDirectSourceClosedRangeW774",
LeanLCAExactChallenge/Derived/NormalizedDirectSourceClosedRangeProductRoute.lean:265:      "acceptedStableOfClosedEmbeddingNormalizedDirectSourceClosedRangeW774",
LeanLCAExactChallenge/Derived/NormalizedDirectSourceClosedRangeProductRoute.lean:266:      "boundedDerivedOfClosedMapNormalizedDirectSourceClosedRangeStableBoundaryW774",
LeanLCAExactChallenge/Derived/NormalizedDirectSourceClosedRangeProductRoute.lean:267:      "boundedDerivedOfClosedEmbeddingNormalizedDirectSourceClosedRangeStableBoundaryW774",
audit/OriginalFourTaskCompletionDeclarations.lean:623:  LeanLCAExactChallenge.Dbounded.directFiniteShapeStableDataOfClosedMapNormalizedDirectSourceClosedRangeW774
audit/OriginalFourTaskCompletionDeclarations.lean:625:  LeanLCAExactChallenge.Dbounded.directFiniteShapeStableDataOfClosedEmbeddingNormalizedDirectSourceClosedRangeW774
audit/OriginalFourTaskCompletionDeclarations.lean:627:  LeanLCAExactChallenge.Dbounded.stableBoundaryInputsOfClosedMapNormalizedDirectSourceClosedRangeW774
audit/OriginalFourTaskCompletionDeclarations.lean:629:  LeanLCAExactChallenge.Dbounded.stableBoundaryInputsOfClosedEmbeddingNormalizedDirectSourceClosedRangeW774
audit/OriginalFourTaskCompletionDeclarations.lean:631:  LeanLCAExactChallenge.Dbounded.acceptedStableOfClosedMapNormalizedDirectSourceClosedRangeW774
audit/OriginalFourTaskCompletionDeclarations.lean:633:  LeanLCAExactChallenge.Dbounded.acceptedStableOfClosedEmbeddingNormalizedDirectSourceClosedRangeW774
audit/OriginalFourTaskCompletionDeclarations.lean:635:  LeanLCAExactChallenge.Dbounded.boundedDerivedOfClosedMapNormalizedDirectSourceClosedRangeStableBoundaryW774
audit/OriginalFourTaskCompletionDeclarations.lean:637:  LeanLCAExactChallenge.Dbounded.boundedDerivedOfClosedEmbeddingNormalizedDirectSourceClosedRangeStableBoundaryW774
audit/ProductSuccessDeclarations.lean:9149:    Dbounded.directFiniteShapeStableDataOfClosedMapNormalizedDirectSourceClosedRangeW774
audit/ProductSuccessDeclarations.lean:9151:    Dbounded.directFiniteShapeStableDataOfClosedEmbeddingNormalizedDirectSourceClosedRangeW774
audit/ProductSuccessDeclarations.lean:9153:    Dbounded.stableBoundaryInputsOfClosedMapNormalizedDirectSourceClosedRangeW774
audit/ProductSuccessDeclarations.lean:9155:    Dbounded.stableBoundaryInputsOfClosedEmbeddingNormalizedDirectSourceClosedRangeW774
audit/ProductSuccessDeclarations.lean:9157:    Dbounded.acceptedStableOfClosedMapNormalizedDirectSourceClosedRangeW774
audit/ProductSuccessDeclarations.lean:9159:    Dbounded.acceptedStableOfClosedEmbeddingNormalizedDirectSourceClosedRangeW774
audit/ProductSuccessDeclarations.lean:9161:    Dbounded.boundedDerivedOfClosedMapNormalizedDirectSourceClosedRangeStableBoundaryW774
audit/ProductSuccessDeclarations.lean:9163:    Dbounded.boundedDerivedOfClosedEmbeddingNormalizedDirectSourceClosedRangeStableBoundaryW774
audit/RequiredDeclarations.lean:831:  LeanLCAExactChallenge.Dbounded.directFiniteShapeStableDataOfClosedMapNormalizedDirectSourceClosedRangeW774
audit/RequiredDeclarations.lean:833:  LeanLCAExactChallenge.Dbounded.directFiniteShapeStableDataOfClosedEmbeddingNormalizedDirectSourceClosedRangeW774
audit/RequiredDeclarations.lean:835:  LeanLCAExactChallenge.Dbounded.stableBoundaryInputsOfClosedMapNormalizedDirectSourceClosedRangeW774
audit/RequiredDeclarations.lean:837:  LeanLCAExactChallenge.Dbounded.stableBoundaryInputsOfClosedEmbeddingNormalizedDirectSourceClosedRangeW774
audit/RequiredDeclarations.lean:839:  LeanLCAExactChallenge.Dbounded.acceptedStableOfClosedMapNormalizedDirectSourceClosedRangeW774
audit/RequiredDeclarations.lean:841:  LeanLCAExactChallenge.Dbounded.acceptedStableOfClosedEmbeddingNormalizedDirectSourceClosedRangeW774
audit/RequiredDeclarations.lean:843:  LeanLCAExactChallenge.Dbounded.boundedDerivedOfClosedMapNormalizedDirectSourceClosedRangeStableBoundaryW774
audit/RequiredDeclarations.lean:845:  LeanLCAExactChallenge.Dbounded.boundedDerivedOfClosedEmbeddingNormalizedDirectSourceClosedRangeStableBoundaryW774
