warning/error scan for W801 verification logs
result: no errors in target/build/audit logs; warnings are pre-existing dependency warnings emitted by lake build
matching warning/error/sorry/admit/axiom lines: 7721
first 80 matches:
run/w_clean_20260607_w801_target_homology_zero_w664_source_triangulation_terminal_boundary_build.log:2:warning: LeanLCAExactChallenge/LCA/Cokernel.lean:222:6: try 'simp' instead of 'simpa'
run/w_clean_20260607_w801_target_homology_zero_w664_source_triangulation_terminal_boundary_build.log:5:warning: LeanLCAExactChallenge/LCA/Cokernel.lean:236:2: try 'simp' instead of 'simpa'
run/w_clean_20260607_w801_target_homology_zero_w664_source_triangulation_terminal_boundary_build.log:8:warning: LeanLCAExactChallenge/LCA/Cokernel.lean:265:4: try 'simp' instead of 'simpa'
run/w_clean_20260607_w801_target_homology_zero_w664_source_triangulation_terminal_boundary_build.log:11:warning: LeanLCAExactChallenge/LCA/Cokernel.lean:295:4: try 'simp' instead of 'simpa'
run/w_clean_20260607_w801_target_homology_zero_w664_source_triangulation_terminal_boundary_build.log:15:warning: LeanLCAExactChallenge/Derived/Bounded.lean:320:14: This simp argument is unused:
run/w_clean_20260607_w801_target_homology_zero_w664_source_triangulation_terminal_boundary_build.log:22:warning: LeanLCAExactChallenge/Derived/Bounded.lean:328:14: This simp argument is unused:
run/w_clean_20260607_w801_target_homology_zero_w664_source_triangulation_terminal_boundary_build.log:29:warning: LeanLCAExactChallenge/Derived/Bounded.lean:341:14: This simp argument is unused:
run/w_clean_20260607_w801_target_homology_zero_w664_source_triangulation_terminal_boundary_build.log:36:warning: LeanLCAExactChallenge/Derived/Bounded.lean:349:14: This simp argument is unused:
run/w_clean_20260607_w801_target_homology_zero_w664_source_triangulation_terminal_boundary_build.log:43:warning: LeanLCAExactChallenge/Derived/Bounded.lean:320:8: 'simp [strictShortExactBiprodComplex]' is a flexible tactic modifying '⊢'. Try 'simp?' and use the suggested 'simp only [...]'. Alternatively, use `suffices` to explicitly state the simplified form.
run/w_clean_20260607_w801_target_homology_zero_w664_source_triangulation_terminal_boundary_build.log:49:warning: LeanLCAExactChallenge/Derived/Bounded.lean:328:8: 'simp [strictShortExactBiprodComplex]' is a flexible tactic modifying '⊢'. Try 'simp?' and use the suggested 'simp only [...]'. Alternatively, use `suffices` to explicitly state the simplified form.
run/w_clean_20260607_w801_target_homology_zero_w664_source_triangulation_terminal_boundary_build.log:55:warning: LeanLCAExactChallenge/Derived/Bounded.lean:341:8: 'simp [strictShortExactBiprodComplex]' is a flexible tactic modifying '⊢'. Try 'simp?' and use the suggested 'simp only [...]'. Alternatively, use `suffices` to explicitly state the simplified form.
run/w_clean_20260607_w801_target_homology_zero_w664_source_triangulation_terminal_boundary_build.log:61:warning: LeanLCAExactChallenge/Derived/Bounded.lean:349:8: 'simp [strictShortExactBiprodComplex]' is a flexible tactic modifying '⊢'. Try 'simp?' and use the suggested 'simp only [...]'. Alternatively, use `suffices` to explicitly state the simplified form.
run/w_clean_20260607_w801_target_homology_zero_w664_source_triangulation_terminal_boundary_build.log:67:warning: LeanLCAExactChallenge/Derived/Bounded.lean:4675:100: This line exceeds the 100 character limit, please shorten it!
run/w_clean_20260607_w801_target_homology_zero_w664_source_triangulation_terminal_boundary_build.log:70:warning: LeanLCAExactChallenge/Derived/Bounded.lean:4693:100: This line exceeds the 100 character limit, please shorten it!
run/w_clean_20260607_w801_target_homology_zero_w664_source_triangulation_terminal_boundary_build.log:73:warning: LeanLCAExactChallenge/Derived/Bounded.lean:4698:100: This line exceeds the 100 character limit, please shorten it!
run/w_clean_20260607_w801_target_homology_zero_w664_source_triangulation_terminal_boundary_build.log:76:warning: LeanLCAExactChallenge/Derived/Bounded.lean:4759:100: This line exceeds the 100 character limit, please shorten it!
run/w_clean_20260607_w801_target_homology_zero_w664_source_triangulation_terminal_boundary_build.log:80:warning: LeanLCAExactChallenge/Derived/Bounded.lean:4781:100: This line exceeds the 100 character limit, please shorten it!
run/w_clean_20260607_w801_target_homology_zero_w664_source_triangulation_terminal_boundary_build.log:83:warning: LeanLCAExactChallenge/Derived/Bounded.lean:4917:100: This line exceeds the 100 character limit, please shorten it!
run/w_clean_20260607_w801_target_homology_zero_w664_source_triangulation_terminal_boundary_build.log:86:warning: LeanLCAExactChallenge/Derived/Bounded.lean:4983:100: This line exceeds the 100 character limit, please shorten it!
run/w_clean_20260607_w801_target_homology_zero_w664_source_triangulation_terminal_boundary_build.log:90:warning: LeanLCAExactChallenge/Derived/Bounded.lean:5001:100: This line exceeds the 100 character limit, please shorten it!
run/w_clean_20260607_w801_target_homology_zero_w664_source_triangulation_terminal_boundary_build.log:93:warning: LeanLCAExactChallenge/Derived/Bounded.lean:5002:100: This line exceeds the 100 character limit, please shorten it!
run/w_clean_20260607_w801_target_homology_zero_w664_source_triangulation_terminal_boundary_build.log:97:warning: LeanLCAExactChallenge/Derived/WppOpExactAcyclicFrontierConsolidated.lean:26:0: Unscoped option maxHeartbeats is not allowed:
run/w_clean_20260607_w801_target_homology_zero_w664_source_triangulation_terminal_boundary_build.log:106:warning: LeanLCAExactChallenge/Derived/WppOpExactAcyclicFrontierConsolidated.lean:430:2: try 'simp' instead of 'simpa'
run/w_clean_20260607_w801_target_homology_zero_w664_source_triangulation_terminal_boundary_build.log:109:warning: LeanLCAExactChallenge/Derived/WppOpExactAcyclicFrontierConsolidated.lean:447:6: try 'simp' instead of 'simpa'
run/w_clean_20260607_w801_target_homology_zero_w664_source_triangulation_terminal_boundary_build.log:112:warning: LeanLCAExactChallenge/Derived/WppOpExactAcyclicFrontierConsolidated.lean:461:2: try 'simp' instead of 'simpa'
run/w_clean_20260607_w801_target_homology_zero_w664_source_triangulation_terminal_boundary_build.log:115:warning: LeanLCAExactChallenge/Derived/WppOpExactAcyclicFrontierConsolidated.lean:516:6: try 'simp' instead of 'simpa'
run/w_clean_20260607_w801_target_homology_zero_w664_source_triangulation_terminal_boundary_build.log:118:warning: LeanLCAExactChallenge/Derived/WppOpExactAcyclicFrontierConsolidated.lean:523:6: try 'simp' instead of 'simpa'
run/w_clean_20260607_w801_target_homology_zero_w664_source_triangulation_terminal_boundary_build.log:122:warning: LeanLCAExactChallenge/Derived/OptionProductDecomposition.lean:274:0: automatically included section variable(s) unused in theorem `LeanLCAExactChallenge.OptionProductDecompositionW151.optionProductComplexTransportedBinaryFan_pt`:
run/w_clean_20260607_w801_target_homology_zero_w664_source_triangulation_terminal_boundary_build.log:128:warning: LeanLCAExactChallenge/Derived/OptionProductDecomposition.lean:283:0: automatically included section variable(s) unused in theorem `LeanLCAExactChallenge.OptionProductDecompositionW151.optionProductComplexTransportedBinaryFan_fst`:
run/w_clean_20260607_w801_target_homology_zero_w664_source_triangulation_terminal_boundary_build.log:134:warning: LeanLCAExactChallenge/Derived/OptionProductDecomposition.lean:293:0: automatically included section variable(s) unused in theorem `LeanLCAExactChallenge.OptionProductDecompositionW151.optionProductComplexTransportedBinaryFan_snd`:
run/w_clean_20260607_w801_target_homology_zero_w664_source_triangulation_terminal_boundary_build.log:140:warning: LeanLCAExactChallenge/Derived/OptionProductDecomposition.lean:414:0: automatically included section variable(s) unused in theorem `LeanLCAExactChallenge.OptionProductDecompositionW151.optionProductDegreeTransportedBinaryFan_pt`:
run/w_clean_20260607_w801_target_homology_zero_w664_source_triangulation_terminal_boundary_build.log:146:warning: LeanLCAExactChallenge/Derived/OptionProductDecomposition.lean:424:0: automatically included section variable(s) unused in theorem `LeanLCAExactChallenge.OptionProductDecompositionW151.optionProductDegreeTransportedBinaryFan_fst`:
run/w_clean_20260607_w801_target_homology_zero_w664_source_triangulation_terminal_boundary_build.log:152:warning: LeanLCAExactChallenge/Derived/OptionProductDecomposition.lean:434:0: automatically included section variable(s) unused in theorem `LeanLCAExactChallenge.OptionProductDecompositionW151.optionProductDegreeTransportedBinaryFan_snd`:
run/w_clean_20260607_w801_target_homology_zero_w664_source_triangulation_terminal_boundary_build.log:158:warning: LeanLCAExactChallenge/Derived/OptionProductDecomposition.lean:525:0: automatically included section variable(s) unused in theorem `LeanLCAExactChallenge.OptionProductDecompositionW151.evalProductPointIso_hom_π`:
run/w_clean_20260607_w801_target_homology_zero_w664_source_triangulation_terminal_boundary_build.log:164:warning: LeanLCAExactChallenge/Derived/OptionProductDecomposition.lean:625:8: 'simp [Cone.postcompose, optionProductDegreeFanWithEvaluatedTargets, s, eP, eR, α,
run/w_clean_20260607_w801_target_homology_zero_w664_source_triangulation_terminal_boundary_build.log:172:warning: LeanLCAExactChallenge/Derived/OptionProductDecomposition.lean:628:8: 'simp [Cone.postcompose, optionProductDegreeFanWithEvaluatedTargets, s, eP, eR, α,
run/w_clean_20260607_w801_target_homology_zero_w664_source_triangulation_terminal_boundary_build.log:180:warning: LeanLCAExactChallenge/Derived/OptionProductDecomposition.lean:678:0: automatically included section variable(s) unused in theorem `LeanLCAExactChallenge.OptionProductDecompositionW151.optionProductDegreeFanWithEvaluatedTargets_snd_evalTail_hom_π`:
run/w_clean_20260607_w801_target_homology_zero_w664_source_triangulation_terminal_boundary_build.log:186:warning: LeanLCAExactChallenge/Derived/OptionProductDecomposition.lean:698:0: automatically included section variable(s) unused in theorem `LeanLCAExactChallenge.OptionProductDecompositionW151.optionProductDegreeTransportedBinaryFan_snd_π`:
run/w_clean_20260607_w801_target_homology_zero_w664_source_triangulation_terminal_boundary_build.log:192:warning: LeanLCAExactChallenge/Derived/OptionProductDecomposition.lean:802:4: try 'simp' instead of 'simpa'
run/w_clean_20260607_w801_target_homology_zero_w664_source_triangulation_terminal_boundary_build.log:195:warning: LeanLCAExactChallenge/Derived/OptionProductDecomposition.lean:825:4: try 'simp' instead of 'simpa'
run/w_clean_20260607_w801_target_homology_zero_w664_source_triangulation_terminal_boundary_build.log:198:warning: LeanLCAExactChallenge/Derived/OptionProductDecomposition.lean:915:4: try 'simp' instead of 'simpa'
run/w_clean_20260607_w801_target_homology_zero_w664_source_triangulation_terminal_boundary_build.log:201:warning: LeanLCAExactChallenge/Derived/OptionProductDecomposition.lean:936:4: try 'simp' instead of 'simpa'
run/w_clean_20260607_w801_target_homology_zero_w664_source_triangulation_terminal_boundary_build.log:204:warning: LeanLCAExactChallenge/Derived/OptionProductDecomposition.lean:956:2: 'simp [EvaluatedDegreeFanComparisonLeft, evaluatedOptionProductComplexBinaryFan,
run/w_clean_20260607_w801_target_homology_zero_w664_source_triangulation_terminal_boundary_build.log:211:warning: LeanLCAExactChallenge/Derived/OptionProductDecomposition.lean:956:2: 'simp [EvaluatedDegreeFanComparisonLeft, evaluatedOptionProductComplexBinaryFan,
run/w_clean_20260607_w801_target_homology_zero_w664_source_triangulation_terminal_boundary_build.log:218:warning: LeanLCAExactChallenge/Derived/OptionProductDecomposition.lean:969:0: automatically included section variable(s) unused in theorem `LeanLCAExactChallenge.OptionProductDecompositionW151.evaluatedDegreeFanComparison_of_left_right`:
run/w_clean_20260607_w801_target_homology_zero_w664_source_triangulation_terminal_boundary_build.log:224:warning: LeanLCAExactChallenge/Derived/OptionProductDecomposition.lean:1178:100: This line exceeds the 100 character limit, please shorten it!
run/w_clean_20260607_w801_target_homology_zero_w664_source_triangulation_terminal_boundary_build.log:228:warning: LeanLCAExactChallenge/Derived/MappingConeBiprod.lean:347:10: try 'simp' instead of 'simpa'
run/w_clean_20260607_w801_target_homology_zero_w664_source_triangulation_terminal_boundary_build.log:231:warning: LeanLCAExactChallenge/Derived/MappingConeBiprod.lean:352:8: try 'simp' instead of 'simpa'
run/w_clean_20260607_w801_target_homology_zero_w664_source_triangulation_terminal_boundary_build.log:234:warning: LeanLCAExactChallenge/Derived/MappingConeBiprod.lean:504:10: try 'simp' instead of 'simpa'
run/w_clean_20260607_w801_target_homology_zero_w664_source_triangulation_terminal_boundary_build.log:237:warning: LeanLCAExactChallenge/Derived/MappingConeBiprod.lean:509:8: try 'simp' instead of 'simpa'
run/w_clean_20260607_w801_target_homology_zero_w664_source_triangulation_terminal_boundary_build.log:241:warning: LeanLCAExactChallenge/Derived/FiniteProductExactness.lean:65:100: This line exceeds the 100 character limit, please shorten it!
run/w_clean_20260607_w801_target_homology_zero_w664_source_triangulation_terminal_boundary_build.log:245:warning: LeanLCAExactChallenge/Derived/MappingConeFiniteProduct.lean:8:100: This line exceeds the 100 character limit, please shorten it!
run/w_clean_20260607_w801_target_homology_zero_w664_source_triangulation_terminal_boundary_build.log:248:warning: LeanLCAExactChallenge/Derived/MappingConeFiniteProduct.lean:38:100: This line exceeds the 100 character limit, please shorten it!
run/w_clean_20260607_w801_target_homology_zero_w664_source_triangulation_terminal_boundary_build.log:251:warning: LeanLCAExactChallenge/Derived/MappingConeFiniteProduct.lean:40:100: This line exceeds the 100 character limit, please shorten it!
run/w_clean_20260607_w801_target_homology_zero_w664_source_triangulation_terminal_boundary_build.log:254:warning: LeanLCAExactChallenge/Derived/MappingConeFiniteProduct.lean:54:100: This line exceeds the 100 character limit, please shorten it!
run/w_clean_20260607_w801_target_homology_zero_w664_source_triangulation_terminal_boundary_build.log:257:warning: LeanLCAExactChallenge/Derived/MappingConeFiniteProduct.lean:56:100: This line exceeds the 100 character limit, please shorten it!
run/w_clean_20260607_w801_target_homology_zero_w664_source_triangulation_terminal_boundary_build.log:260:warning: LeanLCAExactChallenge/Derived/MappingConeFiniteProduct.lean:57:100: This line exceeds the 100 character limit, please shorten it!
run/w_clean_20260607_w801_target_homology_zero_w664_source_triangulation_terminal_boundary_build.log:263:warning: LeanLCAExactChallenge/Derived/MappingConeFiniteProduct.lean:58:100: This line exceeds the 100 character limit, please shorten it!
run/w_clean_20260607_w801_target_homology_zero_w664_source_triangulation_terminal_boundary_build.log:266:warning: LeanLCAExactChallenge/Derived/MappingConeFiniteProduct.lean:59:100: This line exceeds the 100 character limit, please shorten it!
run/w_clean_20260607_w801_target_homology_zero_w664_source_triangulation_terminal_boundary_build.log:269:warning: LeanLCAExactChallenge/Derived/MappingConeFiniteProduct.lean:60:100: This line exceeds the 100 character limit, please shorten it!
run/w_clean_20260607_w801_target_homology_zero_w664_source_triangulation_terminal_boundary_build.log:272:warning: LeanLCAExactChallenge/Derived/MappingConeFiniteProduct.lean:61:100: This line exceeds the 100 character limit, please shorten it!
run/w_clean_20260607_w801_target_homology_zero_w664_source_triangulation_terminal_boundary_build.log:275:warning: LeanLCAExactChallenge/Derived/MappingConeFiniteProduct.lean:63:100: This line exceeds the 100 character limit, please shorten it!
run/w_clean_20260607_w801_target_homology_zero_w664_source_triangulation_terminal_boundary_build.log:278:warning: LeanLCAExactChallenge/Derived/MappingConeFiniteProduct.lean:86:100: This line exceeds the 100 character limit, please shorten it!
run/w_clean_20260607_w801_target_homology_zero_w664_source_triangulation_terminal_boundary_build.log:281:warning: LeanLCAExactChallenge/Derived/MappingConeFiniteProduct.lean:88:100: This line exceeds the 100 character limit, please shorten it!
run/w_clean_20260607_w801_target_homology_zero_w664_source_triangulation_terminal_boundary_build.log:284:warning: LeanLCAExactChallenge/Derived/MappingConeFiniteProduct.lean:89:100: This line exceeds the 100 character limit, please shorten it!
run/w_clean_20260607_w801_target_homology_zero_w664_source_triangulation_terminal_boundary_build.log:287:warning: LeanLCAExactChallenge/Derived/MappingConeFiniteProduct.lean:90:100: This line exceeds the 100 character limit, please shorten it!
run/w_clean_20260607_w801_target_homology_zero_w664_source_triangulation_terminal_boundary_build.log:290:warning: LeanLCAExactChallenge/Derived/MappingConeFiniteProduct.lean:91:100: This line exceeds the 100 character limit, please shorten it!
run/w_clean_20260607_w801_target_homology_zero_w664_source_triangulation_terminal_boundary_build.log:293:warning: LeanLCAExactChallenge/Derived/MappingConeFiniteProduct.lean:92:100: This line exceeds the 100 character limit, please shorten it!
run/w_clean_20260607_w801_target_homology_zero_w664_source_triangulation_terminal_boundary_build.log:296:warning: LeanLCAExactChallenge/Derived/MappingConeFiniteProduct.lean:93:100: This line exceeds the 100 character limit, please shorten it!
run/w_clean_20260607_w801_target_homology_zero_w664_source_triangulation_terminal_boundary_build.log:299:warning: LeanLCAExactChallenge/Derived/MappingConeFiniteProduct.lean:95:100: This line exceeds the 100 character limit, please shorten it!
run/w_clean_20260607_w801_target_homology_zero_w664_source_triangulation_terminal_boundary_build.log:302:warning: LeanLCAExactChallenge/Derived/MappingConeFiniteProduct.lean:122:100: This line exceeds the 100 character limit, please shorten it!
run/w_clean_20260607_w801_target_homology_zero_w664_source_triangulation_terminal_boundary_build.log:305:warning: LeanLCAExactChallenge/Derived/MappingConeFiniteProduct.lean:123:100: This line exceeds the 100 character limit, please shorten it!
run/w_clean_20260607_w801_target_homology_zero_w664_source_triangulation_terminal_boundary_build.log:308:warning: LeanLCAExactChallenge/Derived/MappingConeFiniteProduct.lean:133:100: This line exceeds the 100 character limit, please shorten it!
run/w_clean_20260607_w801_target_homology_zero_w664_source_triangulation_terminal_boundary_build.log:311:warning: LeanLCAExactChallenge/Derived/MappingConeFiniteProduct.lean:134:100: This line exceeds the 100 character limit, please shorten it!
run/w_clean_20260607_w801_target_homology_zero_w664_source_triangulation_terminal_boundary_build.log:314:warning: LeanLCAExactChallenge/Derived/MappingConeFiniteProduct.lean:137:0: `optionTransportedFanMapFstNaturality` does not use the following hypothesis in its type:
run/w_clean_20260607_w801_target_homology_zero_w664_source_triangulation_terminal_boundary_build.log:320:warning: LeanLCAExactChallenge/Derived/MappingConeFiniteProduct.lean:149:100: This line exceeds the 100 character limit, please shorten it!
run/w_clean_20260607_w801_target_homology_zero_w664_source_triangulation_terminal_boundary_build.log:323:warning: LeanLCAExactChallenge/Derived/MappingConeFiniteProduct.lean:150:100: This line exceeds the 100 character limit, please shorten it!
run/w_clean_20260607_w801_target_homology_zero_w664_source_triangulation_terminal_boundary_build.log:326:warning: LeanLCAExactChallenge/Derived/MappingConeFiniteProduct.lean:227:4: try 'simp' instead of 'simpa'
run/w_clean_20260607_w801_target_homology_zero_w664_source_triangulation_terminal_boundary_build.log:329:warning: LeanLCAExactChallenge/Derived/MappingConeFiniteProduct.lean:183:0: `optionProductComplexTransportedBinaryFan_snd_π` does not use the following hypothesis in its type:
run/w_clean_20260607_w801_target_homology_zero_w664_source_triangulation_terminal_boundary_build.log:335:warning: LeanLCAExactChallenge/Derived/MappingConeFiniteProduct.lean:262:8: try 'simp' instead of 'simpa'
