checkpoint=w_clean_20260607_w777_direct_right_lca_boundary
pre_commit_head=5250d5d8bb2976c75b7d8ca6024cf69a8c087dd0
product_success=false
product_complete=false
update_goal_allowed=false

source_changes:
- W777 closed-map and closed-embedding direct-right-LCA limit/op-closure data now project to the W769 stable-data surface through W776, W775, W774, and W773.
- W777 branch data now produces canonical MetrizableStableInstanceBoundaryInputs through the W776 stable-boundary bridge.
- W777 branch data now reaches AcceptedStableBoundedDerivedInfinityCategory and BoundedDerivedInfinityCategory packages through the canonical accepted stable gate.
- W777 state metadata records the stable-boundary result and keeps productSuccessClaimed=false.

obligations_discharged_or_derived:
- Derived W769 stable data from W777 via the existing W777 -> W776 -> W775 -> W774 -> W773 -> W769 route.
- Derived stable-boundary inputs, accepted stable category, and bounded derived infinity category packages for both closed-map and closed-embedding W777 branches.
- Eliminated the opaque WPP exact-acyclic limit-closure field on this stable-boundary surface by deriving it from direct-left/algebraic right-LCA fields.

obligations_still_carried:
- Construct the universal left-right comparison isomorphism for arbitrary MetrizableLCA short complexes.
- Construct concrete values for one W735 branch.
- Prove exactAcyclicHomotopyIsoClosure MetrizableLCA is triangulated closed.
- Construct mapping-cone WPP limit comparison.
- Construct WPP limit right-open pure LCA certificate.
- Construct WPP limit right-surjectivity pure LCA certificate.
- Construct WPP-op exact-acyclic colimit closure.
- Construct W696 closed-range endpoint topology data.
- Provide a positive OriginalFourTaskProductSuccess-style Lean witness before any product-success claim.

verification:
- lake env lean LeanLCAExactChallenge/Derived/DirectRightLcaLimitOpClosureNormalizedClosedRangeProductRoute.lean: exit 0
- lake build LeanLCAExactChallenge.Derived.DirectRightLcaLimitOpClosureNormalizedClosedRangeProductRoute: exit 0
- lake env lean audit/RequiredDeclarations.lean: exit 0
- lake env lean audit/ProductSuccessDeclarations.lean: exit 0
- lake env lean audit/OriginalFourTaskCompletionDeclarations.lean: exit 0
- git diff --check: exit 0
- scripts/audit_no_forbidden_lean_tokens.sh LeanLCAExactChallenge/Derived/DirectRightLcaLimitOpClosureNormalizedClosedRangeProductRoute.lean: exit 0
- changed-file completion-claim scan: rg_exit=1
- true-boolean completion-claim scan: rg_exit=1
- terminal outcome false scan: false false false, jq_exit=0
- source/audit warning-error scan: rg_exit=1
- build local warning-error scan for the touched W777 module or errors: rg_exit=1

notes:
- This checkpoint is nonterminal and does not authorize update_goal.
