LeanLCAExactChallenge/Derived/TargetExactAtEndpointTargetIsoSelectedW461RowsProductRoute.lean:129:noncomputable def directFiniteShapeStableDataOfClosedMapTargetExactAtEndpointW785
LeanLCAExactChallenge/Derived/TargetExactAtEndpointTargetIsoSelectedW461RowsProductRoute.lean:137:    directFiniteShapeStableDataOfClosedEmbeddingTargetExactAtEndpointW785
LeanLCAExactChallenge/Derived/TargetExactAtEndpointTargetIsoSelectedW461RowsProductRoute.lean:145:noncomputable def stableBoundaryInputsOfClosedMapTargetExactAtEndpointW785
LeanLCAExactChallenge/Derived/TargetExactAtEndpointTargetIsoSelectedW461RowsProductRoute.lean:152:noncomputable def stableBoundaryInputsOfClosedEmbeddingTargetExactAtEndpointW785
LeanLCAExactChallenge/Derived/TargetExactAtEndpointTargetIsoSelectedW461RowsProductRoute.lean:160:noncomputable def acceptedStableOfClosedMapTargetExactAtEndpointW785
LeanLCAExactChallenge/Derived/TargetExactAtEndpointTargetIsoSelectedW461RowsProductRoute.lean:169:noncomputable def acceptedStableOfClosedEmbeddingTargetExactAtEndpointW785
LeanLCAExactChallenge/Derived/TargetExactAtEndpointTargetIsoSelectedW461RowsProductRoute.lean:177:noncomputable def boundedDerivedOfClosedMapTargetExactAtEndpointStableBoundaryW785
LeanLCAExactChallenge/Derived/TargetExactAtEndpointTargetIsoSelectedW461RowsProductRoute.lean:186:    boundedDerivedOfClosedEmbeddingTargetExactAtEndpointStableBoundaryW785
LeanLCAExactChallenge/Derived/TargetExactAtEndpointTargetIsoSelectedW461RowsProductRoute.lean:239:      "directFiniteShapeStableDataOfClosedMapTargetExactAtEndpointW785",
LeanLCAExactChallenge/Derived/TargetExactAtEndpointTargetIsoSelectedW461RowsProductRoute.lean:240:      "directFiniteShapeStableDataOfClosedEmbeddingTargetExactAtEndpointW785",
LeanLCAExactChallenge/Derived/TargetExactAtEndpointTargetIsoSelectedW461RowsProductRoute.lean:241:      "stableBoundaryInputsOfClosedMapTargetExactAtEndpointW785",
LeanLCAExactChallenge/Derived/TargetExactAtEndpointTargetIsoSelectedW461RowsProductRoute.lean:242:      "stableBoundaryInputsOfClosedEmbeddingTargetExactAtEndpointW785",
LeanLCAExactChallenge/Derived/TargetExactAtEndpointTargetIsoSelectedW461RowsProductRoute.lean:243:      "acceptedStableOfClosedMapTargetExactAtEndpointW785",
LeanLCAExactChallenge/Derived/TargetExactAtEndpointTargetIsoSelectedW461RowsProductRoute.lean:244:      "acceptedStableOfClosedEmbeddingTargetExactAtEndpointW785",
LeanLCAExactChallenge/Derived/TargetExactAtEndpointTargetIsoSelectedW461RowsProductRoute.lean:245:      "boundedDerivedOfClosedMapTargetExactAtEndpointStableBoundaryW785",
LeanLCAExactChallenge/Derived/TargetExactAtEndpointTargetIsoSelectedW461RowsProductRoute.lean:246:      "boundedDerivedOfClosedEmbeddingTargetExactAtEndpointStableBoundaryW785",
audit/RequiredDeclarations.lean:1018:  LeanLCAExactChallenge.Dbounded.directFiniteShapeStableDataOfClosedMapTargetExactAtEndpointW785
audit/RequiredDeclarations.lean:1020:  LeanLCAExactChallenge.Dbounded.directFiniteShapeStableDataOfClosedEmbeddingTargetExactAtEndpointW785
audit/RequiredDeclarations.lean:1022:  LeanLCAExactChallenge.Dbounded.stableBoundaryInputsOfClosedMapTargetExactAtEndpointW785
audit/RequiredDeclarations.lean:1024:  LeanLCAExactChallenge.Dbounded.stableBoundaryInputsOfClosedEmbeddingTargetExactAtEndpointW785
audit/RequiredDeclarations.lean:1026:  LeanLCAExactChallenge.Dbounded.acceptedStableOfClosedMapTargetExactAtEndpointW785
audit/RequiredDeclarations.lean:1028:  LeanLCAExactChallenge.Dbounded.acceptedStableOfClosedEmbeddingTargetExactAtEndpointW785
audit/RequiredDeclarations.lean:1030:  LeanLCAExactChallenge.Dbounded.boundedDerivedOfClosedMapTargetExactAtEndpointStableBoundaryW785
audit/RequiredDeclarations.lean:1032:  LeanLCAExactChallenge.Dbounded.boundedDerivedOfClosedEmbeddingTargetExactAtEndpointStableBoundaryW785
audit/ProductSuccessDeclarations.lean:9477:  #check Dbounded.directFiniteShapeStableDataOfClosedMapTargetExactAtEndpointW785
audit/ProductSuccessDeclarations.lean:9479:    Dbounded.directFiniteShapeStableDataOfClosedEmbeddingTargetExactAtEndpointW785
audit/ProductSuccessDeclarations.lean:9480:  #check Dbounded.stableBoundaryInputsOfClosedMapTargetExactAtEndpointW785
audit/ProductSuccessDeclarations.lean:9481:  #check Dbounded.stableBoundaryInputsOfClosedEmbeddingTargetExactAtEndpointW785
audit/ProductSuccessDeclarations.lean:9482:  #check Dbounded.acceptedStableOfClosedMapTargetExactAtEndpointW785
audit/ProductSuccessDeclarations.lean:9483:  #check Dbounded.acceptedStableOfClosedEmbeddingTargetExactAtEndpointW785
audit/ProductSuccessDeclarations.lean:9484:  #check Dbounded.boundedDerivedOfClosedMapTargetExactAtEndpointStableBoundaryW785
audit/ProductSuccessDeclarations.lean:9486:    Dbounded.boundedDerivedOfClosedEmbeddingTargetExactAtEndpointStableBoundaryW785
audit/OriginalFourTaskCompletionDeclarations.lean:810:  LeanLCAExactChallenge.Dbounded.directFiniteShapeStableDataOfClosedMapTargetExactAtEndpointW785
audit/OriginalFourTaskCompletionDeclarations.lean:812:  LeanLCAExactChallenge.Dbounded.directFiniteShapeStableDataOfClosedEmbeddingTargetExactAtEndpointW785
audit/OriginalFourTaskCompletionDeclarations.lean:814:  LeanLCAExactChallenge.Dbounded.stableBoundaryInputsOfClosedMapTargetExactAtEndpointW785
audit/OriginalFourTaskCompletionDeclarations.lean:816:  LeanLCAExactChallenge.Dbounded.stableBoundaryInputsOfClosedEmbeddingTargetExactAtEndpointW785
audit/OriginalFourTaskCompletionDeclarations.lean:818:  LeanLCAExactChallenge.Dbounded.acceptedStableOfClosedMapTargetExactAtEndpointW785
audit/OriginalFourTaskCompletionDeclarations.lean:820:  LeanLCAExactChallenge.Dbounded.acceptedStableOfClosedEmbeddingTargetExactAtEndpointW785
audit/OriginalFourTaskCompletionDeclarations.lean:822:  LeanLCAExactChallenge.Dbounded.boundedDerivedOfClosedMapTargetExactAtEndpointStableBoundaryW785
audit/OriginalFourTaskCompletionDeclarations.lean:824:  LeanLCAExactChallenge.Dbounded.boundedDerivedOfClosedEmbeddingTargetExactAtEndpointStableBoundaryW785
