checkpoint=w_clean_20260607_w774_stable_boundary
pre_commit_head=563c91a2f9f4488ee079a94bf777cb3292a5c5a0
product_success=false
product_complete=false
update_goal_allowed=false

source_changes:
- W774 closed-map and closed-embedding normalized direct-source closed-range data now project to the W769 stable-data surface through W773.
- W774 branch data now produces canonical MetrizableStableInstanceBoundaryInputs through W773/W769.
- W774 branch data now reaches AcceptedStableBoundedDerivedInfinityCategory and BoundedDerivedInfinityCategory packages through the canonical accepted stable gate.
- W774 state metadata records the stable-boundary result and keeps productSuccessClaimed=false.

obligations_discharged_or_derived:
- Derived W769 stable data from W774 via the existing W774 -> W773 -> W769 route.
- Derived stable-boundary inputs, accepted stable category, and bounded derived infinity category packages for both closed-map and closed-embedding W774 branches.
- Eliminated a separate W653 direct finite-shape source field on this stable-boundary surface after W735 normalized data plus WPP limit/colimit stability routing.

obligations_still_carried:
- Construct the universal left-right comparison isomorphism for arbitrary MetrizableLCA short complexes.
- Construct concrete values for one W735 branch.
- Prove exactAcyclicHomotopyIsoClosure MetrizableLCA is triangulated closed.
- Construct WPP limit stability for WalkingParallelPair.
- Construct WPP colimit stability for WalkingParallelPair.
- Construct W696 closed-range endpoint topology data.
- Provide a positive OriginalFourTaskProductSuccess-style Lean witness before any product-success claim.

verification:
- lake env lean LeanLCAExactChallenge/Derived/NormalizedDirectSourceClosedRangeProductRoute.lean: exit 0
- lake build LeanLCAExactChallenge.Derived.NormalizedDirectSourceClosedRangeProductRoute: exit 0
- lake env lean audit/RequiredDeclarations.lean: exit 0
- lake env lean audit/ProductSuccessDeclarations.lean: exit 0
- lake env lean audit/OriginalFourTaskCompletionDeclarations.lean: exit 0
- git diff --check: exit 0
- scripts/audit_no_forbidden_lean_tokens.sh LeanLCAExactChallenge/Derived/NormalizedDirectSourceClosedRangeProductRoute.lean: exit 0
- changed-file completion-claim scan: rg_exit=1
- true-boolean completion-claim scan: rg_exit=1
- terminal outcome false scan: false false false, jq_exit=0
- source/audit warning-error scan: rg_exit=1
- build local warning-error scan for the touched W774 module or errors: rg_exit=1

notes:
- The module build log may still contain pre-existing upstream warnings from other files; no warnings or errors were found for the touched W774 module in the local build scan.
- This checkpoint is nonterminal and does not authorize update_goal.
