checkpoint=w_clean_20260607_yoneda_positive_chain_public_relations
verification_started_utc=2026-06-07T01:01:17Z
verification_finished_utc=2026-06-07T01:03:34Z
pre_commit_head=50a1f51eced6bf9cda8ab6b0ed9b7a603bf25bdf
verification_tier=Tier B focused Lean/module/audit/nonclaim checks
verification_commands_log=run/w_clean_20260607_yoneda_positive_chain_public_relations_verification_commands.log
overall=0

command=lake env lean LeanLCAExactChallenge/Ext/Yoneda.lean
exit=0
notes=passed with existing unnecessarySimpa warnings at LeanLCAExactChallenge/Ext/Yoneda.lean:6294:2 and :6307:2

command=lake build LeanLCAExactChallenge.Ext.Yoneda
exit=0
notes=Build completed successfully for 1750 jobs; existing unnecessarySimpa warnings replayed in LCA/Cokernel.lean and Ext/Yoneda.lean.

command=lake env lean audit/RequiredDeclarations.lean
exit=0
notes=required declaration audit accepts the new public positive-chain Yoneda product declarations.

command=lake env lean audit/ProductSuccessDeclarations.lean
exit=0
notes=product-success declaration audit accepts the new public positive-chain Yoneda product declarations without claiming product success.

command=lake env lean audit/OriginalFourTaskCompletionDeclarations.lean
exit=0
notes=original-four-task declaration audit accepts the new public positive-chain Yoneda product declarations.

command=git diff --check -- LeanLCAExactChallenge/Ext/Yoneda.lean audit/RequiredDeclarations.lean audit/ProductSuccessDeclarations.lean audit/OriginalFourTaskCompletionDeclarations.lean run/goal_identity_20260602_human_centered_positive_witness.json run/w_clean_20260607_post_positive_chain_bridge_resumption_*.log
exit=0
notes=whitespace check passed for changed Lean, audit, identity, and resumption evidence files.

command=scripts/audit_no_forbidden_lean_tokens.sh LeanLCAExactChallenge/Ext/Yoneda.lean
exit=0
notes=no sorry, admit, axiom, unsafe, or aesop? placeholder/trust-expanding tokens found in the touched Lean source.

command=rg forbidden true completion claims excluding audit/negative_fixtures, packets, and run logs
exit=1
expected=exit 1 means no matches
notes=no product-success/product-complete/update-goal-allowed true claim was found on the scanned source, audit, docs, terminal_outcome, and non-log run surfaces.

command=rg terminal outcome surface
exit=0
notes=terminal_outcome/terminal_outcome.json remains mathematical_frontier_nonterminal with product_success=false, product_success_claimed=false, product_complete=false, update_goal_allowed=false.
