LeanLCAExactChallenge/Derived/HomotopyObjectTriangulatedSelectedW461RowsProductRoute.lean:132:noncomputable def directFiniteShapeStableDataOfClosedMapHomotopyObjectW782
LeanLCAExactChallenge/Derived/HomotopyObjectTriangulatedSelectedW461RowsProductRoute.lean:140:noncomputable def directFiniteShapeStableDataOfClosedEmbeddingHomotopyObjectW782
LeanLCAExactChallenge/Derived/HomotopyObjectTriangulatedSelectedW461RowsProductRoute.lean:148:noncomputable def stableBoundaryInputsOfClosedMapHomotopyObjectW782
LeanLCAExactChallenge/Derived/HomotopyObjectTriangulatedSelectedW461RowsProductRoute.lean:156:noncomputable def stableBoundaryInputsOfClosedEmbeddingHomotopyObjectW782
LeanLCAExactChallenge/Derived/HomotopyObjectTriangulatedSelectedW461RowsProductRoute.lean:164:noncomputable def acceptedStableOfClosedMapHomotopyObjectW782
LeanLCAExactChallenge/Derived/HomotopyObjectTriangulatedSelectedW461RowsProductRoute.lean:172:noncomputable def acceptedStableOfClosedEmbeddingHomotopyObjectW782
LeanLCAExactChallenge/Derived/HomotopyObjectTriangulatedSelectedW461RowsProductRoute.lean:180:noncomputable def boundedDerivedOfClosedMapHomotopyObjectStableBoundaryW782
LeanLCAExactChallenge/Derived/HomotopyObjectTriangulatedSelectedW461RowsProductRoute.lean:189:noncomputable def boundedDerivedOfClosedEmbeddingHomotopyObjectStableBoundaryW782
LeanLCAExactChallenge/Derived/HomotopyObjectTriangulatedSelectedW461RowsProductRoute.lean:241:      "directFiniteShapeStableDataOfClosedMapHomotopyObjectW782",
LeanLCAExactChallenge/Derived/HomotopyObjectTriangulatedSelectedW461RowsProductRoute.lean:242:      "directFiniteShapeStableDataOfClosedEmbeddingHomotopyObjectW782",
LeanLCAExactChallenge/Derived/HomotopyObjectTriangulatedSelectedW461RowsProductRoute.lean:243:      "stableBoundaryInputsOfClosedMapHomotopyObjectW782",
LeanLCAExactChallenge/Derived/HomotopyObjectTriangulatedSelectedW461RowsProductRoute.lean:244:      "stableBoundaryInputsOfClosedEmbeddingHomotopyObjectW782",
LeanLCAExactChallenge/Derived/HomotopyObjectTriangulatedSelectedW461RowsProductRoute.lean:245:      "acceptedStableOfClosedMapHomotopyObjectW782",
LeanLCAExactChallenge/Derived/HomotopyObjectTriangulatedSelectedW461RowsProductRoute.lean:246:      "acceptedStableOfClosedEmbeddingHomotopyObjectW782",
LeanLCAExactChallenge/Derived/HomotopyObjectTriangulatedSelectedW461RowsProductRoute.lean:247:      "boundedDerivedOfClosedMapHomotopyObjectStableBoundaryW782",
LeanLCAExactChallenge/Derived/HomotopyObjectTriangulatedSelectedW461RowsProductRoute.lean:248:      "boundedDerivedOfClosedEmbeddingHomotopyObjectStableBoundaryW782",
audit/RequiredDeclarations.lean:967:  LeanLCAExactChallenge.Dbounded.directFiniteShapeStableDataOfClosedMapHomotopyObjectW782
audit/RequiredDeclarations.lean:969:  LeanLCAExactChallenge.Dbounded.directFiniteShapeStableDataOfClosedEmbeddingHomotopyObjectW782
audit/RequiredDeclarations.lean:971:  LeanLCAExactChallenge.Dbounded.stableBoundaryInputsOfClosedMapHomotopyObjectW782
audit/RequiredDeclarations.lean:973:  LeanLCAExactChallenge.Dbounded.stableBoundaryInputsOfClosedEmbeddingHomotopyObjectW782
audit/RequiredDeclarations.lean:975:  LeanLCAExactChallenge.Dbounded.acceptedStableOfClosedMapHomotopyObjectW782
audit/RequiredDeclarations.lean:977:  LeanLCAExactChallenge.Dbounded.acceptedStableOfClosedEmbeddingHomotopyObjectW782
audit/RequiredDeclarations.lean:979:  LeanLCAExactChallenge.Dbounded.boundedDerivedOfClosedMapHomotopyObjectStableBoundaryW782
audit/RequiredDeclarations.lean:981:  LeanLCAExactChallenge.Dbounded.boundedDerivedOfClosedEmbeddingHomotopyObjectStableBoundaryW782
audit/ProductSuccessDeclarations.lean:9401:  #check Dbounded.directFiniteShapeStableDataOfClosedMapHomotopyObjectW782
audit/ProductSuccessDeclarations.lean:9403:    Dbounded.directFiniteShapeStableDataOfClosedEmbeddingHomotopyObjectW782
audit/ProductSuccessDeclarations.lean:9404:  #check Dbounded.stableBoundaryInputsOfClosedMapHomotopyObjectW782
audit/ProductSuccessDeclarations.lean:9405:  #check Dbounded.stableBoundaryInputsOfClosedEmbeddingHomotopyObjectW782
audit/ProductSuccessDeclarations.lean:9406:  #check Dbounded.acceptedStableOfClosedMapHomotopyObjectW782
audit/ProductSuccessDeclarations.lean:9407:  #check Dbounded.acceptedStableOfClosedEmbeddingHomotopyObjectW782
audit/ProductSuccessDeclarations.lean:9408:  #check Dbounded.boundedDerivedOfClosedMapHomotopyObjectStableBoundaryW782
audit/ProductSuccessDeclarations.lean:9410:    Dbounded.boundedDerivedOfClosedEmbeddingHomotopyObjectStableBoundaryW782
audit/OriginalFourTaskCompletionDeclarations.lean:759:  LeanLCAExactChallenge.Dbounded.directFiniteShapeStableDataOfClosedMapHomotopyObjectW782
audit/OriginalFourTaskCompletionDeclarations.lean:761:  LeanLCAExactChallenge.Dbounded.directFiniteShapeStableDataOfClosedEmbeddingHomotopyObjectW782
audit/OriginalFourTaskCompletionDeclarations.lean:763:  LeanLCAExactChallenge.Dbounded.stableBoundaryInputsOfClosedMapHomotopyObjectW782
audit/OriginalFourTaskCompletionDeclarations.lean:765:  LeanLCAExactChallenge.Dbounded.stableBoundaryInputsOfClosedEmbeddingHomotopyObjectW782
audit/OriginalFourTaskCompletionDeclarations.lean:767:  LeanLCAExactChallenge.Dbounded.acceptedStableOfClosedMapHomotopyObjectW782
audit/OriginalFourTaskCompletionDeclarations.lean:769:  LeanLCAExactChallenge.Dbounded.acceptedStableOfClosedEmbeddingHomotopyObjectW782
audit/OriginalFourTaskCompletionDeclarations.lean:771:  LeanLCAExactChallenge.Dbounded.boundedDerivedOfClosedMapHomotopyObjectStableBoundaryW782
audit/OriginalFourTaskCompletionDeclarations.lean:773:  LeanLCAExactChallenge.Dbounded.boundedDerivedOfClosedEmbeddingHomotopyObjectStableBoundaryW782
