LeanLCAExactChallenge/Derived/TargetHomologyZeroEndpointTargetIsoSelectedW461RowsProductRoute.lean:156:    directFiniteShapeStableDataOfClosedMapTargetHomologyZeroEndpointW786
LeanLCAExactChallenge/Derived/TargetHomologyZeroEndpointTargetIsoSelectedW461RowsProductRoute.lean:164:    directFiniteShapeStableDataOfClosedEmbeddingTargetHomologyZeroEndpointW786
LeanLCAExactChallenge/Derived/TargetHomologyZeroEndpointTargetIsoSelectedW461RowsProductRoute.lean:172:noncomputable def stableBoundaryInputsOfClosedMapTargetHomologyZeroEndpointW786
LeanLCAExactChallenge/Derived/TargetHomologyZeroEndpointTargetIsoSelectedW461RowsProductRoute.lean:179:noncomputable def stableBoundaryInputsOfClosedEmbeddingTargetHomologyZeroEndpointW786
LeanLCAExactChallenge/Derived/TargetHomologyZeroEndpointTargetIsoSelectedW461RowsProductRoute.lean:187:noncomputable def acceptedStableOfClosedMapTargetHomologyZeroEndpointW786
LeanLCAExactChallenge/Derived/TargetHomologyZeroEndpointTargetIsoSelectedW461RowsProductRoute.lean:196:noncomputable def acceptedStableOfClosedEmbeddingTargetHomologyZeroEndpointW786
LeanLCAExactChallenge/Derived/TargetHomologyZeroEndpointTargetIsoSelectedW461RowsProductRoute.lean:205:    boundedDerivedOfClosedMapTargetHomologyZeroEndpointStableBoundaryW786
LeanLCAExactChallenge/Derived/TargetHomologyZeroEndpointTargetIsoSelectedW461RowsProductRoute.lean:214:    boundedDerivedOfClosedEmbeddingTargetHomologyZeroEndpointStableBoundaryW786
LeanLCAExactChallenge/Derived/TargetHomologyZeroEndpointTargetIsoSelectedW461RowsProductRoute.lean:268:      "directFiniteShapeStableDataOfClosedMapTargetHomologyZeroEndpointW786",
LeanLCAExactChallenge/Derived/TargetHomologyZeroEndpointTargetIsoSelectedW461RowsProductRoute.lean:269:      "directFiniteShapeStableDataOfClosedEmbeddingTargetHomologyZeroEndpointW786",
LeanLCAExactChallenge/Derived/TargetHomologyZeroEndpointTargetIsoSelectedW461RowsProductRoute.lean:270:      "stableBoundaryInputsOfClosedMapTargetHomologyZeroEndpointW786",
LeanLCAExactChallenge/Derived/TargetHomologyZeroEndpointTargetIsoSelectedW461RowsProductRoute.lean:271:      "stableBoundaryInputsOfClosedEmbeddingTargetHomologyZeroEndpointW786",
LeanLCAExactChallenge/Derived/TargetHomologyZeroEndpointTargetIsoSelectedW461RowsProductRoute.lean:272:      "acceptedStableOfClosedMapTargetHomologyZeroEndpointW786",
LeanLCAExactChallenge/Derived/TargetHomologyZeroEndpointTargetIsoSelectedW461RowsProductRoute.lean:273:      "acceptedStableOfClosedEmbeddingTargetHomologyZeroEndpointW786",
LeanLCAExactChallenge/Derived/TargetHomologyZeroEndpointTargetIsoSelectedW461RowsProductRoute.lean:274:      "boundedDerivedOfClosedMapTargetHomologyZeroEndpointStableBoundaryW786",
LeanLCAExactChallenge/Derived/TargetHomologyZeroEndpointTargetIsoSelectedW461RowsProductRoute.lean:275:      "boundedDerivedOfClosedEmbeddingTargetHomologyZeroEndpointStableBoundaryW786",
audit/RequiredDeclarations.lean:1035:  LeanLCAExactChallenge.Dbounded.directFiniteShapeStableDataOfClosedMapTargetHomologyZeroEndpointW786
audit/RequiredDeclarations.lean:1037:  LeanLCAExactChallenge.Dbounded.directFiniteShapeStableDataOfClosedEmbeddingTargetHomologyZeroEndpointW786
audit/RequiredDeclarations.lean:1039:  LeanLCAExactChallenge.Dbounded.stableBoundaryInputsOfClosedMapTargetHomologyZeroEndpointW786
audit/RequiredDeclarations.lean:1041:  LeanLCAExactChallenge.Dbounded.stableBoundaryInputsOfClosedEmbeddingTargetHomologyZeroEndpointW786
audit/RequiredDeclarations.lean:1043:  LeanLCAExactChallenge.Dbounded.acceptedStableOfClosedMapTargetHomologyZeroEndpointW786
audit/RequiredDeclarations.lean:1045:  LeanLCAExactChallenge.Dbounded.acceptedStableOfClosedEmbeddingTargetHomologyZeroEndpointW786
audit/RequiredDeclarations.lean:1047:  LeanLCAExactChallenge.Dbounded.boundedDerivedOfClosedMapTargetHomologyZeroEndpointStableBoundaryW786
audit/RequiredDeclarations.lean:1049:  LeanLCAExactChallenge.Dbounded.boundedDerivedOfClosedEmbeddingTargetHomologyZeroEndpointStableBoundaryW786
audit/ProductSuccessDeclarations.lean:9504:    Dbounded.directFiniteShapeStableDataOfClosedMapTargetHomologyZeroEndpointW786
audit/ProductSuccessDeclarations.lean:9506:    Dbounded.directFiniteShapeStableDataOfClosedEmbeddingTargetHomologyZeroEndpointW786
audit/ProductSuccessDeclarations.lean:9507:  #check Dbounded.stableBoundaryInputsOfClosedMapTargetHomologyZeroEndpointW786
audit/ProductSuccessDeclarations.lean:9509:    Dbounded.stableBoundaryInputsOfClosedEmbeddingTargetHomologyZeroEndpointW786
audit/ProductSuccessDeclarations.lean:9510:  #check Dbounded.acceptedStableOfClosedMapTargetHomologyZeroEndpointW786
audit/ProductSuccessDeclarations.lean:9511:  #check Dbounded.acceptedStableOfClosedEmbeddingTargetHomologyZeroEndpointW786
audit/ProductSuccessDeclarations.lean:9513:    Dbounded.boundedDerivedOfClosedMapTargetHomologyZeroEndpointStableBoundaryW786
audit/ProductSuccessDeclarations.lean:9515:    Dbounded.boundedDerivedOfClosedEmbeddingTargetHomologyZeroEndpointStableBoundaryW786
audit/OriginalFourTaskCompletionDeclarations.lean:827:  LeanLCAExactChallenge.Dbounded.directFiniteShapeStableDataOfClosedMapTargetHomologyZeroEndpointW786
audit/OriginalFourTaskCompletionDeclarations.lean:829:  LeanLCAExactChallenge.Dbounded.directFiniteShapeStableDataOfClosedEmbeddingTargetHomologyZeroEndpointW786
audit/OriginalFourTaskCompletionDeclarations.lean:831:  LeanLCAExactChallenge.Dbounded.stableBoundaryInputsOfClosedMapTargetHomologyZeroEndpointW786
audit/OriginalFourTaskCompletionDeclarations.lean:833:  LeanLCAExactChallenge.Dbounded.stableBoundaryInputsOfClosedEmbeddingTargetHomologyZeroEndpointW786
audit/OriginalFourTaskCompletionDeclarations.lean:835:  LeanLCAExactChallenge.Dbounded.acceptedStableOfClosedMapTargetHomologyZeroEndpointW786
audit/OriginalFourTaskCompletionDeclarations.lean:837:  LeanLCAExactChallenge.Dbounded.acceptedStableOfClosedEmbeddingTargetHomologyZeroEndpointW786
audit/OriginalFourTaskCompletionDeclarations.lean:839:  LeanLCAExactChallenge.Dbounded.boundedDerivedOfClosedMapTargetHomologyZeroEndpointStableBoundaryW786
audit/OriginalFourTaskCompletionDeclarations.lean:841:  LeanLCAExactChallenge.Dbounded.boundedDerivedOfClosedEmbeddingTargetHomologyZeroEndpointStableBoundaryW786
