verification_started_utc=2026-06-07T01:44:11Z

command=lake env lean LeanLCAExactChallenge/Derived/DirectWppLimitFiniteShapeTransfer.lean
log=run/w_clean_20260607_direct_right_lca_opclosure_stable_boundary_direct_wpp_limit.log
exit=0

command=lake build LeanLCAExactChallenge.Derived.DirectWppLimitFiniteShapeTransfer
log=run/w_clean_20260607_direct_right_lca_opclosure_stable_boundary_lake_build_direct_wpp_limit.log
exit=0

command=lake env lean LeanLCAExactChallenge/Derived/MetrizableStableInstanceBoundaryDirectLocalization.lean
log=run/w_clean_20260607_direct_right_lca_opclosure_stable_boundary_stable_boundary.log
exit=0

command=lake build LeanLCAExactChallenge.Derived.MetrizableStableInstanceBoundaryDirectLocalization
log=run/w_clean_20260607_direct_right_lca_opclosure_stable_boundary_lake_build_stable_boundary.log
exit=0

command=lake env lean audit/RequiredDeclarations.lean
log=run/w_clean_20260607_direct_right_lca_opclosure_stable_boundary_required_declarations.log
exit=0

command=lake env lean audit/ProductSuccessDeclarations.lean
log=run/w_clean_20260607_direct_right_lca_opclosure_stable_boundary_product_success_declarations.log
exit=0

command=lake env lean audit/OriginalFourTaskCompletionDeclarations.lean
log=run/w_clean_20260607_direct_right_lca_opclosure_stable_boundary_original_four_task_completion.log
exit=0

command=git diff --check -- focused changed files
log=run/w_clean_20260607_direct_right_lca_opclosure_stable_boundary_diff_check.log
exit=0

command=scripts/audit_no_forbidden_lean_tokens.sh focused changed files
log=run/w_clean_20260607_direct_right_lca_opclosure_stable_boundary_forbidden_tokens.log
exit=0

command=rg forbidden true completion claims on source/audit/terminal surfaces, excluding guard code, negative fixtures, run logs, and generated markdown
expected=exit 1 means no matches
log=run/w_clean_20260607_direct_right_lca_opclosure_stable_boundary_true_product_scan.log
exit=1

command=rg terminal outcome surface
log=run/w_clean_20260607_direct_right_lca_opclosure_stable_boundary_terminal_outcome_scan.log
exit=0

verification_finished_utc=2026-06-07T01:46:08Z
overall=0
