command: lake build LeanLCAExactChallenge.Derived.OpClosureNormalizedDirectSourceClosedRangeProductRoute
exit: 0

Note: This linter can be disabled with `set_option linter.style.longLine false`
warning: LeanLCAExactChallenge/Derived/LeftRightComparisonRoute.lean:142:100: This line exceeds the 100 character limit, please shorten it!

Note: This linter can be disabled with `set_option linter.style.longLine false`
⚠ [2064/2074] Replayed LeanLCAExactChallenge.Derived.CategoryHomologyStableRoute
warning: LeanLCAExactChallenge/Derived/CategoryHomologyStableRoute.lean:127:100: This line exceeds the 100 character limit, please shorten it!
You can use "string gaps" to format long strings: within a string quotation, using a '\' at the end of a line allows you to continue the string on the following line, removing all intervening whitespace.

Note: This linter can be disabled with `set_option linter.style.longLine false`
warning: LeanLCAExactChallenge/Derived/CategoryHomologyStableRoute.lean:129:100: This line exceeds the 100 character limit, please shorten it!
You can use "string gaps" to format long strings: within a string quotation, using a '\' at the end of a line allows you to continue the string on the following line, removing all intervening whitespace.

Note: This linter can be disabled with `set_option linter.style.longLine false`
warning: LeanLCAExactChallenge/Derived/CategoryHomologyStableRoute.lean:149:100: This line exceeds the 100 character limit, please shorten it!

Note: This linter can be disabled with `set_option linter.style.longLine false`
⚠ [2066/2074] Replayed LeanLCAExactChallenge.Derived.LeftRightComparisonProductRoute
warning: LeanLCAExactChallenge/Derived/LeftRightComparisonProductRoute.lean:178:100: This line exceeds the 100 character limit, please shorten it!
You can use "string gaps" to format long strings: within a string quotation, using a '\' at the end of a line allows you to continue the string on the following line, removing all intervening whitespace.

Note: This linter can be disabled with `set_option linter.style.longLine false`
warning: LeanLCAExactChallenge/Derived/LeftRightComparisonProductRoute.lean:184:100: This line exceeds the 100 character limit, please shorten it!
You can use "string gaps" to format long strings: within a string quotation, using a '\' at the end of a line allows you to continue the string on the following line, removing all intervening whitespace.

Note: This linter can be disabled with `set_option linter.style.longLine false`
warning: LeanLCAExactChallenge/Derived/LeftRightComparisonProductRoute.lean:193:100: This line exceeds the 100 character limit, please shorten it!

Note: This linter can be disabled with `set_option linter.style.longLine false`
ℹ [2067/2074] Replayed LeanLCAExactChallenge.Derived.MetrizableStableInstanceBoundary
info: LeanLCAExactChallenge/Derived/MetrizableStableInstanceBoundary.lean:128:0: LeanLCAExactChallenge.Dbounded.metrizableStableInstanceBoundaryRemainingInputNames : List String
info: LeanLCAExactChallenge/Derived/MetrizableStableInstanceBoundary.lean:129:0: LeanLCAExactChallenge.Dbounded.metrizableStableInstanceBoundaryRemainingInputNames_count :
  metrizableStableInstanceBoundaryRemainingInputNames.length = 4
info: LeanLCAExactChallenge/Derived/MetrizableStableInstanceBoundary.lean:130:0: LeanLCAExactChallenge.Dbounded.metrizableStableInstanceBoundaryDerivedFieldNames : List String
info: LeanLCAExactChallenge/Derived/MetrizableStableInstanceBoundary.lean:131:0: LeanLCAExactChallenge.Dbounded.metrizableStableInstanceBoundaryDerivedFieldNames_count :
  metrizableStableInstanceBoundaryDerivedFieldNames.length = 7
info: LeanLCAExactChallenge/Derived/MetrizableStableInstanceBoundary.lean:132:0: LeanLCAExactChallenge.Dbounded.boundedDerivedInfinityCategoryOfMetrizableStableInstanceBoundary
  [(boundedExactWeakEquivalence MetrizableLCA).HasLeftCalculusOfFractions]
  (inputs : MetrizableWalkingParallelPairTransferStableSemanticInputs metrizableLeftCalculusSemanticFields) :
  BoundedDerivedInfinityCategory MetrizableLCA (infinityCategory MetrizableLCA)
info: LeanLCAExactChallenge/Derived/MetrizableStableInstanceBoundary.lean:133:0: LeanLCAExactChallenge.Dbounded.MetrizableStableInstanceBoundaryInputs : Type 1
info: LeanLCAExactChallenge/Derived/MetrizableStableInstanceBoundary.lean:134:0: LeanLCAExactChallenge.Dbounded.MetrizableStableInstanceBoundaryInputs.ordinaryStableSemanticInput
  (inputs : MetrizableStableInstanceBoundaryInputs) : MetrizableOrdinaryStableSemanticInput
info: LeanLCAExactChallenge/Derived/MetrizableStableInstanceBoundary.lean:135:0: LeanLCAExactChallenge.Dbounded.MetrizableStableInstanceBoundaryInputs.stableCertificate
  (inputs : MetrizableStableInstanceBoundaryInputs) : StableFourProjectionCertificate MetrizableLCA
info: LeanLCAExactChallenge/Derived/MetrizableStableInstanceBoundary.lean:136:0: LeanLCAExactChallenge.Dbounded.MetrizableStableInstanceBoundaryInputs.stableCertificate_ready
  (inputs : MetrizableStableInstanceBoundaryInputs) : StableFourProjectionCertificate.ready inputs.stableCertificate
info: LeanLCAExactChallenge/Derived/MetrizableStableInstanceBoundary.lean:137:0: LeanLCAExactChallenge.Dbounded.MetrizableStableInstanceBoundaryInputs.acceptedStable
  (inputs : MetrizableStableInstanceBoundaryInputs) : AcceptedStableBoundedDerivedInfinityCategory MetrizableLCA
info: LeanLCAExactChallenge/Derived/MetrizableStableInstanceBoundary.lean:138:0: LeanLCAExactChallenge.Dbounded.MetrizableStableInstanceBoundaryInputs.boundedDerivedInfinityCategory
  (inputs : MetrizableStableInstanceBoundaryInputs) :
  BoundedDerivedInfinityCategory MetrizableLCA (infinityCategory MetrizableLCA)
info: LeanLCAExactChallenge/Derived/MetrizableStableInstanceBoundary.lean:139:0: LeanLCAExactChallenge.Dbounded.currentMetrizableStableInstanceBoundary_productSuccess :
  currentMetrizableStableInstanceBoundaryProductSuccessClaimed = false
⚠ [2068/2074] Replayed LeanLCAExactChallenge.Derived.DirectFiniteShapeProductRoute
warning: LeanLCAExactChallenge/Derived/DirectFiniteShapeProductRoute.lean:69:100: This line exceeds the 100 character limit, please shorten it!

Note: This linter can be disabled with `set_option linter.style.longLine false`
warning: LeanLCAExactChallenge/Derived/DirectFiniteShapeProductRoute.lean:99:100: This line exceeds the 100 character limit, please shorten it!

Note: This linter can be disabled with `set_option linter.style.longLine false`
info: LeanLCAExactChallenge/Derived/DirectFiniteShapeProductRoute.lean:303:0: LeanLCAExactChallenge.Dbounded.directLeftCalculusOfLeftRightComparisonDirectFiniteShapeW769
  (data : MetrizableKernelCokernelLeftRightComparisonDirectFiniteShapeStableDataW769) :
  (boundedExactWeakEquivalence MetrizableLCA).HasLeftCalculusOfFractions
info: LeanLCAExactChallenge/Derived/DirectFiniteShapeProductRoute.lean:304:0: LeanLCAExactChallenge.Dbounded.stableBoundaryInputsOfLeftRightComparisonDirectFiniteShapeW769
  (data : MetrizableKernelCokernelLeftRightComparisonDirectFiniteShapeStableDataW769) :
  MetrizableStableInstanceBoundaryInputs
info: LeanLCAExactChallenge/Derived/DirectFiniteShapeProductRoute.lean:305:0: LeanLCAExactChallenge.Dbounded.acceptedStableBoundedDerivedInfinityCategoryOfLeftRightComparisonDirectFiniteShapeW769
  (data : MetrizableKernelCokernelLeftRightComparisonDirectFiniteShapeStableDataW769) :
  AcceptedStableBoundedDerivedInfinityCategory MetrizableLCA
info: LeanLCAExactChallenge/Derived/DirectFiniteShapeProductRoute.lean:307:0: LeanLCAExactChallenge.Dbounded.boundedDerivedInfinityCategoryOfLeftRightComparisonDirectFiniteShapeStableBoundaryW769
  (data : MetrizableKernelCokernelLeftRightComparisonDirectFiniteShapeStableDataW769) :
  BoundedDerivedInfinityCategory MetrizableLCA (infinityCategory MetrizableLCA)
info: LeanLCAExactChallenge/Derived/DirectFiniteShapeProductRoute.lean:309:0: LeanLCAExactChallenge.Dbounded.leftRightComparisonDirectFiniteShapeStableBoundaryInputNamesW769_count :
  leftRightComparisonDirectFiniteShapeStableBoundaryInputNamesW769.length = 6
info: LeanLCAExactChallenge/Derived/DirectFiniteShapeProductRoute.lean:310:0: LeanLCAExactChallenge.Dbounded.currentMetrizableLeftRightComparisonDirectFiniteShapeProductRouteStateW769_productSuccess :
  (have state := currentMetrizableLeftRightComparisonDirectFiniteShapeProductRouteSupportStateW769;
    state.productSuccessClaimed) =
    false
✔ [2074/2074] Built LeanLCAExactChallenge.Derived.OpClosureNormalizedDirectSourceClosedRangeProductRoute (2.7s)
Build completed successfully (2074 jobs).
