W799 stable-boundary declaration presence
LeanLCAExactChallenge/Derived/TargetHomologyZeroW664TerminalProductRoute.lean:120:noncomputable def directFiniteShapeStableDataOfClosedMapTargetHomologyZeroW664TerminalW799
LeanLCAExactChallenge/Derived/TargetHomologyZeroW664TerminalProductRoute.lean:128:    directFiniteShapeStableDataOfClosedEmbeddingTargetHomologyZeroW664TerminalW799
LeanLCAExactChallenge/Derived/TargetHomologyZeroW664TerminalProductRoute.lean:136:noncomputable def stableBoundaryInputsOfClosedMapTargetHomologyZeroW664TerminalW799
LeanLCAExactChallenge/Derived/TargetHomologyZeroW664TerminalProductRoute.lean:147:    stableBoundaryInputsOfClosedEmbeddingTargetHomologyZeroW664TerminalW799
LeanLCAExactChallenge/Derived/TargetHomologyZeroW664TerminalProductRoute.lean:155:noncomputable def acceptedStableOfClosedMapTargetHomologyZeroW664TerminalW799
LeanLCAExactChallenge/Derived/TargetHomologyZeroW664TerminalProductRoute.lean:165:noncomputable def acceptedStableOfClosedEmbeddingTargetHomologyZeroW664TerminalW799
LeanLCAExactChallenge/Derived/TargetHomologyZeroW664TerminalProductRoute.lean:174:    boundedDerivedOfClosedMapTargetHomologyZeroW664TerminalStableBoundaryW799
LeanLCAExactChallenge/Derived/TargetHomologyZeroW664TerminalProductRoute.lean:186:    boundedDerivedOfClosedEmbeddingTargetHomologyZeroW664TerminalStableBoundaryW799
LeanLCAExactChallenge/Derived/TargetHomologyZeroW664TerminalProductRoute.lean:210:  stableBoundaryResult : String
LeanLCAExactChallenge/Derived/TargetHomologyZeroW664TerminalProductRoute.lean:232:      "directFiniteShapeStableDataOfClosedMapTargetHomologyZeroW664TerminalW799",
LeanLCAExactChallenge/Derived/TargetHomologyZeroW664TerminalProductRoute.lean:233:      "directFiniteShapeStableDataOfClosedEmbeddingTargetHomologyZeroW664TerminalW799",
LeanLCAExactChallenge/Derived/TargetHomologyZeroW664TerminalProductRoute.lean:234:      "stableBoundaryInputsOfClosedMapTargetHomologyZeroW664TerminalW799",
LeanLCAExactChallenge/Derived/TargetHomologyZeroW664TerminalProductRoute.lean:235:      "stableBoundaryInputsOfClosedEmbeddingTargetHomologyZeroW664TerminalW799",
LeanLCAExactChallenge/Derived/TargetHomologyZeroW664TerminalProductRoute.lean:236:      "acceptedStableOfClosedMapTargetHomologyZeroW664TerminalW799",
LeanLCAExactChallenge/Derived/TargetHomologyZeroW664TerminalProductRoute.lean:237:      "acceptedStableOfClosedEmbeddingTargetHomologyZeroW664TerminalW799",
LeanLCAExactChallenge/Derived/TargetHomologyZeroW664TerminalProductRoute.lean:238:      "boundedDerivedOfClosedMapTargetHomologyZeroW664TerminalStableBoundaryW799",
LeanLCAExactChallenge/Derived/TargetHomologyZeroW664TerminalProductRoute.lean:239:      "boundedDerivedOfClosedEmbeddingTargetHomologyZeroW664TerminalStableBoundaryW799",
LeanLCAExactChallenge/Derived/TargetHomologyZeroW664TerminalProductRoute.lean:246:  stableBoundaryResult :=
audit/RequiredDeclarations.lean:1205:  LeanLCAExactChallenge.Dbounded.directFiniteShapeStableDataOfClosedMapTargetHomologyZeroW664TerminalW799
audit/RequiredDeclarations.lean:1207:  LeanLCAExactChallenge.Dbounded.directFiniteShapeStableDataOfClosedEmbeddingTargetHomologyZeroW664TerminalW799
audit/RequiredDeclarations.lean:1209:  LeanLCAExactChallenge.Dbounded.stableBoundaryInputsOfClosedMapTargetHomologyZeroW664TerminalW799
audit/RequiredDeclarations.lean:1211:  LeanLCAExactChallenge.Dbounded.stableBoundaryInputsOfClosedEmbeddingTargetHomologyZeroW664TerminalW799
audit/RequiredDeclarations.lean:1213:  LeanLCAExactChallenge.Dbounded.acceptedStableOfClosedMapTargetHomologyZeroW664TerminalW799
audit/RequiredDeclarations.lean:1215:  LeanLCAExactChallenge.Dbounded.acceptedStableOfClosedEmbeddingTargetHomologyZeroW664TerminalW799
audit/RequiredDeclarations.lean:1217:  LeanLCAExactChallenge.Dbounded.boundedDerivedOfClosedMapTargetHomologyZeroW664TerminalStableBoundaryW799
audit/RequiredDeclarations.lean:1219:  LeanLCAExactChallenge.Dbounded.boundedDerivedOfClosedEmbeddingTargetHomologyZeroW664TerminalStableBoundaryW799
audit/ProductSuccessDeclarations.lean:9861:    Dbounded.directFiniteShapeStableDataOfClosedMapTargetHomologyZeroW664TerminalW799
audit/ProductSuccessDeclarations.lean:9863:    Dbounded.directFiniteShapeStableDataOfClosedEmbeddingTargetHomologyZeroW664TerminalW799
audit/ProductSuccessDeclarations.lean:9865:    Dbounded.stableBoundaryInputsOfClosedMapTargetHomologyZeroW664TerminalW799
audit/ProductSuccessDeclarations.lean:9867:    Dbounded.stableBoundaryInputsOfClosedEmbeddingTargetHomologyZeroW664TerminalW799
audit/ProductSuccessDeclarations.lean:9868:  #check Dbounded.acceptedStableOfClosedMapTargetHomologyZeroW664TerminalW799
audit/ProductSuccessDeclarations.lean:9870:    Dbounded.acceptedStableOfClosedEmbeddingTargetHomologyZeroW664TerminalW799
audit/ProductSuccessDeclarations.lean:9872:    Dbounded.boundedDerivedOfClosedMapTargetHomologyZeroW664TerminalStableBoundaryW799
audit/ProductSuccessDeclarations.lean:9874:    Dbounded.boundedDerivedOfClosedEmbeddingTargetHomologyZeroW664TerminalStableBoundaryW799
audit/OriginalFourTaskCompletionDeclarations.lean:997:  LeanLCAExactChallenge.Dbounded.directFiniteShapeStableDataOfClosedMapTargetHomologyZeroW664TerminalW799
audit/OriginalFourTaskCompletionDeclarations.lean:999:  LeanLCAExactChallenge.Dbounded.directFiniteShapeStableDataOfClosedEmbeddingTargetHomologyZeroW664TerminalW799
audit/OriginalFourTaskCompletionDeclarations.lean:1001:  LeanLCAExactChallenge.Dbounded.stableBoundaryInputsOfClosedMapTargetHomologyZeroW664TerminalW799
audit/OriginalFourTaskCompletionDeclarations.lean:1003:  LeanLCAExactChallenge.Dbounded.stableBoundaryInputsOfClosedEmbeddingTargetHomologyZeroW664TerminalW799
audit/OriginalFourTaskCompletionDeclarations.lean:1005:  LeanLCAExactChallenge.Dbounded.acceptedStableOfClosedMapTargetHomologyZeroW664TerminalW799
audit/OriginalFourTaskCompletionDeclarations.lean:1007:  LeanLCAExactChallenge.Dbounded.acceptedStableOfClosedEmbeddingTargetHomologyZeroW664TerminalW799
audit/OriginalFourTaskCompletionDeclarations.lean:1009:  LeanLCAExactChallenge.Dbounded.boundedDerivedOfClosedMapTargetHomologyZeroW664TerminalStableBoundaryW799
audit/OriginalFourTaskCompletionDeclarations.lean:1011:  LeanLCAExactChallenge.Dbounded.boundedDerivedOfClosedEmbeddingTargetHomologyZeroW664TerminalStableBoundaryW799
