run/w_clean_20260607_post_fields_opclosure_resumption_terminal_outcome.log:5:  "update_goal_allowed": false,
run/w_clean_20260607_w777_direct_right_lca_boundary_checkpoint.md:7:Product status: nonterminal. `product_success=false`, `product_complete=false`, and `update_goal_allowed=false` remain required.
run/w_clean_20260607_w777_direct_right_lca_boundary_checkpoint.md:91:Continue from the W777 stable-boundary connection toward remaining direct construction obligations such as the universal comparison isomorphism, concrete W735 branch data, exactClosed2, WPP-op exact-acyclic colimit closure, and W696 topology. Do not claim product success or call `update_goal`.
run/w_clean_20260607_yoneda_positive_chain_bridge_terminal_outcome.log:6:10:  "update_goal_allowed": false,
run/w_clean_20260607_yoneda_positive_chain_bridge_checkpoint.md:42:- `terminal_outcome/terminal_outcome.json` still says `outcome = mathematical_frontier_nonterminal`, `product_success = false`, `product_success_claimed = false`, `product_complete = false`, and `update_goal_allowed = false`.
run/w1593_final_false_witness_source_scan.log:41:README_FOR_REVIEW.md:5:2026-05-30のpositive-witness recoveryで、W1426のproduct-success metadataは偽陽性として取り消した。現在のterminal outcomeは`mathematical_frontier_nonterminal`であり、product success、product complete、update_goal allowedはいずれもfalseである。理由はLean側の最終面がまだ`originalFourTaskContractCompletion.productSuccessClaimed = false`を証明しており、positive-witness supplementが要求する`OriginalFourTaskProductSuccess`相当の正のLean証人が存在しないためである。監査はこの矛盾をproduct success時の失敗条件にし、W1426型のmetadata-only昇格、symbol-only completion check、stale git head、final false witnessをnegative fixtureで拒否する。
run/w1593_final_false_witness_source_scan.log:83:terminal_outcome/terminal_outcome.json:10:  "update_goal_allowed": false,
run/w1584_final_false_witness_source_scan.log:39:README_FOR_REVIEW.md:5:2026-05-30のpositive-witness recoveryで、W1426のproduct-success metadataは偽陽性として取り消した。現在のterminal outcomeは`mathematical_frontier_nonterminal`であり、product success、product complete、update_goal allowedはいずれもfalseである。理由はLean側の最終面がまだ`originalFourTaskContractCompletion.productSuccessClaimed = false`を証明しており、positive-witness supplementが要求する`OriginalFourTaskProductSuccess`相当の正のLean証人が存在しないためである。監査はこの矛盾をproduct success時の失敗条件にし、W1426型のmetadata-only昇格、symbol-only completion check、stale git head、final false witnessをnegative fixtureで拒否する。
run/w1584_final_false_witness_source_scan.log:81:terminal_outcome/terminal_outcome.json:10:  "update_goal_allowed": false,
run/w1569_final_false_witness_source_scan.log:4:terminal_outcome/terminal_outcome.json:10:  "update_goal_allowed": false,
run/w_clean_20260607_post_quillen_fields_resumption_summary.log:7:terminal_outcome_update_goal_allowed=false
run/w_clean_20260607_forgotten_kernel_cokernel_checkpoint.md:32:Terminal status: nonterminal implementation checkpoint. `product_success=false`, `product_complete=false`, and `update_goal_allowed=false`.
run/w_clean_20260607_quillen_conflation_challenge_fields_verification_summary.log:14:update_goal_allowed=false
run/w_clean_20260607_metrizable_dbounded_terminal_outcome.log:6:update_goal_allowed=false
run/w_clean_20260607_yoneda_positive_chain_public_relations_checkpoint.md:37:Still carried: this checkpoint does not claim final positive-witness product success, does not update `terminal_outcome/terminal_outcome.json`, and does not authorize `update_goal complete`.
run/w_clean_20260607_yoneda_positive_chain_public_relations_checkpoint.md:45:All verification commands in the summary completed with expected status. The forbidden true-completion scan returned exit 1, which is the expected no-match result after excluding negative fixtures, packets, and run logs. `terminal_outcome/terminal_outcome.json` remains `mathematical_frontier_nonterminal` with `product_success=false`, `product_success_claimed=false`, `product_complete=false`, and `update_goal_allowed=false`.
run/w_clean_20260607_resumption_gate_terminal_outcome_summary.log:5:  "update_goal_allowed": false,
run/w1571_final_false_witness_source_scan.log:401:terminal_outcome/terminal_outcome.json:10:  "update_goal_allowed": false,
run/w_clean_20260607_w774_stable_boundary_terminal_outcome.log:5:  "update_goal_allowed": false,
run/w_clean_20260607_forgotten_kernel_cokernel_verification_summary.log:16:update_goal_allowed=false
run/w1589_final_false_witness_source_scan.log:1:README_FOR_REVIEW.md:5:2026-05-30のpositive-witness recoveryで、W1426のproduct-success metadataは偽陽性として取り消した。現在のterminal outcomeは`mathematical_frontier_nonterminal`であり、product success、product complete、update_goal allowedはいずれもfalseである。理由はLean側の最終面がまだ`originalFourTaskContractCompletion.productSuccessClaimed = false`を証明しており、positive-witness supplementが要求する`OriginalFourTaskProductSuccess`相当の正のLean証人が存在しないためである。監査はこの矛盾をproduct success時の失敗条件にし、W1426型のmetadata-only昇格、symbol-only completion check、stale git head、final false witnessをnegative fixtureで拒否する。
run/w1589_final_false_witness_source_scan.log:111:terminal_outcome/terminal_outcome.json:10:  "update_goal_allowed": false,
run/w_clean_20260607_direct_limit_fields_opclosure_true_product_scan.log:1:audit/external_audit.py:680:            fail("nonterminal outcome must not set product_success=true")
run/w_clean_20260607_direct_limit_fields_opclosure_true_product_scan.log:2:audit/external_audit.py:695:        fail("product_success must set product_complete and update_goal_allowed true")
run/w_clean_20260607_direct_limit_fields_opclosure_true_product_scan.log:3:audit/original_four_task_contract_audit.py:277:        fail("nonterminal outcome must not set product_success=true")
run/w_clean_20260607_w775_stable_boundary_verification_summary.log:5:update_goal_allowed=false
run/w_clean_20260607_w775_stable_boundary_verification_summary.log:43:- This checkpoint is nonterminal and does not authorize update_goal.
run/w1577_final_false_witness_source_scan.log:4:terminal_outcome/terminal_outcome.json:10:  "update_goal_allowed": false,
run/w_clean_20260607_direct_right_lca_opclosure_stable_boundary_checkpoint.md:33:Still carried: this checkpoint does not construct the final accepted positive Original Four Task witness, does not update `terminal_outcome/terminal_outcome.json`, and does not authorize `update_goal complete`.
run/w_clean_20260607_direct_right_lca_opclosure_stable_boundary_checkpoint.md:41:The summary completed with `overall=0`. The focused Lean checks, two focused module builds, three declaration audit files, `git diff --check`, and the forbidden-token script all returned exit 0. The forbidden true-completion scan returned exit 1, which is the expected no-match result for the source/audit/terminal surfaces after excluding negative fixtures, audit guard code, run logs, and generated markdown. `terminal_outcome/terminal_outcome.json` remains `mathematical_frontier_nonterminal` with `product_success=false`, `product_success_claimed=false`, `product_complete=false`, and `update_goal_allowed=false`.
run/w1566_final_false_witness_source_scan.log:4:terminal_outcome/terminal_outcome.json:10:  "update_goal_allowed": false,
run/w_clean_20260607_castless_strict_yoneda_assoc_checkpoint.md:32:- The active goal remains nonterminal; no `update_goal(status="complete")` is permitted by this checkpoint alone.
run/w_clean_20260607_metrizable_dbounded_checkpoint.md:34:- update_goal_allowed=false
run/w_clean_20260607_w769_stable_boundary_verification_summary.log:8:update_goal_allowed=false
run/w1572_final_false_witness_source_scan.log:4:terminal_outcome/terminal_outcome.json:10:  "update_goal_allowed": false,
run/w1579_final_false_witness_source_scan.log:44:terminal_outcome/terminal_outcome.json:10:  "update_goal_allowed": false,
run/w_clean_20260607_w774_stable_boundary_verification_summary.log:5:update_goal_allowed=false
run/w_clean_20260607_w774_stable_boundary_verification_summary.log:43:- This checkpoint is nonterminal and does not authorize update_goal.
run/w1582_final_false_witness_source_scan.log:4:terminal_outcome/terminal_outcome.json:10:  "update_goal_allowed": false,
run/w_clean_20260607_post_quillen_resumption_terminal_outcome.log:5:  "update_goal_allowed": false,
run/w_clean_20260607_w776_limit_boundary_checkpoint.md:7:Product status: nonterminal. `product_success=false`, `product_complete=false`, and `update_goal_allowed=false` remain required.
run/w_clean_20260607_w776_limit_boundary_checkpoint.md:90:Continue from the W776 stable-boundary connection toward W777 direct-right-LCA limit closure stable-boundary routing, or toward the remaining direct construction obligations. Do not claim product success or call `update_goal`.
run/w1587_final_false_witness_source_scan.log:40:README_FOR_REVIEW.md:5:2026-05-30のpositive-witness recoveryで、W1426のproduct-success metadataは偽陽性として取り消した。現在のterminal outcomeは`mathematical_frontier_nonterminal`であり、product success、product complete、update_goal allowedはいずれもfalseである。理由はLean側の最終面がまだ`originalFourTaskContractCompletion.productSuccessClaimed = false`を証明しており、positive-witness supplementが要求する`OriginalFourTaskProductSuccess`相当の正のLean証人が存在しないためである。監査はこの矛盾をproduct success時の失敗条件にし、W1426型のmetadata-only昇格、symbol-only completion check、stale git head、final false witnessをnegative fixtureで拒否する。
run/w1587_final_false_witness_source_scan.log:127:terminal_outcome/terminal_outcome.json:10:  "update_goal_allowed": false,
run/w_clean_20260607_w773_stable_boundary_checkpoint.md:7:Product status: nonterminal. `product_success=false`, `product_complete=false`, and `update_goal_allowed=false` remain required.
run/w_clean_20260607_w773_stable_boundary_checkpoint.md:72:Continue from the W773 stable-boundary connection toward one of the remaining nullary source inputs: the universal left-right comparison isomorphism, `exactAcyclicHomotopyIsoClosure` triangulated closedness, direct finite-shape WPP source data, or W696 closed-range endpoint topology data. Do not claim product success or call `update_goal`.
run/w_clean_20260607_w773_stable_boundary_resumption_terminal_outcome_summary.log:5:  "update_goal_allowed": false,
run/w_clean_20260607_direct_right_lca_opclosure_stable_boundary_verification_commands.log:30:$ rg -n \(\"product_success\"\|\"product_success_claimed\"\|\"product_complete\"\|\"update_goal_allowed\"\)\[\[:space:\]\]\*:\[\[:space:\]\]\*true\|\(productSuccessClaimed\|product_success\|product_success_claimed\|product_complete\|update_goal_allowed\)\[\[:space:\]\]\*:\?=\[\[:space:\]\]\*true LeanLCAExactChallenge audit terminal_outcome run/verification.json -g \!audit/negative_fixtures/\*\* -g \!audit/external_audit.py -g \!audit/original_four_task_contract_audit.py -g \!run/\*.log -g \!run/\*.md
run/w_clean_20260607_direct_right_lca_opclosure_stable_boundary_verification_commands.log:33:$ rg -n product_success\|product_complete\|update_goal_allowed\|product_success_claimed terminal_outcome/terminal_outcome.json run/verification.json
run/w_clean_20260607_post_yoneda_bilinear_resumption_terminal_outcome.log:1:command: jq {outcome, product_success, product_complete, update_goal_allowed, git_head, latest_checkpoint, obligations_discharged, obligations_derived_or_eliminated, new_frontier_input_count} terminal_outcome/terminal_outcome.json
run/w_clean_20260607_post_yoneda_bilinear_resumption_terminal_outcome.log:8:  "update_goal_allowed": false,
run/w_clean_20260607_post_positive_chain_bridge_resumption_terminal_outcome.log:5:  "update_goal_allowed": false,
run/w1592_final_false_witness_source_scan.log:40:README_FOR_REVIEW.md:5:2026-05-30のpositive-witness recoveryで、W1426のproduct-success metadataは偽陽性として取り消した。現在のterminal outcomeは`mathematical_frontier_nonterminal`であり、product success、product complete、update_goal allowedはいずれもfalseである。理由はLean側の最終面がまだ`originalFourTaskContractCompletion.productSuccessClaimed = false`を証明しており、positive-witness supplementが要求する`OriginalFourTaskProductSuccess`相当の正のLean証人が存在しないためである。監査はこの矛盾をproduct success時の失敗条件にし、W1426型のmetadata-only昇格、symbol-only completion check、stale git head、final false witnessをnegative fixtureで拒否する。
run/w1592_final_false_witness_source_scan.log:88:terminal_outcome/terminal_outcome.json:10:  "update_goal_allowed": false,
run/w1567_final_false_witness_source_scan.log:4:terminal_outcome/terminal_outcome.json:10:  "update_goal_allowed": false,
run/w_clean_20260607_w777_direct_right_lca_boundary_verification_summary.log:5:update_goal_allowed=false
run/w_clean_20260607_w777_direct_right_lca_boundary_verification_summary.log:44:- This checkpoint is nonterminal and does not authorize update_goal.
run/w_clean_20260607_post_yoneda_resumption_terminal_outcome.log:10:  "update_goal_allowed": false,
run/w_clean_20260607_post_yoneda_resumption_terminal_outcome.log:38:    "rg -n 'productSuccessClaimed\\s*:=\\s*true|\"product_success\"\\s*:\\s*true|\"product_complete\"\\s*:\\s*true|\"update_goal_allowed\"\\s*:\\s*true' LeanLCAExactChallenge audit docs README.md README_FOR_REVIEW.md terminal_outcome run/verification.json -g '!audit/negative_fixtures/**'",
run/w_clean_20260607_post_yoneda_resumption_terminal_outcome.log:39:    "rg -n 'productSuccessClaimed\\s*:=\\s*false|productSuccessClaimed\\s*=\\s*false|\"product_success\"\\s*:\\s*false|\"product_complete\"\\s*:\\s*false|\"update_goal_allowed\"\\s*:\\s*false' LeanLCAExactChallenge audit docs README.md README_FOR_REVIEW.md terminal_outcome run/verification.json -g '!audit/negative_fixtures/**'",
run/w_clean_20260607_w777_direct_right_lca_boundary_terminal_outcome.log:5:  "update_goal_allowed": false,
run/w1583_final_false_witness_source_scan.log:4:terminal_outcome/terminal_outcome.json:10:  "update_goal_allowed": false,
run/w1575_final_false_witness_source_scan.log:6:terminal_outcome/terminal_outcome.json:10:  "update_goal_allowed": false,
run/w_clean_20260607_w775_stable_boundary_resumption_terminal_outcome_summary.log:5:  "update_goal_allowed": false,
run/reconcile_20260607_terminal_outcome_summary.log:5:  "update_goal_allowed": false,
run/w_clean_20260607_w769_stable_boundary_terminal_outcome.log:7:update_goal_allowed=false
run/w_clean_20260607_w769_stable_boundary_terminal_outcome.log:20:next_safe_action=continue source input inhabitation without calling update_goal
run/w_clean_20260607_w773_stable_boundary_verification_summary.log:5:update_goal_allowed=false
run/w_clean_20260607_w773_stable_boundary_verification_summary.log:42:- This checkpoint is nonterminal and does not authorize update_goal.
run/w_clean_20260607_post_baer_resumption_terminal_outcome.log:5:  "update_goal_allowed": false,
run/w_clean_20260607_yoneda_positive_chain_public_relations_verification_commands.log:261:$ rg -n --glob \!audit/negative_fixtures/\*\* --glob \!packets/\*\* --glob \!run/\*.log productSuccessClaimed\[\[:space:\]\]\*:=\*\[\[:space:\]\]\*true\|\"product_success\"\[\[:space:\]\]\*:\[\[:space:\]\]\*true\|\"product_complete\"\[\[:space:\]\]\*:\[\[:space:\]\]\*true\|\"update_goal_allowed\"\[\[:space:\]\]\*:\[\[:space:\]\]\*true\|\"outcome\"\[\[:space:\]\]\*:\[\[:space:\]\]\*\"product_success\" LeanLCAExactChallenge audit docs terminal_outcome run
run/w_clean_20260607_yoneda_positive_chain_public_relations_verification_commands.log:270:$ rg -n \"outcome\"\|\"product_success\"\|\"product_success_claimed\"\|\"product_complete\"\|\"update_goal_allowed\"\|\"git_head\" terminal_outcome/terminal_outcome.json
run/w_clean_20260607_yoneda_positive_chain_public_relations_verification_commands.log:279:10:  "update_goal_allowed": false,
run/w_clean_20260607_w775_stable_boundary_checkpoint.md:7:Product status: nonterminal. `product_success=false`, `product_complete=false`, and `update_goal_allowed=false` remain required.
run/w_clean_20260607_w775_stable_boundary_checkpoint.md:73:Continue from the W775 stable-boundary connection toward W776, which replaces WPP limit stability with direct WPP limit comparison plus exact-acyclic limit closure. Do not claim product success or call `update_goal`.
run/w_clean_20260607_w776_limit_boundary_resumption_terminal_outcome_summary.log:5:  "update_goal_allowed": false,
run/w_clean_20260607_w774_stable_boundary_resumption_terminal_outcome_summary.log:5:  "update_goal_allowed": false,
run/w_clean_20260607_post_castless_assoc_resumption_terminal_outcome.log:1:command: jq {outcome, product_success, product_complete, update_goal_allowed, git_head, latest_checkpoint, obligations_discharged, obligations_derived_or_eliminated, new_frontier_input_count} terminal_outcome/terminal_outcome.json
run/w_clean_20260607_post_castless_assoc_resumption_terminal_outcome.log:8:  "update_goal_allowed": false,
run/w_clean_20260607_quillen_conflation_challenge_fields_checkpoint.md:24:Terminal status: nonterminal implementation checkpoint. `product_success=false`, `product_complete=false`, and `update_goal_allowed=false`.
run/w1574_final_false_witness_source_scan.log:4:terminal_outcome/terminal_outcome.json:10:  "update_goal_allowed": false,
run/w_clean_20260607_stable_positive_resumption_terminal_outcome.log:5:  "update_goal_allowed": false,
run/w_clean_20260607_next_resumption_terminal_outcome.log:5:  "update_goal_allowed": false,
run/w1578_final_false_witness_source_scan.log:25:terminal_outcome/terminal_outcome.json:10:  "update_goal_allowed": false,
run/w_clean_20260607_w769_stable_boundary_resumption_terminal_outcome.log:5:  "update_goal_allowed": false,
run/w_clean_20260607_stable_boundary_inputs_checkpoint.md:46:- The original four-task product success remains incomplete: `product_success=false`, `product_complete=false`, and `update_goal_allowed=false`.
run/w_clean_20260607_stable_boundary_inputs_checkpoint.md:72:update_goal_allowed=false
run/w_clean_20260607_metrizable_dbounded_resumption_terminal_outcome.log:5:  "update_goal_allowed": false,
run/w_clean_20260607_w776_limit_boundary_verification_summary.log:5:update_goal_allowed=false
run/w_clean_20260607_w776_limit_boundary_verification_summary.log:43:- This checkpoint is nonterminal and does not authorize update_goal.
run/w_clean_20260607_w774_stable_boundary_checkpoint.md:7:Product status: nonterminal. `product_success=false`, `product_complete=false`, and `update_goal_allowed=false` remain required.
run/w_clean_20260607_w774_stable_boundary_checkpoint.md:73:Continue from the W774 stable-boundary connection toward the remaining source inputs: WPP limit stability, WPP colimit stability, W696 closed-range endpoint topology, the universal left-right comparison isomorphism, `exactAcyclicHomotopyIsoClosure` triangulated closedness, or concrete W735 branch data. Do not claim product success or call `update_goal`.
run/w_clean_20260607_post_quillen_fields_resumption_terminal_outcome.log:5:  "update_goal_allowed": false,
run/w_clean_20260607_w777_direct_right_lca_boundary_resumption_terminal_outcome_summary.log:5:  "update_goal_allowed": false,
run/w_clean_20260607_post_direct_boundary_resumption_terminal_outcome.log:5:  "update_goal_allowed": false,
run/w_clean_20260607_stable_boundary_inputs_terminal_outcome.log:7:update_goal_allowed=false
run/w_clean_20260607_stable_boundary_inputs_terminal_outcome.log:17:next_safe_action=continue toward source input inhabitation without calling update_goal
run/w1581_final_false_witness_source_scan.log:510:terminal_outcome/terminal_outcome.json:10:  "update_goal_allowed": false,
run/w1590_final_false_witness_source_scan.log:40:README_FOR_REVIEW.md:5:2026-05-30のpositive-witness recoveryで、W1426のproduct-success metadataは偽陽性として取り消した。現在のterminal outcomeは`mathematical_frontier_nonterminal`であり、product success、product complete、update_goal allowedはいずれもfalseである。理由はLean側の最終面がまだ`originalFourTaskContractCompletion.productSuccessClaimed = false`を証明しており、positive-witness supplementが要求する`OriginalFourTaskProductSuccess`相当の正のLean証人が存在しないためである。監査はこの矛盾をproduct success時の失敗条件にし、W1426型のmetadata-only昇格、symbol-only completion check、stale git head、final false witnessをnegative fixtureで拒否する。
run/w1590_final_false_witness_source_scan.log:83:terminal_outcome/terminal_outcome.json:10:  "update_goal_allowed": false,
run/w1588_final_false_witness_source_scan.log:40:README_FOR_REVIEW.md:5:2026-05-30のpositive-witness recoveryで、W1426のproduct-success metadataは偽陽性として取り消した。現在のterminal outcomeは`mathematical_frontier_nonterminal`であり、product success、product complete、update_goal allowedはいずれもfalseである。理由はLean側の最終面がまだ`originalFourTaskContractCompletion.productSuccessClaimed = false`を証明しており、positive-witness supplementが要求する`OriginalFourTaskProductSuccess`相当の正のLean証人が存在しないためである。監査はこの矛盾をproduct success時の失敗条件にし、W1426型のmetadata-only昇格、symbol-only completion check、stale git head、final false witnessをnegative fixtureで拒否する。
run/w1588_final_false_witness_source_scan.log:142:terminal_outcome/terminal_outcome.json:10:  "update_goal_allowed": false,
run/w_clean_20260607_w769_stable_boundary_checkpoint.md:46:- The original four-task product success remains incomplete: `product_success=false`, `product_complete=false`, and `update_goal_allowed=false`.
run/w_clean_20260607_w769_stable_boundary_checkpoint.md:75:update_goal_allowed=false
run/w_clean_20260607_yoneda_positive_chain_bridge_false_claim_surface.log:50:terminal_outcome/terminal_outcome.json:10:  "update_goal_allowed": false,
run/w1576_final_false_witness_source_scan.log:861:terminal_outcome/terminal_outcome.json:10:  "update_goal_allowed": false,
run/w_clean_20260607_post_leftproduct_resumption_terminal_outcome.log:5:  "update_goal_allowed": false,
run/w1568_final_false_witness_source_scan.log:4:terminal_outcome/terminal_outcome.json:10:  "update_goal_allowed": false,
run/w_clean_20260607_w775_stable_boundary_terminal_outcome.log:5:  "update_goal_allowed": false,
run/w_clean_20260607_direct_right_lca_opclosure_stable_boundary_terminal_outcome_scan.log:4:run/verification.json:72:      "command": "rg -n 'productSuccessClaimed\\s*:=\\s*true|\"product_success\"\\s*:\\s*true|\"product_complete\"\\s*:\\s*true|\"update_goal_allowed\"\\s*:\\s*true' LeanLCAExactChallenge audit docs README.md README_FOR_REVIEW.md terminal_outcome run/verification.json -g '!audit/negative_fixtures/**'",
run/w_clean_20260607_direct_right_lca_opclosure_stable_boundary_terminal_outcome_scan.log:6:run/verification.json:77:      "command": "rg -n 'productSuccessClaimed\\s*:=\\s*false|productSuccessClaimed\\s*=\\s*false|\"product_success\"\\s*:\\s*false|\"product_complete\"\\s*:\\s*false|\"update_goal_allowed\"\\s*:\\s*false' LeanLCAExactChallenge audit docs README.md README_FOR_REVIEW.md terminal_outcome run/verification.json -g '!audit/negative_fixtures/**'",
run/w_clean_20260607_direct_right_lca_opclosure_stable_boundary_terminal_outcome_scan.log:10:terminal_outcome/terminal_outcome.json:10:  "update_goal_allowed": false,
run/w_clean_20260607_direct_right_lca_opclosure_stable_boundary_terminal_outcome_scan.log:11:terminal_outcome/terminal_outcome.json:38:    "rg -n 'productSuccessClaimed\\s*:=\\s*true|\"product_success\"\\s*:\\s*true|\"product_complete\"\\s*:\\s*true|\"update_goal_allowed\"\\s*:\\s*true' LeanLCAExactChallenge audit docs README.md README_FOR_REVIEW.md terminal_outcome run/verification.json -g '!audit/negative_fixtures/**'",
run/w_clean_20260607_direct_right_lca_opclosure_stable_boundary_terminal_outcome_scan.log:12:terminal_outcome/terminal_outcome.json:39:    "rg -n 'productSuccessClaimed\\s*:=\\s*false|productSuccessClaimed\\s*=\\s*false|\"product_success\"\\s*:\\s*false|\"product_complete\"\\s*:\\s*false|\"update_goal_allowed\"\\s*:\\s*false' LeanLCAExactChallenge audit docs README.md README_FOR_REVIEW.md terminal_outcome run/verification.json -g '!audit/negative_fixtures/**'",
run/w_clean_20260607_post_functorial_resumption_terminal_outcome.log:5:  "update_goal_allowed": false,
run/w_clean_20260607_stable_boundary_inputs_verification_summary.log:8:update_goal_allowed=false
run/w_clean_20260607_strict_yoneda_product_checkpoint.md:31:- The active goal remains nonterminal; no `update_goal(status="complete")` is permitted by this checkpoint alone.
run/w_clean_20260607_forgotten_kernel_cokernel_terminal_outcome.log:5:update_goal_allowed=false
run/w1585_final_false_witness_source_scan.log:18:terminal_outcome/terminal_outcome.json:10:  "update_goal_allowed": false,
run/w1594_final_false_witness_source_scan.log:40:README_FOR_REVIEW.md:5:2026-05-30のpositive-witness recoveryで、W1426のproduct-success metadataは偽陽性として取り消した。現在のterminal outcomeは`mathematical_frontier_nonterminal`であり、product success、product complete、update_goal allowedはいずれもfalseである。理由はLean側の最終面がまだ`originalFourTaskContractCompletion.productSuccessClaimed = false`を証明しており、positive-witness supplementが要求する`OriginalFourTaskProductSuccess`相当の正のLean証人が存在しないためである。監査はこの矛盾をproduct success時の失敗条件にし、W1426型のmetadata-only昇格、symbol-only completion check、stale git head、final false witnessをnegative fixtureで拒否する。
run/w1594_final_false_witness_source_scan.log:212:terminal_outcome/terminal_outcome.json:10:  "update_goal_allowed": false,
run/w_clean_20260607_yoneda_positive_chain_public_relations_verification_summary.log:44:notes=terminal_outcome/terminal_outcome.json remains mathematical_frontier_nonterminal with product_success=false, product_success_claimed=false, product_complete=false, update_goal_allowed=false.
run/w1586_final_false_witness_source_scan.log:40:README_FOR_REVIEW.md:5:2026-05-30のpositive-witness recoveryで、W1426のproduct-success metadataは偽陽性として取り消した。現在のterminal outcomeは`mathematical_frontier_nonterminal`であり、product success、product complete、update_goal allowedはいずれもfalseである。理由はLean側の最終面がまだ`originalFourTaskContractCompletion.productSuccessClaimed = false`を証明しており、positive-witness supplementが要求する`OriginalFourTaskProductSuccess`相当の正のLean証人が存在しないためである。監査はこの矛盾をproduct success時の失敗条件にし、W1426型のmetadata-only昇格、symbol-only completion check、stale git head、final false witnessをnegative fixtureで拒否する。
run/w1586_final_false_witness_source_scan.log:83:terminal_outcome/terminal_outcome.json:10:  "update_goal_allowed": false,
run/w_clean_20260607_quillen_conflation_challenge_fields_terminal_outcome.log:5:update_goal_allowed=false
run/w_clean_20260607_w776_limit_boundary_terminal_outcome.log:5:  "update_goal_allowed": false,
run/w1573_final_false_witness_source_scan.log:4:terminal_outcome/terminal_outcome.json:10:  "update_goal_allowed": false,
run/w1570_final_false_witness_source_scan.log:4:terminal_outcome/terminal_outcome.json:10:  "update_goal_allowed": false,
run/w_clean_20260607_yoneda_positive_chain_bridge_verification_summary.log:25:- terminal_outcome/terminal_outcome.json field check: exit 0, outcome remains mathematical_frontier_nonterminal with product_success=false, product_success_claimed=false, product_complete=false, update_goal_allowed=false.
run/source_patch_needed_task4_stable_instances_20260607.md:150:Product success remains false. Do not call `update_goal` from this checkpoint.
run/w1580_final_false_witness_source_scan.log:6:terminal_outcome/terminal_outcome.json:10:  "update_goal_allowed": false,
run/w_clean_20260607_metrizable_dbounded_verification_summary.log:32:update_goal_allowed=false
run/w_clean_20260607_w773_stable_boundary_terminal_outcome.log:5:  "update_goal_allowed": false,
run/w_clean_20260607_post_strict_yoneda_resumption_terminal_outcome.log:1:command: jq {outcome, product_success, product_complete, update_goal_allowed, git_head, latest_checkpoint, obligations_discharged, obligations_derived_or_eliminated, new_frontier_input_count} terminal_outcome/terminal_outcome.json
run/w_clean_20260607_post_strict_yoneda_resumption_terminal_outcome.log:8:  "update_goal_allowed": false,
run/w1591_final_false_witness_source_scan.log:1:README_FOR_REVIEW.md:5:2026-05-30のpositive-witness recoveryで、W1426のproduct-success metadataは偽陽性として取り消した。現在のterminal outcomeは`mathematical_frontier_nonterminal`であり、product success、product complete、update_goal allowedはいずれもfalseである。理由はLean側の最終面がまだ`originalFourTaskContractCompletion.productSuccessClaimed = false`を証明しており、positive-witness supplementが要求する`OriginalFourTaskProductSuccess`相当の正のLean証人が存在しないためである。監査はこの矛盾をproduct success時の失敗条件にし、W1426型のmetadata-only昇格、symbol-only completion check、stale git head、final false witnessをnegative fixtureで拒否する。
run/w1591_final_false_witness_source_scan.log:86:terminal_outcome/terminal_outcome.json:10:  "update_goal_allowed": false,
