command: lake env lean audit/RequiredDeclarations.lean
exit: 0
raw_line_count: 38512
tail:
  LeanLCAExactChallenge.Dbounded.MetrizableCurrentFullDataPayloadFromTargetNormalizedEndpointStateW1269
LeanLCAExactChallenge.Dbounded.currentW1269CurrentFullDataPayloadFromTargetNormalizedEndpoint_productSuccess :
  (have state :=
      LeanLCAExactChallenge.Dbounded.currentMetrizableCurrentFullDataPayloadFromTargetNormalizedEndpointStateW1269;
    state.productSuccessClaimed) =
    false
LeanLCAExactChallenge.Dbounded.currentFullDataPayloadOfBranchFullDataW1270
  (data :
    LeanLCAExactChallenge.Dbounded.BoundaryRelationTargetClosedEmbeddingClosednessNormalizedSourceEndpointLocalizedUnitFullDataProviderW987) :
  LeanLCAExactChallenge.Dbounded.BoundaryRelationTargetNoUnivClosedEmbeddingEndpointLocalizedUnitDataProviderW977
LeanLCAExactChallenge.Dbounded.currentFullDataProviderOfBranchFullDataW1270
  (data :
    LeanLCAExactChallenge.Dbounded.BoundaryRelationTargetClosedEmbeddingClosednessNormalizedSourceEndpointLocalizedUnitFullDataProviderW987) :
  LeanLCAExactChallenge.Dbounded.BoundaryRelationTargetClosedEmbeddingClosednessNormalizedSourceEndpointLocalizedUnitCurrentFullDataProviderW1008
LeanLCAExactChallenge.Dbounded.currentFullDataPayloadFromBranchFullDataInputNamesW1270 : List String
LeanLCAExactChallenge.Dbounded.currentFullDataPayloadFromBranchFullDataInputNamesW1270_count :
  LeanLCAExactChallenge.Dbounded.currentFullDataPayloadFromBranchFullDataInputNamesW1270.length = 1
LeanLCAExactChallenge.Dbounded.currentFullDataPayloadFromBranchFullDataReducesW1270 :
  LeanLCAExactChallenge.Dbounded.currentFullDataPayloadFromBranchFullDataInputNamesW1270.length <
    LeanLCAExactChallenge.Dbounded.currentFullDataPayloadFromTargetNormalizedEndpointInputNamesW1269.length
LeanLCAExactChallenge.Dbounded.MetrizableCurrentFullDataPayloadFromBranchFullDataStateW1270 : Type
LeanLCAExactChallenge.Dbounded.currentMetrizableCurrentFullDataPayloadFromBranchFullDataStateW1270 :
  LeanLCAExactChallenge.Dbounded.MetrizableCurrentFullDataPayloadFromBranchFullDataStateW1270
LeanLCAExactChallenge.Dbounded.currentW1270CurrentFullDataPayloadFromBranchFullData_productSuccess :
  (have state := LeanLCAExactChallenge.Dbounded.currentMetrizableCurrentFullDataPayloadFromBranchFullDataStateW1270;
    state.productSuccessClaimed) =
    false
LeanLCAExactChallenge.Dbounded.branchFullDataCurrentFullDataCycleInputNamesW1271 : List String
LeanLCAExactChallenge.Dbounded.branchFullDataCurrentFullDataCycleInputNamesW1271_count :
  LeanLCAExactChallenge.Dbounded.branchFullDataCurrentFullDataCycleInputNamesW1271.length = 1
LeanLCAExactChallenge.Dbounded.branchFullDataCurrentFullDataCycleDoesNotReduceW1271 :
  LeanLCAExactChallenge.Dbounded.branchFullDataCurrentFullDataCycleInputNamesW1271.length =
    LeanLCAExactChallenge.Dbounded.currentFullDataPayloadFromBranchFullDataInputNamesW1270.length
LeanLCAExactChallenge.Dbounded.MetrizableBranchFullDataCurrentFullDataCycleGuardStateW1271 : Type
LeanLCAExactChallenge.Dbounded.currentMetrizableBranchFullDataCurrentFullDataCycleGuardStateW1271 :
  LeanLCAExactChallenge.Dbounded.MetrizableBranchFullDataCurrentFullDataCycleGuardStateW1271
LeanLCAExactChallenge.Dbounded.currentW1271BranchFullDataCurrentFullDataCycleGuard_productSuccess :
  (have state := LeanLCAExactChallenge.Dbounded.currentMetrizableBranchFullDataCurrentFullDataCycleGuardStateW1271;
    state.productSuccessClaimed) =
    false
