terminal_outcome/terminal_outcome.json:7:  "product_success": false,
terminal_outcome/terminal_outcome.json:9:  "product_complete": false,
terminal_outcome/terminal_outcome.json:10:  "update_goal_allowed": false,
terminal_outcome/terminal_outcome.json:16:    "Final imported completion surface remains nonterminal: originalFourTaskContractCompletion.productSuccessClaimed = false still compiles, now with W1594 W1524 W866 iso-closure convergence projections on top of the W1593/W1523 bridge.",
audit/external_audit.py:58:    "originalFourTaskContractCompletion.productSuccessClaimed = false",
audit/external_audit.py:59:    "productSuccessClaimed := false",
audit/external_audit.py:421:        fail("product_success imports a final witness proving productSuccessClaimed=false")
audit/OriginalFourTaskCompletionDeclarations.lean:1143:    Dbounded.currentMetrizableSemanticStableRouteState.productSuccessClaimed = false :=
audit/original_four_task_contract_audit.py:31:    "originalFourTaskContractCompletion.productSuccessClaimed = false",
audit/original_four_task_contract_audit.py:32:    "productSuccessClaimed := false",
audit/original_four_task_contract_audit.py:250:            blockers.append("product_success imports a final witness proving productSuccessClaimed=false")
LeanLCAExactChallenge/Derived/KernelCokernelProductRoute.lean:171:  productSuccessClaimed := false
LeanLCAExactChallenge/Derived/W987ClosedEmbeddingEndpointHomologyFreeEndpointFactsLocalizedSelectedCochainW866IsoClosureConvergenceGuardW1524.lean:380:  productSuccessClaimed := false
LeanLCAExactChallenge/Derived/ClosedMapBoundaryRelationTargetSurjectiveCompactClosedEmbeddingClosednessNormalizedSourceEndpointLocalizedUnitFullDataFromBranchFullDataToTargetClosedEmbeddingClosednessNormalizedSourceEndpointDirectRouteW1241.lean:344:  productSuccessClaimed := false
LeanLCAExactChallenge/Derived/IsoClosureDirectSourceStableRoute.lean:204:  productSuccessClaimed := false
LeanLCAExactChallenge/Derived/ClosedMapBoundaryRelationDataTargetNoUnivDataClosedEmbeddingClosednessDataEndpointKernelCokernelTopDataLocalizedAdjunctionDataNormalizedSourceTriangulationDataUnitKernelCokernelTopIsoComponentFieldsRoute.lean:276:  productSuccessClaimed := false
LeanLCAExactChallenge/Derived/ClosedMapBoundaryRelationTargetSurjectiveCompactClosedEmbeddingClosednessNormalizedSourceEndpointLocalizedUnitFullDataTargetCompactFullDataGuardW1324.lean:79:  productSuccessClaimed := false
LeanLCAExactChallenge/Derived/ClosedMapBoundaryRelationTargetSurjectiveCompactClosedEmbeddingClosednessNormalizedSourceEndpointLocalizedUnitFullDataFromNormalizedSourceEndpointLocalizedUnitToEndpointLocalizedUnitDirectRouteW1184.lean:405:  productSuccessClaimed := false
LeanLCAExactChallenge/Derived/ClosedMapBoundaryRelationTargetSurjectiveCompactClosedEmbeddingClosednessNormalizedSourceEndpointLocalizedUnitFullDataEndpointLocalizedConcreteLeavesConvergenceFieldSplitGuardW1369.lean:171:  productSuccessClaimed := false
LeanLCAExactChallenge/Derived/ClosedMapBoundaryRelationTargetSurjectiveCompactClosedEmbeddingClosednessNormalizedSourceEndpointLocalizedUnitFullDataW987BoundaryRelationTargetStrictPreimageMapFieldDataConstructionGuardW1475.lean:1364:  productSuccessClaimed := false
LeanLCAExactChallenge/Derived/ClosedMapRawBoundaryRelationFieldsNormalizedFixedTargetFieldsSourceTriangulationFieldsClosedEmbeddingClosednessFieldsSplitTargetNoUnivClosednessNormalizedEndpointCokernelTopAndUnitWitnessComponentFieldsRoute.lean:293:  productSuccessClaimed := false
LeanLCAExactChallenge/Derived/ClosedMapBoundaryRelationTargetSurjectiveCompactClosedEmbeddingClosednessNormalizedSourceEndpointLocalizedUnitFullDataFromTargetClosedEmbeddingClosednessToNormalizedSourceEndpointLocalizedUnitDirectRouteW1059.lean:405:  productSuccessClaimed := false
LeanLCAExactChallenge/Derived/EndpointKernelCokernelFromClosednessBranch.lean:209:  productSuccessClaimed := false
LeanLCAExactChallenge/Derived/ClosedMapBoundaryRelationTargetSurjectiveCompactClosedEmbeddingClosednessNormalizedSourceEndpointLocalizedUnitFullDataFromEndpointLocalizedUnitToLocalizedUnitChoiceDirectRouteW1165.lean:362:  productSuccessClaimed := false
LeanLCAExactChallenge/Derived/ClosedMapBoundaryRelationTargetSurjectiveCompactClosedEmbeddingClosednessNormalizedSourceEndpointLocalizedUnitFullDataFromUnitStrictExactIsoDataToComponentFieldsDirectRoute.lean:193:  productSuccessClaimed := false
LeanLCAExactChallenge/Derived/W987TargetSurjectiveCompactFieldsComparisonGuardW1509.lean:229:  productSuccessClaimed := false
LeanLCAExactChallenge/Derived/ClosedMapBoundaryRelationTargetNoUnivClosedEmbeddingClosednessNormalizedSourceEndpointLocalizedUnitFullDataFromLocalizedUnitChoiceRoute.lean:211:  productSuccessClaimed := false
LeanLCAExactChallenge/Derived/ClosedMapBoundaryRelationTargetSurjectiveCompactClosedEmbeddingClosednessNormalizedSourceEndpointLocalizedUnitFullDataClosedMapPrimitiveBridgeStableConvergenceFieldSplitGuardW1396.lean:147:  productSuccessClaimed := false
LeanLCAExactChallenge/Derived/TargetIsoStrictRealizationTerminalProductRoute.lean:143:  productSuccessClaimed := false
LeanLCAExactChallenge/Derived/ClosedMapBoundaryDataSourceTriangulationEndpointFactsLocalizedRightAdjointComparisonStableExactAtRoute.lean:329:  productSuccessClaimed := false
LeanLCAExactChallenge/Derived/ClosedMapTargetCompactNoUnivMembershipClosednessDataBoundaryRelationDataNormalizedFixedTargetDataSourceTriangulationEndpointStrictExactUnitStrictExactComponentsPrimitiveFieldRoute.lean:219:  productSuccessClaimed := false
LeanLCAExactChallenge/Derived/ClosedMapBoundaryRelationTargetSurjectiveCompactClosedEmbeddingClosednessNormalizedSourceEndpointLocalizedUnitFullDataFromBranchFullDataToTargetClosedEmbeddingClosednessNormalizedSourceEndpointDirectRouteW1133.lean:344:  productSuccessClaimed := false
LeanLCAExactChallenge/Derived/ClosedMapBoundaryRelationTargetSurjectiveCompactClosedEmbeddingClosednessNormalizedSourceEndpointLocalizedUnitFullDataW987BoundaryRelationTargetUnitIsoHomInvFieldDataConstructionGuardW1464.lean:478:  productSuccessClaimed := false
LeanLCAExactChallenge/Derived/ClosedMapBoundaryRelationTargetSurjectiveCompactClosedEmbeddingClosednessNormalizedSourceEndpointLocalizedUnitFullDataTopTargetRelationRepresentativeImageFieldSplitGuardW1349.lean:114:  productSuccessClaimed := false
LeanLCAExactChallenge/Derived/ComparisonBijectivityStrictRealizationLeftCalculusRoute.lean:326:  productSuccessClaimed := false
LeanLCAExactChallenge/Derived/TargetExactAtClosedRangeProductRoute.lean:181:  productSuccessClaimed := false
LeanLCAExactChallenge/Derived/ClosedMapBoundaryRelationTargetSurjectiveCompactClosedEmbeddingClosednessNormalizedSourceEndpointLocalizedUnitFullDataFromNormalizedSourceEndpointLocalizedUnitToEndpointLocalizedUnitDirectRouteW1157.lean:405:  productSuccessClaimed := false
LeanLCAExactChallenge/Derived/ClosedMapBoundaryRelationTargetSurjectiveCompactClosedEmbeddingClosednessNormalizedSourceEndpointLocalizedUnitFullDataClosedMapEndpointCokernelTopStableConvergenceFieldSplitGuardW1406.lean:84:  productSuccessClaimed := false
LeanLCAExactChallenge/Derived/ClosedMapBoundaryRelationDataTargetNoUnivDataClosedEmbeddingClosednessDataNormalizedSourceTriangulationDataEndpointKernelCokernelTopAndUnitKernelCokernelTopIsoComponentFieldsRoute.lean:319:  productSuccessClaimed := false
LeanLCAExactChallenge/Derived/ClosedMapBoundaryRelationTargetSurjectiveCompactClosedEmbeddingClosednessNormalizedSourceEndpointLocalizedUnitFullDataW987BoundaryRelationTargetLocalizedAdjunctionTriangleComponentFieldDataConstructionGuardW1466.lean:645:  productSuccessClaimed := false
LeanLCAExactChallenge/Derived/ClosedMapBoundaryRelationTargetSurjectiveCompactClosedEmbeddingClosednessNormalizedSourceEndpointLocalizedUnitFullDataCompactTargetPreservationExitsFieldSplitGuardW1348.lean:118:  productSuccessClaimed := false
LeanLCAExactChallenge/Derived/ClosedMapBoundaryRelationTargetSurjectiveCompactClosedEmbeddingClosednessNormalizedSourceEndpointLocalizedUnitFullDataFromEndpointLocalizedUnitToLocalizedUnitChoiceDirectRouteW1156.lean:362:  productSuccessClaimed := false
LeanLCAExactChallenge/Derived/ClosedMapTargetNoUnivMembershipDataClosednessDataBoundaryRelationDataNormalizedFixedTargetDataSourceTriangulationEndpointStrictExactUnitStrictExactComponentsPrimitiveFieldRoute.lean:232:  productSuccessClaimed := false
LeanLCAExactChallenge/Derived/ClosedMapBoundaryRelationTargetSurjectiveCompactClosedEmbeddingClosednessNormalizedSourceEndpointLocalizedUnitFullDataFromTargetClosedEmbeddingClosednessNormalizedSourceEndpointToTargetClosedEmbeddingClosednessDirectRouteW1150.lean:393:  productSuccessClaimed := false
LeanLCAExactChallenge/Derived/W987EndpointFieldsComparisonGuardW1500.lean:221:  productSuccessClaimed := false
LeanLCAExactChallenge/Derived/ClosedMapBoundaryRelationTargetSurjectiveCompactClosedEmbeddingClosednessNormalizedSourceEndpointLocalizedUnitFullDataFromTargetClosedEmbeddingClosednessToNormalizedSourceEndpointLocalizedUnitDirectRouteW1113.lean:415:  productSuccessClaimed := false
LeanLCAExactChallenge/Derived/ClosedMapBoundaryRelationTargetSurjectiveCompactClosedEmbeddingClosednessNormalizedSourceEndpointLocalizedUnitFullDataClosedMapBranchFullDataW990UnitStrictExactIsoPackagingGuardW1446.lean:166:  productSuccessClaimed := false
LeanLCAExactChallenge/Derived/Bounded.lean:4123:  productSuccessClaimed := false
LeanLCAExactChallenge/Derived/Bounded.lean:4132:    Dbounded.currentMetrizableSemanticStableRouteState.productSuccessClaimed = false :=
LeanLCAExactChallenge/Derived/Bounded.lean:4585:  productSuccessClaimed := false
LeanLCAExactChallenge/Derived/Bounded.lean:4772:  productSuccessClaimed := false
LeanLCAExactChallenge/Derived/Bounded.lean:4993:  productSuccessClaimed := false
LeanLCAExactChallenge/Derived/Bounded.lean:5176:  productSuccessClaimed := false
LeanLCAExactChallenge/Derived/Bounded.lean:5291:  productSuccessClaimed := false
LeanLCAExactChallenge/Derived/ClosedMapBoundaryRelationTargetSurjectiveCompactClosedEmbeddingClosednessNormalizedSourceEndpointLocalizedUnitFullDataSinglePreservationSelectedColimitFieldSplitGuardW1345.lean:113:  productSuccessClaimed := false
LeanLCAExactChallenge/Derived/ClosedMapBoundaryRelationTargetSurjectiveCompactClosedEmbeddingClosednessNormalizedSourceEndpointLocalizedUnitFullDataW987BoundaryRelationTargetLocalizedAdjunctionNatTransFieldDataConstructionGuardW1465.lean:577:  productSuccessClaimed := false
LeanLCAExactChallenge/Derived/ClosedMapBoundaryRelationTargetSurjectiveCompactClosedEmbeddingClosednessNormalizedSourceEndpointLocalizedUnitFullDataUnitStrictExactIsoFieldSplitGuardW1328.lean:124:  productSuccessClaimed := false
LeanLCAExactChallenge/Derived/ClosedMapBoundaryRelationTargetSurjectiveCompactClosedEmbeddingClosednessNormalizedSourceEndpointLocalizedUnitFullDataTargetSurjectiveCompactKernelCokernelTopIsoComponentFieldsGuardW1320.lean:86:  productSuccessClaimed := false
LeanLCAExactChallenge/Derived/ClosedMapTargetNoUnivMembershipDataClosednessDataBoundaryRelationDataNormalizedFixedTargetDataSourceTriangulationEndpointStrictExactLocalizedUnitDataPrimitiveFieldRoute.lean:308:  productSuccessClaimed := false
LeanLCAExactChallenge/Derived/ClosedMapBoundaryRelationDataTargetNoUnivClosednessNormalizedSourceTriangulationEndpointLocalizedUnitDataPrimitiveFieldRoute.lean:180:  productSuccessClaimed := false
LeanLCAExactChallenge/Derived/ClosedMapBoundaryRelationTargetSurjectiveCompactClosedEmbeddingClosednessNormalizedSourceEndpointLocalizedUnitFullDataW987BoundaryRelationTargetStrictPreimageObjectImageRightAdjointFunctorFieldDataConstructionGuardW1479.lean:1929:  productSuccessClaimed := false
LeanLCAExactChallenge/Derived/ClosedMapBoundaryRelationTargetSurjectiveCompactClosedEmbeddingClosednessNormalizedSourceEndpointLocalizedUnitFullDataClosedMapTargetComponentRelationFieldsStableConvergenceFieldSplitGuardW1384.lean:337:  productSuccessClaimed := false
LeanLCAExactChallenge/Derived/ClosedMapBoundaryRelationTargetSurjectiveCompactClosedEmbeddingClosednessNormalizedSourceEndpointLocalizedUnitFullDataFromEndpointLocalizedUnitToLocalizedUnitChoiceDirectRouteW1174.lean:362:  productSuccessClaimed := false
LeanLCAExactChallenge/Derived/ExactInputsComparisonSelectedCochainStableRoute.lean:129:  productSuccessClaimed := false
LeanLCAExactChallenge/Derived/ClosedMapBoundaryRelationTargetSurjectiveCompactClosedEmbeddingClosednessNormalizedSourceEndpointLocalizedUnitFullDataFromNormalizedSourceEndpointLocalizedUnitToEndpointLocalizedUnitDirectRouteW1238.lean:405:  productSuccessClaimed := false
LeanLCAExactChallenge/Derived/ClosedMapBoundaryRelationTargetSurjectiveCompactClosedEmbeddingClosednessNormalizedSourceEndpointLocalizedUnitFullDataSplitCompactTargetEndpointsFieldSplitGuardW1352.lean:154:  productSuccessClaimed := false
LeanLCAExactChallenge/Derived/ClosedMapMappedCokernelPrimitiveFieldsRoute.lean:448:  productSuccessClaimed := false
LeanLCAExactChallenge/Derived/ClosedMapBoundaryRelationTargetSurjectiveCompactClosedEmbeddingClosednessNormalizedSourceEndpointLocalizedUnitFullDataFromTargetClosedEmbeddingClosednessToNormalizedSourceEndpointLocalizedUnitDirectRouteW1167.lean:415:  productSuccessClaimed := false
LeanLCAExactChallenge/Derived/ClosedMapTargetCompactOuterNonbottomPrimitiveFieldRoute.lean:452:  productSuccessClaimed := false
LeanLCAExactChallenge/Derived/IsoClosureHomologyDetectionTerminalProductRoute.lean:169:  productSuccessClaimed := false
LeanLCAExactChallenge/Derived/ClosedMapBoundaryRelationTargetSurjectiveCompactClosedEmbeddingClosednessNormalizedSourceEndpointLocalizedUnitFullDataFromTargetClosedEmbeddingClosednessNormalizedSourceEndpointToTargetClosedEmbeddingClosednessDirectRouteW1114.lean:393:  productSuccessClaimed := false
LeanLCAExactChallenge/Derived/ClosedMapBoundaryRelationTargetSurjectiveCompactClosedEmbeddingClosednessNormalizedSourceEndpointLocalizedUnitFullDataFromUnitStrictExactIsoDataToComponentFieldsDirectRouteW1091.lean:342:  productSuccessClaimed := false
LeanLCAExactChallenge/Derived/SelectedCochainConcreteLeavesStableExactAtRoute.lean:141:  productSuccessClaimed := false
LeanLCAExactChallenge/Derived/W987RelationFieldsComparisonGuardW1508.lean:291:  productSuccessClaimed := false
LeanLCAExactChallenge/Derived/ClosedMapBoundaryRelationTargetSurjectiveCompactClosedEmbeddingClosednessNormalizedSourceEndpointLocalizedUnitFullDataFromBranchFullDataToTargetClosedEmbeddingClosednessNormalizedSourceEndpointDirectRouteW1079.lean:338:  productSuccessClaimed := false
LeanLCAExactChallenge/Derived/ClosedMapBoundaryRelationTargetSurjectiveCompactClosedEmbeddingClosednessNormalizedSourceEndpointLocalizedUnitFullDataClosedMapTargetNoUnivLocalizedUnitStableConvergenceFieldSplitGuardW1393.lean:145:  productSuccessClaimed := false
LeanLCAExactChallenge/Derived/TargetHomologyZeroW664SourceTriangulationTerminalProductRoute.lean:161:  productSuccessClaimed := false
LeanLCAExactChallenge/Derived/W987MappedCokernelEmbeddingFieldDataConstructionGuardW1482.lean:2205:  productSuccessClaimed := false
LeanLCAExactChallenge/Derived/ClosedMapBoundaryRelationTargetSurjectiveCompactClosedEmbeddingClosednessNormalizedSourceEndpointLocalizedUnitFullDataFromBranchFullDataToTargetClosedEmbeddingClosednessNormalizedSourceEndpointDirectRouteW1205.lean:344:  productSuccessClaimed := false
LeanLCAExactChallenge/Derived/ClosedMapBoundaryRelationTargetSurjectiveCompactClosedEmbeddingClosednessNormalizedSourceEndpointLocalizedUnitFullDataFromComponentFieldsToCurrentFullDataDirectRouteW1063.lean:325:  productSuccessClaimed := false
