audit/RequiredDeclarations.lean:1137:  LeanLCAExactChallenge.Dbounded.directFiniteShapeStableDataOfClosedMapTargetHomologyZeroBoundarySourcePiZeroW792
audit/RequiredDeclarations.lean:1139:  LeanLCAExactChallenge.Dbounded.directFiniteShapeStableDataOfClosedEmbeddingTargetHomologyZeroBoundarySourcePiZeroW792
audit/RequiredDeclarations.lean:1141:  LeanLCAExactChallenge.Dbounded.stableBoundaryInputsOfClosedMapTargetHomologyZeroBoundarySourcePiZeroW792
audit/RequiredDeclarations.lean:1143:  LeanLCAExactChallenge.Dbounded.stableBoundaryInputsOfClosedEmbeddingTargetHomologyZeroBoundarySourcePiZeroW792
audit/RequiredDeclarations.lean:1145:  LeanLCAExactChallenge.Dbounded.acceptedStableOfClosedMapTargetHomologyZeroBoundarySourcePiZeroW792
audit/RequiredDeclarations.lean:1147:  LeanLCAExactChallenge.Dbounded.acceptedStableOfClosedEmbeddingTargetHomologyZeroBoundarySourcePiZeroW792
audit/RequiredDeclarations.lean:1149:  LeanLCAExactChallenge.Dbounded.boundedDerivedOfClosedMapTargetHomologyZeroBoundarySourcePiZeroStableBoundaryW792
audit/RequiredDeclarations.lean:1151:  LeanLCAExactChallenge.Dbounded.boundedDerivedOfClosedEmbeddingTargetHomologyZeroBoundarySourcePiZeroStableBoundaryW792
audit/ProductSuccessDeclarations.lean:9691:    Dbounded.directFiniteShapeStableDataOfClosedMapTargetHomologyZeroBoundarySourcePiZeroW792
audit/ProductSuccessDeclarations.lean:9693:    Dbounded.directFiniteShapeStableDataOfClosedEmbeddingTargetHomologyZeroBoundarySourcePiZeroW792
audit/ProductSuccessDeclarations.lean:9695:    Dbounded.stableBoundaryInputsOfClosedMapTargetHomologyZeroBoundarySourcePiZeroW792
audit/ProductSuccessDeclarations.lean:9697:    Dbounded.stableBoundaryInputsOfClosedEmbeddingTargetHomologyZeroBoundarySourcePiZeroW792
audit/ProductSuccessDeclarations.lean:9698:  #check Dbounded.acceptedStableOfClosedMapTargetHomologyZeroBoundarySourcePiZeroW792
audit/ProductSuccessDeclarations.lean:9700:    Dbounded.acceptedStableOfClosedEmbeddingTargetHomologyZeroBoundarySourcePiZeroW792
audit/ProductSuccessDeclarations.lean:9702:    Dbounded.boundedDerivedOfClosedMapTargetHomologyZeroBoundarySourcePiZeroStableBoundaryW792
audit/ProductSuccessDeclarations.lean:9704:    Dbounded.boundedDerivedOfClosedEmbeddingTargetHomologyZeroBoundarySourcePiZeroStableBoundaryW792
LeanLCAExactChallenge/Derived/TargetHomologyZeroBoundarySourcePiZeroProductRoute.lean:168:    directFiniteShapeStableDataOfClosedMapTargetHomologyZeroBoundarySourcePiZeroW792
LeanLCAExactChallenge/Derived/TargetHomologyZeroBoundarySourcePiZeroProductRoute.lean:177:    directFiniteShapeStableDataOfClosedEmbeddingTargetHomologyZeroBoundarySourcePiZeroW792
LeanLCAExactChallenge/Derived/TargetHomologyZeroBoundarySourcePiZeroProductRoute.lean:186:    stableBoundaryInputsOfClosedMapTargetHomologyZeroBoundarySourcePiZeroW792
LeanLCAExactChallenge/Derived/TargetHomologyZeroBoundarySourcePiZeroProductRoute.lean:195:    stableBoundaryInputsOfClosedEmbeddingTargetHomologyZeroBoundarySourcePiZeroW792
LeanLCAExactChallenge/Derived/TargetHomologyZeroBoundarySourcePiZeroProductRoute.lean:204:    acceptedStableOfClosedMapTargetHomologyZeroBoundarySourcePiZeroW792
LeanLCAExactChallenge/Derived/TargetHomologyZeroBoundarySourcePiZeroProductRoute.lean:215:    acceptedStableOfClosedEmbeddingTargetHomologyZeroBoundarySourcePiZeroW792
LeanLCAExactChallenge/Derived/TargetHomologyZeroBoundarySourcePiZeroProductRoute.lean:224:    boundedDerivedOfClosedMapTargetHomologyZeroBoundarySourcePiZeroStableBoundaryW792
LeanLCAExactChallenge/Derived/TargetHomologyZeroBoundarySourcePiZeroProductRoute.lean:236:    boundedDerivedOfClosedEmbeddingTargetHomologyZeroBoundarySourcePiZeroStableBoundaryW792
LeanLCAExactChallenge/Derived/TargetHomologyZeroBoundarySourcePiZeroProductRoute.lean:289:      "directFiniteShapeStableDataOfClosedMapTargetHomologyZeroBoundarySourcePiZeroW792",
LeanLCAExactChallenge/Derived/TargetHomologyZeroBoundarySourcePiZeroProductRoute.lean:290:      "directFiniteShapeStableDataOfClosedEmbeddingTargetHomologyZeroBoundarySourcePiZeroW792",
LeanLCAExactChallenge/Derived/TargetHomologyZeroBoundarySourcePiZeroProductRoute.lean:291:      "stableBoundaryInputsOfClosedMapTargetHomologyZeroBoundarySourcePiZeroW792",
LeanLCAExactChallenge/Derived/TargetHomologyZeroBoundarySourcePiZeroProductRoute.lean:292:      "stableBoundaryInputsOfClosedEmbeddingTargetHomologyZeroBoundarySourcePiZeroW792",
LeanLCAExactChallenge/Derived/TargetHomologyZeroBoundarySourcePiZeroProductRoute.lean:293:      "acceptedStableOfClosedMapTargetHomologyZeroBoundarySourcePiZeroW792",
LeanLCAExactChallenge/Derived/TargetHomologyZeroBoundarySourcePiZeroProductRoute.lean:294:      "acceptedStableOfClosedEmbeddingTargetHomologyZeroBoundarySourcePiZeroW792",
LeanLCAExactChallenge/Derived/TargetHomologyZeroBoundarySourcePiZeroProductRoute.lean:295:      "boundedDerivedOfClosedMapTargetHomologyZeroBoundarySourcePiZeroStableBoundaryW792",
LeanLCAExactChallenge/Derived/TargetHomologyZeroBoundarySourcePiZeroProductRoute.lean:296:      "boundedDerivedOfClosedEmbeddingTargetHomologyZeroBoundarySourcePiZeroStableBoundaryW792",
audit/OriginalFourTaskCompletionDeclarations.lean:929:  LeanLCAExactChallenge.Dbounded.directFiniteShapeStableDataOfClosedMapTargetHomologyZeroBoundarySourcePiZeroW792
audit/OriginalFourTaskCompletionDeclarations.lean:931:  LeanLCAExactChallenge.Dbounded.directFiniteShapeStableDataOfClosedEmbeddingTargetHomologyZeroBoundarySourcePiZeroW792
audit/OriginalFourTaskCompletionDeclarations.lean:933:  LeanLCAExactChallenge.Dbounded.stableBoundaryInputsOfClosedMapTargetHomologyZeroBoundarySourcePiZeroW792
audit/OriginalFourTaskCompletionDeclarations.lean:935:  LeanLCAExactChallenge.Dbounded.stableBoundaryInputsOfClosedEmbeddingTargetHomologyZeroBoundarySourcePiZeroW792
audit/OriginalFourTaskCompletionDeclarations.lean:937:  LeanLCAExactChallenge.Dbounded.acceptedStableOfClosedMapTargetHomologyZeroBoundarySourcePiZeroW792
audit/OriginalFourTaskCompletionDeclarations.lean:939:  LeanLCAExactChallenge.Dbounded.acceptedStableOfClosedEmbeddingTargetHomologyZeroBoundarySourcePiZeroW792
audit/OriginalFourTaskCompletionDeclarations.lean:941:  LeanLCAExactChallenge.Dbounded.boundedDerivedOfClosedMapTargetHomologyZeroBoundarySourcePiZeroStableBoundaryW792
audit/OriginalFourTaskCompletionDeclarations.lean:943:  LeanLCAExactChallenge.Dbounded.boundedDerivedOfClosedEmbeddingTargetHomologyZeroBoundarySourcePiZeroStableBoundaryW792
