pattern=directLeftCalculusOfLeftRightComparisonDirectFiniteShapeW769
LeanLCAExactChallenge/Derived/DirectFiniteShapeProductRoute.lean:110:@[reducible] noncomputable def directLeftCalculusOfLeftRightComparisonDirectFiniteShapeW769
LeanLCAExactChallenge/Derived/DirectFiniteShapeProductRoute.lean:128:    Dbounded.directLeftCalculusOfLeftRightComparisonDirectFiniteShapeW769 data
LeanLCAExactChallenge/Derived/DirectFiniteShapeProductRoute.lean:132:      Dbounded.directLeftCalculusOfLeftRightComparisonDirectFiniteShapeW769 data
LeanLCAExactChallenge/Derived/DirectFiniteShapeProductRoute.lean:136:    simpa [Dbounded.directLeftCalculusOfLeftRightComparisonDirectFiniteShapeW769,
LeanLCAExactChallenge/Derived/DirectFiniteShapeProductRoute.lean:263:      "directLeftCalculusOfLeftRightComparisonDirectFiniteShapeW769",
LeanLCAExactChallenge/Derived/DirectFiniteShapeProductRoute.lean:303:#check Dbounded.directLeftCalculusOfLeftRightComparisonDirectFiniteShapeW769
audit/RequiredDeclarations.lean:803:  LeanLCAExactChallenge.Dbounded.directLeftCalculusOfLeftRightComparisonDirectFiniteShapeW769
audit/OriginalFourTaskCompletionDeclarations.lean:595:  LeanLCAExactChallenge.Dbounded.directLeftCalculusOfLeftRightComparisonDirectFiniteShapeW769
audit/ProductSuccessDeclarations.lean:9025:    Dbounded.directLeftCalculusOfLeftRightComparisonDirectFiniteShapeW769
rg_exit=0
pattern=stableBoundaryInputsOfLeftRightComparisonDirectFiniteShapeW769
LeanLCAExactChallenge/Derived/DirectFiniteShapeProductRoute.lean:123:noncomputable def stableBoundaryInputsOfLeftRightComparisonDirectFiniteShapeW769
LeanLCAExactChallenge/Derived/DirectFiniteShapeProductRoute.lean:149:    (Dbounded.stableBoundaryInputsOfLeftRightComparisonDirectFiniteShapeW769 data)
LeanLCAExactChallenge/Derived/DirectFiniteShapeProductRoute.lean:159:    (Dbounded.stableBoundaryInputsOfLeftRightComparisonDirectFiniteShapeW769 data)
LeanLCAExactChallenge/Derived/DirectFiniteShapeProductRoute.lean:264:      "stableBoundaryInputsOfLeftRightComparisonDirectFiniteShapeW769",
LeanLCAExactChallenge/Derived/DirectFiniteShapeProductRoute.lean:304:#check Dbounded.stableBoundaryInputsOfLeftRightComparisonDirectFiniteShapeW769
audit/RequiredDeclarations.lean:805:  LeanLCAExactChallenge.Dbounded.stableBoundaryInputsOfLeftRightComparisonDirectFiniteShapeW769
audit/ProductSuccessDeclarations.lean:9027:    Dbounded.stableBoundaryInputsOfLeftRightComparisonDirectFiniteShapeW769
audit/OriginalFourTaskCompletionDeclarations.lean:597:  LeanLCAExactChallenge.Dbounded.stableBoundaryInputsOfLeftRightComparisonDirectFiniteShapeW769
rg_exit=0
pattern=acceptedStableBoundedDerivedInfinityCategoryOfLeftRightComparisonDirectFiniteShapeW769
LeanLCAExactChallenge/Derived/DirectFiniteShapeProductRoute.lean:144:    acceptedStableBoundedDerivedInfinityCategoryOfLeftRightComparisonDirectFiniteShapeW769
LeanLCAExactChallenge/Derived/DirectFiniteShapeProductRoute.lean:306:  Dbounded.acceptedStableBoundedDerivedInfinityCategoryOfLeftRightComparisonDirectFiniteShapeW769
audit/RequiredDeclarations.lean:807:  LeanLCAExactChallenge.Dbounded.acceptedStableBoundedDerivedInfinityCategoryOfLeftRightComparisonDirectFiniteShapeW769
audit/ProductSuccessDeclarations.lean:9029:    Dbounded.acceptedStableBoundedDerivedInfinityCategoryOfLeftRightComparisonDirectFiniteShapeW769
audit/OriginalFourTaskCompletionDeclarations.lean:599:  LeanLCAExactChallenge.Dbounded.acceptedStableBoundedDerivedInfinityCategoryOfLeftRightComparisonDirectFiniteShapeW769
rg_exit=0
pattern=boundedDerivedInfinityCategoryOfLeftRightComparisonDirectFiniteShapeStableBoundaryW769
LeanLCAExactChallenge/Derived/DirectFiniteShapeProductRoute.lean:153:    boundedDerivedInfinityCategoryOfLeftRightComparisonDirectFiniteShapeStableBoundaryW769
LeanLCAExactChallenge/Derived/DirectFiniteShapeProductRoute.lean:308:  Dbounded.boundedDerivedInfinityCategoryOfLeftRightComparisonDirectFiniteShapeStableBoundaryW769
audit/RequiredDeclarations.lean:809:  LeanLCAExactChallenge.Dbounded.boundedDerivedInfinityCategoryOfLeftRightComparisonDirectFiniteShapeStableBoundaryW769
audit/ProductSuccessDeclarations.lean:9031:    Dbounded.boundedDerivedInfinityCategoryOfLeftRightComparisonDirectFiniteShapeStableBoundaryW769
audit/OriginalFourTaskCompletionDeclarations.lean:601:  LeanLCAExactChallenge.Dbounded.boundedDerivedInfinityCategoryOfLeftRightComparisonDirectFiniteShapeStableBoundaryW769
rg_exit=0
pattern=leftRightComparisonDirectFiniteShapeStableBoundaryInputNamesW769_count
LeanLCAExactChallenge/Derived/DirectFiniteShapeProductRoute.lean:234:theorem leftRightComparisonDirectFiniteShapeStableBoundaryInputNamesW769_count :
LeanLCAExactChallenge/Derived/DirectFiniteShapeProductRoute.lean:274:      "leftRightComparisonDirectFiniteShapeStableBoundaryInputNamesW769_count"]
LeanLCAExactChallenge/Derived/DirectFiniteShapeProductRoute.lean:309:#check Dbounded.leftRightComparisonDirectFiniteShapeStableBoundaryInputNamesW769_count
audit/RequiredDeclarations.lean:811:  LeanLCAExactChallenge.Dbounded.leftRightComparisonDirectFiniteShapeStableBoundaryInputNamesW769_count
audit/OriginalFourTaskCompletionDeclarations.lean:603:  LeanLCAExactChallenge.Dbounded.leftRightComparisonDirectFiniteShapeStableBoundaryInputNamesW769_count
audit/ProductSuccessDeclarations.lean:9040:    Dbounded.leftRightComparisonDirectFiniteShapeStableBoundaryInputNamesW769_count
rg_exit=0
exit=0
