LeanLCAExactChallenge/Derived/TargetHomologyZeroClosedRangeTargetIsoSelectedW461RowsProductRoute.lean:154:noncomputable def directFiniteShapeStableDataOfClosedMapTargetHomologyZeroClosedRangeW789
LeanLCAExactChallenge/Derived/TargetHomologyZeroClosedRangeTargetIsoSelectedW461RowsProductRoute.lean:162:    directFiniteShapeStableDataOfClosedEmbeddingTargetHomologyZeroClosedRangeW789
LeanLCAExactChallenge/Derived/TargetHomologyZeroClosedRangeTargetIsoSelectedW461RowsProductRoute.lean:170:noncomputable def stableBoundaryInputsOfClosedMapTargetHomologyZeroClosedRangeW789
LeanLCAExactChallenge/Derived/TargetHomologyZeroClosedRangeTargetIsoSelectedW461RowsProductRoute.lean:178:    stableBoundaryInputsOfClosedEmbeddingTargetHomologyZeroClosedRangeW789
LeanLCAExactChallenge/Derived/TargetHomologyZeroClosedRangeTargetIsoSelectedW461RowsProductRoute.lean:186:noncomputable def acceptedStableOfClosedMapTargetHomologyZeroClosedRangeW789
LeanLCAExactChallenge/Derived/TargetHomologyZeroClosedRangeTargetIsoSelectedW461RowsProductRoute.lean:195:noncomputable def acceptedStableOfClosedEmbeddingTargetHomologyZeroClosedRangeW789
LeanLCAExactChallenge/Derived/TargetHomologyZeroClosedRangeTargetIsoSelectedW461RowsProductRoute.lean:204:    boundedDerivedOfClosedMapTargetHomologyZeroClosedRangeStableBoundaryW789
LeanLCAExactChallenge/Derived/TargetHomologyZeroClosedRangeTargetIsoSelectedW461RowsProductRoute.lean:213:    boundedDerivedOfClosedEmbeddingTargetHomologyZeroClosedRangeStableBoundaryW789
LeanLCAExactChallenge/Derived/TargetHomologyZeroClosedRangeTargetIsoSelectedW461RowsProductRoute.lean:266:      "directFiniteShapeStableDataOfClosedMapTargetHomologyZeroClosedRangeW789",
LeanLCAExactChallenge/Derived/TargetHomologyZeroClosedRangeTargetIsoSelectedW461RowsProductRoute.lean:267:      "directFiniteShapeStableDataOfClosedEmbeddingTargetHomologyZeroClosedRangeW789",
LeanLCAExactChallenge/Derived/TargetHomologyZeroClosedRangeTargetIsoSelectedW461RowsProductRoute.lean:268:      "stableBoundaryInputsOfClosedMapTargetHomologyZeroClosedRangeW789",
LeanLCAExactChallenge/Derived/TargetHomologyZeroClosedRangeTargetIsoSelectedW461RowsProductRoute.lean:269:      "stableBoundaryInputsOfClosedEmbeddingTargetHomologyZeroClosedRangeW789",
LeanLCAExactChallenge/Derived/TargetHomologyZeroClosedRangeTargetIsoSelectedW461RowsProductRoute.lean:270:      "acceptedStableOfClosedMapTargetHomologyZeroClosedRangeW789",
LeanLCAExactChallenge/Derived/TargetHomologyZeroClosedRangeTargetIsoSelectedW461RowsProductRoute.lean:271:      "acceptedStableOfClosedEmbeddingTargetHomologyZeroClosedRangeW789",
LeanLCAExactChallenge/Derived/TargetHomologyZeroClosedRangeTargetIsoSelectedW461RowsProductRoute.lean:272:      "boundedDerivedOfClosedMapTargetHomologyZeroClosedRangeStableBoundaryW789",
LeanLCAExactChallenge/Derived/TargetHomologyZeroClosedRangeTargetIsoSelectedW461RowsProductRoute.lean:273:      "boundedDerivedOfClosedEmbeddingTargetHomologyZeroClosedRangeStableBoundaryW789",
audit/RequiredDeclarations.lean:1086:  LeanLCAExactChallenge.Dbounded.directFiniteShapeStableDataOfClosedMapTargetHomologyZeroClosedRangeW789
audit/RequiredDeclarations.lean:1088:  LeanLCAExactChallenge.Dbounded.directFiniteShapeStableDataOfClosedEmbeddingTargetHomologyZeroClosedRangeW789
audit/RequiredDeclarations.lean:1090:  LeanLCAExactChallenge.Dbounded.stableBoundaryInputsOfClosedMapTargetHomologyZeroClosedRangeW789
audit/RequiredDeclarations.lean:1092:  LeanLCAExactChallenge.Dbounded.stableBoundaryInputsOfClosedEmbeddingTargetHomologyZeroClosedRangeW789
audit/RequiredDeclarations.lean:1094:  LeanLCAExactChallenge.Dbounded.acceptedStableOfClosedMapTargetHomologyZeroClosedRangeW789
audit/RequiredDeclarations.lean:1096:  LeanLCAExactChallenge.Dbounded.acceptedStableOfClosedEmbeddingTargetHomologyZeroClosedRangeW789
audit/RequiredDeclarations.lean:1098:  LeanLCAExactChallenge.Dbounded.boundedDerivedOfClosedMapTargetHomologyZeroClosedRangeStableBoundaryW789
audit/RequiredDeclarations.lean:1100:  LeanLCAExactChallenge.Dbounded.boundedDerivedOfClosedEmbeddingTargetHomologyZeroClosedRangeStableBoundaryW789
audit/ProductSuccessDeclarations.lean:9596:  #check Dbounded.directFiniteShapeStableDataOfClosedMapTargetHomologyZeroClosedRangeW789
audit/ProductSuccessDeclarations.lean:9598:    Dbounded.directFiniteShapeStableDataOfClosedEmbeddingTargetHomologyZeroClosedRangeW789
audit/ProductSuccessDeclarations.lean:9599:  #check Dbounded.stableBoundaryInputsOfClosedMapTargetHomologyZeroClosedRangeW789
audit/ProductSuccessDeclarations.lean:9601:    Dbounded.stableBoundaryInputsOfClosedEmbeddingTargetHomologyZeroClosedRangeW789
audit/ProductSuccessDeclarations.lean:9602:  #check Dbounded.acceptedStableOfClosedMapTargetHomologyZeroClosedRangeW789
audit/ProductSuccessDeclarations.lean:9603:  #check Dbounded.acceptedStableOfClosedEmbeddingTargetHomologyZeroClosedRangeW789
audit/ProductSuccessDeclarations.lean:9605:    Dbounded.boundedDerivedOfClosedMapTargetHomologyZeroClosedRangeStableBoundaryW789
audit/ProductSuccessDeclarations.lean:9607:    Dbounded.boundedDerivedOfClosedEmbeddingTargetHomologyZeroClosedRangeStableBoundaryW789
audit/OriginalFourTaskCompletionDeclarations.lean:878:  LeanLCAExactChallenge.Dbounded.directFiniteShapeStableDataOfClosedMapTargetHomologyZeroClosedRangeW789
audit/OriginalFourTaskCompletionDeclarations.lean:880:  LeanLCAExactChallenge.Dbounded.directFiniteShapeStableDataOfClosedEmbeddingTargetHomologyZeroClosedRangeW789
audit/OriginalFourTaskCompletionDeclarations.lean:882:  LeanLCAExactChallenge.Dbounded.stableBoundaryInputsOfClosedMapTargetHomologyZeroClosedRangeW789
audit/OriginalFourTaskCompletionDeclarations.lean:884:  LeanLCAExactChallenge.Dbounded.stableBoundaryInputsOfClosedEmbeddingTargetHomologyZeroClosedRangeW789
audit/OriginalFourTaskCompletionDeclarations.lean:886:  LeanLCAExactChallenge.Dbounded.acceptedStableOfClosedMapTargetHomologyZeroClosedRangeW789
audit/OriginalFourTaskCompletionDeclarations.lean:888:  LeanLCAExactChallenge.Dbounded.acceptedStableOfClosedEmbeddingTargetHomologyZeroClosedRangeW789
audit/OriginalFourTaskCompletionDeclarations.lean:890:  LeanLCAExactChallenge.Dbounded.boundedDerivedOfClosedMapTargetHomologyZeroClosedRangeStableBoundaryW789
audit/OriginalFourTaskCompletionDeclarations.lean:892:  LeanLCAExactChallenge.Dbounded.boundedDerivedOfClosedEmbeddingTargetHomologyZeroClosedRangeStableBoundaryW789
