## goal-clean-positive-witness-20260607...origin/goal-clean-positive-witness-20260607
 M LeanLCAExactChallenge/Derived/HomotopyObjectTriangulatedSelectedW461RowsProductRoute.lean
 M audit/OriginalFourTaskCompletionDeclarations.lean
 M audit/ProductSuccessDeclarations.lean
 M audit/RequiredDeclarations.lean
 M run/goal_identity_20260602_human_centered_positive_witness.json
?? run/w_clean_20260607_w782_homotopy_object_boundary_build.log
?? run/w_clean_20260607_w782_homotopy_object_boundary_build_local_warning_scan.log
?? run/w_clean_20260607_w782_homotopy_object_boundary_checkpoint.md
?? run/w_clean_20260607_w782_homotopy_object_boundary_completion_claim_post_scan.log
?? run/w_clean_20260607_w782_homotopy_object_boundary_completion_claim_scan.log
?? run/w_clean_20260607_w782_homotopy_object_boundary_contract_hashes.log
?? run/w_clean_20260607_w782_homotopy_object_boundary_declaration_presence.log
?? run/w_clean_20260607_w782_homotopy_object_boundary_diff_check.log
?? run/w_clean_20260607_w782_homotopy_object_boundary_false_claim_scan.log
?? run/w_clean_20260607_w782_homotopy_object_boundary_forbidden_tokens.log
?? run/w_clean_20260607_w782_homotopy_object_boundary_head_before.log
?? run/w_clean_20260607_w782_homotopy_object_boundary_homotopy_object_lean.log
?? run/w_clean_20260607_w782_homotopy_object_boundary_lsremote_before.log
?? run/w_clean_20260607_w782_homotopy_object_boundary_origin_main_before.log
?? run/w_clean_20260607_w782_homotopy_object_boundary_original_four_task_declarations.log
?? run/w_clean_20260607_w782_homotopy_object_boundary_post_verify_status.log
?? run/w_clean_20260607_w782_homotopy_object_boundary_product_success_declarations.log
?? run/w_clean_20260607_w782_homotopy_object_boundary_required_declarations.log
?? run/w_clean_20260607_w782_homotopy_object_boundary_status_before.log
?? run/w_clean_20260607_w782_homotopy_object_boundary_terminal_false_scan.log
?? run/w_clean_20260607_w782_homotopy_object_boundary_terminal_outcome_summary.log
?? run/w_clean_20260607_w782_homotopy_object_boundary_true_boolean_scan.log
?? run/w_clean_20260607_w782_homotopy_object_boundary_verification_summary.log
?? run/w_clean_20260607_w782_homotopy_object_boundary_warning_error_scan.log
