checkpoint=w_clean_20260607_w778_left_snake_boundary
terminal_outcome=nonterminal
product_success=false
overall=0

commands:
- lake env lean LeanLCAExactChallenge/Derived/LeftSnakeDirectRightLcaNormalizedClosedRangeProductRoute.lean
- lake build LeanLCAExactChallenge.Derived.LeftSnakeDirectRightLcaNormalizedClosedRangeProductRoute
- lake env lean audit/RequiredDeclarations.lean
- lake env lean audit/ProductSuccessDeclarations.lean
- lake env lean audit/OriginalFourTaskCompletionDeclarations.lean
- git diff --check
- scripts/audit_no_forbidden_lean_tokens.sh LeanLCAExactChallenge/Derived/LeftSnakeDirectRightLcaNormalizedClosedRangeProductRoute.lean

results:
- W778 Lean file: exit 0, no output.
- W778 Lake build: exit 0; dependency warnings are pre-existing and the local W778 warning scan is empty.
- RequiredDeclarations: exit 0.
- ProductSuccessDeclarations: exit 0.
- OriginalFourTaskCompletionDeclarations: exit 0.
- git diff --check: exit 0.
- forbidden Lean token audit: exit 0.
- declaration presence scan: all 8 W778 stable-boundary declarations found in source and audit surfaces.
- true/product-success scan: empty.
- terminal false scan: productSuccessClaimed remains false and terminal_outcome remains nonterminal.

notes:
- Initial parallel audit runs raced the W778 .olean build and failed with a missing object-file error. After the module build generated .olean files, RequiredDeclarations, ProductSuccessDeclarations, and OriginalFourTaskCompletionDeclarations all passed. The raw failed logs were overwritten by the successful reruns before compression.
- This checkpoint connects W778 left/Snake direct-right-LCA normalized closed-range branch data to the existing W774/W773/W769 canonical stable-boundary gate. It does not claim full product success.
