completion claim post scan for W807 target ExactAt W663 direct bundle reduction stable boundary
LeanLCAExactChallenge/Derived/TargetExactAtW663DirectBundleReductionProductRoute.lean:424:  productSuccessClaimed : Bool
LeanLCAExactChallenge/Derived/TargetExactAtW663DirectBundleReductionProductRoute.lean:477:  productSuccessClaimed := false
LeanLCAExactChallenge/Derived/TargetExactAtW663DirectBundleReductionProductRoute.lean:482:      state.productSuccessClaimed) =
audit/ProductSuccessDeclarations.lean:23302:#check LeanLCAExactChallenge.Dbounded.originalFourTaskContractCompletion_productSuccessClaimed
audit/OriginalFourTaskCompletionDeclarations.lean:1324:    Dbounded.currentMetrizableSemanticStableRouteState.productSuccessClaimed = false :=
audit/OriginalFourTaskCompletionDeclarations.lean:1520:    Dbounded.currentMetrizableSelectedCochainClosed2RouteStateW848.productSuccessClaimed =
audit/OriginalFourTaskCompletionDeclarations.lean:1530:    Dbounded.currentMetrizableSelectedCochainExactInputsRouteStateW849.productSuccessClaimed =
audit/OriginalFourTaskCompletionDeclarations.lean:1540:    Dbounded.currentMetrizableExactInputsSelectedCochainDirectSourceStableRouteStateW850.productSuccessClaimed =
audit/OriginalFourTaskCompletionDeclarations.lean:1550:    Dbounded.currentMetrizableComparisonSelectedCochainStableRouteStateW851.productSuccessClaimed =
audit/OriginalFourTaskCompletionDeclarations.lean:1560:    Dbounded.currentMetrizableRouteDataSelectedCochainStableRouteStateW852.productSuccessClaimed =
audit/OriginalFourTaskCompletionDeclarations.lean:1570:    Dbounded.currentMetrizableHomologyFreeSelectedCochainStableRouteStateW853.productSuccessClaimed =
audit/OriginalFourTaskCompletionDeclarations.lean:1580:    Dbounded.currentMetrizableHomologyFreeProviderFromRouteDataStateW854.productSuccessClaimed =
audit/OriginalFourTaskCompletionDeclarations.lean:1589:    Dbounded.currentMetrizableComparisonBijectivityRouteDataProviderStateW855.productSuccessClaimed =
audit/OriginalFourTaskCompletionDeclarations.lean:1602:    Dbounded.currentMetrizableEndpointFactsHomologyFreeRouteDataStateW856.productSuccessClaimed =
audit/OriginalFourTaskCompletionDeclarations.lean:1619:    Dbounded.currentMetrizableEndpointKernelCokernelFromClosednessBranchStateW857.productSuccessClaimed =
audit/OriginalFourTaskCompletionDeclarations.lean:1633:    Dbounded.currentMetrizableEndpointKernelCokernelLocalizedRouteStateW858.productSuccessClaimed =
audit/OriginalFourTaskCompletionDeclarations.lean:1652:    Dbounded.currentMetrizableClosednessBranchTargetExactAtRouteStateW859.productSuccessClaimed =
audit/OriginalFourTaskCompletionDeclarations.lean:1667:    Dbounded.currentMetrizableEndpointLocalizedClosednessBranchTargetExactAtRouteStateW860.productSuccessClaimed =
audit/OriginalFourTaskCompletionDeclarations.lean:1682:    Dbounded.currentMetrizableConcreteLeavesTargetExactAtRouteStateW861.productSuccessClaimed =
audit/OriginalFourTaskCompletionDeclarations.lean:1699:      state.productSuccessClaimed) =
audit/OriginalFourTaskCompletionDeclarations.lean:1715:      state.productSuccessClaimed) =
audit/OriginalFourTaskCompletionDeclarations.lean:1732:      state.productSuccessClaimed) =
audit/OriginalFourTaskCompletionDeclarations.lean:1749:      state.productSuccessClaimed) =
audit/OriginalFourTaskCompletionDeclarations.lean:1766:      state.productSuccessClaimed) =
audit/OriginalFourTaskCompletionDeclarations.lean:1783:      state.productSuccessClaimed) =
audit/OriginalFourTaskCompletionDeclarations.lean:1800:      state.productSuccessClaimed) =
audit/OriginalFourTaskCompletionDeclarations.lean:1812:      state.productSuccessClaimed) =
audit/OriginalFourTaskCompletionDeclarations.lean:1824:      state.productSuccessClaimed) =
audit/OriginalFourTaskCompletionDeclarations.lean:1836:      state.productSuccessClaimed) =
audit/OriginalFourTaskCompletionDeclarations.lean:1848:      state.productSuccessClaimed) =
audit/OriginalFourTaskCompletionDeclarations.lean:1860:      state.productSuccessClaimed) =
audit/OriginalFourTaskCompletionDeclarations.lean:1872:      state.productSuccessClaimed) =
audit/OriginalFourTaskCompletionDeclarations.lean:1881:    Dbounded.currentMetrizableW732SelectedCochainStableExactAtRouteStateW875.productSuccessClaimed =
audit/OriginalFourTaskCompletionDeclarations.lean:1890:    Dbounded.currentMetrizableW735W732SelectedCochainStableExactAtRouteStateW876.productSuccessClaimed =
audit/OriginalFourTaskCompletionDeclarations.lean:1900:    Dbounded.currentMetrizableConcreteLeavesSelectedCochainStableExactAtRouteStateW877.productSuccessClaimed =
audit/OriginalFourTaskCompletionDeclarations.lean:1916:    Dbounded.currentMetrizableSelectedCochainConcreteLeavesStableExactAtRouteStateW878.productSuccessClaimed =
audit/OriginalFourTaskCompletionDeclarations.lean:1931:    Dbounded.currentMetrizableComparisonConcreteLeavesStableExactAtRouteStateW879.productSuccessClaimed =
audit/OriginalFourTaskCompletionDeclarations.lean:1946:    Dbounded.currentMetrizableHomologyFreeComparisonConcreteLeavesStableExactAtRouteStateW880.productSuccessClaimed =
audit/OriginalFourTaskCompletionDeclarations.lean:1961:    Dbounded.currentMetrizableEndpointLocalizedComparisonConcreteLeavesStableExactAtRouteStateW881.productSuccessClaimed =
audit/OriginalFourTaskCompletionDeclarations.lean:1976:    Dbounded.currentMetrizableW732ComparisonConcreteLeavesStableExactAtRouteStateW882.productSuccessClaimed =
audit/OriginalFourTaskCompletionDeclarations.lean:1986:    Dbounded.currentMetrizableConcreteLeavesComparisonStableExactAtRouteStateW883.productSuccessClaimed =
audit/OriginalFourTaskCompletionDeclarations.lean:2002:    Dbounded.currentMetrizableSourceTriangulationComparisonStableExactAtRouteStateW884.productSuccessClaimed =
audit/OriginalFourTaskCompletionDeclarations.lean:2018:    Dbounded.currentMetrizableSourceTriangulationFieldsComparisonStableExactAtRouteStateW885.productSuccessClaimed =
audit/OriginalFourTaskCompletionDeclarations.lean:2034:    Dbounded.currentMetrizableEndpointFieldsComparisonStableExactAtRouteStateW886.productSuccessClaimed =
audit/OriginalFourTaskCompletionDeclarations.lean:2050:    Dbounded.currentMetrizableLocalizedRightAdjointFieldsComparisonStableExactAtRouteStateW887.productSuccessClaimed =
audit/OriginalFourTaskCompletionDeclarations.lean:2066:    Dbounded.currentMetrizableNormalizedFixedTargetFieldsComparisonStableExactAtRouteStateW888.productSuccessClaimed =
audit/OriginalFourTaskCompletionDeclarations.lean:2082:    Dbounded.currentMetrizableNormalizedLiftBlueprintFieldsComparisonStableExactAtRouteStateW889.productSuccessClaimed =
audit/OriginalFourTaskCompletionDeclarations.lean:2098:    Dbounded.currentMetrizableStrictRepresentativeFieldsComparisonStableExactAtRouteStateW890.productSuccessClaimed =
audit/OriginalFourTaskCompletionDeclarations.lean:2114:    Dbounded.currentMetrizableStrictPreimageObjectFieldsComparisonStableExactAtRouteStateW891.productSuccessClaimed =
audit/OriginalFourTaskCompletionDeclarations.lean:2130:    Dbounded.currentMetrizableStrictPreimageMapFieldsComparisonStableExactAtRouteStateW892.productSuccessClaimed =
audit/OriginalFourTaskCompletionDeclarations.lean:2146:    Dbounded.currentMetrizableBoundaryFieldsComparisonStableExactAtRouteStateW893.productSuccessClaimed =
audit/OriginalFourTaskCompletionDeclarations.lean:2162:    Dbounded.currentMetrizableRelationFieldsComparisonStableExactAtRouteStateW894.productSuccessClaimed =
audit/OriginalFourTaskCompletionDeclarations.lean:2178:    Dbounded.currentMetrizableTargetSurjectiveCompactFieldsComparisonStableExactAtRouteStateW895.productSuccessClaimed =
audit/OriginalFourTaskCompletionDeclarations.lean:2194:    Dbounded.currentMetrizableClosedMapClosednessFieldsComparisonStableExactAtRouteStateW896.productSuccessClaimed =
audit/OriginalFourTaskCompletionDeclarations.lean:2210:    Dbounded.currentMetrizableClosedEmbeddingClosednessFieldsComparisonStableExactAtRouteStateW897.productSuccessClaimed =
audit/OriginalFourTaskCompletionDeclarations.lean:2226:    Dbounded.currentMetrizableClosedEmbeddingEndpointHomologyFreeComparisonStableExactAtRouteStateW898.productSuccessClaimed =
audit/OriginalFourTaskCompletionDeclarations.lean:2242:    Dbounded.currentMetrizableClosedMapEndpointHomologyFreeComparisonStableExactAtRouteStateW899.productSuccessClaimed =
audit/OriginalFourTaskCompletionDeclarations.lean:2259:    Dbounded.currentMetrizableClosedMapEndpointLocalizedAdjointRouteStateW900.productSuccessClaimed =
audit/OriginalFourTaskCompletionDeclarations.lean:2275:    Dbounded.currentMetrizableClosedMapSourceTriangulationEndpointFactsRouteStateW901.productSuccessClaimed =
audit/OriginalFourTaskCompletionDeclarations.lean:2291:    Dbounded.currentMetrizableClosedMapBoundaryDataSourceTriangulationEndpointFactsRouteStateW902.productSuccessClaimed =
audit/OriginalFourTaskCompletionDeclarations.lean:2307:    Dbounded.currentMetrizableClosedMapRelationDataBoundaryEndpointFactsRouteStateW903.productSuccessClaimed =
audit/OriginalFourTaskCompletionDeclarations.lean:2323:    Dbounded.currentMetrizableClosedMapTargetDataEndpointFactsRouteStateW904.productSuccessClaimed =
audit/OriginalFourTaskCompletionDeclarations.lean:2339:    Dbounded.currentMetrizableClosedMapMappedCokernelFieldTargetDataRouteStateW905.productSuccessClaimed =
audit/OriginalFourTaskCompletionDeclarations.lean:2355:    Dbounded.currentMetrizableClosedMapComponentFieldsMappedCokernelFieldTargetDataRouteStateW906.productSuccessClaimed =
audit/OriginalFourTaskCompletionDeclarations.lean:2369:    Dbounded.currentMetrizableClosedMapBoundaryFieldsRouteStateW907.productSuccessClaimed =
audit/OriginalFourTaskCompletionDeclarations.lean:2383:    Dbounded.currentMetrizableClosedMapRelationFieldsRouteStateW908.productSuccessClaimed =
audit/OriginalFourTaskCompletionDeclarations.lean:2397:    Dbounded.currentMetrizableClosedMapTargetFieldsRouteStateW909.productSuccessClaimed =
audit/OriginalFourTaskCompletionDeclarations.lean:2411:    Dbounded.currentMetrizableClosedMapSourceFieldsRouteStateW910.productSuccessClaimed =
audit/OriginalFourTaskCompletionDeclarations.lean:2425:    Dbounded.currentMetrizableClosedMapEndpointFieldsRouteStateW911.productSuccessClaimed =
audit/OriginalFourTaskCompletionDeclarations.lean:2439:    Dbounded.currentMetrizableClosedMapLocalizedRightAdjointFieldsRouteStateW912.productSuccessClaimed =
audit/OriginalFourTaskCompletionDeclarations.lean:2453:    Dbounded.currentMetrizableClosedMapFixedTargetUniqFieldsRouteStateW913.productSuccessClaimed =
audit/OriginalFourTaskCompletionDeclarations.lean:2467:    Dbounded.currentMetrizableClosedMapSelectedDifferenceFieldsRouteStateW914.productSuccessClaimed =
audit/OriginalFourTaskCompletionDeclarations.lean:2481:    Dbounded.currentMetrizableClosedMapTargetRawFieldsRouteStateW915.productSuccessClaimed =
audit/OriginalFourTaskCompletionDeclarations.lean:2495:    Dbounded.currentMetrizableClosedMapRelationRawFieldsRouteStateW916.productSuccessClaimed =
audit/OriginalFourTaskCompletionDeclarations.lean:2509:    Dbounded.currentMetrizableClosedMapBoundaryRawFieldsRouteStateW917.productSuccessClaimed =
audit/OriginalFourTaskCompletionDeclarations.lean:2523:    Dbounded.currentMetrizableClosedMapTriangleCompletionRawFieldBoundaryRawFieldsRouteStateW918.productSuccessClaimed =
audit/OriginalFourTaskCompletionDeclarations.lean:2537:    Dbounded.currentMetrizableClosedMapSourceRawFieldsRouteStateW919.productSuccessClaimed =
audit/OriginalFourTaskCompletionDeclarations.lean:2551:    Dbounded.currentMetrizableClosedMapRelationPrimitiveFieldsRouteStateW920.productSuccessClaimed =
audit/OriginalFourTaskCompletionDeclarations.lean:2567:      state.productSuccessClaimed) =
audit/OriginalFourTaskCompletionDeclarations.lean:2583:      state.productSuccessClaimed) =
audit/OriginalFourTaskCompletionDeclarations.lean:2599:      state.productSuccessClaimed) =
audit/OriginalFourTaskCompletionDeclarations.lean:2615:      state.productSuccessClaimed) =
audit/OriginalFourTaskCompletionDeclarations.lean:2631:      state.productSuccessClaimed) =
audit/OriginalFourTaskCompletionDeclarations.lean:2647:      state.productSuccessClaimed) =
audit/OriginalFourTaskCompletionDeclarations.lean:2663:      state.productSuccessClaimed) =
audit/OriginalFourTaskCompletionDeclarations.lean:2679:      state.productSuccessClaimed) =
audit/OriginalFourTaskCompletionDeclarations.lean:2695:      state.productSuccessClaimed) =
audit/OriginalFourTaskCompletionDeclarations.lean:2711:      state.productSuccessClaimed) =
audit/OriginalFourTaskCompletionDeclarations.lean:2727:      state.productSuccessClaimed) =
audit/OriginalFourTaskCompletionDeclarations.lean:2743:      state.productSuccessClaimed) =
audit/OriginalFourTaskCompletionDeclarations.lean:2759:      state.productSuccessClaimed) =
audit/OriginalFourTaskCompletionDeclarations.lean:2775:      state.productSuccessClaimed) =
audit/OriginalFourTaskCompletionDeclarations.lean:2791:      state.productSuccessClaimed) =
audit/OriginalFourTaskCompletionDeclarations.lean:2807:      state.productSuccessClaimed) =
audit/OriginalFourTaskCompletionDeclarations.lean:2823:      state.productSuccessClaimed) =
audit/OriginalFourTaskCompletionDeclarations.lean:2839:      state.productSuccessClaimed) =
audit/OriginalFourTaskCompletionDeclarations.lean:2855:      state.productSuccessClaimed) =
audit/OriginalFourTaskCompletionDeclarations.lean:2871:      state.productSuccessClaimed) =
audit/OriginalFourTaskCompletionDeclarations.lean:2887:      state.productSuccessClaimed) =
audit/OriginalFourTaskCompletionDeclarations.lean:2903:      state.productSuccessClaimed) =
audit/OriginalFourTaskCompletionDeclarations.lean:2919:      state.productSuccessClaimed) =
audit/OriginalFourTaskCompletionDeclarations.lean:2935:      state.productSuccessClaimed) =
audit/OriginalFourTaskCompletionDeclarations.lean:2952:      state.productSuccessClaimed) =
audit/OriginalFourTaskCompletionDeclarations.lean:2968:      state.productSuccessClaimed) =
audit/OriginalFourTaskCompletionDeclarations.lean:2984:      state.productSuccessClaimed) =
audit/OriginalFourTaskCompletionDeclarations.lean:3000:      state.productSuccessClaimed) =
audit/OriginalFourTaskCompletionDeclarations.lean:3016:      state.productSuccessClaimed) =
audit/OriginalFourTaskCompletionDeclarations.lean:3032:      state.productSuccessClaimed) =
audit/OriginalFourTaskCompletionDeclarations.lean:3048:      state.productSuccessClaimed) =
audit/OriginalFourTaskCompletionDeclarations.lean:3064:      state.productSuccessClaimed) =
audit/OriginalFourTaskCompletionDeclarations.lean:3080:      state.productSuccessClaimed) =
audit/OriginalFourTaskCompletionDeclarations.lean:3096:      state.productSuccessClaimed) =
audit/OriginalFourTaskCompletionDeclarations.lean:3112:      state.productSuccessClaimed) =
audit/OriginalFourTaskCompletionDeclarations.lean:3128:      state.productSuccessClaimed) =
audit/OriginalFourTaskCompletionDeclarations.lean:3144:      state.productSuccessClaimed) =
audit/OriginalFourTaskCompletionDeclarations.lean:3160:      state.productSuccessClaimed) =
audit/OriginalFourTaskCompletionDeclarations.lean:3175:      state.productSuccessClaimed) =
audit/OriginalFourTaskCompletionDeclarations.lean:3190:      state.productSuccessClaimed) =
audit/OriginalFourTaskCompletionDeclarations.lean:3205:      state.productSuccessClaimed) =
audit/OriginalFourTaskCompletionDeclarations.lean:3220:      state.productSuccessClaimed) =
audit/OriginalFourTaskCompletionDeclarations.lean:3235:      state.productSuccessClaimed) =
audit/OriginalFourTaskCompletionDeclarations.lean:3251:      state.productSuccessClaimed) =
audit/OriginalFourTaskCompletionDeclarations.lean:3268:      state.productSuccessClaimed) =
audit/OriginalFourTaskCompletionDeclarations.lean:3285:      state.productSuccessClaimed) =
audit/OriginalFourTaskCompletionDeclarations.lean:3302:      state.productSuccessClaimed) =
audit/OriginalFourTaskCompletionDeclarations.lean:3321:      state.productSuccessClaimed) =
audit/OriginalFourTaskCompletionDeclarations.lean:3341:      state.productSuccessClaimed) =
audit/OriginalFourTaskCompletionDeclarations.lean:3362:      state.productSuccessClaimed) =
audit/OriginalFourTaskCompletionDeclarations.lean:3383:      state.productSuccessClaimed) =
audit/OriginalFourTaskCompletionDeclarations.lean:3404:      state.productSuccessClaimed) =
audit/OriginalFourTaskCompletionDeclarations.lean:3425:      state.productSuccessClaimed) =
audit/OriginalFourTaskCompletionDeclarations.lean:3445:      state.productSuccessClaimed) =
audit/OriginalFourTaskCompletionDeclarations.lean:3465:      state.productSuccessClaimed) =
audit/OriginalFourTaskCompletionDeclarations.lean:3485:      state.productSuccessClaimed) =
audit/OriginalFourTaskCompletionDeclarations.lean:3505:      state.productSuccessClaimed) =
audit/OriginalFourTaskCompletionDeclarations.lean:3525:      state.productSuccessClaimed) =
audit/OriginalFourTaskCompletionDeclarations.lean:3545:      state.productSuccessClaimed) =
audit/OriginalFourTaskCompletionDeclarations.lean:3566:      state.productSuccessClaimed) =
audit/OriginalFourTaskCompletionDeclarations.lean:3593:      state.productSuccessClaimed) =
audit/OriginalFourTaskCompletionDeclarations.lean:3617:      state.productSuccessClaimed) =
audit/OriginalFourTaskCompletionDeclarations.lean:3638:      state.productSuccessClaimed) =
audit/OriginalFourTaskCompletionDeclarations.lean:3668:      state.productSuccessClaimed) =
audit/OriginalFourTaskCompletionDeclarations.lean:3691:      state.productSuccessClaimed) =
audit/OriginalFourTaskCompletionDeclarations.lean:3717:      state.productSuccessClaimed) =
audit/OriginalFourTaskCompletionDeclarations.lean:3740:      state.productSuccessClaimed) =
audit/OriginalFourTaskCompletionDeclarations.lean:3764:      state.productSuccessClaimed) =
audit/OriginalFourTaskCompletionDeclarations.lean:3786:      state.productSuccessClaimed) =
audit/OriginalFourTaskCompletionDeclarations.lean:3810:      state.productSuccessClaimed) =
audit/OriginalFourTaskCompletionDeclarations.lean:3832:      state.productSuccessClaimed) =
audit/OriginalFourTaskCompletionDeclarations.lean:3854:      state.productSuccessClaimed) =
audit/OriginalFourTaskCompletionDeclarations.lean:3878:      state.productSuccessClaimed) =
audit/OriginalFourTaskCompletionDeclarations.lean:3903:      state.productSuccessClaimed) =
audit/OriginalFourTaskCompletionDeclarations.lean:3930:      state.productSuccessClaimed) =
audit/OriginalFourTaskCompletionDeclarations.lean:3958:      state.productSuccessClaimed) =
audit/OriginalFourTaskCompletionDeclarations.lean:3986:      state.productSuccessClaimed) =
audit/OriginalFourTaskCompletionDeclarations.lean:4015:      state.productSuccessClaimed) =
audit/OriginalFourTaskCompletionDeclarations.lean:4050:      state.productSuccessClaimed) =
audit/OriginalFourTaskCompletionDeclarations.lean:4078:      state.productSuccessClaimed) =
audit/OriginalFourTaskCompletionDeclarations.lean:4106:      state.productSuccessClaimed) =
audit/OriginalFourTaskCompletionDeclarations.lean:4133:      state.productSuccessClaimed) =
audit/OriginalFourTaskCompletionDeclarations.lean:4161:      state.productSuccessClaimed) =
audit/OriginalFourTaskCompletionDeclarations.lean:4192:      state.productSuccessClaimed) =
audit/OriginalFourTaskCompletionDeclarations.lean:4224:      state.productSuccessClaimed) =
audit/OriginalFourTaskCompletionDeclarations.lean:4257:      state.productSuccessClaimed) =
audit/OriginalFourTaskCompletionDeclarations.lean:4295:      state.productSuccessClaimed) =
audit/OriginalFourTaskCompletionDeclarations.lean:4333:      state.productSuccessClaimed) =
audit/OriginalFourTaskCompletionDeclarations.lean:4371:      state.productSuccessClaimed) =
audit/OriginalFourTaskCompletionDeclarations.lean:4410:      state.productSuccessClaimed) =
audit/OriginalFourTaskCompletionDeclarations.lean:4450:      state.productSuccessClaimed) =
audit/OriginalFourTaskCompletionDeclarations.lean:4490:      state.productSuccessClaimed) =
audit/OriginalFourTaskCompletionDeclarations.lean:4532:      state.productSuccessClaimed) =
audit/OriginalFourTaskCompletionDeclarations.lean:4554:      state.productSuccessClaimed) =
audit/OriginalFourTaskCompletionDeclarations.lean:4578:      state.productSuccessClaimed) =
audit/OriginalFourTaskCompletionDeclarations.lean:4602:      state.productSuccessClaimed) =
audit/OriginalFourTaskCompletionDeclarations.lean:4627:      state.productSuccessClaimed) =
audit/OriginalFourTaskCompletionDeclarations.lean:4652:      state.productSuccessClaimed) =
audit/OriginalFourTaskCompletionDeclarations.lean:4678:      state.productSuccessClaimed) =
audit/OriginalFourTaskCompletionDeclarations.lean:4705:      state.productSuccessClaimed) =
audit/OriginalFourTaskCompletionDeclarations.lean:4733:      state.productSuccessClaimed) =
audit/OriginalFourTaskCompletionDeclarations.lean:4762:      state.productSuccessClaimed) =
audit/OriginalFourTaskCompletionDeclarations.lean:4791:      state.productSuccessClaimed) =
audit/OriginalFourTaskCompletionDeclarations.lean:4820:      state.productSuccessClaimed) =
audit/OriginalFourTaskCompletionDeclarations.lean:4849:      state.productSuccessClaimed) =
audit/OriginalFourTaskCompletionDeclarations.lean:4879:      state.productSuccessClaimed) =
audit/OriginalFourTaskCompletionDeclarations.lean:4910:      state.productSuccessClaimed) =
audit/OriginalFourTaskCompletionDeclarations.lean:4942:      state.productSuccessClaimed) =
audit/OriginalFourTaskCompletionDeclarations.lean:4975:      state.productSuccessClaimed) =
audit/OriginalFourTaskCompletionDeclarations.lean:5009:      state.productSuccessClaimed) =
audit/OriginalFourTaskCompletionDeclarations.lean:5044:      state.productSuccessClaimed) =
audit/OriginalFourTaskCompletionDeclarations.lean:5080:      state.productSuccessClaimed) =
audit/OriginalFourTaskCompletionDeclarations.lean:5118:      state.productSuccessClaimed) =
audit/OriginalFourTaskCompletionDeclarations.lean:5156:      state.productSuccessClaimed) =
audit/OriginalFourTaskCompletionDeclarations.lean:5195:      state.productSuccessClaimed) =
audit/OriginalFourTaskCompletionDeclarations.lean:5235:      state.productSuccessClaimed) =
audit/OriginalFourTaskCompletionDeclarations.lean:5276:      state.productSuccessClaimed) =
audit/OriginalFourTaskCompletionDeclarations.lean:5318:      state.productSuccessClaimed) =
audit/OriginalFourTaskCompletionDeclarations.lean:5361:      state.productSuccessClaimed) =
audit/OriginalFourTaskCompletionDeclarations.lean:5405:      state.productSuccessClaimed) =
audit/OriginalFourTaskCompletionDeclarations.lean:5450:      state.productSuccessClaimed) =
audit/OriginalFourTaskCompletionDeclarations.lean:5497:      state.productSuccessClaimed) =
audit/OriginalFourTaskCompletionDeclarations.lean:5535:      state.productSuccessClaimed) =
audit/OriginalFourTaskCompletionDeclarations.lean:5574:      state.productSuccessClaimed) =
audit/OriginalFourTaskCompletionDeclarations.lean:5614:      state.productSuccessClaimed) =
audit/OriginalFourTaskCompletionDeclarations.lean:5655:      state.productSuccessClaimed) =
audit/OriginalFourTaskCompletionDeclarations.lean:5697:      state.productSuccessClaimed) =
audit/OriginalFourTaskCompletionDeclarations.lean:5740:      state.productSuccessClaimed) =
audit/OriginalFourTaskCompletionDeclarations.lean:5784:      state.productSuccessClaimed) =
audit/OriginalFourTaskCompletionDeclarations.lean:5829:      state.productSuccessClaimed) =
audit/OriginalFourTaskCompletionDeclarations.lean:5875:      state.productSuccessClaimed) =
audit/OriginalFourTaskCompletionDeclarations.lean:5913:      state.productSuccessClaimed) =
audit/OriginalFourTaskCompletionDeclarations.lean:5952:      state.productSuccessClaimed) =
audit/OriginalFourTaskCompletionDeclarations.lean:5992:      state.productSuccessClaimed) =
audit/OriginalFourTaskCompletionDeclarations.lean:6033:      state.productSuccessClaimed) =
audit/OriginalFourTaskCompletionDeclarations.lean:6075:      state.productSuccessClaimed) =
audit/OriginalFourTaskCompletionDeclarations.lean:6118:      state.productSuccessClaimed) =
audit/OriginalFourTaskCompletionDeclarations.lean:6162:      state.productSuccessClaimed) =
audit/OriginalFourTaskCompletionDeclarations.lean:6207:      state.productSuccessClaimed) =
audit/OriginalFourTaskCompletionDeclarations.lean:6253:      state.productSuccessClaimed) =
audit/OriginalFourTaskCompletionDeclarations.lean:6292:      state.productSuccessClaimed) =
audit/OriginalFourTaskCompletionDeclarations.lean:6332:      state.productSuccessClaimed) =
audit/OriginalFourTaskCompletionDeclarations.lean:6373:      state.productSuccessClaimed) =
audit/OriginalFourTaskCompletionDeclarations.lean:6414:      state.productSuccessClaimed) =
audit/OriginalFourTaskCompletionDeclarations.lean:6456:      state.productSuccessClaimed) =
audit/OriginalFourTaskCompletionDeclarations.lean:6499:      state.productSuccessClaimed) =
audit/OriginalFourTaskCompletionDeclarations.lean:6543:      state.productSuccessClaimed) =
audit/OriginalFourTaskCompletionDeclarations.lean:6588:      state.productSuccessClaimed) =
audit/OriginalFourTaskCompletionDeclarations.lean:6634:      state.productSuccessClaimed) =
audit/OriginalFourTaskCompletionDeclarations.lean:6672:      state.productSuccessClaimed) =
audit/OriginalFourTaskCompletionDeclarations.lean:6711:      state.productSuccessClaimed) =
audit/OriginalFourTaskCompletionDeclarations.lean:6751:      state.productSuccessClaimed) =
audit/OriginalFourTaskCompletionDeclarations.lean:6792:      state.productSuccessClaimed) =
audit/OriginalFourTaskCompletionDeclarations.lean:6834:      state.productSuccessClaimed) =
audit/OriginalFourTaskCompletionDeclarations.lean:6877:      state.productSuccessClaimed) =
audit/OriginalFourTaskCompletionDeclarations.lean:6921:      state.productSuccessClaimed) =
audit/OriginalFourTaskCompletionDeclarations.lean:6966:      state.productSuccessClaimed) =
audit/OriginalFourTaskCompletionDeclarations.lean:7012:      state.productSuccessClaimed) =
audit/OriginalFourTaskCompletionDeclarations.lean:7050:      state.productSuccessClaimed) =
audit/OriginalFourTaskCompletionDeclarations.lean:7089:      state.productSuccessClaimed) =
audit/OriginalFourTaskCompletionDeclarations.lean:7129:      state.productSuccessClaimed) =
audit/OriginalFourTaskCompletionDeclarations.lean:7170:      state.productSuccessClaimed) =
audit/OriginalFourTaskCompletionDeclarations.lean:7212:      state.productSuccessClaimed) =
audit/OriginalFourTaskCompletionDeclarations.lean:7255:      state.productSuccessClaimed) =
audit/OriginalFourTaskCompletionDeclarations.lean:7299:      state.productSuccessClaimed) =
audit/OriginalFourTaskCompletionDeclarations.lean:7344:      state.productSuccessClaimed) =
audit/OriginalFourTaskCompletionDeclarations.lean:7391:      state.productSuccessClaimed) =
audit/OriginalFourTaskCompletionDeclarations.lean:7430:      state.productSuccessClaimed) =
audit/OriginalFourTaskCompletionDeclarations.lean:7470:      state.productSuccessClaimed) =
audit/OriginalFourTaskCompletionDeclarations.lean:7511:      state.productSuccessClaimed) =
audit/OriginalFourTaskCompletionDeclarations.lean:7553:      state.productSuccessClaimed) =
audit/OriginalFourTaskCompletionDeclarations.lean:7596:      state.productSuccessClaimed) =
audit/OriginalFourTaskCompletionDeclarations.lean:7640:      state.productSuccessClaimed) =
audit/OriginalFourTaskCompletionDeclarations.lean:7685:      state.productSuccessClaimed) =
audit/OriginalFourTaskCompletionDeclarations.lean:7731:      state.productSuccessClaimed) =
audit/OriginalFourTaskCompletionDeclarations.lean:7778:      state.productSuccessClaimed) =
audit/OriginalFourTaskCompletionDeclarations.lean:7817:      state.productSuccessClaimed) =
audit/OriginalFourTaskCompletionDeclarations.lean:7857:      state.productSuccessClaimed) =
audit/OriginalFourTaskCompletionDeclarations.lean:7898:      state.productSuccessClaimed) =
audit/OriginalFourTaskCompletionDeclarations.lean:7940:      state.productSuccessClaimed) =
audit/OriginalFourTaskCompletionDeclarations.lean:7983:      state.productSuccessClaimed) =
audit/OriginalFourTaskCompletionDeclarations.lean:8027:      state.productSuccessClaimed) =
audit/OriginalFourTaskCompletionDeclarations.lean:8072:      state.productSuccessClaimed) =
audit/OriginalFourTaskCompletionDeclarations.lean:8118:      state.productSuccessClaimed) =
audit/OriginalFourTaskCompletionDeclarations.lean:8165:      state.productSuccessClaimed) =
audit/OriginalFourTaskCompletionDeclarations.lean:8204:      state.productSuccessClaimed) =
audit/OriginalFourTaskCompletionDeclarations.lean:8245:      state.productSuccessClaimed) =
audit/OriginalFourTaskCompletionDeclarations.lean:8287:      state.productSuccessClaimed) =
audit/OriginalFourTaskCompletionDeclarations.lean:8329:      state.productSuccessClaimed) =
audit/OriginalFourTaskCompletionDeclarations.lean:8373:      state.productSuccessClaimed) =
audit/OriginalFourTaskCompletionDeclarations.lean:8417:      state.productSuccessClaimed) =
audit/OriginalFourTaskCompletionDeclarations.lean:8462:      state.productSuccessClaimed) =
audit/OriginalFourTaskCompletionDeclarations.lean:8508:      state.productSuccessClaimed) =
audit/OriginalFourTaskCompletionDeclarations.lean:8555:      state.productSuccessClaimed) =
audit/OriginalFourTaskCompletionDeclarations.lean:8594:      state.productSuccessClaimed) =
audit/OriginalFourTaskCompletionDeclarations.lean:8635:      state.productSuccessClaimed) =
audit/OriginalFourTaskCompletionDeclarations.lean:8677:      state.productSuccessClaimed) =
audit/OriginalFourTaskCompletionDeclarations.lean:8723:      state.productSuccessClaimed) =
audit/OriginalFourTaskCompletionDeclarations.lean:8767:      state.productSuccessClaimed) =
audit/OriginalFourTaskCompletionDeclarations.lean:8812:      state.productSuccessClaimed) =
audit/OriginalFourTaskCompletionDeclarations.lean:8857:      state.productSuccessClaimed) =
audit/OriginalFourTaskCompletionDeclarations.lean:8903:      state.productSuccessClaimed) =
audit/OriginalFourTaskCompletionDeclarations.lean:8950:      state.productSuccessClaimed) =
audit/OriginalFourTaskCompletionDeclarations.lean:8989:      state.productSuccessClaimed) =
audit/OriginalFourTaskCompletionDeclarations.lean:9029:      state.productSuccessClaimed) =
audit/OriginalFourTaskCompletionDeclarations.lean:9071:      state.productSuccessClaimed) =
audit/OriginalFourTaskCompletionDeclarations.lean:9114:      state.productSuccessClaimed) =
audit/OriginalFourTaskCompletionDeclarations.lean:9158:      state.productSuccessClaimed) =
audit/OriginalFourTaskCompletionDeclarations.lean:9202:      state.productSuccessClaimed) =
audit/OriginalFourTaskCompletionDeclarations.lean:9247:      state.productSuccessClaimed) =
audit/OriginalFourTaskCompletionDeclarations.lean:9295:      state.productSuccessClaimed) =
audit/OriginalFourTaskCompletionDeclarations.lean:9334:      state.productSuccessClaimed) =
audit/OriginalFourTaskCompletionDeclarations.lean:9373:      state.productSuccessClaimed) =
audit/OriginalFourTaskCompletionDeclarations.lean:9413:      state.productSuccessClaimed) =
audit/OriginalFourTaskCompletionDeclarations.lean:9454:      state.productSuccessClaimed) =
audit/OriginalFourTaskCompletionDeclarations.lean:9498:      state.productSuccessClaimed) =
audit/OriginalFourTaskCompletionDeclarations.lean:9543:      state.productSuccessClaimed) =
audit/OriginalFourTaskCompletionDeclarations.lean:9591:      state.productSuccessClaimed) =
audit/OriginalFourTaskCompletionDeclarations.lean:9641:      state.productSuccessClaimed) =
audit/OriginalFourTaskCompletionDeclarations.lean:9692:      state.productSuccessClaimed) =
audit/OriginalFourTaskCompletionDeclarations.lean:9735:      state.productSuccessClaimed) =
audit/OriginalFourTaskCompletionDeclarations.lean:9779:      state.productSuccessClaimed) =
audit/OriginalFourTaskCompletionDeclarations.lean:9824:      state.productSuccessClaimed) =
audit/OriginalFourTaskCompletionDeclarations.lean:9870:      state.productSuccessClaimed) =
audit/OriginalFourTaskCompletionDeclarations.lean:9917:      state.productSuccessClaimed) =
audit/OriginalFourTaskCompletionDeclarations.lean:9965:      state.productSuccessClaimed) =
audit/OriginalFourTaskCompletionDeclarations.lean:10014:      state.productSuccessClaimed) =
audit/OriginalFourTaskCompletionDeclarations.lean:10064:      state.productSuccessClaimed) =
audit/OriginalFourTaskCompletionDeclarations.lean:10115:      state.productSuccessClaimed) =
audit/OriginalFourTaskCompletionDeclarations.lean:10158:      state.productSuccessClaimed) =
audit/OriginalFourTaskCompletionDeclarations.lean:10202:      state.productSuccessClaimed) =
audit/OriginalFourTaskCompletionDeclarations.lean:10247:      state.productSuccessClaimed) =
audit/OriginalFourTaskCompletionDeclarations.lean:10293:      state.productSuccessClaimed) =
audit/OriginalFourTaskCompletionDeclarations.lean:10340:      state.productSuccessClaimed) =
audit/OriginalFourTaskCompletionDeclarations.lean:10388:      state.productSuccessClaimed) =
audit/OriginalFourTaskCompletionDeclarations.lean:10436:      state.productSuccessClaimed) =
audit/OriginalFourTaskCompletionDeclarations.lean:10485:      state.productSuccessClaimed) =
audit/OriginalFourTaskCompletionDeclarations.lean:10535:      state.productSuccessClaimed) =
audit/OriginalFourTaskCompletionDeclarations.lean:10577:      state.productSuccessClaimed) =
audit/OriginalFourTaskCompletionDeclarations.lean:10620:      state.productSuccessClaimed) =
audit/OriginalFourTaskCompletionDeclarations.lean:10664:      state.productSuccessClaimed) =
audit/OriginalFourTaskCompletionDeclarations.lean:10709:      state.productSuccessClaimed) =
audit/OriginalFourTaskCompletionDeclarations.lean:10755:      state.productSuccessClaimed) =
audit/OriginalFourTaskCompletionDeclarations.lean:10802:      state.productSuccessClaimed) =
audit/OriginalFourTaskCompletionDeclarations.lean:10851:      state.productSuccessClaimed) =
audit/OriginalFourTaskCompletionDeclarations.lean:10901:      state.productSuccessClaimed) =
audit/OriginalFourTaskCompletionDeclarations.lean:10952:      state.productSuccessClaimed) =
audit/OriginalFourTaskCompletionDeclarations.lean:10995:      state.productSuccessClaimed) =
audit/OriginalFourTaskCompletionDeclarations.lean:11039:      state.productSuccessClaimed) =
audit/OriginalFourTaskCompletionDeclarations.lean:11084:      state.productSuccessClaimed) =
audit/OriginalFourTaskCompletionDeclarations.lean:11130:      state.productSuccessClaimed) =
audit/OriginalFourTaskCompletionDeclarations.lean:11176:      state.productSuccessClaimed) =
audit/OriginalFourTaskCompletionDeclarations.lean:11225:      state.productSuccessClaimed) =
audit/OriginalFourTaskCompletionDeclarations.lean:11276:      state.productSuccessClaimed) =
audit/OriginalFourTaskCompletionDeclarations.lean:11326:      state.productSuccessClaimed) =
audit/OriginalFourTaskCompletionDeclarations.lean:11377:      state.productSuccessClaimed) =
audit/OriginalFourTaskCompletionDeclarations.lean:11420:      state.productSuccessClaimed) =
audit/OriginalFourTaskCompletionDeclarations.lean:11464:      state.productSuccessClaimed) =
audit/OriginalFourTaskCompletionDeclarations.lean:11509:      state.productSuccessClaimed) =
audit/OriginalFourTaskCompletionDeclarations.lean:11554:      state.productSuccessClaimed) =
audit/OriginalFourTaskCompletionDeclarations.lean:11599:      state.productSuccessClaimed) =
audit/OriginalFourTaskCompletionDeclarations.lean:11647:      state.productSuccessClaimed) =
audit/OriginalFourTaskCompletionDeclarations.lean:11698:      state.productSuccessClaimed) =
audit/OriginalFourTaskCompletionDeclarations.lean:11748:      state.productSuccessClaimed) =
audit/OriginalFourTaskCompletionDeclarations.lean:11799:      state.productSuccessClaimed) =
audit/OriginalFourTaskCompletionDeclarations.lean:11842:      state.productSuccessClaimed) =
audit/OriginalFourTaskCompletionDeclarations.lean:11886:      state.productSuccessClaimed) =
audit/OriginalFourTaskCompletionDeclarations.lean:11931:      state.productSuccessClaimed) =
audit/OriginalFourTaskCompletionDeclarations.lean:11977:      state.productSuccessClaimed) =
audit/OriginalFourTaskCompletionDeclarations.lean:12023:      state.productSuccessClaimed) =
audit/OriginalFourTaskCompletionDeclarations.lean:12072:      state.productSuccessClaimed) =
audit/OriginalFourTaskCompletionDeclarations.lean:12122:      state.productSuccessClaimed) =
audit/OriginalFourTaskCompletionDeclarations.lean:12173:      state.productSuccessClaimed) =
audit/OriginalFourTaskCompletionDeclarations.lean:12225:      state.productSuccessClaimed) =
audit/OriginalFourTaskCompletionDeclarations.lean:12269:      state.productSuccessClaimed) =
audit/OriginalFourTaskCompletionDeclarations.lean:12314:      state.productSuccessClaimed) =
audit/OriginalFourTaskCompletionDeclarations.lean:12360:      state.productSuccessClaimed) =
audit/OriginalFourTaskCompletionDeclarations.lean:12408:      state.productSuccessClaimed) =
audit/OriginalFourTaskCompletionDeclarations.lean:12456:      state.productSuccessClaimed) =
audit/OriginalFourTaskCompletionDeclarations.lean:12505:      state.productSuccessClaimed) =
audit/OriginalFourTaskCompletionDeclarations.lean:12555:      state.productSuccessClaimed) =
audit/OriginalFourTaskCompletionDeclarations.lean:12606:      state.productSuccessClaimed) =
audit/OriginalFourTaskCompletionDeclarations.lean:12658:      state.productSuccessClaimed) =
audit/OriginalFourTaskCompletionDeclarations.lean:12700:      state.productSuccessClaimed) =
audit/OriginalFourTaskCompletionDeclarations.lean:12743:      state.productSuccessClaimed) =
audit/OriginalFourTaskCompletionDeclarations.lean:12789:      state.productSuccessClaimed) =
audit/OriginalFourTaskCompletionDeclarations.lean:12837:      state.productSuccessClaimed) =
audit/OriginalFourTaskCompletionDeclarations.lean:12885:      state.productSuccessClaimed) =
audit/OriginalFourTaskCompletionDeclarations.lean:12934:      state.productSuccessClaimed) =
audit/OriginalFourTaskCompletionDeclarations.lean:12984:      state.productSuccessClaimed) =
audit/OriginalFourTaskCompletionDeclarations.lean:13035:      state.productSuccessClaimed) =
audit/OriginalFourTaskCompletionDeclarations.lean:13087:      state.productSuccessClaimed) =
audit/OriginalFourTaskCompletionDeclarations.lean:13129:      state.productSuccessClaimed) =
audit/OriginalFourTaskCompletionDeclarations.lean:13173:      state.productSuccessClaimed) =
audit/OriginalFourTaskCompletionDeclarations.lean:13218:      state.productSuccessClaimed) =
audit/OriginalFourTaskCompletionDeclarations.lean:13264:      state.productSuccessClaimed) =
audit/OriginalFourTaskCompletionDeclarations.lean:13311:      state.productSuccessClaimed) =
audit/OriginalFourTaskCompletionDeclarations.lean:13359:      state.productSuccessClaimed) =
audit/OriginalFourTaskCompletionDeclarations.lean:13406:      state.productSuccessClaimed) =
audit/OriginalFourTaskCompletionDeclarations.lean:13454:      state.productSuccessClaimed) =
audit/OriginalFourTaskCompletionDeclarations.lean:13503:      state.productSuccessClaimed) =
audit/OriginalFourTaskCompletionDeclarations.lean:13544:      state.productSuccessClaimed) =
audit/OriginalFourTaskCompletionDeclarations.lean:13586:      state.productSuccessClaimed) =
audit/OriginalFourTaskCompletionDeclarations.lean:13630:      state.productSuccessClaimed) =
audit/OriginalFourTaskCompletionDeclarations.lean:13675:      state.productSuccessClaimed) =
audit/OriginalFourTaskCompletionDeclarations.lean:13721:      state.productSuccessClaimed) =
audit/OriginalFourTaskCompletionDeclarations.lean:13768:      state.productSuccessClaimed) =
audit/OriginalFourTaskCompletionDeclarations.lean:13815:      state.productSuccessClaimed) =
audit/OriginalFourTaskCompletionDeclarations.lean:13863:      state.productSuccessClaimed) =
audit/OriginalFourTaskCompletionDeclarations.lean:13912:      state.productSuccessClaimed) =
audit/OriginalFourTaskCompletionDeclarations.lean:13953:      state.productSuccessClaimed) =
audit/OriginalFourTaskCompletionDeclarations.lean:13999:      state.productSuccessClaimed) =
audit/OriginalFourTaskCompletionDeclarations.lean:14051:      state.productSuccessClaimed) =
audit/OriginalFourTaskCompletionDeclarations.lean:14107:      state.productSuccessClaimed) =
audit/OriginalFourTaskCompletionDeclarations.lean:14153:      state.productSuccessClaimed) =
audit/OriginalFourTaskCompletionDeclarations.lean:14220:      state.productSuccessClaimed) =
audit/OriginalFourTaskCompletionDeclarations.lean:14267:      state.productSuccessClaimed) =
audit/OriginalFourTaskCompletionDeclarations.lean:14315:      state.productSuccessClaimed) =
audit/OriginalFourTaskCompletionDeclarations.lean:14364:      state.productSuccessClaimed) =
audit/OriginalFourTaskCompletionDeclarations.lean:14406:      state.productSuccessClaimed) =
audit/OriginalFourTaskCompletionDeclarations.lean:14449:      state.productSuccessClaimed) =
audit/OriginalFourTaskCompletionDeclarations.lean:14493:      state.productSuccessClaimed) =
audit/OriginalFourTaskCompletionDeclarations.lean:14539:      state.productSuccessClaimed) =
audit/OriginalFourTaskCompletionDeclarations.lean:14586:      state.productSuccessClaimed) =
audit/OriginalFourTaskCompletionDeclarations.lean:14634:      state.productSuccessClaimed) =
audit/OriginalFourTaskCompletionDeclarations.lean:14683:      state.productSuccessClaimed) =
audit/OriginalFourTaskCompletionDeclarations.lean:14733:      state.productSuccessClaimed) =
audit/OriginalFourTaskCompletionDeclarations.lean:14784:      state.productSuccessClaimed) =
audit/OriginalFourTaskCompletionDeclarations.lean:14827:      state.productSuccessClaimed) =
audit/OriginalFourTaskCompletionDeclarations.lean:14871:      state.productSuccessClaimed) =
audit/OriginalFourTaskCompletionDeclarations.lean:14916:      state.productSuccessClaimed) =
audit/OriginalFourTaskCompletionDeclarations.lean:14962:      state.productSuccessClaimed) =
audit/OriginalFourTaskCompletionDeclarations.lean:15009:      state.productSuccessClaimed) =
audit/OriginalFourTaskCompletionDeclarations.lean:15057:      state.productSuccessClaimed) =
audit/OriginalFourTaskCompletionDeclarations.lean:15106:      state.productSuccessClaimed) =
audit/OriginalFourTaskCompletionDeclarations.lean:15156:      state.productSuccessClaimed) =
audit/OriginalFourTaskCompletionDeclarations.lean:15207:      state.productSuccessClaimed) =
audit/OriginalFourTaskCompletionDeclarations.lean:15250:      state.productSuccessClaimed) =
audit/OriginalFourTaskCompletionDeclarations.lean:15294:      state.productSuccessClaimed) =
audit/OriginalFourTaskCompletionDeclarations.lean:15312:      state.productSuccessClaimed) =
audit/OriginalFourTaskCompletionDeclarations.lean:15332:      state.productSuccessClaimed) =
audit/OriginalFourTaskCompletionDeclarations.lean:15350:      state.productSuccessClaimed) =
audit/OriginalFourTaskCompletionDeclarations.lean:15370:      state.productSuccessClaimed) =
audit/OriginalFourTaskCompletionDeclarations.lean:15390:      state.productSuccessClaimed) =
audit/OriginalFourTaskCompletionDeclarations.lean:15410:      state.productSuccessClaimed) =
audit/OriginalFourTaskCompletionDeclarations.lean:15430:      state.productSuccessClaimed) =
audit/OriginalFourTaskCompletionDeclarations.lean:15450:      state.productSuccessClaimed) =
audit/OriginalFourTaskCompletionDeclarations.lean:15470:      state.productSuccessClaimed) =
audit/OriginalFourTaskCompletionDeclarations.lean:15490:      state.productSuccessClaimed) =
audit/OriginalFourTaskCompletionDeclarations.lean:15508:      state.productSuccessClaimed) =
audit/OriginalFourTaskCompletionDeclarations.lean:15526:    LeanLCAExactChallenge.Dbounded.currentClosedMapLocalizedUnitChoiceFullDataStableConvergenceStateW1424.productSuccessClaimed =
audit/OriginalFourTaskCompletionDeclarations.lean:15545:    LeanLCAExactChallenge.Dbounded.currentClosedMapLocalizedUnitChoiceProjectionStableConvergenceStateW1425.productSuccessClaimed =
audit/OriginalFourTaskCompletionDeclarations.lean:15566:    LeanLCAExactChallenge.Dbounded.currentClosedMapLocalizedUnitChoiceNestedProjectionStableConvergenceStateW1430.productSuccessClaimed =
audit/OriginalFourTaskCompletionDeclarations.lean:15593:    LeanLCAExactChallenge.Dbounded.currentClosedMapLocalizedUnitChoiceDeepProjectionStableConvergenceStateW1431.productSuccessClaimed =
audit/OriginalFourTaskCompletionDeclarations.lean:15616:    LeanLCAExactChallenge.Dbounded.currentClosedMapEndpointLocalizedUnitStableConvergenceStateW1432.productSuccessClaimed =
audit/OriginalFourTaskCompletionDeclarations.lean:15639:    LeanLCAExactChallenge.Dbounded.currentClosedMapNormalizedSourceEndpointLocalizedUnitStableConvergenceStateW1433.productSuccessClaimed =
audit/OriginalFourTaskCompletionDeclarations.lean:15663:    LeanLCAExactChallenge.Dbounded.currentClosedMapTargetClosedEmbeddingClosednessStableConvergenceStateW1434.productSuccessClaimed =
audit/OriginalFourTaskCompletionDeclarations.lean:15688:    LeanLCAExactChallenge.Dbounded.currentClosedMapTargetClosedEmbeddingClosednessNormalizedSourceEndpointStableConvergenceStateW1435.productSuccessClaimed =
audit/OriginalFourTaskCompletionDeclarations.lean:15714:    LeanLCAExactChallenge.Dbounded.currentClosedMapBranchFullDataStableConvergenceStateW1436.productSuccessClaimed =
audit/OriginalFourTaskCompletionDeclarations.lean:15749:    LeanLCAExactChallenge.Dbounded.currentClosedMapBranchFullDataOneInputCycleStateW1437.productSuccessClaimed =
audit/OriginalFourTaskCompletionDeclarations.lean:15780:    LeanLCAExactChallenge.Dbounded.currentClosedMapBranchFullDataW987UnpackBoundaryStateW1438.productSuccessClaimed =
audit/OriginalFourTaskCompletionDeclarations.lean:15811:    LeanLCAExactChallenge.Dbounded.currentClosedMapBranchFullDataW986UnpackBoundaryStateW1439.productSuccessClaimed =
audit/OriginalFourTaskCompletionDeclarations.lean:15846:    LeanLCAExactChallenge.Dbounded.currentClosedMapBranchFullDataW984TargetClosednessUnpackBoundaryStateW1440.productSuccessClaimed =
audit/OriginalFourTaskCompletionDeclarations.lean:15881:    LeanLCAExactChallenge.Dbounded.currentClosedMapBranchFullDataW950NormalizedEndpointUnpackBoundaryStateW1441.productSuccessClaimed =
audit/OriginalFourTaskCompletionDeclarations.lean:15916:    LeanLCAExactChallenge.Dbounded.currentClosedMapBranchFullDataW948NormalizedSourceUnpackBoundaryStateW1442.productSuccessClaimed =
audit/OriginalFourTaskCompletionDeclarations.lean:15951:    LeanLCAExactChallenge.Dbounded.currentClosedMapBranchFullDataW949EndpointLocalizedUnitUnpackBoundaryStateW1443.productSuccessClaimed =
audit/OriginalFourTaskCompletionDeclarations.lean:15987:    LeanLCAExactChallenge.Dbounded.currentClosedMapBranchFullDataW945LocalizedUnitUnpackBoundaryStateW1444.productSuccessClaimed =
audit/OriginalFourTaskCompletionDeclarations.lean:16020:    LeanLCAExactChallenge.Dbounded.currentClosedMapBranchFullDataW990PrimitiveUnitComponentsAlignmentStateW1445.productSuccessClaimed =
audit/OriginalFourTaskCompletionDeclarations.lean:16054:    LeanLCAExactChallenge.Dbounded.currentClosedMapBranchFullDataW990UnitStrictExactIsoPackagingStateW1446.productSuccessClaimed =
audit/OriginalFourTaskCompletionDeclarations.lean:16083:    LeanLCAExactChallenge.Dbounded.currentClosedMapBranchFullDataW989LocalizedUnitChoiceFullDataPackagingStateW1447.productSuccessClaimed =
audit/OriginalFourTaskCompletionDeclarations.lean:16110:    LeanLCAExactChallenge.Dbounded.currentClosedMapBranchFullDataW987RewrapCycleStateW1448.productSuccessClaimed =
audit/OriginalFourTaskCompletionDeclarations.lean:16137:    LeanLCAExactChallenge.Dbounded.currentClosedMapBranchFullDataW987RewrappedStableRouteStateW1449.productSuccessClaimed =
audit/OriginalFourTaskCompletionDeclarations.lean:16170:    LeanLCAExactChallenge.Dbounded.currentW987FieldDataConstructionStateW1450.productSuccessClaimed =
audit/OriginalFourTaskCompletionDeclarations.lean:16220:    LeanLCAExactChallenge.Dbounded.currentW987BoundaryFieldDataConstructionStateW1451.productSuccessClaimed =
audit/OriginalFourTaskCompletionDeclarations.lean:16272:    LeanLCAExactChallenge.Dbounded.currentW987BoundaryRelationFieldDataConstructionStateW1452.productSuccessClaimed =
audit/OriginalFourTaskCompletionDeclarations.lean:16328:    LeanLCAExactChallenge.Dbounded.currentW987BoundaryRelationTargetFieldDataConstructionStateW1453.productSuccessClaimed =
audit/OriginalFourTaskCompletionDeclarations.lean:16386:    LeanLCAExactChallenge.Dbounded.currentW987BoundaryRelationTargetNormalizedEndpointFieldDataConstructionStateW1454.productSuccessClaimed =
audit/OriginalFourTaskCompletionDeclarations.lean:16448:    LeanLCAExactChallenge.Dbounded.currentW987BoundaryRelationTargetEndpointLocalizedUnitFieldDataConstructionStateW1455.productSuccessClaimed =
audit/OriginalFourTaskCompletionDeclarations.lean:16514:    LeanLCAExactChallenge.Dbounded.currentW987BoundaryRelationTargetNormalizedSourceFieldDataConstructionStateW1456.productSuccessClaimed =
audit/OriginalFourTaskCompletionDeclarations.lean:16582:    LeanLCAExactChallenge.Dbounded.currentW987BoundaryRelationTargetNormalizedFixedTargetFieldDataConstructionStateW1457.productSuccessClaimed =
audit/OriginalFourTaskCompletionDeclarations.lean:16659:    LeanLCAExactChallenge.Dbounded.currentW987BoundaryRelationTargetSourceTriangulationFieldDataConstructionStateW1458.productSuccessClaimed =
audit/OriginalFourTaskCompletionDeclarations.lean:16737:    LeanLCAExactChallenge.Dbounded.currentW987BoundaryRelationTargetLocalizedUnitFieldDataConstructionStateW1459.productSuccessClaimed =
audit/OriginalFourTaskCompletionDeclarations.lean:16795:    LeanLCAExactChallenge.Dbounded.currentW987BoundaryRelationTargetUnitMappingConeFieldDataConstructionStateW1460.productSuccessClaimed =
audit/OriginalFourTaskCompletionDeclarations.lean:16851:    LeanLCAExactChallenge.Dbounded.currentW987BoundaryRelationTargetLocalizedAdjunctionCoreFieldDataConstructionStateW1461.productSuccessClaimed =
audit/OriginalFourTaskCompletionDeclarations.lean:16909:    LeanLCAExactChallenge.Dbounded.currentW987BoundaryRelationTargetUnitKernelCokernelTopFieldDataConstructionStateW1462.productSuccessClaimed =
audit/OriginalFourTaskCompletionDeclarations.lean:16968:    LeanLCAExactChallenge.Dbounded.currentW987BoundaryRelationTargetEndpointKernelCokernelTopFieldDataConstructionStateW1463.productSuccessClaimed =
audit/OriginalFourTaskCompletionDeclarations.lean:17018:    LeanLCAExactChallenge.Dbounded.currentW987BoundaryRelationTargetUnitIsoHomInvFieldDataConstructionStateW1464.productSuccessClaimed =
audit/OriginalFourTaskCompletionDeclarations.lean:17071:    LeanLCAExactChallenge.Dbounded.currentW987BoundaryRelationTargetLocalizedAdjunctionNatTransFieldDataConstructionStateW1465.productSuccessClaimed =
audit/OriginalFourTaskCompletionDeclarations.lean:17126:    LeanLCAExactChallenge.Dbounded.currentW987BoundaryRelationTargetLocalizedAdjunctionTriangleComponentFieldDataConstructionStateW1466.productSuccessClaimed =
audit/OriginalFourTaskCompletionDeclarations.lean:17187:    LeanLCAExactChallenge.Dbounded.currentW987BoundaryRelationTargetLocalizedRightAdjointFunctorFieldDataConstructionStateW1467.productSuccessClaimed =
audit/OriginalFourTaskCompletionDeclarations.lean:17238:    LeanLCAExactChallenge.Dbounded.currentW987BoundaryRelationTargetNoUnivPrimitiveFieldDataConstructionStateW1468.productSuccessClaimed =
audit/OriginalFourTaskCompletionDeclarations.lean:17290:    LeanLCAExactChallenge.Dbounded.currentW987BoundaryRelationTargetClosedEmbeddingClosednessFieldDataConstructionStateW1469.productSuccessClaimed =
audit/OriginalFourTaskCompletionDeclarations.lean:17347:    LeanLCAExactChallenge.Dbounded.currentW987BoundaryRelationTargetSelectedDifferenceClosedEmbeddingComponentFieldDataConstructionStateW1470.productSuccessClaimed =
audit/OriginalFourTaskCompletionDeclarations.lean:17408:    LeanLCAExactChallenge.Dbounded.currentW987BoundaryRelationTargetMappedCokernelClosedEmbeddingFieldDataConstructionStateW1471.productSuccessClaimed =
audit/OriginalFourTaskCompletionDeclarations.lean:17457:    LeanLCAExactChallenge.Dbounded.currentW987BoundaryRelationTargetNormalizedLiftBlueprintFieldDataConstructionStateW1472.productSuccessClaimed =
audit/OriginalFourTaskCompletionDeclarations.lean:17511:    LeanLCAExactChallenge.Dbounded.currentW987BoundaryRelationTargetLiftBlueprintFieldDataConstructionStateW1473.productSuccessClaimed =
audit/OriginalFourTaskCompletionDeclarations.lean:17572:    LeanLCAExactChallenge.Dbounded.currentW987BoundaryRelationTargetStrictPreimageObjectFieldDataConstructionStateW1474.productSuccessClaimed =
audit/OriginalFourTaskCompletionDeclarations.lean:17632:    LeanLCAExactChallenge.Dbounded.currentW987BoundaryRelationTargetStrictPreimageMapFieldDataConstructionStateW1475.productSuccessClaimed =
audit/OriginalFourTaskCompletionDeclarations.lean:17701:    LeanLCAExactChallenge.Dbounded.currentW987BoundaryRelationTargetStrictPreimageMapFunctorialityFieldDataConstructionStateW1476.productSuccessClaimed =
audit/OriginalFourTaskCompletionDeclarations.lean:17753:    LeanLCAExactChallenge.Dbounded.currentW987BoundaryRelationTargetStrictPreimageMapImageFieldDataConstructionStateW1477.productSuccessClaimed =
audit/OriginalFourTaskCompletionDeclarations.lean:17805:    LeanLCAExactChallenge.Dbounded.currentW987BoundaryRelationTargetStrictPreimageObjectImageFieldDataConstructionStateW1478.productSuccessClaimed =
audit/OriginalFourTaskCompletionDeclarations.lean:17855:    LeanLCAExactChallenge.Dbounded.currentW987BoundaryRelationTargetStrictPreimageObjectImageRightAdjointFunctorFieldDataConstructionStateW1479.productSuccessClaimed =
audit/OriginalFourTaskCompletionDeclarations.lean:17908:    LeanLCAExactChallenge.Dbounded.currentW987BoundaryRelationTargetStrictPreimageObjectImageRightAdjointFunctorTargetSurjectivityFieldDataConstructionStateW1480.productSuccessClaimed =
audit/OriginalFourTaskCompletionDeclarations.lean:17956:    LeanLCAExactChallenge.Dbounded.currentW987BoundaryRelationTargetStrictPreimageObjectImageRightAdjointFunctorTargetSurjectivityCompactnessFieldDataConstructionStateW1481.productSuccessClaimed =
audit/OriginalFourTaskCompletionDeclarations.lean:17997:    LeanLCAExactChallenge.Dbounded.currentW987BoundaryRelationTargetStrictPreimageObjectImageRightAdjointFunctorTargetSurjectivityCompactnessMappedCokernelFieldDataConstructionStateW1482.productSuccessClaimed =
audit/OriginalFourTaskCompletionDeclarations.lean:18033:    LeanLCAExactChallenge.Dbounded.currentW987BoundaryRelationTargetStrictPreimageObjectImageRightAdjointFunctorTargetSurjectivityCompactnessMappedCokernelPi1FieldDataConstructionStateW1483.productSuccessClaimed =
audit/OriginalFourTaskCompletionDeclarations.lean:18078:    LeanLCAExactChallenge.Dbounded.currentW987BoundaryRelationTargetStrictPreimageObjectImageRightAdjointFunctorTargetSurjectivityCompactnessMappedCokernelPi1Pi2FieldDataConstructionStateW1484.productSuccessClaimed =
audit/OriginalFourTaskCompletionDeclarations.lean:18123:    LeanLCAExactChallenge.Dbounded.currentW987BoundaryRelationTargetStrictPreimageObjectImageRightAdjointFunctorTargetSurjectivityCompactnessMappedCokernelPi1Pi2Pi3FieldDataConstructionStateW1485.productSuccessClaimed =
audit/OriginalFourTaskCompletionDeclarations.lean:18167:    LeanLCAExactChallenge.Dbounded.currentW987BoundaryRelationTargetStrictPreimageObjectImageRightAdjointFunctorTargetSurjectivityCompactnessMappedCokernelPi1Pi2Pi3FieldDataConstructionStateW1486.productSuccessClaimed =
audit/OriginalFourTaskCompletionDeclarations.lean:18211:    LeanLCAExactChallenge.Dbounded.currentW987BoundaryRelationTargetStrictPreimageObjectImageRightAdjointFunctorTargetSurjectivityCompactnessMappedCokernelPi1Pi2Pi3FieldDataConstructionStateW1487.productSuccessClaimed =
audit/OriginalFourTaskCompletionDeclarations.lean:18250:    LeanLCAExactChallenge.Dbounded.currentW987BoundaryRelationTargetStrictPreimageObjectImageRightAdjointFunctorTargetSurjectivityCompactnessMappedCokernelPi1Pi2Pi3FieldDataConstructionStateW1488.productSuccessClaimed =
audit/OriginalFourTaskCompletionDeclarations.lean:18290:    LeanLCAExactChallenge.Dbounded.currentW987BoundaryRelationTargetStrictPreimageObjectImageRightAdjointFunctorTargetSurjectivityCompactnessMappedCokernelPi1Pi2Pi3FieldDataConstructionStateW1489.productSuccessClaimed =
audit/OriginalFourTaskCompletionDeclarations.lean:18329:    LeanLCAExactChallenge.Dbounded.currentW987BoundaryRelationTargetStrictPreimageObjectImageRightAdjointFunctorTargetSurjectivityCompactnessMappedCokernelPi1Pi2Pi3FieldDataConstructionStateW1490.productSuccessClaimed =
audit/OriginalFourTaskCompletionDeclarations.lean:18368:    LeanLCAExactChallenge.Dbounded.currentW987BoundaryRelationTargetStrictPreimageObjectImageRightAdjointFunctorTargetSurjectivityCompactnessMappedCokernelPi1Pi2Pi3FieldDataConstructionStateW1491.productSuccessClaimed =
audit/OriginalFourTaskCompletionDeclarations.lean:18406:    LeanLCAExactChallenge.Dbounded.currentW987BoundaryRelationTargetStrictPreimageObjectImageRightAdjointFunctorTargetSurjectivityCompactnessMappedCokernelPi1Pi2Pi3FieldDataConstructionStateW1492.productSuccessClaimed =
audit/OriginalFourTaskCompletionDeclarations.lean:18444:    LeanLCAExactChallenge.Dbounded.currentW987BoundaryRelationTargetStrictPreimageObjectImageRightAdjointFunctorTargetSurjectivityCompactnessMappedCokernelPi1Pi2Pi3FieldDataConstructionStateW1493.productSuccessClaimed =
audit/OriginalFourTaskCompletionDeclarations.lean:18485:    LeanLCAExactChallenge.Dbounded.currentW987BoundaryRelationTargetStrictPreimageObjectImageRightAdjointFunctorTargetSurjectivityCompactnessMappedCokernelPi1Pi2Pi3FieldDataConstructionStateW1494.productSuccessClaimed =
audit/OriginalFourTaskCompletionDeclarations.lean:18529:    LeanLCAExactChallenge.Dbounded.currentW987BoundaryRelationTargetStrictPreimageObjectImageRightAdjointFunctorTargetSurjectivityCompactnessMappedCokernelPi1Pi2Pi3SourceTriangulationFieldDataConstructionStateW1495.productSuccessClaimed =
audit/OriginalFourTaskCompletionDeclarations.lean:18562:    LeanLCAExactChallenge.Dbounded.currentW987BoundaryRelationTargetStrictPreimageObjectImageRightAdjointFunctorTargetSurjectivityCompactnessMappedCokernelPi1Pi2Pi3SourceHomologicalTriangulationDataConstructionStateW1496.productSuccessClaimed =
audit/OriginalFourTaskCompletionDeclarations.lean:18593:    LeanLCAExactChallenge.Dbounded.currentW987BoundaryRelationTargetStrictPreimageObjectImageRightAdjointFunctorTargetSurjectivityCompactnessMappedCokernelPi1Pi2Pi3StableExactAtRouteConnectionStateW1497.productSuccessClaimed =
audit/OriginalFourTaskCompletionDeclarations.lean:18629:    LeanLCAExactChallenge.Dbounded.currentW987BoundaryRelationTargetStrictPreimageObjectImageRightAdjointFunctorTargetSurjectivityCompactnessMappedCokernelPi1Pi2Pi3SourceTriangulationComparisonLeavesStateW1498.productSuccessClaimed =
audit/OriginalFourTaskCompletionDeclarations.lean:18661:    LeanLCAExactChallenge.Dbounded.currentW987BoundaryRelationTargetStrictPreimageObjectImageRightAdjointFunctorTargetSurjectivityCompactnessMappedCokernelPi1Pi2Pi3SourceTriangulationFieldsComparisonStateW1499.productSuccessClaimed =
audit/OriginalFourTaskCompletionDeclarations.lean:18694:    LeanLCAExactChallenge.Dbounded.currentW987BoundaryRelationTargetStrictPreimageObjectImageRightAdjointFunctorTargetSurjectivityCompactnessMappedCokernelPi1Pi2Pi3EndpointFieldsComparisonStateW1500.productSuccessClaimed =
audit/OriginalFourTaskCompletionDeclarations.lean:18727:    LeanLCAExactChallenge.Dbounded.currentW987BoundaryRelationTargetStrictPreimageObjectImageRightAdjointFunctorTargetSurjectivityCompactnessMappedCokernelPi1Pi2Pi3LocalizedRightAdjointFieldsComparisonStateW1501.productSuccessClaimed =
audit/OriginalFourTaskCompletionDeclarations.lean:18762:    LeanLCAExactChallenge.Dbounded.currentW987BoundaryRelationTargetStrictPreimageObjectImageRightAdjointFunctorTargetSurjectivityCompactnessMappedCokernelPi1Pi2Pi3NormalizedFixedTargetFieldsComparisonStateW1502.productSuccessClaimed =
audit/OriginalFourTaskCompletionDeclarations.lean:18799:    LeanLCAExactChallenge.Dbounded.currentW987BoundaryRelationTargetStrictPreimageObjectImageRightAdjointFunctorTargetSurjectivityCompactnessMappedCokernelPi1Pi2Pi3NormalizedLiftBlueprintFieldsComparisonStateW1503.productSuccessClaimed =
audit/OriginalFourTaskCompletionDeclarations.lean:18836:    LeanLCAExactChallenge.Dbounded.currentW987BoundaryRelationTargetStrictPreimageObjectImageRightAdjointFunctorTargetSurjectivityCompactnessMappedCokernelPi1Pi2Pi3StrictRepresentativeLiftFieldsComparisonStateW1504.productSuccessClaimed =
audit/OriginalFourTaskCompletionDeclarations.lean:18874:    LeanLCAExactChallenge.Dbounded.currentW987BoundaryRelationTargetStrictPreimageObjectImageRightAdjointFunctorTargetSurjectivityCompactnessMappedCokernelPi1Pi2Pi3StrictPreimageObjectFieldsComparisonStateW1505.productSuccessClaimed =
audit/OriginalFourTaskCompletionDeclarations.lean:18907:    LeanLCAExactChallenge.Dbounded.currentW987BoundaryRelationTargetStrictPreimageObjectImageRightAdjointFunctorTargetSurjectivityCompactnessMappedCokernelPi1Pi2Pi3StrictPreimageMapFieldsComparisonStateW1506.productSuccessClaimed =
audit/OriginalFourTaskCompletionDeclarations.lean:18939:    LeanLCAExactChallenge.Dbounded.currentW987BoundaryRelationTargetStrictPreimageObjectImageRightAdjointFunctorTargetSurjectivityCompactnessMappedCokernelPi1Pi2Pi3BoundaryFieldsComparisonStateW1507.productSuccessClaimed =
audit/OriginalFourTaskCompletionDeclarations.lean:18971:    LeanLCAExactChallenge.Dbounded.currentW987BoundaryRelationTargetStrictPreimageObjectImageRightAdjointFunctorTargetSurjectivityCompactnessMappedCokernelPi1Pi2Pi3RelationFieldsComparisonStateW1508.productSuccessClaimed =
audit/OriginalFourTaskCompletionDeclarations.lean:19003:    LeanLCAExactChallenge.Dbounded.currentW987BoundaryRelationTargetStrictPreimageObjectImageRightAdjointFunctorTargetSurjectivityCompactnessMappedCokernelPi1Pi2Pi3TargetSurjectiveCompactFieldsComparisonStateW1509.productSuccessClaimed =
audit/OriginalFourTaskCompletionDeclarations.lean:19036:    LeanLCAExactChallenge.Dbounded.currentW987BoundaryRelationTargetStrictPreimageObjectImageRightAdjointFunctorTargetSurjectivityCompactnessMappedCokernelPi1Pi2Pi3ClosedEmbeddingClosednessFieldsComparisonStateW1510.productSuccessClaimed =
audit/OriginalFourTaskCompletionDeclarations.lean:19068:    LeanLCAExactChallenge.Dbounded.currentW987BoundaryRelationTargetStrictPreimageObjectImageRightAdjointFunctorTargetSurjectivityCompactnessMappedCokernelPi1Pi2Pi3ClosedEmbeddingEndpointHomologyFreeComparisonStateW1511.productSuccessClaimed =
audit/OriginalFourTaskCompletionDeclarations.lean:19101:    LeanLCAExactChallenge.Dbounded.currentW987BoundaryRelationTargetStrictPreimageObjectImageRightAdjointFunctorTargetSurjectivityCompactnessMappedCokernelPi1Pi2Pi3EndpointHomologyFreeConvergenceStateW1512.productSuccessClaimed =
audit/OriginalFourTaskCompletionDeclarations.lean:19140:    LeanLCAExactChallenge.Dbounded.currentW987BoundaryRelationTargetStrictPreimageObjectImageRightAdjointFunctorTargetSurjectivityCompactnessMappedCokernelPi1Pi2Pi3TargetBranchConvergenceStateW1513.productSuccessClaimed =
audit/OriginalFourTaskCompletionDeclarations.lean:19189:    LeanLCAExactChallenge.Dbounded.currentW987BoundaryRelationTargetStrictPreimageObjectImageRightAdjointFunctorTargetSurjectivityCompactnessMappedCokernelPi1Pi2Pi3StrictPreimageConvergenceStateW1514.productSuccessClaimed =
audit/OriginalFourTaskCompletionDeclarations.lean:19240:    LeanLCAExactChallenge.Dbounded.currentW987BoundaryRelationTargetStrictPreimageObjectImageRightAdjointFunctorTargetSurjectivityCompactnessMappedCokernelPi1Pi2Pi3LocalizedRightAdjointConvergenceStateW1515.productSuccessClaimed =
audit/OriginalFourTaskCompletionDeclarations.lean:19287:    LeanLCAExactChallenge.Dbounded.currentW987BoundaryRelationTargetStrictPreimageObjectImageRightAdjointFunctorTargetSurjectivityCompactnessMappedCokernelPi1Pi2Pi3SourceEndpointConvergenceStateW1516.productSuccessClaimed =
audit/OriginalFourTaskCompletionDeclarations.lean:19333:    LeanLCAExactChallenge.Dbounded.currentW987BoundaryRelationTargetStrictPreimageObjectImageRightAdjointFunctorTargetSurjectivityCompactnessMappedCokernelPi1Pi2Pi3ComparisonConcreteLeavesConvergenceStateW1517.productSuccessClaimed =
audit/OriginalFourTaskCompletionDeclarations.lean:19429:    LeanLCAExactChallenge.Dbounded.currentW987BoundaryRelationTargetStrictPreimageObjectImageRightAdjointFunctorTargetSurjectivityCompactnessMappedCokernelPi1Pi2Pi3SelectedCochainConcreteLeavesConvergenceStateW1518.productSuccessClaimed =
audit/OriginalFourTaskCompletionDeclarations.lean:19446:    LeanLCAExactChallenge.Dbounded.currentW987BoundaryRelationTargetStrictPreimageObjectImageRightAdjointFunctorTargetSurjectivityCompactnessMappedCokernelPi1Pi2Pi3W735W732SelectedCochainConvergenceStateW1519.productSuccessClaimed =
audit/OriginalFourTaskCompletionDeclarations.lean:19463:    LeanLCAExactChallenge.Dbounded.currentW987BoundaryRelationTargetStrictPreimageObjectImageRightAdjointFunctorTargetSurjectivityCompactnessMappedCokernelPi1Pi2Pi3EndpointFactsLocalizedSelectedCochainConvergenceStateW1520.productSuccessClaimed =
audit/OriginalFourTaskCompletionDeclarations.lean:19501:    LeanLCAExactChallenge.Dbounded.currentW987BoundaryRelationTargetStrictPreimageObjectImageRightAdjointFunctorTargetSurjectivityCompactnessMappedCokernelPi1Pi2Pi3W870BranchDispatchStateW1521.productSuccessClaimed =
audit/OriginalFourTaskCompletionDeclarations.lean:19547:    LeanLCAExactChallenge.Dbounded.currentW987BoundaryRelationTargetStrictPreimageObjectImageRightAdjointFunctorTargetSurjectivityCompactnessMappedCokernelPi1Pi2Pi3W869W868ConvergenceStateW1522.productSuccessClaimed =
audit/OriginalFourTaskCompletionDeclarations.lean:19585:    LeanLCAExactChallenge.Dbounded.currentW987BoundaryRelationTargetStrictPreimageObjectImageRightAdjointFunctorTargetSurjectivityCompactnessMappedCokernelPi1Pi2Pi3W867StrictRealizationConvergenceStateW1523.productSuccessClaimed =
audit/OriginalFourTaskCompletionDeclarations.lean:19623:    LeanLCAExactChallenge.Dbounded.currentW987BoundaryRelationTargetStrictPreimageObjectImageRightAdjointFunctorTargetSurjectivityCompactnessMappedCokernelPi1Pi2Pi3W866IsoClosureConvergenceStateW1524.productSuccessClaimed =
audit/OriginalFourTaskCompletionDeclarations.lean:19661:    LeanLCAExactChallenge.Dbounded.currentW987BoundaryRelationTargetStrictPreimageObjectImageRightAdjointFunctorTargetSurjectivityCompactnessMappedCokernelPi1Pi2Pi3W865TargetIsoConvergenceStateW1525.productSuccessClaimed =
audit/OriginalFourTaskCompletionDeclarations.lean:19699:    LeanLCAExactChallenge.Dbounded.currentW987BoundaryRelationTargetStrictPreimageObjectImageRightAdjointFunctorTargetSurjectivityCompactnessMappedCokernelPi1Pi2Pi3W864TargetExactAtConvergenceStateW1526.productSuccessClaimed =
audit/OriginalFourTaskCompletionDeclarations.lean:19873:    LeanLCAExactChallenge.Dbounded.currentW987BoundaryRelationTargetStrictPreimageObjectImageRightAdjointFunctorTargetSurjectivityCompactnessMappedCokernelPi1Pi2Pi3W863TargetHomologyZeroConvergenceStateW1527.productSuccessClaimed =
audit/OriginalFourTaskCompletionDeclarations.lean:19890:    LeanLCAExactChallenge.Dbounded.currentW987BoundaryRelationTargetStrictPreimageObjectImageRightAdjointFunctorTargetSurjectivityCompactnessMappedCokernelPi1Pi2Pi3W862ConcreteLeavesTargetExactAtConvergenceStateW1528.productSuccessClaimed =
audit/OriginalFourTaskCompletionDeclarations.lean:19907:    LeanLCAExactChallenge.Dbounded.currentW987BoundaryRelationTargetStrictPreimageObjectImageRightAdjointFunctorTargetSurjectivityCompactnessMappedCokernelPi1Pi2Pi3W860EndpointLocalizedTargetExactAtConvergenceStateW1529.productSuccessClaimed =
audit/OriginalFourTaskCompletionDeclarations.lean:19924:    LeanLCAExactChallenge.Dbounded.currentW987BoundaryRelationTargetStrictPreimageObjectImageRightAdjointFunctorTargetSurjectivityCompactnessMappedCokernelPi1Pi2Pi3W859ClosednessBranchTargetExactAtConvergenceStateW1530.productSuccessClaimed =
audit/OriginalFourTaskCompletionDeclarations.lean:19941:    LeanLCAExactChallenge.Dbounded.currentW987BoundaryRelationTargetStrictPreimageObjectImageRightAdjointFunctorTargetSurjectivityCompactnessMappedCokernelPi1Pi2Pi3W831ComparisonBijectivityLeftCalculusConvergenceStateW1531.productSuccessClaimed =
audit/OriginalFourTaskCompletionDeclarations.lean:19958:    LeanLCAExactChallenge.Dbounded.currentW987BoundaryRelationTargetStrictPreimageObjectImageRightAdjointFunctorTargetSurjectivityCompactnessMappedCokernelPi1Pi2Pi3W829LeftCalculusStableRouteConvergenceStateW1532.productSuccessClaimed =
audit/OriginalFourTaskCompletionDeclarations.lean:19975:    LeanLCAExactChallenge.Dbounded.currentW987BoundaryRelationTargetStrictPreimageObjectImageRightAdjointFunctorTargetSurjectivityCompactnessMappedCokernelPi1Pi2Pi3W829StableFieldsFromDirectSourceStateW1533.productSuccessClaimed =
audit/OriginalFourTaskCompletionDeclarations.lean:19992:    LeanLCAExactChallenge.Dbounded.currentW987BoundaryRelationTargetStrictPreimageObjectImageRightAdjointFunctorTargetSurjectivityCompactnessMappedCokernelPi1Pi2Pi3W829StableCertificateFromDirectSourceStateW1534.productSuccessClaimed =
audit/OriginalFourTaskCompletionDeclarations.lean:20009:    LeanLCAExactChallenge.Dbounded.currentW987BoundaryRelationTargetStrictPreimageObjectImageRightAdjointFunctorTargetSurjectivityCompactnessMappedCokernelPi1Pi2Pi3W829StableProjectionFactsFromAcceptedDirectSourceStateW1535.productSuccessClaimed =
audit/OriginalFourTaskCompletionDeclarations.lean:20026:    LeanLCAExactChallenge.Dbounded.currentW987BoundaryRelationTargetStrictPreimageObjectImageRightAdjointFunctorTargetSurjectivityCompactnessMappedCokernelPi1Pi2Pi3W829StableProjectionFactsDirectSourceComparisonStateW1536.productSuccessClaimed =
audit/OriginalFourTaskCompletionDeclarations.lean:20043:    LeanLCAExactChallenge.Dbounded.currentW987BoundaryRelationTargetStrictPreimageObjectImageRightAdjointFunctorTargetSurjectivityCompactnessMappedCokernelPi1Pi2Pi3W829StableInstanceFactsFromDirectSourceStateW1537.productSuccessClaimed =
audit/OriginalFourTaskCompletionDeclarations.lean:20060:    LeanLCAExactChallenge.Dbounded.currentW987BoundaryRelationTargetStrictPreimageObjectImageRightAdjointFunctorTargetSurjectivityCompactnessMappedCokernelPi1Pi2Pi3W829StableInstancePackageComparisonStateW1538.productSuccessClaimed =
audit/OriginalFourTaskCompletionDeclarations.lean:20077:    LeanLCAExactChallenge.Dbounded.currentW987BoundaryRelationTargetStrictPreimageObjectImageRightAdjointFunctorTargetSurjectivityCompactnessMappedCokernelPi1Pi2Pi3W829StableSemanticAdapterComparisonStateW1539.productSuccessClaimed =
audit/OriginalFourTaskCompletionDeclarations.lean:20094:    LeanLCAExactChallenge.Dbounded.currentW987BoundaryRelationTargetStrictPreimageObjectImageRightAdjointFunctorTargetSurjectivityCompactnessMappedCokernelPi1Pi2Pi3W829StableCertificateSemanticAdapterComparisonStateW1540.productSuccessClaimed =
audit/OriginalFourTaskCompletionDeclarations.lean:20219:#check LeanLCAExactChallenge.Dbounded.originalFourTaskContractCompletion_productSuccessClaimed
run/w_clean_20260607_w807_target_exactat_w663_direct_bundle_reduction_boundary_checkpoint.md:5:Changed files: `LeanLCAExactChallenge/Derived/TargetExactAtW663DirectBundleReductionProductRoute.lean`, `audit/RequiredDeclarations.lean`, `audit/ProductSuccessDeclarations.lean`, `audit/OriginalFourTaskCompletionDeclarations.lean`, `run/goal_identity_20260602_human_centered_positive_witness.json`, and W807 verification logs under `run/`.
run/w_clean_20260607_w807_target_exactat_w663_direct_bundle_reduction_boundary_checkpoint.md:13:Still carried: universal comparison isomorphism, concrete W735 branch, and target ExactAt realization data for exact-acyclic homotopy objects. Product success is not claimed.
run/w_clean_20260607_w807_target_exactat_w663_direct_bundle_reduction_boundary_checkpoint.md:22:git diff --check -- LeanLCAExactChallenge/Derived/TargetExactAtW663DirectBundleReductionProductRoute.lean audit/RequiredDeclarations.lean audit/ProductSuccessDeclarations.lean audit/OriginalFourTaskCompletionDeclarations.lean
run/w_clean_20260607_w807_target_exactat_w663_direct_bundle_reduction_boundary_checkpoint.md:25:lake env lean audit/ProductSuccessDeclarations.lean
run/w_clean_20260607_w807_target_exactat_w663_direct_bundle_reduction_boundary_checkpoint.md:31:Completion claim status: `productSuccessClaimed := false`; no product-success completion claim was introduced.
