checkpoint=w769-direct-finite-shape-stable-boundary
generated_utc=2026-06-07T03:21:23Z
source_head_before_checkpoint_commit=87543de2f7a45dc23da1735ec4f92a358f46997b
verification_tier=Tier B
overall_exit=0
product_success=false
product_complete=false
update_goal_allowed=false
command: lake env lean LeanLCAExactChallenge/Derived/DirectFiniteShapeProductRoute.lean
log: run/w_clean_20260607_w769_stable_boundary_direct_finite_shape_lean.log
exit=0
command: lake build LeanLCAExactChallenge.Derived.DirectFiniteShapeProductRoute
log: run/w_clean_20260607_w769_stable_boundary_direct_finite_shape_build.log
exit=0
command: lake env lean audit/RequiredDeclarations.lean
log: run/w_clean_20260607_w769_stable_boundary_required_declarations.log
exit=0
command: lake env lean audit/ProductSuccessDeclarations.lean
log: run/w_clean_20260607_w769_stable_boundary_product_success_declarations.log
exit=0
command: lake env lean audit/OriginalFourTaskCompletionDeclarations.lean
log: run/w_clean_20260607_w769_stable_boundary_original_four_task_declarations.log
exit=0
command: git diff --check -- LeanLCAExactChallenge/Derived/DirectFiniteShapeProductRoute.lean audit/RequiredDeclarations.lean audit/ProductSuccessDeclarations.lean audit/OriginalFourTaskCompletionDeclarations.lean run/goal_identity_20260602_human_centered_positive_witness.json
log: run/w_clean_20260607_w769_stable_boundary_diff_check.log
exit=0
command: scripts/audit_no_forbidden_lean_tokens.sh LeanLCAExactChallenge/Derived/DirectFiniteShapeProductRoute.lean
log: run/w_clean_20260607_w769_stable_boundary_forbidden_tokens.log
exit=0
command: true completion-claim scan over changed Lean and audit files
log: run/w_clean_20260607_w769_stable_boundary_true_completion_claim_scan.log
rg_exit=1
exit=0
command: new declaration presence scan
log: run/w_clean_20260607_w769_stable_boundary_new_declaration_presence.log
exit=0
changed_source: LeanLCAExactChallenge/Derived/DirectFiniteShapeProductRoute.lean
changed_source: audit/RequiredDeclarations.lean
changed_source: audit/ProductSuccessDeclarations.lean
changed_source: audit/OriginalFourTaskCompletionDeclarations.lean
changed_source: run/goal_identity_20260602_human_centered_positive_witness.json
new_declaration: LeanLCAExactChallenge.Dbounded.directLeftCalculusOfLeftRightComparisonDirectFiniteShapeW769
new_declaration: LeanLCAExactChallenge.Dbounded.stableBoundaryInputsOfLeftRightComparisonDirectFiniteShapeW769
new_declaration: LeanLCAExactChallenge.Dbounded.acceptedStableBoundedDerivedInfinityCategoryOfLeftRightComparisonDirectFiniteShapeW769
new_declaration: LeanLCAExactChallenge.Dbounded.boundedDerivedInfinityCategoryOfLeftRightComparisonDirectFiniteShapeStableBoundaryW769
new_declaration: LeanLCAExactChallenge.Dbounded.leftRightComparisonDirectFiniteShapeStableBoundaryInputNamesW769_count
note: existing long-line linter warnings in imported route files remain pre-existing style debt; Lean and Lake completed successfully.
next_safe_action=continue source input inhabitation for universal left-right comparison isomorphism, exactAcyclicHomotopyIsoClosure triangulated closedness, direct finite-shape WPP source data, kernel/cokernel-conditioned topology, bounded homotopy localized right-adjoint data, and direct-localization triangulated source core
