LeanLCAExactChallenge/Derived/SourceTriangulationClosedRangeDirectFiniteShapeProductRoute.lean:128:    directFiniteShapeStableDataOfClosedMapSourceTriangulationClosedRangeW773
LeanLCAExactChallenge/Derived/SourceTriangulationClosedRangeDirectFiniteShapeProductRoute.lean:139:    directFiniteShapeStableDataOfClosedEmbeddingSourceTriangulationClosedRangeW773
LeanLCAExactChallenge/Derived/SourceTriangulationClosedRangeDirectFiniteShapeProductRoute.lean:149:noncomputable def stableBoundaryInputsOfClosedMapSourceTriangulationClosedRangeW773
LeanLCAExactChallenge/Derived/SourceTriangulationClosedRangeDirectFiniteShapeProductRoute.lean:154:    (directFiniteShapeStableDataOfClosedMapSourceTriangulationClosedRangeW773
LeanLCAExactChallenge/Derived/SourceTriangulationClosedRangeDirectFiniteShapeProductRoute.lean:159:    stableBoundaryInputsOfClosedEmbeddingSourceTriangulationClosedRangeW773
LeanLCAExactChallenge/Derived/SourceTriangulationClosedRangeDirectFiniteShapeProductRoute.lean:164:    (directFiniteShapeStableDataOfClosedEmbeddingSourceTriangulationClosedRangeW773
LeanLCAExactChallenge/Derived/SourceTriangulationClosedRangeDirectFiniteShapeProductRoute.lean:169:    acceptedStableBoundedDerivedInfinityCategoryOfClosedMapSourceTriangulationClosedRangeW773
LeanLCAExactChallenge/Derived/SourceTriangulationClosedRangeDirectFiniteShapeProductRoute.lean:174:    (directFiniteShapeStableDataOfClosedMapSourceTriangulationClosedRangeW773
LeanLCAExactChallenge/Derived/SourceTriangulationClosedRangeDirectFiniteShapeProductRoute.lean:179:    acceptedStableBoundedDerivedInfinityCategoryOfClosedEmbeddingSourceTriangulationClosedRangeW773
LeanLCAExactChallenge/Derived/SourceTriangulationClosedRangeDirectFiniteShapeProductRoute.lean:184:    (directFiniteShapeStableDataOfClosedEmbeddingSourceTriangulationClosedRangeW773
LeanLCAExactChallenge/Derived/SourceTriangulationClosedRangeDirectFiniteShapeProductRoute.lean:189:    boundedDerivedInfinityCategoryOfClosedMapSourceTriangulationClosedRangeStableBoundaryW773
LeanLCAExactChallenge/Derived/SourceTriangulationClosedRangeDirectFiniteShapeProductRoute.lean:195:    (directFiniteShapeStableDataOfClosedMapSourceTriangulationClosedRangeW773
LeanLCAExactChallenge/Derived/SourceTriangulationClosedRangeDirectFiniteShapeProductRoute.lean:200:    boundedDerivedInfinityCategoryOfClosedEmbeddingSourceTriangulationClosedRangeStableBoundaryW773
LeanLCAExactChallenge/Derived/SourceTriangulationClosedRangeDirectFiniteShapeProductRoute.lean:206:    (directFiniteShapeStableDataOfClosedEmbeddingSourceTriangulationClosedRangeW773
LeanLCAExactChallenge/Derived/SourceTriangulationClosedRangeDirectFiniteShapeProductRoute.lean:252:      "directFiniteShapeStableDataOfClosedMapSourceTriangulationClosedRangeW773",
LeanLCAExactChallenge/Derived/SourceTriangulationClosedRangeDirectFiniteShapeProductRoute.lean:253:      "directFiniteShapeStableDataOfClosedEmbeddingSourceTriangulationClosedRangeW773",
LeanLCAExactChallenge/Derived/SourceTriangulationClosedRangeDirectFiniteShapeProductRoute.lean:254:      "stableBoundaryInputsOfClosedMapSourceTriangulationClosedRangeW773",
LeanLCAExactChallenge/Derived/SourceTriangulationClosedRangeDirectFiniteShapeProductRoute.lean:255:      "stableBoundaryInputsOfClosedEmbeddingSourceTriangulationClosedRangeW773",
audit/RequiredDeclarations.lean:814:  LeanLCAExactChallenge.Dbounded.directFiniteShapeStableDataOfClosedMapSourceTriangulationClosedRangeW773
audit/RequiredDeclarations.lean:816:  LeanLCAExactChallenge.Dbounded.directFiniteShapeStableDataOfClosedEmbeddingSourceTriangulationClosedRangeW773
audit/RequiredDeclarations.lean:818:  LeanLCAExactChallenge.Dbounded.stableBoundaryInputsOfClosedMapSourceTriangulationClosedRangeW773
audit/RequiredDeclarations.lean:820:  LeanLCAExactChallenge.Dbounded.stableBoundaryInputsOfClosedEmbeddingSourceTriangulationClosedRangeW773
audit/RequiredDeclarations.lean:822:  LeanLCAExactChallenge.Dbounded.acceptedStableBoundedDerivedInfinityCategoryOfClosedMapSourceTriangulationClosedRangeW773
audit/RequiredDeclarations.lean:824:  LeanLCAExactChallenge.Dbounded.acceptedStableBoundedDerivedInfinityCategoryOfClosedEmbeddingSourceTriangulationClosedRangeW773
audit/RequiredDeclarations.lean:826:  LeanLCAExactChallenge.Dbounded.boundedDerivedInfinityCategoryOfClosedMapSourceTriangulationClosedRangeStableBoundaryW773
audit/RequiredDeclarations.lean:828:  LeanLCAExactChallenge.Dbounded.boundedDerivedInfinityCategoryOfClosedEmbeddingSourceTriangulationClosedRangeStableBoundaryW773
audit/ProductSuccessDeclarations.lean:9112:    Dbounded.directFiniteShapeStableDataOfClosedMapSourceTriangulationClosedRangeW773
audit/ProductSuccessDeclarations.lean:9114:    Dbounded.directFiniteShapeStableDataOfClosedEmbeddingSourceTriangulationClosedRangeW773
audit/ProductSuccessDeclarations.lean:9116:    Dbounded.stableBoundaryInputsOfClosedMapSourceTriangulationClosedRangeW773
audit/ProductSuccessDeclarations.lean:9118:    Dbounded.stableBoundaryInputsOfClosedEmbeddingSourceTriangulationClosedRangeW773
audit/ProductSuccessDeclarations.lean:9120:    Dbounded.acceptedStableBoundedDerivedInfinityCategoryOfClosedMapSourceTriangulationClosedRangeW773
audit/ProductSuccessDeclarations.lean:9122:    Dbounded.acceptedStableBoundedDerivedInfinityCategoryOfClosedEmbeddingSourceTriangulationClosedRangeW773
audit/ProductSuccessDeclarations.lean:9124:    Dbounded.boundedDerivedInfinityCategoryOfClosedMapSourceTriangulationClosedRangeStableBoundaryW773
audit/ProductSuccessDeclarations.lean:9126:    Dbounded.boundedDerivedInfinityCategoryOfClosedEmbeddingSourceTriangulationClosedRangeStableBoundaryW773
audit/OriginalFourTaskCompletionDeclarations.lean:606:  LeanLCAExactChallenge.Dbounded.directFiniteShapeStableDataOfClosedMapSourceTriangulationClosedRangeW773
audit/OriginalFourTaskCompletionDeclarations.lean:608:  LeanLCAExactChallenge.Dbounded.directFiniteShapeStableDataOfClosedEmbeddingSourceTriangulationClosedRangeW773
audit/OriginalFourTaskCompletionDeclarations.lean:610:  LeanLCAExactChallenge.Dbounded.stableBoundaryInputsOfClosedMapSourceTriangulationClosedRangeW773
audit/OriginalFourTaskCompletionDeclarations.lean:612:  LeanLCAExactChallenge.Dbounded.stableBoundaryInputsOfClosedEmbeddingSourceTriangulationClosedRangeW773
audit/OriginalFourTaskCompletionDeclarations.lean:614:  LeanLCAExactChallenge.Dbounded.acceptedStableBoundedDerivedInfinityCategoryOfClosedMapSourceTriangulationClosedRangeW773
audit/OriginalFourTaskCompletionDeclarations.lean:616:  LeanLCAExactChallenge.Dbounded.acceptedStableBoundedDerivedInfinityCategoryOfClosedEmbeddingSourceTriangulationClosedRangeW773
audit/OriginalFourTaskCompletionDeclarations.lean:618:  LeanLCAExactChallenge.Dbounded.boundedDerivedInfinityCategoryOfClosedMapSourceTriangulationClosedRangeStableBoundaryW773
audit/OriginalFourTaskCompletionDeclarations.lean:620:  LeanLCAExactChallenge.Dbounded.boundedDerivedInfinityCategoryOfClosedEmbeddingSourceTriangulationClosedRangeStableBoundaryW773
