LeanLCAExactChallenge/Derived/SelectedW461RowsClosedQuotientEpiProductRoute.lean:141:noncomputable def directFiniteShapeStableDataOfClosedMapSelectedW461RowsW781
LeanLCAExactChallenge/Derived/SelectedW461RowsClosedQuotientEpiProductRoute.lean:148:noncomputable def directFiniteShapeStableDataOfClosedEmbeddingSelectedW461RowsW781
LeanLCAExactChallenge/Derived/SelectedW461RowsClosedQuotientEpiProductRoute.lean:156:noncomputable def stableBoundaryInputsOfClosedMapSelectedW461RowsW781
LeanLCAExactChallenge/Derived/SelectedW461RowsClosedQuotientEpiProductRoute.lean:163:noncomputable def stableBoundaryInputsOfClosedEmbeddingSelectedW461RowsW781
LeanLCAExactChallenge/Derived/SelectedW461RowsClosedQuotientEpiProductRoute.lean:171:noncomputable def acceptedStableOfClosedMapSelectedW461RowsW781
LeanLCAExactChallenge/Derived/SelectedW461RowsClosedQuotientEpiProductRoute.lean:178:noncomputable def acceptedStableOfClosedEmbeddingSelectedW461RowsW781
LeanLCAExactChallenge/Derived/SelectedW461RowsClosedQuotientEpiProductRoute.lean:186:noncomputable def boundedDerivedOfClosedMapSelectedW461RowsStableBoundaryW781
LeanLCAExactChallenge/Derived/SelectedW461RowsClosedQuotientEpiProductRoute.lean:194:noncomputable def boundedDerivedOfClosedEmbeddingSelectedW461RowsStableBoundaryW781
LeanLCAExactChallenge/Derived/SelectedW461RowsClosedQuotientEpiProductRoute.lean:252:      "directFiniteShapeStableDataOfClosedMapSelectedW461RowsW781",
LeanLCAExactChallenge/Derived/SelectedW461RowsClosedQuotientEpiProductRoute.lean:253:      "directFiniteShapeStableDataOfClosedEmbeddingSelectedW461RowsW781",
LeanLCAExactChallenge/Derived/SelectedW461RowsClosedQuotientEpiProductRoute.lean:254:      "stableBoundaryInputsOfClosedMapSelectedW461RowsW781",
LeanLCAExactChallenge/Derived/SelectedW461RowsClosedQuotientEpiProductRoute.lean:255:      "stableBoundaryInputsOfClosedEmbeddingSelectedW461RowsW781",
LeanLCAExactChallenge/Derived/SelectedW461RowsClosedQuotientEpiProductRoute.lean:256:      "acceptedStableOfClosedMapSelectedW461RowsW781",
LeanLCAExactChallenge/Derived/SelectedW461RowsClosedQuotientEpiProductRoute.lean:257:      "acceptedStableOfClosedEmbeddingSelectedW461RowsW781",
LeanLCAExactChallenge/Derived/SelectedW461RowsClosedQuotientEpiProductRoute.lean:258:      "boundedDerivedOfClosedMapSelectedW461RowsStableBoundaryW781",
LeanLCAExactChallenge/Derived/SelectedW461RowsClosedQuotientEpiProductRoute.lean:259:      "boundedDerivedOfClosedEmbeddingSelectedW461RowsStableBoundaryW781",
audit/RequiredDeclarations.lean:950:  LeanLCAExactChallenge.Dbounded.directFiniteShapeStableDataOfClosedMapSelectedW461RowsW781
audit/RequiredDeclarations.lean:952:  LeanLCAExactChallenge.Dbounded.directFiniteShapeStableDataOfClosedEmbeddingSelectedW461RowsW781
audit/RequiredDeclarations.lean:954:  LeanLCAExactChallenge.Dbounded.stableBoundaryInputsOfClosedMapSelectedW461RowsW781
audit/RequiredDeclarations.lean:956:  LeanLCAExactChallenge.Dbounded.stableBoundaryInputsOfClosedEmbeddingSelectedW461RowsW781
audit/RequiredDeclarations.lean:958:  LeanLCAExactChallenge.Dbounded.acceptedStableOfClosedMapSelectedW461RowsW781
audit/RequiredDeclarations.lean:960:  LeanLCAExactChallenge.Dbounded.acceptedStableOfClosedEmbeddingSelectedW461RowsW781
audit/RequiredDeclarations.lean:962:  LeanLCAExactChallenge.Dbounded.boundedDerivedOfClosedMapSelectedW461RowsStableBoundaryW781
audit/RequiredDeclarations.lean:964:  LeanLCAExactChallenge.Dbounded.boundedDerivedOfClosedEmbeddingSelectedW461RowsStableBoundaryW781
audit/OriginalFourTaskCompletionDeclarations.lean:742:  LeanLCAExactChallenge.Dbounded.directFiniteShapeStableDataOfClosedMapSelectedW461RowsW781
audit/OriginalFourTaskCompletionDeclarations.lean:744:  LeanLCAExactChallenge.Dbounded.directFiniteShapeStableDataOfClosedEmbeddingSelectedW461RowsW781
audit/OriginalFourTaskCompletionDeclarations.lean:746:  LeanLCAExactChallenge.Dbounded.stableBoundaryInputsOfClosedMapSelectedW461RowsW781
audit/OriginalFourTaskCompletionDeclarations.lean:748:  LeanLCAExactChallenge.Dbounded.stableBoundaryInputsOfClosedEmbeddingSelectedW461RowsW781
audit/OriginalFourTaskCompletionDeclarations.lean:750:  LeanLCAExactChallenge.Dbounded.acceptedStableOfClosedMapSelectedW461RowsW781
audit/OriginalFourTaskCompletionDeclarations.lean:752:  LeanLCAExactChallenge.Dbounded.acceptedStableOfClosedEmbeddingSelectedW461RowsW781
audit/OriginalFourTaskCompletionDeclarations.lean:754:  LeanLCAExactChallenge.Dbounded.boundedDerivedOfClosedMapSelectedW461RowsStableBoundaryW781
audit/OriginalFourTaskCompletionDeclarations.lean:756:  LeanLCAExactChallenge.Dbounded.boundedDerivedOfClosedEmbeddingSelectedW461RowsStableBoundaryW781
audit/ProductSuccessDeclarations.lean:9372:  #check Dbounded.directFiniteShapeStableDataOfClosedMapSelectedW461RowsW781
audit/ProductSuccessDeclarations.lean:9374:    Dbounded.directFiniteShapeStableDataOfClosedEmbeddingSelectedW461RowsW781
audit/ProductSuccessDeclarations.lean:9375:  #check Dbounded.stableBoundaryInputsOfClosedMapSelectedW461RowsW781
audit/ProductSuccessDeclarations.lean:9377:    Dbounded.stableBoundaryInputsOfClosedEmbeddingSelectedW461RowsW781
audit/ProductSuccessDeclarations.lean:9378:  #check Dbounded.acceptedStableOfClosedMapSelectedW461RowsW781
audit/ProductSuccessDeclarations.lean:9379:  #check Dbounded.acceptedStableOfClosedEmbeddingSelectedW461RowsW781
audit/ProductSuccessDeclarations.lean:9381:    Dbounded.boundedDerivedOfClosedMapSelectedW461RowsStableBoundaryW781
audit/ProductSuccessDeclarations.lean:9383:    Dbounded.boundedDerivedOfClosedEmbeddingSelectedW461RowsStableBoundaryW781
