completion claim post scan for W809 target iso strict realization terminal stable boundary
LeanLCAExactChallenge/Derived/TargetIsoStrictRealizationTerminalProductRoute.lean:183:  productSuccessClaimed : Bool
LeanLCAExactChallenge/Derived/TargetIsoStrictRealizationTerminalProductRoute.lean:227:  productSuccessClaimed := false
LeanLCAExactChallenge/Derived/TargetIsoStrictRealizationTerminalProductRoute.lean:231:      state.productSuccessClaimed) =
audit/ProductSuccessDeclarations.lean:23325:#check LeanLCAExactChallenge.Dbounded.originalFourTaskContractCompletion_productSuccessClaimed
run/w_clean_20260607_w809_target_iso_strict_realization_terminal_boundary_checkpoint.md:5:Changed files: `LeanLCAExactChallenge/Derived/TargetIsoStrictRealizationTerminalProductRoute.lean`, `audit/RequiredDeclarations.lean`, `audit/ProductSuccessDeclarations.lean`, `audit/OriginalFourTaskCompletionDeclarations.lean`, `run/goal_identity_20260602_human_centered_positive_witness.json`, and W809 verification logs under `run/`.
run/w_clean_20260607_w809_target_iso_strict_realization_terminal_boundary_checkpoint.md:13:Still carried: universal comparison isomorphism, concrete W735 branch, and strict triangleh realization data for exact-acyclic homotopy objects. Product success is not claimed.
run/w_clean_20260607_w809_target_iso_strict_realization_terminal_boundary_checkpoint.md:22:git diff --check -- LeanLCAExactChallenge/Derived/TargetIsoStrictRealizationTerminalProductRoute.lean audit/RequiredDeclarations.lean audit/ProductSuccessDeclarations.lean audit/OriginalFourTaskCompletionDeclarations.lean
run/w_clean_20260607_w809_target_iso_strict_realization_terminal_boundary_checkpoint.md:25:lake env lean audit/ProductSuccessDeclarations.lean
run/w_clean_20260607_w809_target_iso_strict_realization_terminal_boundary_checkpoint.md:31:Completion claim status: `productSuccessClaimed := false`; no product-success completion claim was introduced.
audit/OriginalFourTaskCompletionDeclarations.lean:1358:    Dbounded.currentMetrizableSemanticStableRouteState.productSuccessClaimed = false :=
audit/OriginalFourTaskCompletionDeclarations.lean:1554:    Dbounded.currentMetrizableSelectedCochainClosed2RouteStateW848.productSuccessClaimed =
audit/OriginalFourTaskCompletionDeclarations.lean:1564:    Dbounded.currentMetrizableSelectedCochainExactInputsRouteStateW849.productSuccessClaimed =
audit/OriginalFourTaskCompletionDeclarations.lean:1574:    Dbounded.currentMetrizableExactInputsSelectedCochainDirectSourceStableRouteStateW850.productSuccessClaimed =
audit/OriginalFourTaskCompletionDeclarations.lean:1584:    Dbounded.currentMetrizableComparisonSelectedCochainStableRouteStateW851.productSuccessClaimed =
audit/OriginalFourTaskCompletionDeclarations.lean:1594:    Dbounded.currentMetrizableRouteDataSelectedCochainStableRouteStateW852.productSuccessClaimed =
audit/OriginalFourTaskCompletionDeclarations.lean:1604:    Dbounded.currentMetrizableHomologyFreeSelectedCochainStableRouteStateW853.productSuccessClaimed =
audit/OriginalFourTaskCompletionDeclarations.lean:1614:    Dbounded.currentMetrizableHomologyFreeProviderFromRouteDataStateW854.productSuccessClaimed =
audit/OriginalFourTaskCompletionDeclarations.lean:1623:    Dbounded.currentMetrizableComparisonBijectivityRouteDataProviderStateW855.productSuccessClaimed =
audit/OriginalFourTaskCompletionDeclarations.lean:1636:    Dbounded.currentMetrizableEndpointFactsHomologyFreeRouteDataStateW856.productSuccessClaimed =
audit/OriginalFourTaskCompletionDeclarations.lean:1653:    Dbounded.currentMetrizableEndpointKernelCokernelFromClosednessBranchStateW857.productSuccessClaimed =
audit/OriginalFourTaskCompletionDeclarations.lean:1667:    Dbounded.currentMetrizableEndpointKernelCokernelLocalizedRouteStateW858.productSuccessClaimed =
audit/OriginalFourTaskCompletionDeclarations.lean:1686:    Dbounded.currentMetrizableClosednessBranchTargetExactAtRouteStateW859.productSuccessClaimed =
audit/OriginalFourTaskCompletionDeclarations.lean:1701:    Dbounded.currentMetrizableEndpointLocalizedClosednessBranchTargetExactAtRouteStateW860.productSuccessClaimed =
audit/OriginalFourTaskCompletionDeclarations.lean:1716:    Dbounded.currentMetrizableConcreteLeavesTargetExactAtRouteStateW861.productSuccessClaimed =
audit/OriginalFourTaskCompletionDeclarations.lean:1733:      state.productSuccessClaimed) =
audit/OriginalFourTaskCompletionDeclarations.lean:1749:      state.productSuccessClaimed) =
audit/OriginalFourTaskCompletionDeclarations.lean:1766:      state.productSuccessClaimed) =
audit/OriginalFourTaskCompletionDeclarations.lean:1783:      state.productSuccessClaimed) =
audit/OriginalFourTaskCompletionDeclarations.lean:1800:      state.productSuccessClaimed) =
audit/OriginalFourTaskCompletionDeclarations.lean:1817:      state.productSuccessClaimed) =
audit/OriginalFourTaskCompletionDeclarations.lean:1834:      state.productSuccessClaimed) =
audit/OriginalFourTaskCompletionDeclarations.lean:1846:      state.productSuccessClaimed) =
audit/OriginalFourTaskCompletionDeclarations.lean:1858:      state.productSuccessClaimed) =
audit/OriginalFourTaskCompletionDeclarations.lean:1870:      state.productSuccessClaimed) =
audit/OriginalFourTaskCompletionDeclarations.lean:1882:      state.productSuccessClaimed) =
audit/OriginalFourTaskCompletionDeclarations.lean:1894:      state.productSuccessClaimed) =
audit/OriginalFourTaskCompletionDeclarations.lean:1906:      state.productSuccessClaimed) =
audit/OriginalFourTaskCompletionDeclarations.lean:1915:    Dbounded.currentMetrizableW732SelectedCochainStableExactAtRouteStateW875.productSuccessClaimed =
audit/OriginalFourTaskCompletionDeclarations.lean:1924:    Dbounded.currentMetrizableW735W732SelectedCochainStableExactAtRouteStateW876.productSuccessClaimed =
audit/OriginalFourTaskCompletionDeclarations.lean:1934:    Dbounded.currentMetrizableConcreteLeavesSelectedCochainStableExactAtRouteStateW877.productSuccessClaimed =
audit/OriginalFourTaskCompletionDeclarations.lean:1950:    Dbounded.currentMetrizableSelectedCochainConcreteLeavesStableExactAtRouteStateW878.productSuccessClaimed =
audit/OriginalFourTaskCompletionDeclarations.lean:1965:    Dbounded.currentMetrizableComparisonConcreteLeavesStableExactAtRouteStateW879.productSuccessClaimed =
audit/OriginalFourTaskCompletionDeclarations.lean:1980:    Dbounded.currentMetrizableHomologyFreeComparisonConcreteLeavesStableExactAtRouteStateW880.productSuccessClaimed =
audit/OriginalFourTaskCompletionDeclarations.lean:1995:    Dbounded.currentMetrizableEndpointLocalizedComparisonConcreteLeavesStableExactAtRouteStateW881.productSuccessClaimed =
audit/OriginalFourTaskCompletionDeclarations.lean:2010:    Dbounded.currentMetrizableW732ComparisonConcreteLeavesStableExactAtRouteStateW882.productSuccessClaimed =
audit/OriginalFourTaskCompletionDeclarations.lean:2020:    Dbounded.currentMetrizableConcreteLeavesComparisonStableExactAtRouteStateW883.productSuccessClaimed =
audit/OriginalFourTaskCompletionDeclarations.lean:2036:    Dbounded.currentMetrizableSourceTriangulationComparisonStableExactAtRouteStateW884.productSuccessClaimed =
audit/OriginalFourTaskCompletionDeclarations.lean:2052:    Dbounded.currentMetrizableSourceTriangulationFieldsComparisonStableExactAtRouteStateW885.productSuccessClaimed =
audit/OriginalFourTaskCompletionDeclarations.lean:2068:    Dbounded.currentMetrizableEndpointFieldsComparisonStableExactAtRouteStateW886.productSuccessClaimed =
audit/OriginalFourTaskCompletionDeclarations.lean:2084:    Dbounded.currentMetrizableLocalizedRightAdjointFieldsComparisonStableExactAtRouteStateW887.productSuccessClaimed =
audit/OriginalFourTaskCompletionDeclarations.lean:2100:    Dbounded.currentMetrizableNormalizedFixedTargetFieldsComparisonStableExactAtRouteStateW888.productSuccessClaimed =
audit/OriginalFourTaskCompletionDeclarations.lean:2116:    Dbounded.currentMetrizableNormalizedLiftBlueprintFieldsComparisonStableExactAtRouteStateW889.productSuccessClaimed =
audit/OriginalFourTaskCompletionDeclarations.lean:2132:    Dbounded.currentMetrizableStrictRepresentativeFieldsComparisonStableExactAtRouteStateW890.productSuccessClaimed =
audit/OriginalFourTaskCompletionDeclarations.lean:2148:    Dbounded.currentMetrizableStrictPreimageObjectFieldsComparisonStableExactAtRouteStateW891.productSuccessClaimed =
audit/OriginalFourTaskCompletionDeclarations.lean:2164:    Dbounded.currentMetrizableStrictPreimageMapFieldsComparisonStableExactAtRouteStateW892.productSuccessClaimed =
audit/OriginalFourTaskCompletionDeclarations.lean:2180:    Dbounded.currentMetrizableBoundaryFieldsComparisonStableExactAtRouteStateW893.productSuccessClaimed =
audit/OriginalFourTaskCompletionDeclarations.lean:2196:    Dbounded.currentMetrizableRelationFieldsComparisonStableExactAtRouteStateW894.productSuccessClaimed =
audit/OriginalFourTaskCompletionDeclarations.lean:2212:    Dbounded.currentMetrizableTargetSurjectiveCompactFieldsComparisonStableExactAtRouteStateW895.productSuccessClaimed =
audit/OriginalFourTaskCompletionDeclarations.lean:2228:    Dbounded.currentMetrizableClosedMapClosednessFieldsComparisonStableExactAtRouteStateW896.productSuccessClaimed =
audit/OriginalFourTaskCompletionDeclarations.lean:2244:    Dbounded.currentMetrizableClosedEmbeddingClosednessFieldsComparisonStableExactAtRouteStateW897.productSuccessClaimed =
audit/OriginalFourTaskCompletionDeclarations.lean:2260:    Dbounded.currentMetrizableClosedEmbeddingEndpointHomologyFreeComparisonStableExactAtRouteStateW898.productSuccessClaimed =
audit/OriginalFourTaskCompletionDeclarations.lean:2276:    Dbounded.currentMetrizableClosedMapEndpointHomologyFreeComparisonStableExactAtRouteStateW899.productSuccessClaimed =
audit/OriginalFourTaskCompletionDeclarations.lean:2293:    Dbounded.currentMetrizableClosedMapEndpointLocalizedAdjointRouteStateW900.productSuccessClaimed =
audit/OriginalFourTaskCompletionDeclarations.lean:2309:    Dbounded.currentMetrizableClosedMapSourceTriangulationEndpointFactsRouteStateW901.productSuccessClaimed =
audit/OriginalFourTaskCompletionDeclarations.lean:2325:    Dbounded.currentMetrizableClosedMapBoundaryDataSourceTriangulationEndpointFactsRouteStateW902.productSuccessClaimed =
audit/OriginalFourTaskCompletionDeclarations.lean:2341:    Dbounded.currentMetrizableClosedMapRelationDataBoundaryEndpointFactsRouteStateW903.productSuccessClaimed =
audit/OriginalFourTaskCompletionDeclarations.lean:2357:    Dbounded.currentMetrizableClosedMapTargetDataEndpointFactsRouteStateW904.productSuccessClaimed =
audit/OriginalFourTaskCompletionDeclarations.lean:2373:    Dbounded.currentMetrizableClosedMapMappedCokernelFieldTargetDataRouteStateW905.productSuccessClaimed =
audit/OriginalFourTaskCompletionDeclarations.lean:2389:    Dbounded.currentMetrizableClosedMapComponentFieldsMappedCokernelFieldTargetDataRouteStateW906.productSuccessClaimed =
audit/OriginalFourTaskCompletionDeclarations.lean:2403:    Dbounded.currentMetrizableClosedMapBoundaryFieldsRouteStateW907.productSuccessClaimed =
audit/OriginalFourTaskCompletionDeclarations.lean:2417:    Dbounded.currentMetrizableClosedMapRelationFieldsRouteStateW908.productSuccessClaimed =
audit/OriginalFourTaskCompletionDeclarations.lean:2431:    Dbounded.currentMetrizableClosedMapTargetFieldsRouteStateW909.productSuccessClaimed =
audit/OriginalFourTaskCompletionDeclarations.lean:2445:    Dbounded.currentMetrizableClosedMapSourceFieldsRouteStateW910.productSuccessClaimed =
audit/OriginalFourTaskCompletionDeclarations.lean:2459:    Dbounded.currentMetrizableClosedMapEndpointFieldsRouteStateW911.productSuccessClaimed =
audit/OriginalFourTaskCompletionDeclarations.lean:2473:    Dbounded.currentMetrizableClosedMapLocalizedRightAdjointFieldsRouteStateW912.productSuccessClaimed =
audit/OriginalFourTaskCompletionDeclarations.lean:2487:    Dbounded.currentMetrizableClosedMapFixedTargetUniqFieldsRouteStateW913.productSuccessClaimed =
audit/OriginalFourTaskCompletionDeclarations.lean:2501:    Dbounded.currentMetrizableClosedMapSelectedDifferenceFieldsRouteStateW914.productSuccessClaimed =
audit/OriginalFourTaskCompletionDeclarations.lean:2515:    Dbounded.currentMetrizableClosedMapTargetRawFieldsRouteStateW915.productSuccessClaimed =
audit/OriginalFourTaskCompletionDeclarations.lean:2529:    Dbounded.currentMetrizableClosedMapRelationRawFieldsRouteStateW916.productSuccessClaimed =
audit/OriginalFourTaskCompletionDeclarations.lean:2543:    Dbounded.currentMetrizableClosedMapBoundaryRawFieldsRouteStateW917.productSuccessClaimed =
audit/OriginalFourTaskCompletionDeclarations.lean:2557:    Dbounded.currentMetrizableClosedMapTriangleCompletionRawFieldBoundaryRawFieldsRouteStateW918.productSuccessClaimed =
audit/OriginalFourTaskCompletionDeclarations.lean:2571:    Dbounded.currentMetrizableClosedMapSourceRawFieldsRouteStateW919.productSuccessClaimed =
audit/OriginalFourTaskCompletionDeclarations.lean:2585:    Dbounded.currentMetrizableClosedMapRelationPrimitiveFieldsRouteStateW920.productSuccessClaimed =
audit/OriginalFourTaskCompletionDeclarations.lean:2601:      state.productSuccessClaimed) =
audit/OriginalFourTaskCompletionDeclarations.lean:2617:      state.productSuccessClaimed) =
audit/OriginalFourTaskCompletionDeclarations.lean:2633:      state.productSuccessClaimed) =
audit/OriginalFourTaskCompletionDeclarations.lean:2649:      state.productSuccessClaimed) =
audit/OriginalFourTaskCompletionDeclarations.lean:2665:      state.productSuccessClaimed) =
audit/OriginalFourTaskCompletionDeclarations.lean:2681:      state.productSuccessClaimed) =
audit/OriginalFourTaskCompletionDeclarations.lean:2697:      state.productSuccessClaimed) =
audit/OriginalFourTaskCompletionDeclarations.lean:2713:      state.productSuccessClaimed) =
audit/OriginalFourTaskCompletionDeclarations.lean:2729:      state.productSuccessClaimed) =
audit/OriginalFourTaskCompletionDeclarations.lean:2745:      state.productSuccessClaimed) =
audit/OriginalFourTaskCompletionDeclarations.lean:2761:      state.productSuccessClaimed) =
audit/OriginalFourTaskCompletionDeclarations.lean:2777:      state.productSuccessClaimed) =
audit/OriginalFourTaskCompletionDeclarations.lean:2793:      state.productSuccessClaimed) =
audit/OriginalFourTaskCompletionDeclarations.lean:2809:      state.productSuccessClaimed) =
audit/OriginalFourTaskCompletionDeclarations.lean:2825:      state.productSuccessClaimed) =
audit/OriginalFourTaskCompletionDeclarations.lean:2841:      state.productSuccessClaimed) =
audit/OriginalFourTaskCompletionDeclarations.lean:2857:      state.productSuccessClaimed) =
audit/OriginalFourTaskCompletionDeclarations.lean:2873:      state.productSuccessClaimed) =
audit/OriginalFourTaskCompletionDeclarations.lean:2889:      state.productSuccessClaimed) =
audit/OriginalFourTaskCompletionDeclarations.lean:2905:      state.productSuccessClaimed) =
audit/OriginalFourTaskCompletionDeclarations.lean:2921:      state.productSuccessClaimed) =
audit/OriginalFourTaskCompletionDeclarations.lean:2937:      state.productSuccessClaimed) =
audit/OriginalFourTaskCompletionDeclarations.lean:2953:      state.productSuccessClaimed) =
audit/OriginalFourTaskCompletionDeclarations.lean:2969:      state.productSuccessClaimed) =
audit/OriginalFourTaskCompletionDeclarations.lean:2986:      state.productSuccessClaimed) =
audit/OriginalFourTaskCompletionDeclarations.lean:3002:      state.productSuccessClaimed) =
audit/OriginalFourTaskCompletionDeclarations.lean:3018:      state.productSuccessClaimed) =
audit/OriginalFourTaskCompletionDeclarations.lean:3034:      state.productSuccessClaimed) =
audit/OriginalFourTaskCompletionDeclarations.lean:3050:      state.productSuccessClaimed) =
audit/OriginalFourTaskCompletionDeclarations.lean:3066:      state.productSuccessClaimed) =
audit/OriginalFourTaskCompletionDeclarations.lean:3082:      state.productSuccessClaimed) =
audit/OriginalFourTaskCompletionDeclarations.lean:3098:      state.productSuccessClaimed) =
audit/OriginalFourTaskCompletionDeclarations.lean:3114:      state.productSuccessClaimed) =
audit/OriginalFourTaskCompletionDeclarations.lean:3130:      state.productSuccessClaimed) =
audit/OriginalFourTaskCompletionDeclarations.lean:3146:      state.productSuccessClaimed) =
audit/OriginalFourTaskCompletionDeclarations.lean:3162:      state.productSuccessClaimed) =
audit/OriginalFourTaskCompletionDeclarations.lean:3178:      state.productSuccessClaimed) =
audit/OriginalFourTaskCompletionDeclarations.lean:3194:      state.productSuccessClaimed) =
audit/OriginalFourTaskCompletionDeclarations.lean:3209:      state.productSuccessClaimed) =
audit/OriginalFourTaskCompletionDeclarations.lean:3224:      state.productSuccessClaimed) =
audit/OriginalFourTaskCompletionDeclarations.lean:3239:      state.productSuccessClaimed) =
audit/OriginalFourTaskCompletionDeclarations.lean:3254:      state.productSuccessClaimed) =
audit/OriginalFourTaskCompletionDeclarations.lean:3269:      state.productSuccessClaimed) =
audit/OriginalFourTaskCompletionDeclarations.lean:3285:      state.productSuccessClaimed) =
audit/OriginalFourTaskCompletionDeclarations.lean:3302:      state.productSuccessClaimed) =
audit/OriginalFourTaskCompletionDeclarations.lean:3319:      state.productSuccessClaimed) =
audit/OriginalFourTaskCompletionDeclarations.lean:3336:      state.productSuccessClaimed) =
audit/OriginalFourTaskCompletionDeclarations.lean:3355:      state.productSuccessClaimed) =
audit/OriginalFourTaskCompletionDeclarations.lean:3375:      state.productSuccessClaimed) =
audit/OriginalFourTaskCompletionDeclarations.lean:3396:      state.productSuccessClaimed) =
audit/OriginalFourTaskCompletionDeclarations.lean:3417:      state.productSuccessClaimed) =
audit/OriginalFourTaskCompletionDeclarations.lean:3438:      state.productSuccessClaimed) =
audit/OriginalFourTaskCompletionDeclarations.lean:3459:      state.productSuccessClaimed) =
audit/OriginalFourTaskCompletionDeclarations.lean:3479:      state.productSuccessClaimed) =
audit/OriginalFourTaskCompletionDeclarations.lean:3499:      state.productSuccessClaimed) =
audit/OriginalFourTaskCompletionDeclarations.lean:3519:      state.productSuccessClaimed) =
audit/OriginalFourTaskCompletionDeclarations.lean:3539:      state.productSuccessClaimed) =
audit/OriginalFourTaskCompletionDeclarations.lean:3559:      state.productSuccessClaimed) =
audit/OriginalFourTaskCompletionDeclarations.lean:3579:      state.productSuccessClaimed) =
audit/OriginalFourTaskCompletionDeclarations.lean:3600:      state.productSuccessClaimed) =
audit/OriginalFourTaskCompletionDeclarations.lean:3627:      state.productSuccessClaimed) =
audit/OriginalFourTaskCompletionDeclarations.lean:3651:      state.productSuccessClaimed) =
audit/OriginalFourTaskCompletionDeclarations.lean:3672:      state.productSuccessClaimed) =
audit/OriginalFourTaskCompletionDeclarations.lean:3702:      state.productSuccessClaimed) =
audit/OriginalFourTaskCompletionDeclarations.lean:3725:      state.productSuccessClaimed) =
audit/OriginalFourTaskCompletionDeclarations.lean:3751:      state.productSuccessClaimed) =
audit/OriginalFourTaskCompletionDeclarations.lean:3774:      state.productSuccessClaimed) =
audit/OriginalFourTaskCompletionDeclarations.lean:3798:      state.productSuccessClaimed) =
audit/OriginalFourTaskCompletionDeclarations.lean:3820:      state.productSuccessClaimed) =
audit/OriginalFourTaskCompletionDeclarations.lean:3844:      state.productSuccessClaimed) =
audit/OriginalFourTaskCompletionDeclarations.lean:3866:      state.productSuccessClaimed) =
audit/OriginalFourTaskCompletionDeclarations.lean:3888:      state.productSuccessClaimed) =
audit/OriginalFourTaskCompletionDeclarations.lean:3912:      state.productSuccessClaimed) =
audit/OriginalFourTaskCompletionDeclarations.lean:3937:      state.productSuccessClaimed) =
audit/OriginalFourTaskCompletionDeclarations.lean:3964:      state.productSuccessClaimed) =
audit/OriginalFourTaskCompletionDeclarations.lean:3992:      state.productSuccessClaimed) =
audit/OriginalFourTaskCompletionDeclarations.lean:4020:      state.productSuccessClaimed) =
audit/OriginalFourTaskCompletionDeclarations.lean:4049:      state.productSuccessClaimed) =
audit/OriginalFourTaskCompletionDeclarations.lean:4084:      state.productSuccessClaimed) =
audit/OriginalFourTaskCompletionDeclarations.lean:4112:      state.productSuccessClaimed) =
audit/OriginalFourTaskCompletionDeclarations.lean:4140:      state.productSuccessClaimed) =
audit/OriginalFourTaskCompletionDeclarations.lean:4167:      state.productSuccessClaimed) =
audit/OriginalFourTaskCompletionDeclarations.lean:4195:      state.productSuccessClaimed) =
audit/OriginalFourTaskCompletionDeclarations.lean:4226:      state.productSuccessClaimed) =
audit/OriginalFourTaskCompletionDeclarations.lean:4258:      state.productSuccessClaimed) =
audit/OriginalFourTaskCompletionDeclarations.lean:4291:      state.productSuccessClaimed) =
audit/OriginalFourTaskCompletionDeclarations.lean:4329:      state.productSuccessClaimed) =
audit/OriginalFourTaskCompletionDeclarations.lean:4367:      state.productSuccessClaimed) =
audit/OriginalFourTaskCompletionDeclarations.lean:4405:      state.productSuccessClaimed) =
audit/OriginalFourTaskCompletionDeclarations.lean:4444:      state.productSuccessClaimed) =
audit/OriginalFourTaskCompletionDeclarations.lean:4484:      state.productSuccessClaimed) =
audit/OriginalFourTaskCompletionDeclarations.lean:4524:      state.productSuccessClaimed) =
audit/OriginalFourTaskCompletionDeclarations.lean:4566:      state.productSuccessClaimed) =
audit/OriginalFourTaskCompletionDeclarations.lean:4588:      state.productSuccessClaimed) =
audit/OriginalFourTaskCompletionDeclarations.lean:4612:      state.productSuccessClaimed) =
audit/OriginalFourTaskCompletionDeclarations.lean:4636:      state.productSuccessClaimed) =
audit/OriginalFourTaskCompletionDeclarations.lean:4661:      state.productSuccessClaimed) =
audit/OriginalFourTaskCompletionDeclarations.lean:4686:      state.productSuccessClaimed) =
audit/OriginalFourTaskCompletionDeclarations.lean:4712:      state.productSuccessClaimed) =
audit/OriginalFourTaskCompletionDeclarations.lean:4739:      state.productSuccessClaimed) =
audit/OriginalFourTaskCompletionDeclarations.lean:4767:      state.productSuccessClaimed) =
audit/OriginalFourTaskCompletionDeclarations.lean:4796:      state.productSuccessClaimed) =
audit/OriginalFourTaskCompletionDeclarations.lean:4825:      state.productSuccessClaimed) =
audit/OriginalFourTaskCompletionDeclarations.lean:4854:      state.productSuccessClaimed) =
audit/OriginalFourTaskCompletionDeclarations.lean:4883:      state.productSuccessClaimed) =
audit/OriginalFourTaskCompletionDeclarations.lean:4913:      state.productSuccessClaimed) =
audit/OriginalFourTaskCompletionDeclarations.lean:4944:      state.productSuccessClaimed) =
audit/OriginalFourTaskCompletionDeclarations.lean:4976:      state.productSuccessClaimed) =
audit/OriginalFourTaskCompletionDeclarations.lean:5009:      state.productSuccessClaimed) =
audit/OriginalFourTaskCompletionDeclarations.lean:5043:      state.productSuccessClaimed) =
audit/OriginalFourTaskCompletionDeclarations.lean:5078:      state.productSuccessClaimed) =
audit/OriginalFourTaskCompletionDeclarations.lean:5114:      state.productSuccessClaimed) =
audit/OriginalFourTaskCompletionDeclarations.lean:5152:      state.productSuccessClaimed) =
audit/OriginalFourTaskCompletionDeclarations.lean:5190:      state.productSuccessClaimed) =
audit/OriginalFourTaskCompletionDeclarations.lean:5229:      state.productSuccessClaimed) =
audit/OriginalFourTaskCompletionDeclarations.lean:5269:      state.productSuccessClaimed) =
audit/OriginalFourTaskCompletionDeclarations.lean:5310:      state.productSuccessClaimed) =
audit/OriginalFourTaskCompletionDeclarations.lean:5352:      state.productSuccessClaimed) =
audit/OriginalFourTaskCompletionDeclarations.lean:5395:      state.productSuccessClaimed) =
audit/OriginalFourTaskCompletionDeclarations.lean:5439:      state.productSuccessClaimed) =
audit/OriginalFourTaskCompletionDeclarations.lean:5484:      state.productSuccessClaimed) =
audit/OriginalFourTaskCompletionDeclarations.lean:5531:      state.productSuccessClaimed) =
audit/OriginalFourTaskCompletionDeclarations.lean:5569:      state.productSuccessClaimed) =
audit/OriginalFourTaskCompletionDeclarations.lean:5608:      state.productSuccessClaimed) =
audit/OriginalFourTaskCompletionDeclarations.lean:5648:      state.productSuccessClaimed) =
audit/OriginalFourTaskCompletionDeclarations.lean:5689:      state.productSuccessClaimed) =
audit/OriginalFourTaskCompletionDeclarations.lean:5731:      state.productSuccessClaimed) =
audit/OriginalFourTaskCompletionDeclarations.lean:5774:      state.productSuccessClaimed) =
audit/OriginalFourTaskCompletionDeclarations.lean:5818:      state.productSuccessClaimed) =
audit/OriginalFourTaskCompletionDeclarations.lean:5863:      state.productSuccessClaimed) =
audit/OriginalFourTaskCompletionDeclarations.lean:5909:      state.productSuccessClaimed) =
audit/OriginalFourTaskCompletionDeclarations.lean:5947:      state.productSuccessClaimed) =
audit/OriginalFourTaskCompletionDeclarations.lean:5986:      state.productSuccessClaimed) =
audit/OriginalFourTaskCompletionDeclarations.lean:6026:      state.productSuccessClaimed) =
audit/OriginalFourTaskCompletionDeclarations.lean:6067:      state.productSuccessClaimed) =
audit/OriginalFourTaskCompletionDeclarations.lean:6109:      state.productSuccessClaimed) =
audit/OriginalFourTaskCompletionDeclarations.lean:6152:      state.productSuccessClaimed) =
audit/OriginalFourTaskCompletionDeclarations.lean:6196:      state.productSuccessClaimed) =
audit/OriginalFourTaskCompletionDeclarations.lean:6241:      state.productSuccessClaimed) =
audit/OriginalFourTaskCompletionDeclarations.lean:6287:      state.productSuccessClaimed) =
audit/OriginalFourTaskCompletionDeclarations.lean:6326:      state.productSuccessClaimed) =
audit/OriginalFourTaskCompletionDeclarations.lean:6366:      state.productSuccessClaimed) =
audit/OriginalFourTaskCompletionDeclarations.lean:6407:      state.productSuccessClaimed) =
audit/OriginalFourTaskCompletionDeclarations.lean:6448:      state.productSuccessClaimed) =
audit/OriginalFourTaskCompletionDeclarations.lean:6490:      state.productSuccessClaimed) =
audit/OriginalFourTaskCompletionDeclarations.lean:6533:      state.productSuccessClaimed) =
audit/OriginalFourTaskCompletionDeclarations.lean:6577:      state.productSuccessClaimed) =
audit/OriginalFourTaskCompletionDeclarations.lean:6622:      state.productSuccessClaimed) =
audit/OriginalFourTaskCompletionDeclarations.lean:6668:      state.productSuccessClaimed) =
audit/OriginalFourTaskCompletionDeclarations.lean:6706:      state.productSuccessClaimed) =
audit/OriginalFourTaskCompletionDeclarations.lean:6745:      state.productSuccessClaimed) =
audit/OriginalFourTaskCompletionDeclarations.lean:6785:      state.productSuccessClaimed) =
audit/OriginalFourTaskCompletionDeclarations.lean:6826:      state.productSuccessClaimed) =
audit/OriginalFourTaskCompletionDeclarations.lean:6868:      state.productSuccessClaimed) =
audit/OriginalFourTaskCompletionDeclarations.lean:6911:      state.productSuccessClaimed) =
audit/OriginalFourTaskCompletionDeclarations.lean:6955:      state.productSuccessClaimed) =
audit/OriginalFourTaskCompletionDeclarations.lean:7000:      state.productSuccessClaimed) =
audit/OriginalFourTaskCompletionDeclarations.lean:7046:      state.productSuccessClaimed) =
audit/OriginalFourTaskCompletionDeclarations.lean:7084:      state.productSuccessClaimed) =
audit/OriginalFourTaskCompletionDeclarations.lean:7123:      state.productSuccessClaimed) =
audit/OriginalFourTaskCompletionDeclarations.lean:7163:      state.productSuccessClaimed) =
audit/OriginalFourTaskCompletionDeclarations.lean:7204:      state.productSuccessClaimed) =
audit/OriginalFourTaskCompletionDeclarations.lean:7246:      state.productSuccessClaimed) =
audit/OriginalFourTaskCompletionDeclarations.lean:7289:      state.productSuccessClaimed) =
audit/OriginalFourTaskCompletionDeclarations.lean:7333:      state.productSuccessClaimed) =
audit/OriginalFourTaskCompletionDeclarations.lean:7378:      state.productSuccessClaimed) =
audit/OriginalFourTaskCompletionDeclarations.lean:7425:      state.productSuccessClaimed) =
audit/OriginalFourTaskCompletionDeclarations.lean:7464:      state.productSuccessClaimed) =
audit/OriginalFourTaskCompletionDeclarations.lean:7504:      state.productSuccessClaimed) =
audit/OriginalFourTaskCompletionDeclarations.lean:7545:      state.productSuccessClaimed) =
audit/OriginalFourTaskCompletionDeclarations.lean:7587:      state.productSuccessClaimed) =
audit/OriginalFourTaskCompletionDeclarations.lean:7630:      state.productSuccessClaimed) =
audit/OriginalFourTaskCompletionDeclarations.lean:7674:      state.productSuccessClaimed) =
audit/OriginalFourTaskCompletionDeclarations.lean:7719:      state.productSuccessClaimed) =
audit/OriginalFourTaskCompletionDeclarations.lean:7765:      state.productSuccessClaimed) =
audit/OriginalFourTaskCompletionDeclarations.lean:7812:      state.productSuccessClaimed) =
audit/OriginalFourTaskCompletionDeclarations.lean:7851:      state.productSuccessClaimed) =
audit/OriginalFourTaskCompletionDeclarations.lean:7891:      state.productSuccessClaimed) =
audit/OriginalFourTaskCompletionDeclarations.lean:7932:      state.productSuccessClaimed) =
audit/OriginalFourTaskCompletionDeclarations.lean:7974:      state.productSuccessClaimed) =
audit/OriginalFourTaskCompletionDeclarations.lean:8017:      state.productSuccessClaimed) =
audit/OriginalFourTaskCompletionDeclarations.lean:8061:      state.productSuccessClaimed) =
audit/OriginalFourTaskCompletionDeclarations.lean:8106:      state.productSuccessClaimed) =
audit/OriginalFourTaskCompletionDeclarations.lean:8152:      state.productSuccessClaimed) =
audit/OriginalFourTaskCompletionDeclarations.lean:8199:      state.productSuccessClaimed) =
audit/OriginalFourTaskCompletionDeclarations.lean:8238:      state.productSuccessClaimed) =
audit/OriginalFourTaskCompletionDeclarations.lean:8279:      state.productSuccessClaimed) =
audit/OriginalFourTaskCompletionDeclarations.lean:8321:      state.productSuccessClaimed) =
audit/OriginalFourTaskCompletionDeclarations.lean:8363:      state.productSuccessClaimed) =
audit/OriginalFourTaskCompletionDeclarations.lean:8407:      state.productSuccessClaimed) =
audit/OriginalFourTaskCompletionDeclarations.lean:8451:      state.productSuccessClaimed) =
audit/OriginalFourTaskCompletionDeclarations.lean:8496:      state.productSuccessClaimed) =
audit/OriginalFourTaskCompletionDeclarations.lean:8542:      state.productSuccessClaimed) =
audit/OriginalFourTaskCompletionDeclarations.lean:8589:      state.productSuccessClaimed) =
audit/OriginalFourTaskCompletionDeclarations.lean:8628:      state.productSuccessClaimed) =
audit/OriginalFourTaskCompletionDeclarations.lean:8669:      state.productSuccessClaimed) =
audit/OriginalFourTaskCompletionDeclarations.lean:8711:      state.productSuccessClaimed) =
audit/OriginalFourTaskCompletionDeclarations.lean:8757:      state.productSuccessClaimed) =
audit/OriginalFourTaskCompletionDeclarations.lean:8801:      state.productSuccessClaimed) =
audit/OriginalFourTaskCompletionDeclarations.lean:8846:      state.productSuccessClaimed) =
audit/OriginalFourTaskCompletionDeclarations.lean:8891:      state.productSuccessClaimed) =
audit/OriginalFourTaskCompletionDeclarations.lean:8937:      state.productSuccessClaimed) =
audit/OriginalFourTaskCompletionDeclarations.lean:8984:      state.productSuccessClaimed) =
audit/OriginalFourTaskCompletionDeclarations.lean:9023:      state.productSuccessClaimed) =
audit/OriginalFourTaskCompletionDeclarations.lean:9063:      state.productSuccessClaimed) =
audit/OriginalFourTaskCompletionDeclarations.lean:9105:      state.productSuccessClaimed) =
audit/OriginalFourTaskCompletionDeclarations.lean:9148:      state.productSuccessClaimed) =
audit/OriginalFourTaskCompletionDeclarations.lean:9192:      state.productSuccessClaimed) =
audit/OriginalFourTaskCompletionDeclarations.lean:9236:      state.productSuccessClaimed) =
audit/OriginalFourTaskCompletionDeclarations.lean:9281:      state.productSuccessClaimed) =
audit/OriginalFourTaskCompletionDeclarations.lean:9329:      state.productSuccessClaimed) =
audit/OriginalFourTaskCompletionDeclarations.lean:9368:      state.productSuccessClaimed) =
audit/OriginalFourTaskCompletionDeclarations.lean:9407:      state.productSuccessClaimed) =
audit/OriginalFourTaskCompletionDeclarations.lean:9447:      state.productSuccessClaimed) =
audit/OriginalFourTaskCompletionDeclarations.lean:9488:      state.productSuccessClaimed) =
audit/OriginalFourTaskCompletionDeclarations.lean:9532:      state.productSuccessClaimed) =
audit/OriginalFourTaskCompletionDeclarations.lean:9577:      state.productSuccessClaimed) =
audit/OriginalFourTaskCompletionDeclarations.lean:9625:      state.productSuccessClaimed) =
audit/OriginalFourTaskCompletionDeclarations.lean:9675:      state.productSuccessClaimed) =
audit/OriginalFourTaskCompletionDeclarations.lean:9726:      state.productSuccessClaimed) =
audit/OriginalFourTaskCompletionDeclarations.lean:9769:      state.productSuccessClaimed) =
audit/OriginalFourTaskCompletionDeclarations.lean:9813:      state.productSuccessClaimed) =
audit/OriginalFourTaskCompletionDeclarations.lean:9858:      state.productSuccessClaimed) =
audit/OriginalFourTaskCompletionDeclarations.lean:9904:      state.productSuccessClaimed) =
audit/OriginalFourTaskCompletionDeclarations.lean:9951:      state.productSuccessClaimed) =
audit/OriginalFourTaskCompletionDeclarations.lean:9999:      state.productSuccessClaimed) =
audit/OriginalFourTaskCompletionDeclarations.lean:10048:      state.productSuccessClaimed) =
audit/OriginalFourTaskCompletionDeclarations.lean:10098:      state.productSuccessClaimed) =
audit/OriginalFourTaskCompletionDeclarations.lean:10149:      state.productSuccessClaimed) =
audit/OriginalFourTaskCompletionDeclarations.lean:10192:      state.productSuccessClaimed) =
audit/OriginalFourTaskCompletionDeclarations.lean:10236:      state.productSuccessClaimed) =
audit/OriginalFourTaskCompletionDeclarations.lean:10281:      state.productSuccessClaimed) =
audit/OriginalFourTaskCompletionDeclarations.lean:10327:      state.productSuccessClaimed) =
audit/OriginalFourTaskCompletionDeclarations.lean:10374:      state.productSuccessClaimed) =
audit/OriginalFourTaskCompletionDeclarations.lean:10422:      state.productSuccessClaimed) =
audit/OriginalFourTaskCompletionDeclarations.lean:10470:      state.productSuccessClaimed) =
audit/OriginalFourTaskCompletionDeclarations.lean:10519:      state.productSuccessClaimed) =
audit/OriginalFourTaskCompletionDeclarations.lean:10569:      state.productSuccessClaimed) =
audit/OriginalFourTaskCompletionDeclarations.lean:10611:      state.productSuccessClaimed) =
audit/OriginalFourTaskCompletionDeclarations.lean:10654:      state.productSuccessClaimed) =
audit/OriginalFourTaskCompletionDeclarations.lean:10698:      state.productSuccessClaimed) =
audit/OriginalFourTaskCompletionDeclarations.lean:10743:      state.productSuccessClaimed) =
audit/OriginalFourTaskCompletionDeclarations.lean:10789:      state.productSuccessClaimed) =
audit/OriginalFourTaskCompletionDeclarations.lean:10836:      state.productSuccessClaimed) =
audit/OriginalFourTaskCompletionDeclarations.lean:10885:      state.productSuccessClaimed) =
audit/OriginalFourTaskCompletionDeclarations.lean:10935:      state.productSuccessClaimed) =
audit/OriginalFourTaskCompletionDeclarations.lean:10986:      state.productSuccessClaimed) =
audit/OriginalFourTaskCompletionDeclarations.lean:11029:      state.productSuccessClaimed) =
audit/OriginalFourTaskCompletionDeclarations.lean:11073:      state.productSuccessClaimed) =
audit/OriginalFourTaskCompletionDeclarations.lean:11118:      state.productSuccessClaimed) =
audit/OriginalFourTaskCompletionDeclarations.lean:11164:      state.productSuccessClaimed) =
audit/OriginalFourTaskCompletionDeclarations.lean:11210:      state.productSuccessClaimed) =
audit/OriginalFourTaskCompletionDeclarations.lean:11259:      state.productSuccessClaimed) =
audit/OriginalFourTaskCompletionDeclarations.lean:11310:      state.productSuccessClaimed) =
audit/OriginalFourTaskCompletionDeclarations.lean:11360:      state.productSuccessClaimed) =
audit/OriginalFourTaskCompletionDeclarations.lean:11411:      state.productSuccessClaimed) =
audit/OriginalFourTaskCompletionDeclarations.lean:11454:      state.productSuccessClaimed) =
audit/OriginalFourTaskCompletionDeclarations.lean:11498:      state.productSuccessClaimed) =
audit/OriginalFourTaskCompletionDeclarations.lean:11543:      state.productSuccessClaimed) =
audit/OriginalFourTaskCompletionDeclarations.lean:11588:      state.productSuccessClaimed) =
audit/OriginalFourTaskCompletionDeclarations.lean:11633:      state.productSuccessClaimed) =
audit/OriginalFourTaskCompletionDeclarations.lean:11681:      state.productSuccessClaimed) =
audit/OriginalFourTaskCompletionDeclarations.lean:11732:      state.productSuccessClaimed) =
audit/OriginalFourTaskCompletionDeclarations.lean:11782:      state.productSuccessClaimed) =
audit/OriginalFourTaskCompletionDeclarations.lean:11833:      state.productSuccessClaimed) =
audit/OriginalFourTaskCompletionDeclarations.lean:11876:      state.productSuccessClaimed) =
audit/OriginalFourTaskCompletionDeclarations.lean:11920:      state.productSuccessClaimed) =
audit/OriginalFourTaskCompletionDeclarations.lean:11965:      state.productSuccessClaimed) =
audit/OriginalFourTaskCompletionDeclarations.lean:12011:      state.productSuccessClaimed) =
audit/OriginalFourTaskCompletionDeclarations.lean:12057:      state.productSuccessClaimed) =
audit/OriginalFourTaskCompletionDeclarations.lean:12106:      state.productSuccessClaimed) =
audit/OriginalFourTaskCompletionDeclarations.lean:12156:      state.productSuccessClaimed) =
audit/OriginalFourTaskCompletionDeclarations.lean:12207:      state.productSuccessClaimed) =
audit/OriginalFourTaskCompletionDeclarations.lean:12259:      state.productSuccessClaimed) =
audit/OriginalFourTaskCompletionDeclarations.lean:12303:      state.productSuccessClaimed) =
audit/OriginalFourTaskCompletionDeclarations.lean:12348:      state.productSuccessClaimed) =
audit/OriginalFourTaskCompletionDeclarations.lean:12394:      state.productSuccessClaimed) =
audit/OriginalFourTaskCompletionDeclarations.lean:12442:      state.productSuccessClaimed) =
audit/OriginalFourTaskCompletionDeclarations.lean:12490:      state.productSuccessClaimed) =
audit/OriginalFourTaskCompletionDeclarations.lean:12539:      state.productSuccessClaimed) =
audit/OriginalFourTaskCompletionDeclarations.lean:12589:      state.productSuccessClaimed) =
audit/OriginalFourTaskCompletionDeclarations.lean:12640:      state.productSuccessClaimed) =
audit/OriginalFourTaskCompletionDeclarations.lean:12692:      state.productSuccessClaimed) =
audit/OriginalFourTaskCompletionDeclarations.lean:12734:      state.productSuccessClaimed) =
audit/OriginalFourTaskCompletionDeclarations.lean:12777:      state.productSuccessClaimed) =
audit/OriginalFourTaskCompletionDeclarations.lean:12823:      state.productSuccessClaimed) =
audit/OriginalFourTaskCompletionDeclarations.lean:12871:      state.productSuccessClaimed) =
audit/OriginalFourTaskCompletionDeclarations.lean:12919:      state.productSuccessClaimed) =
audit/OriginalFourTaskCompletionDeclarations.lean:12968:      state.productSuccessClaimed) =
audit/OriginalFourTaskCompletionDeclarations.lean:13018:      state.productSuccessClaimed) =
audit/OriginalFourTaskCompletionDeclarations.lean:13069:      state.productSuccessClaimed) =
audit/OriginalFourTaskCompletionDeclarations.lean:13121:      state.productSuccessClaimed) =
audit/OriginalFourTaskCompletionDeclarations.lean:13163:      state.productSuccessClaimed) =
audit/OriginalFourTaskCompletionDeclarations.lean:13207:      state.productSuccessClaimed) =
audit/OriginalFourTaskCompletionDeclarations.lean:13252:      state.productSuccessClaimed) =
audit/OriginalFourTaskCompletionDeclarations.lean:13298:      state.productSuccessClaimed) =
audit/OriginalFourTaskCompletionDeclarations.lean:13345:      state.productSuccessClaimed) =
audit/OriginalFourTaskCompletionDeclarations.lean:13393:      state.productSuccessClaimed) =
audit/OriginalFourTaskCompletionDeclarations.lean:13440:      state.productSuccessClaimed) =
audit/OriginalFourTaskCompletionDeclarations.lean:13488:      state.productSuccessClaimed) =
audit/OriginalFourTaskCompletionDeclarations.lean:13537:      state.productSuccessClaimed) =
audit/OriginalFourTaskCompletionDeclarations.lean:13578:      state.productSuccessClaimed) =
audit/OriginalFourTaskCompletionDeclarations.lean:13620:      state.productSuccessClaimed) =
audit/OriginalFourTaskCompletionDeclarations.lean:13664:      state.productSuccessClaimed) =
audit/OriginalFourTaskCompletionDeclarations.lean:13709:      state.productSuccessClaimed) =
audit/OriginalFourTaskCompletionDeclarations.lean:13755:      state.productSuccessClaimed) =
audit/OriginalFourTaskCompletionDeclarations.lean:13802:      state.productSuccessClaimed) =
audit/OriginalFourTaskCompletionDeclarations.lean:13849:      state.productSuccessClaimed) =
audit/OriginalFourTaskCompletionDeclarations.lean:13897:      state.productSuccessClaimed) =
audit/OriginalFourTaskCompletionDeclarations.lean:13946:      state.productSuccessClaimed) =
audit/OriginalFourTaskCompletionDeclarations.lean:13987:      state.productSuccessClaimed) =
audit/OriginalFourTaskCompletionDeclarations.lean:14033:      state.productSuccessClaimed) =
audit/OriginalFourTaskCompletionDeclarations.lean:14085:      state.productSuccessClaimed) =
audit/OriginalFourTaskCompletionDeclarations.lean:14141:      state.productSuccessClaimed) =
audit/OriginalFourTaskCompletionDeclarations.lean:14187:      state.productSuccessClaimed) =
audit/OriginalFourTaskCompletionDeclarations.lean:14254:      state.productSuccessClaimed) =
audit/OriginalFourTaskCompletionDeclarations.lean:14301:      state.productSuccessClaimed) =
audit/OriginalFourTaskCompletionDeclarations.lean:14349:      state.productSuccessClaimed) =
audit/OriginalFourTaskCompletionDeclarations.lean:14398:      state.productSuccessClaimed) =
audit/OriginalFourTaskCompletionDeclarations.lean:14440:      state.productSuccessClaimed) =
audit/OriginalFourTaskCompletionDeclarations.lean:14483:      state.productSuccessClaimed) =
audit/OriginalFourTaskCompletionDeclarations.lean:14527:      state.productSuccessClaimed) =
audit/OriginalFourTaskCompletionDeclarations.lean:14573:      state.productSuccessClaimed) =
audit/OriginalFourTaskCompletionDeclarations.lean:14620:      state.productSuccessClaimed) =
audit/OriginalFourTaskCompletionDeclarations.lean:14668:      state.productSuccessClaimed) =
audit/OriginalFourTaskCompletionDeclarations.lean:14717:      state.productSuccessClaimed) =
audit/OriginalFourTaskCompletionDeclarations.lean:14767:      state.productSuccessClaimed) =
audit/OriginalFourTaskCompletionDeclarations.lean:14818:      state.productSuccessClaimed) =
audit/OriginalFourTaskCompletionDeclarations.lean:14861:      state.productSuccessClaimed) =
audit/OriginalFourTaskCompletionDeclarations.lean:14905:      state.productSuccessClaimed) =
audit/OriginalFourTaskCompletionDeclarations.lean:14950:      state.productSuccessClaimed) =
audit/OriginalFourTaskCompletionDeclarations.lean:14996:      state.productSuccessClaimed) =
audit/OriginalFourTaskCompletionDeclarations.lean:15043:      state.productSuccessClaimed) =
audit/OriginalFourTaskCompletionDeclarations.lean:15091:      state.productSuccessClaimed) =
audit/OriginalFourTaskCompletionDeclarations.lean:15140:      state.productSuccessClaimed) =
audit/OriginalFourTaskCompletionDeclarations.lean:15190:      state.productSuccessClaimed) =
audit/OriginalFourTaskCompletionDeclarations.lean:15241:      state.productSuccessClaimed) =
audit/OriginalFourTaskCompletionDeclarations.lean:15284:      state.productSuccessClaimed) =
audit/OriginalFourTaskCompletionDeclarations.lean:15328:      state.productSuccessClaimed) =
audit/OriginalFourTaskCompletionDeclarations.lean:15346:      state.productSuccessClaimed) =
audit/OriginalFourTaskCompletionDeclarations.lean:15366:      state.productSuccessClaimed) =
audit/OriginalFourTaskCompletionDeclarations.lean:15384:      state.productSuccessClaimed) =
audit/OriginalFourTaskCompletionDeclarations.lean:15404:      state.productSuccessClaimed) =
audit/OriginalFourTaskCompletionDeclarations.lean:15424:      state.productSuccessClaimed) =
audit/OriginalFourTaskCompletionDeclarations.lean:15444:      state.productSuccessClaimed) =
audit/OriginalFourTaskCompletionDeclarations.lean:15464:      state.productSuccessClaimed) =
audit/OriginalFourTaskCompletionDeclarations.lean:15484:      state.productSuccessClaimed) =
audit/OriginalFourTaskCompletionDeclarations.lean:15504:      state.productSuccessClaimed) =
audit/OriginalFourTaskCompletionDeclarations.lean:15524:      state.productSuccessClaimed) =
audit/OriginalFourTaskCompletionDeclarations.lean:15542:      state.productSuccessClaimed) =
audit/OriginalFourTaskCompletionDeclarations.lean:15560:    LeanLCAExactChallenge.Dbounded.currentClosedMapLocalizedUnitChoiceFullDataStableConvergenceStateW1424.productSuccessClaimed =
audit/OriginalFourTaskCompletionDeclarations.lean:15579:    LeanLCAExactChallenge.Dbounded.currentClosedMapLocalizedUnitChoiceProjectionStableConvergenceStateW1425.productSuccessClaimed =
audit/OriginalFourTaskCompletionDeclarations.lean:15600:    LeanLCAExactChallenge.Dbounded.currentClosedMapLocalizedUnitChoiceNestedProjectionStableConvergenceStateW1430.productSuccessClaimed =
audit/OriginalFourTaskCompletionDeclarations.lean:15627:    LeanLCAExactChallenge.Dbounded.currentClosedMapLocalizedUnitChoiceDeepProjectionStableConvergenceStateW1431.productSuccessClaimed =
audit/OriginalFourTaskCompletionDeclarations.lean:15650:    LeanLCAExactChallenge.Dbounded.currentClosedMapEndpointLocalizedUnitStableConvergenceStateW1432.productSuccessClaimed =
audit/OriginalFourTaskCompletionDeclarations.lean:15673:    LeanLCAExactChallenge.Dbounded.currentClosedMapNormalizedSourceEndpointLocalizedUnitStableConvergenceStateW1433.productSuccessClaimed =
audit/OriginalFourTaskCompletionDeclarations.lean:15697:    LeanLCAExactChallenge.Dbounded.currentClosedMapTargetClosedEmbeddingClosednessStableConvergenceStateW1434.productSuccessClaimed =
audit/OriginalFourTaskCompletionDeclarations.lean:15722:    LeanLCAExactChallenge.Dbounded.currentClosedMapTargetClosedEmbeddingClosednessNormalizedSourceEndpointStableConvergenceStateW1435.productSuccessClaimed =
audit/OriginalFourTaskCompletionDeclarations.lean:15748:    LeanLCAExactChallenge.Dbounded.currentClosedMapBranchFullDataStableConvergenceStateW1436.productSuccessClaimed =
audit/OriginalFourTaskCompletionDeclarations.lean:15783:    LeanLCAExactChallenge.Dbounded.currentClosedMapBranchFullDataOneInputCycleStateW1437.productSuccessClaimed =
audit/OriginalFourTaskCompletionDeclarations.lean:15814:    LeanLCAExactChallenge.Dbounded.currentClosedMapBranchFullDataW987UnpackBoundaryStateW1438.productSuccessClaimed =
audit/OriginalFourTaskCompletionDeclarations.lean:15845:    LeanLCAExactChallenge.Dbounded.currentClosedMapBranchFullDataW986UnpackBoundaryStateW1439.productSuccessClaimed =
audit/OriginalFourTaskCompletionDeclarations.lean:15880:    LeanLCAExactChallenge.Dbounded.currentClosedMapBranchFullDataW984TargetClosednessUnpackBoundaryStateW1440.productSuccessClaimed =
audit/OriginalFourTaskCompletionDeclarations.lean:15915:    LeanLCAExactChallenge.Dbounded.currentClosedMapBranchFullDataW950NormalizedEndpointUnpackBoundaryStateW1441.productSuccessClaimed =
audit/OriginalFourTaskCompletionDeclarations.lean:15950:    LeanLCAExactChallenge.Dbounded.currentClosedMapBranchFullDataW948NormalizedSourceUnpackBoundaryStateW1442.productSuccessClaimed =
audit/OriginalFourTaskCompletionDeclarations.lean:15985:    LeanLCAExactChallenge.Dbounded.currentClosedMapBranchFullDataW949EndpointLocalizedUnitUnpackBoundaryStateW1443.productSuccessClaimed =
audit/OriginalFourTaskCompletionDeclarations.lean:16021:    LeanLCAExactChallenge.Dbounded.currentClosedMapBranchFullDataW945LocalizedUnitUnpackBoundaryStateW1444.productSuccessClaimed =
audit/OriginalFourTaskCompletionDeclarations.lean:16054:    LeanLCAExactChallenge.Dbounded.currentClosedMapBranchFullDataW990PrimitiveUnitComponentsAlignmentStateW1445.productSuccessClaimed =
audit/OriginalFourTaskCompletionDeclarations.lean:16088:    LeanLCAExactChallenge.Dbounded.currentClosedMapBranchFullDataW990UnitStrictExactIsoPackagingStateW1446.productSuccessClaimed =
audit/OriginalFourTaskCompletionDeclarations.lean:16117:    LeanLCAExactChallenge.Dbounded.currentClosedMapBranchFullDataW989LocalizedUnitChoiceFullDataPackagingStateW1447.productSuccessClaimed =
audit/OriginalFourTaskCompletionDeclarations.lean:16144:    LeanLCAExactChallenge.Dbounded.currentClosedMapBranchFullDataW987RewrapCycleStateW1448.productSuccessClaimed =
audit/OriginalFourTaskCompletionDeclarations.lean:16171:    LeanLCAExactChallenge.Dbounded.currentClosedMapBranchFullDataW987RewrappedStableRouteStateW1449.productSuccessClaimed =
audit/OriginalFourTaskCompletionDeclarations.lean:16204:    LeanLCAExactChallenge.Dbounded.currentW987FieldDataConstructionStateW1450.productSuccessClaimed =
audit/OriginalFourTaskCompletionDeclarations.lean:16254:    LeanLCAExactChallenge.Dbounded.currentW987BoundaryFieldDataConstructionStateW1451.productSuccessClaimed =
audit/OriginalFourTaskCompletionDeclarations.lean:16306:    LeanLCAExactChallenge.Dbounded.currentW987BoundaryRelationFieldDataConstructionStateW1452.productSuccessClaimed =
audit/OriginalFourTaskCompletionDeclarations.lean:16362:    LeanLCAExactChallenge.Dbounded.currentW987BoundaryRelationTargetFieldDataConstructionStateW1453.productSuccessClaimed =
audit/OriginalFourTaskCompletionDeclarations.lean:16420:    LeanLCAExactChallenge.Dbounded.currentW987BoundaryRelationTargetNormalizedEndpointFieldDataConstructionStateW1454.productSuccessClaimed =
audit/OriginalFourTaskCompletionDeclarations.lean:16482:    LeanLCAExactChallenge.Dbounded.currentW987BoundaryRelationTargetEndpointLocalizedUnitFieldDataConstructionStateW1455.productSuccessClaimed =
audit/OriginalFourTaskCompletionDeclarations.lean:16548:    LeanLCAExactChallenge.Dbounded.currentW987BoundaryRelationTargetNormalizedSourceFieldDataConstructionStateW1456.productSuccessClaimed =
audit/OriginalFourTaskCompletionDeclarations.lean:16616:    LeanLCAExactChallenge.Dbounded.currentW987BoundaryRelationTargetNormalizedFixedTargetFieldDataConstructionStateW1457.productSuccessClaimed =
audit/OriginalFourTaskCompletionDeclarations.lean:16693:    LeanLCAExactChallenge.Dbounded.currentW987BoundaryRelationTargetSourceTriangulationFieldDataConstructionStateW1458.productSuccessClaimed =
audit/OriginalFourTaskCompletionDeclarations.lean:16771:    LeanLCAExactChallenge.Dbounded.currentW987BoundaryRelationTargetLocalizedUnitFieldDataConstructionStateW1459.productSuccessClaimed =
audit/OriginalFourTaskCompletionDeclarations.lean:16829:    LeanLCAExactChallenge.Dbounded.currentW987BoundaryRelationTargetUnitMappingConeFieldDataConstructionStateW1460.productSuccessClaimed =
audit/OriginalFourTaskCompletionDeclarations.lean:16885:    LeanLCAExactChallenge.Dbounded.currentW987BoundaryRelationTargetLocalizedAdjunctionCoreFieldDataConstructionStateW1461.productSuccessClaimed =
audit/OriginalFourTaskCompletionDeclarations.lean:16943:    LeanLCAExactChallenge.Dbounded.currentW987BoundaryRelationTargetUnitKernelCokernelTopFieldDataConstructionStateW1462.productSuccessClaimed =
audit/OriginalFourTaskCompletionDeclarations.lean:17002:    LeanLCAExactChallenge.Dbounded.currentW987BoundaryRelationTargetEndpointKernelCokernelTopFieldDataConstructionStateW1463.productSuccessClaimed =
audit/OriginalFourTaskCompletionDeclarations.lean:17052:    LeanLCAExactChallenge.Dbounded.currentW987BoundaryRelationTargetUnitIsoHomInvFieldDataConstructionStateW1464.productSuccessClaimed =
audit/OriginalFourTaskCompletionDeclarations.lean:17105:    LeanLCAExactChallenge.Dbounded.currentW987BoundaryRelationTargetLocalizedAdjunctionNatTransFieldDataConstructionStateW1465.productSuccessClaimed =
audit/OriginalFourTaskCompletionDeclarations.lean:17160:    LeanLCAExactChallenge.Dbounded.currentW987BoundaryRelationTargetLocalizedAdjunctionTriangleComponentFieldDataConstructionStateW1466.productSuccessClaimed =
audit/OriginalFourTaskCompletionDeclarations.lean:17221:    LeanLCAExactChallenge.Dbounded.currentW987BoundaryRelationTargetLocalizedRightAdjointFunctorFieldDataConstructionStateW1467.productSuccessClaimed =
audit/OriginalFourTaskCompletionDeclarations.lean:17272:    LeanLCAExactChallenge.Dbounded.currentW987BoundaryRelationTargetNoUnivPrimitiveFieldDataConstructionStateW1468.productSuccessClaimed =
audit/OriginalFourTaskCompletionDeclarations.lean:17324:    LeanLCAExactChallenge.Dbounded.currentW987BoundaryRelationTargetClosedEmbeddingClosednessFieldDataConstructionStateW1469.productSuccessClaimed =
audit/OriginalFourTaskCompletionDeclarations.lean:17381:    LeanLCAExactChallenge.Dbounded.currentW987BoundaryRelationTargetSelectedDifferenceClosedEmbeddingComponentFieldDataConstructionStateW1470.productSuccessClaimed =
audit/OriginalFourTaskCompletionDeclarations.lean:17442:    LeanLCAExactChallenge.Dbounded.currentW987BoundaryRelationTargetMappedCokernelClosedEmbeddingFieldDataConstructionStateW1471.productSuccessClaimed =
audit/OriginalFourTaskCompletionDeclarations.lean:17491:    LeanLCAExactChallenge.Dbounded.currentW987BoundaryRelationTargetNormalizedLiftBlueprintFieldDataConstructionStateW1472.productSuccessClaimed =
audit/OriginalFourTaskCompletionDeclarations.lean:17545:    LeanLCAExactChallenge.Dbounded.currentW987BoundaryRelationTargetLiftBlueprintFieldDataConstructionStateW1473.productSuccessClaimed =
audit/OriginalFourTaskCompletionDeclarations.lean:17606:    LeanLCAExactChallenge.Dbounded.currentW987BoundaryRelationTargetStrictPreimageObjectFieldDataConstructionStateW1474.productSuccessClaimed =
audit/OriginalFourTaskCompletionDeclarations.lean:17666:    LeanLCAExactChallenge.Dbounded.currentW987BoundaryRelationTargetStrictPreimageMapFieldDataConstructionStateW1475.productSuccessClaimed =
audit/OriginalFourTaskCompletionDeclarations.lean:17735:    LeanLCAExactChallenge.Dbounded.currentW987BoundaryRelationTargetStrictPreimageMapFunctorialityFieldDataConstructionStateW1476.productSuccessClaimed =
audit/OriginalFourTaskCompletionDeclarations.lean:17787:    LeanLCAExactChallenge.Dbounded.currentW987BoundaryRelationTargetStrictPreimageMapImageFieldDataConstructionStateW1477.productSuccessClaimed =
audit/OriginalFourTaskCompletionDeclarations.lean:17839:    LeanLCAExactChallenge.Dbounded.currentW987BoundaryRelationTargetStrictPreimageObjectImageFieldDataConstructionStateW1478.productSuccessClaimed =
audit/OriginalFourTaskCompletionDeclarations.lean:17889:    LeanLCAExactChallenge.Dbounded.currentW987BoundaryRelationTargetStrictPreimageObjectImageRightAdjointFunctorFieldDataConstructionStateW1479.productSuccessClaimed =
audit/OriginalFourTaskCompletionDeclarations.lean:17942:    LeanLCAExactChallenge.Dbounded.currentW987BoundaryRelationTargetStrictPreimageObjectImageRightAdjointFunctorTargetSurjectivityFieldDataConstructionStateW1480.productSuccessClaimed =
audit/OriginalFourTaskCompletionDeclarations.lean:17990:    LeanLCAExactChallenge.Dbounded.currentW987BoundaryRelationTargetStrictPreimageObjectImageRightAdjointFunctorTargetSurjectivityCompactnessFieldDataConstructionStateW1481.productSuccessClaimed =
audit/OriginalFourTaskCompletionDeclarations.lean:18031:    LeanLCAExactChallenge.Dbounded.currentW987BoundaryRelationTargetStrictPreimageObjectImageRightAdjointFunctorTargetSurjectivityCompactnessMappedCokernelFieldDataConstructionStateW1482.productSuccessClaimed =
audit/OriginalFourTaskCompletionDeclarations.lean:18067:    LeanLCAExactChallenge.Dbounded.currentW987BoundaryRelationTargetStrictPreimageObjectImageRightAdjointFunctorTargetSurjectivityCompactnessMappedCokernelPi1FieldDataConstructionStateW1483.productSuccessClaimed =
audit/OriginalFourTaskCompletionDeclarations.lean:18112:    LeanLCAExactChallenge.Dbounded.currentW987BoundaryRelationTargetStrictPreimageObjectImageRightAdjointFunctorTargetSurjectivityCompactnessMappedCokernelPi1Pi2FieldDataConstructionStateW1484.productSuccessClaimed =
audit/OriginalFourTaskCompletionDeclarations.lean:18157:    LeanLCAExactChallenge.Dbounded.currentW987BoundaryRelationTargetStrictPreimageObjectImageRightAdjointFunctorTargetSurjectivityCompactnessMappedCokernelPi1Pi2Pi3FieldDataConstructionStateW1485.productSuccessClaimed =
audit/OriginalFourTaskCompletionDeclarations.lean:18201:    LeanLCAExactChallenge.Dbounded.currentW987BoundaryRelationTargetStrictPreimageObjectImageRightAdjointFunctorTargetSurjectivityCompactnessMappedCokernelPi1Pi2Pi3FieldDataConstructionStateW1486.productSuccessClaimed =
audit/OriginalFourTaskCompletionDeclarations.lean:18245:    LeanLCAExactChallenge.Dbounded.currentW987BoundaryRelationTargetStrictPreimageObjectImageRightAdjointFunctorTargetSurjectivityCompactnessMappedCokernelPi1Pi2Pi3FieldDataConstructionStateW1487.productSuccessClaimed =
audit/OriginalFourTaskCompletionDeclarations.lean:18284:    LeanLCAExactChallenge.Dbounded.currentW987BoundaryRelationTargetStrictPreimageObjectImageRightAdjointFunctorTargetSurjectivityCompactnessMappedCokernelPi1Pi2Pi3FieldDataConstructionStateW1488.productSuccessClaimed =
audit/OriginalFourTaskCompletionDeclarations.lean:18324:    LeanLCAExactChallenge.Dbounded.currentW987BoundaryRelationTargetStrictPreimageObjectImageRightAdjointFunctorTargetSurjectivityCompactnessMappedCokernelPi1Pi2Pi3FieldDataConstructionStateW1489.productSuccessClaimed =
audit/OriginalFourTaskCompletionDeclarations.lean:18363:    LeanLCAExactChallenge.Dbounded.currentW987BoundaryRelationTargetStrictPreimageObjectImageRightAdjointFunctorTargetSurjectivityCompactnessMappedCokernelPi1Pi2Pi3FieldDataConstructionStateW1490.productSuccessClaimed =
audit/OriginalFourTaskCompletionDeclarations.lean:18402:    LeanLCAExactChallenge.Dbounded.currentW987BoundaryRelationTargetStrictPreimageObjectImageRightAdjointFunctorTargetSurjectivityCompactnessMappedCokernelPi1Pi2Pi3FieldDataConstructionStateW1491.productSuccessClaimed =
audit/OriginalFourTaskCompletionDeclarations.lean:18440:    LeanLCAExactChallenge.Dbounded.currentW987BoundaryRelationTargetStrictPreimageObjectImageRightAdjointFunctorTargetSurjectivityCompactnessMappedCokernelPi1Pi2Pi3FieldDataConstructionStateW1492.productSuccessClaimed =
audit/OriginalFourTaskCompletionDeclarations.lean:18478:    LeanLCAExactChallenge.Dbounded.currentW987BoundaryRelationTargetStrictPreimageObjectImageRightAdjointFunctorTargetSurjectivityCompactnessMappedCokernelPi1Pi2Pi3FieldDataConstructionStateW1493.productSuccessClaimed =
audit/OriginalFourTaskCompletionDeclarations.lean:18519:    LeanLCAExactChallenge.Dbounded.currentW987BoundaryRelationTargetStrictPreimageObjectImageRightAdjointFunctorTargetSurjectivityCompactnessMappedCokernelPi1Pi2Pi3FieldDataConstructionStateW1494.productSuccessClaimed =
audit/OriginalFourTaskCompletionDeclarations.lean:18563:    LeanLCAExactChallenge.Dbounded.currentW987BoundaryRelationTargetStrictPreimageObjectImageRightAdjointFunctorTargetSurjectivityCompactnessMappedCokernelPi1Pi2Pi3SourceTriangulationFieldDataConstructionStateW1495.productSuccessClaimed =
audit/OriginalFourTaskCompletionDeclarations.lean:18596:    LeanLCAExactChallenge.Dbounded.currentW987BoundaryRelationTargetStrictPreimageObjectImageRightAdjointFunctorTargetSurjectivityCompactnessMappedCokernelPi1Pi2Pi3SourceHomologicalTriangulationDataConstructionStateW1496.productSuccessClaimed =
audit/OriginalFourTaskCompletionDeclarations.lean:18627:    LeanLCAExactChallenge.Dbounded.currentW987BoundaryRelationTargetStrictPreimageObjectImageRightAdjointFunctorTargetSurjectivityCompactnessMappedCokernelPi1Pi2Pi3StableExactAtRouteConnectionStateW1497.productSuccessClaimed =
audit/OriginalFourTaskCompletionDeclarations.lean:18663:    LeanLCAExactChallenge.Dbounded.currentW987BoundaryRelationTargetStrictPreimageObjectImageRightAdjointFunctorTargetSurjectivityCompactnessMappedCokernelPi1Pi2Pi3SourceTriangulationComparisonLeavesStateW1498.productSuccessClaimed =
audit/OriginalFourTaskCompletionDeclarations.lean:18695:    LeanLCAExactChallenge.Dbounded.currentW987BoundaryRelationTargetStrictPreimageObjectImageRightAdjointFunctorTargetSurjectivityCompactnessMappedCokernelPi1Pi2Pi3SourceTriangulationFieldsComparisonStateW1499.productSuccessClaimed =
audit/OriginalFourTaskCompletionDeclarations.lean:18728:    LeanLCAExactChallenge.Dbounded.currentW987BoundaryRelationTargetStrictPreimageObjectImageRightAdjointFunctorTargetSurjectivityCompactnessMappedCokernelPi1Pi2Pi3EndpointFieldsComparisonStateW1500.productSuccessClaimed =
audit/OriginalFourTaskCompletionDeclarations.lean:18761:    LeanLCAExactChallenge.Dbounded.currentW987BoundaryRelationTargetStrictPreimageObjectImageRightAdjointFunctorTargetSurjectivityCompactnessMappedCokernelPi1Pi2Pi3LocalizedRightAdjointFieldsComparisonStateW1501.productSuccessClaimed =
audit/OriginalFourTaskCompletionDeclarations.lean:18796:    LeanLCAExactChallenge.Dbounded.currentW987BoundaryRelationTargetStrictPreimageObjectImageRightAdjointFunctorTargetSurjectivityCompactnessMappedCokernelPi1Pi2Pi3NormalizedFixedTargetFieldsComparisonStateW1502.productSuccessClaimed =
audit/OriginalFourTaskCompletionDeclarations.lean:18833:    LeanLCAExactChallenge.Dbounded.currentW987BoundaryRelationTargetStrictPreimageObjectImageRightAdjointFunctorTargetSurjectivityCompactnessMappedCokernelPi1Pi2Pi3NormalizedLiftBlueprintFieldsComparisonStateW1503.productSuccessClaimed =
audit/OriginalFourTaskCompletionDeclarations.lean:18870:    LeanLCAExactChallenge.Dbounded.currentW987BoundaryRelationTargetStrictPreimageObjectImageRightAdjointFunctorTargetSurjectivityCompactnessMappedCokernelPi1Pi2Pi3StrictRepresentativeLiftFieldsComparisonStateW1504.productSuccessClaimed =
audit/OriginalFourTaskCompletionDeclarations.lean:18908:    LeanLCAExactChallenge.Dbounded.currentW987BoundaryRelationTargetStrictPreimageObjectImageRightAdjointFunctorTargetSurjectivityCompactnessMappedCokernelPi1Pi2Pi3StrictPreimageObjectFieldsComparisonStateW1505.productSuccessClaimed =
audit/OriginalFourTaskCompletionDeclarations.lean:18941:    LeanLCAExactChallenge.Dbounded.currentW987BoundaryRelationTargetStrictPreimageObjectImageRightAdjointFunctorTargetSurjectivityCompactnessMappedCokernelPi1Pi2Pi3StrictPreimageMapFieldsComparisonStateW1506.productSuccessClaimed =
audit/OriginalFourTaskCompletionDeclarations.lean:18973:    LeanLCAExactChallenge.Dbounded.currentW987BoundaryRelationTargetStrictPreimageObjectImageRightAdjointFunctorTargetSurjectivityCompactnessMappedCokernelPi1Pi2Pi3BoundaryFieldsComparisonStateW1507.productSuccessClaimed =
audit/OriginalFourTaskCompletionDeclarations.lean:19005:    LeanLCAExactChallenge.Dbounded.currentW987BoundaryRelationTargetStrictPreimageObjectImageRightAdjointFunctorTargetSurjectivityCompactnessMappedCokernelPi1Pi2Pi3RelationFieldsComparisonStateW1508.productSuccessClaimed =
audit/OriginalFourTaskCompletionDeclarations.lean:19037:    LeanLCAExactChallenge.Dbounded.currentW987BoundaryRelationTargetStrictPreimageObjectImageRightAdjointFunctorTargetSurjectivityCompactnessMappedCokernelPi1Pi2Pi3TargetSurjectiveCompactFieldsComparisonStateW1509.productSuccessClaimed =
audit/OriginalFourTaskCompletionDeclarations.lean:19070:    LeanLCAExactChallenge.Dbounded.currentW987BoundaryRelationTargetStrictPreimageObjectImageRightAdjointFunctorTargetSurjectivityCompactnessMappedCokernelPi1Pi2Pi3ClosedEmbeddingClosednessFieldsComparisonStateW1510.productSuccessClaimed =
audit/OriginalFourTaskCompletionDeclarations.lean:19102:    LeanLCAExactChallenge.Dbounded.currentW987BoundaryRelationTargetStrictPreimageObjectImageRightAdjointFunctorTargetSurjectivityCompactnessMappedCokernelPi1Pi2Pi3ClosedEmbeddingEndpointHomologyFreeComparisonStateW1511.productSuccessClaimed =
audit/OriginalFourTaskCompletionDeclarations.lean:19135:    LeanLCAExactChallenge.Dbounded.currentW987BoundaryRelationTargetStrictPreimageObjectImageRightAdjointFunctorTargetSurjectivityCompactnessMappedCokernelPi1Pi2Pi3EndpointHomologyFreeConvergenceStateW1512.productSuccessClaimed =
audit/OriginalFourTaskCompletionDeclarations.lean:19174:    LeanLCAExactChallenge.Dbounded.currentW987BoundaryRelationTargetStrictPreimageObjectImageRightAdjointFunctorTargetSurjectivityCompactnessMappedCokernelPi1Pi2Pi3TargetBranchConvergenceStateW1513.productSuccessClaimed =
audit/OriginalFourTaskCompletionDeclarations.lean:19223:    LeanLCAExactChallenge.Dbounded.currentW987BoundaryRelationTargetStrictPreimageObjectImageRightAdjointFunctorTargetSurjectivityCompactnessMappedCokernelPi1Pi2Pi3StrictPreimageConvergenceStateW1514.productSuccessClaimed =
audit/OriginalFourTaskCompletionDeclarations.lean:19274:    LeanLCAExactChallenge.Dbounded.currentW987BoundaryRelationTargetStrictPreimageObjectImageRightAdjointFunctorTargetSurjectivityCompactnessMappedCokernelPi1Pi2Pi3LocalizedRightAdjointConvergenceStateW1515.productSuccessClaimed =
audit/OriginalFourTaskCompletionDeclarations.lean:19321:    LeanLCAExactChallenge.Dbounded.currentW987BoundaryRelationTargetStrictPreimageObjectImageRightAdjointFunctorTargetSurjectivityCompactnessMappedCokernelPi1Pi2Pi3SourceEndpointConvergenceStateW1516.productSuccessClaimed =
audit/OriginalFourTaskCompletionDeclarations.lean:19367:    LeanLCAExactChallenge.Dbounded.currentW987BoundaryRelationTargetStrictPreimageObjectImageRightAdjointFunctorTargetSurjectivityCompactnessMappedCokernelPi1Pi2Pi3ComparisonConcreteLeavesConvergenceStateW1517.productSuccessClaimed =
audit/OriginalFourTaskCompletionDeclarations.lean:19463:    LeanLCAExactChallenge.Dbounded.currentW987BoundaryRelationTargetStrictPreimageObjectImageRightAdjointFunctorTargetSurjectivityCompactnessMappedCokernelPi1Pi2Pi3SelectedCochainConcreteLeavesConvergenceStateW1518.productSuccessClaimed =
audit/OriginalFourTaskCompletionDeclarations.lean:19480:    LeanLCAExactChallenge.Dbounded.currentW987BoundaryRelationTargetStrictPreimageObjectImageRightAdjointFunctorTargetSurjectivityCompactnessMappedCokernelPi1Pi2Pi3W735W732SelectedCochainConvergenceStateW1519.productSuccessClaimed =
audit/OriginalFourTaskCompletionDeclarations.lean:19497:    LeanLCAExactChallenge.Dbounded.currentW987BoundaryRelationTargetStrictPreimageObjectImageRightAdjointFunctorTargetSurjectivityCompactnessMappedCokernelPi1Pi2Pi3EndpointFactsLocalizedSelectedCochainConvergenceStateW1520.productSuccessClaimed =
audit/OriginalFourTaskCompletionDeclarations.lean:19535:    LeanLCAExactChallenge.Dbounded.currentW987BoundaryRelationTargetStrictPreimageObjectImageRightAdjointFunctorTargetSurjectivityCompactnessMappedCokernelPi1Pi2Pi3W870BranchDispatchStateW1521.productSuccessClaimed =
audit/OriginalFourTaskCompletionDeclarations.lean:19581:    LeanLCAExactChallenge.Dbounded.currentW987BoundaryRelationTargetStrictPreimageObjectImageRightAdjointFunctorTargetSurjectivityCompactnessMappedCokernelPi1Pi2Pi3W869W868ConvergenceStateW1522.productSuccessClaimed =
audit/OriginalFourTaskCompletionDeclarations.lean:19619:    LeanLCAExactChallenge.Dbounded.currentW987BoundaryRelationTargetStrictPreimageObjectImageRightAdjointFunctorTargetSurjectivityCompactnessMappedCokernelPi1Pi2Pi3W867StrictRealizationConvergenceStateW1523.productSuccessClaimed =
audit/OriginalFourTaskCompletionDeclarations.lean:19657:    LeanLCAExactChallenge.Dbounded.currentW987BoundaryRelationTargetStrictPreimageObjectImageRightAdjointFunctorTargetSurjectivityCompactnessMappedCokernelPi1Pi2Pi3W866IsoClosureConvergenceStateW1524.productSuccessClaimed =
audit/OriginalFourTaskCompletionDeclarations.lean:19695:    LeanLCAExactChallenge.Dbounded.currentW987BoundaryRelationTargetStrictPreimageObjectImageRightAdjointFunctorTargetSurjectivityCompactnessMappedCokernelPi1Pi2Pi3W865TargetIsoConvergenceStateW1525.productSuccessClaimed =
audit/OriginalFourTaskCompletionDeclarations.lean:19733:    LeanLCAExactChallenge.Dbounded.currentW987BoundaryRelationTargetStrictPreimageObjectImageRightAdjointFunctorTargetSurjectivityCompactnessMappedCokernelPi1Pi2Pi3W864TargetExactAtConvergenceStateW1526.productSuccessClaimed =
audit/OriginalFourTaskCompletionDeclarations.lean:19907:    LeanLCAExactChallenge.Dbounded.currentW987BoundaryRelationTargetStrictPreimageObjectImageRightAdjointFunctorTargetSurjectivityCompactnessMappedCokernelPi1Pi2Pi3W863TargetHomologyZeroConvergenceStateW1527.productSuccessClaimed =
audit/OriginalFourTaskCompletionDeclarations.lean:19924:    LeanLCAExactChallenge.Dbounded.currentW987BoundaryRelationTargetStrictPreimageObjectImageRightAdjointFunctorTargetSurjectivityCompactnessMappedCokernelPi1Pi2Pi3W862ConcreteLeavesTargetExactAtConvergenceStateW1528.productSuccessClaimed =
audit/OriginalFourTaskCompletionDeclarations.lean:19941:    LeanLCAExactChallenge.Dbounded.currentW987BoundaryRelationTargetStrictPreimageObjectImageRightAdjointFunctorTargetSurjectivityCompactnessMappedCokernelPi1Pi2Pi3W860EndpointLocalizedTargetExactAtConvergenceStateW1529.productSuccessClaimed =
audit/OriginalFourTaskCompletionDeclarations.lean:19958:    LeanLCAExactChallenge.Dbounded.currentW987BoundaryRelationTargetStrictPreimageObjectImageRightAdjointFunctorTargetSurjectivityCompactnessMappedCokernelPi1Pi2Pi3W859ClosednessBranchTargetExactAtConvergenceStateW1530.productSuccessClaimed =
audit/OriginalFourTaskCompletionDeclarations.lean:19975:    LeanLCAExactChallenge.Dbounded.currentW987BoundaryRelationTargetStrictPreimageObjectImageRightAdjointFunctorTargetSurjectivityCompactnessMappedCokernelPi1Pi2Pi3W831ComparisonBijectivityLeftCalculusConvergenceStateW1531.productSuccessClaimed =
audit/OriginalFourTaskCompletionDeclarations.lean:19992:    LeanLCAExactChallenge.Dbounded.currentW987BoundaryRelationTargetStrictPreimageObjectImageRightAdjointFunctorTargetSurjectivityCompactnessMappedCokernelPi1Pi2Pi3W829LeftCalculusStableRouteConvergenceStateW1532.productSuccessClaimed =
audit/OriginalFourTaskCompletionDeclarations.lean:20009:    LeanLCAExactChallenge.Dbounded.currentW987BoundaryRelationTargetStrictPreimageObjectImageRightAdjointFunctorTargetSurjectivityCompactnessMappedCokernelPi1Pi2Pi3W829StableFieldsFromDirectSourceStateW1533.productSuccessClaimed =
audit/OriginalFourTaskCompletionDeclarations.lean:20026:    LeanLCAExactChallenge.Dbounded.currentW987BoundaryRelationTargetStrictPreimageObjectImageRightAdjointFunctorTargetSurjectivityCompactnessMappedCokernelPi1Pi2Pi3W829StableCertificateFromDirectSourceStateW1534.productSuccessClaimed =
audit/OriginalFourTaskCompletionDeclarations.lean:20043:    LeanLCAExactChallenge.Dbounded.currentW987BoundaryRelationTargetStrictPreimageObjectImageRightAdjointFunctorTargetSurjectivityCompactnessMappedCokernelPi1Pi2Pi3W829StableProjectionFactsFromAcceptedDirectSourceStateW1535.productSuccessClaimed =
audit/OriginalFourTaskCompletionDeclarations.lean:20060:    LeanLCAExactChallenge.Dbounded.currentW987BoundaryRelationTargetStrictPreimageObjectImageRightAdjointFunctorTargetSurjectivityCompactnessMappedCokernelPi1Pi2Pi3W829StableProjectionFactsDirectSourceComparisonStateW1536.productSuccessClaimed =
audit/OriginalFourTaskCompletionDeclarations.lean:20077:    LeanLCAExactChallenge.Dbounded.currentW987BoundaryRelationTargetStrictPreimageObjectImageRightAdjointFunctorTargetSurjectivityCompactnessMappedCokernelPi1Pi2Pi3W829StableInstanceFactsFromDirectSourceStateW1537.productSuccessClaimed =
audit/OriginalFourTaskCompletionDeclarations.lean:20094:    LeanLCAExactChallenge.Dbounded.currentW987BoundaryRelationTargetStrictPreimageObjectImageRightAdjointFunctorTargetSurjectivityCompactnessMappedCokernelPi1Pi2Pi3W829StableInstancePackageComparisonStateW1538.productSuccessClaimed =
audit/OriginalFourTaskCompletionDeclarations.lean:20111:    LeanLCAExactChallenge.Dbounded.currentW987BoundaryRelationTargetStrictPreimageObjectImageRightAdjointFunctorTargetSurjectivityCompactnessMappedCokernelPi1Pi2Pi3W829StableSemanticAdapterComparisonStateW1539.productSuccessClaimed =
audit/OriginalFourTaskCompletionDeclarations.lean:20128:    LeanLCAExactChallenge.Dbounded.currentW987BoundaryRelationTargetStrictPreimageObjectImageRightAdjointFunctorTargetSurjectivityCompactnessMappedCokernelPi1Pi2Pi3W829StableCertificateSemanticAdapterComparisonStateW1540.productSuccessClaimed =
audit/OriginalFourTaskCompletionDeclarations.lean:20253:#check LeanLCAExactChallenge.Dbounded.originalFourTaskContractCompletion_productSuccessClaimed
