declaration presence scan for W806 target ExactAt W663 bundle reduction stable boundary
LeanLCAExactChallenge/Derived/TargetExactAtW663BundleReductionProductRoute.lean:156:noncomputable def directFiniteShapeStableDataOfClosedMapEndpointBundleReducedW806
LeanLCAExactChallenge/Derived/TargetExactAtW663BundleReductionProductRoute.lean:173:    directFiniteShapeStableDataOfClosedEmbeddingEndpointBundleReducedW806
LeanLCAExactChallenge/Derived/TargetExactAtW663BundleReductionProductRoute.lean:189:noncomputable def directFiniteShapeStableDataOfClosedMapShortExactBundleReducedW806
LeanLCAExactChallenge/Derived/TargetExactAtW663BundleReductionProductRoute.lean:206:    directFiniteShapeStableDataOfClosedEmbeddingShortExactBundleReducedW806
LeanLCAExactChallenge/Derived/TargetExactAtW663BundleReductionProductRoute.lean:220:noncomputable def stableBoundaryInputsOfClosedMapEndpointBundleReducedW806
LeanLCAExactChallenge/Derived/TargetExactAtW663BundleReductionProductRoute.lean:234:noncomputable def stableBoundaryInputsOfClosedEmbeddingEndpointBundleReducedW806
LeanLCAExactChallenge/Derived/TargetExactAtW663BundleReductionProductRoute.lean:248:noncomputable def stableBoundaryInputsOfClosedMapShortExactBundleReducedW806
LeanLCAExactChallenge/Derived/TargetExactAtW663BundleReductionProductRoute.lean:262:noncomputable def stableBoundaryInputsOfClosedEmbeddingShortExactBundleReducedW806
LeanLCAExactChallenge/Derived/TargetExactAtW663BundleReductionProductRoute.lean:276:noncomputable def acceptedStableOfClosedMapEndpointBundleReducedW806
LeanLCAExactChallenge/Derived/TargetExactAtW663BundleReductionProductRoute.lean:290:noncomputable def acceptedStableOfClosedEmbeddingEndpointBundleReducedW806
LeanLCAExactChallenge/Derived/TargetExactAtW663BundleReductionProductRoute.lean:304:noncomputable def acceptedStableOfClosedMapShortExactBundleReducedW806
LeanLCAExactChallenge/Derived/TargetExactAtW663BundleReductionProductRoute.lean:318:noncomputable def acceptedStableOfClosedEmbeddingShortExactBundleReducedW806
LeanLCAExactChallenge/Derived/TargetExactAtW663BundleReductionProductRoute.lean:332:noncomputable def boundedDerivedOfClosedMapEndpointBundleReducedStableBoundaryW806
LeanLCAExactChallenge/Derived/TargetExactAtW663BundleReductionProductRoute.lean:351:    boundedDerivedOfClosedEmbeddingEndpointBundleReducedStableBoundaryW806
LeanLCAExactChallenge/Derived/TargetExactAtW663BundleReductionProductRoute.lean:369:    boundedDerivedOfClosedMapShortExactBundleReducedStableBoundaryW806
LeanLCAExactChallenge/Derived/TargetExactAtW663BundleReductionProductRoute.lean:388:    boundedDerivedOfClosedEmbeddingShortExactBundleReducedStableBoundaryW806
LeanLCAExactChallenge/Derived/TargetExactAtW663BundleReductionProductRoute.lean:417:  stableBoundaryResult : String
LeanLCAExactChallenge/Derived/TargetExactAtW663BundleReductionProductRoute.lean:437:      "directFiniteShapeStableDataOfClosedMapEndpointBundleReducedW806",
LeanLCAExactChallenge/Derived/TargetExactAtW663BundleReductionProductRoute.lean:438:      "directFiniteShapeStableDataOfClosedEmbeddingEndpointBundleReducedW806",
LeanLCAExactChallenge/Derived/TargetExactAtW663BundleReductionProductRoute.lean:439:      "directFiniteShapeStableDataOfClosedMapShortExactBundleReducedW806",
LeanLCAExactChallenge/Derived/TargetExactAtW663BundleReductionProductRoute.lean:440:      "directFiniteShapeStableDataOfClosedEmbeddingShortExactBundleReducedW806",
LeanLCAExactChallenge/Derived/TargetExactAtW663BundleReductionProductRoute.lean:441:      "stableBoundaryInputsOfClosedMapEndpointBundleReducedW806",
LeanLCAExactChallenge/Derived/TargetExactAtW663BundleReductionProductRoute.lean:442:      "stableBoundaryInputsOfClosedEmbeddingEndpointBundleReducedW806",
LeanLCAExactChallenge/Derived/TargetExactAtW663BundleReductionProductRoute.lean:443:      "stableBoundaryInputsOfClosedMapShortExactBundleReducedW806",
LeanLCAExactChallenge/Derived/TargetExactAtW663BundleReductionProductRoute.lean:444:      "stableBoundaryInputsOfClosedEmbeddingShortExactBundleReducedW806",
LeanLCAExactChallenge/Derived/TargetExactAtW663BundleReductionProductRoute.lean:445:      "acceptedStableOfClosedMapEndpointBundleReducedW806",
LeanLCAExactChallenge/Derived/TargetExactAtW663BundleReductionProductRoute.lean:446:      "acceptedStableOfClosedEmbeddingEndpointBundleReducedW806",
LeanLCAExactChallenge/Derived/TargetExactAtW663BundleReductionProductRoute.lean:447:      "acceptedStableOfClosedMapShortExactBundleReducedW806",
LeanLCAExactChallenge/Derived/TargetExactAtW663BundleReductionProductRoute.lean:448:      "acceptedStableOfClosedEmbeddingShortExactBundleReducedW806",
LeanLCAExactChallenge/Derived/TargetExactAtW663BundleReductionProductRoute.lean:449:      "boundedDerivedOfClosedMapEndpointBundleReducedStableBoundaryW806",
LeanLCAExactChallenge/Derived/TargetExactAtW663BundleReductionProductRoute.lean:450:      "boundedDerivedOfClosedEmbeddingEndpointBundleReducedStableBoundaryW806",
LeanLCAExactChallenge/Derived/TargetExactAtW663BundleReductionProductRoute.lean:451:      "boundedDerivedOfClosedMapShortExactBundleReducedStableBoundaryW806",
LeanLCAExactChallenge/Derived/TargetExactAtW663BundleReductionProductRoute.lean:452:      "boundedDerivedOfClosedEmbeddingShortExactBundleReducedStableBoundaryW806",
LeanLCAExactChallenge/Derived/TargetExactAtW663BundleReductionProductRoute.lean:459:  stableBoundaryResult :=
audit/RequiredDeclarations.lean:1323:#check LeanLCAExactChallenge.Dbounded.directFiniteShapeStableDataOfClosedMapEndpointBundleReducedW806
audit/RequiredDeclarations.lean:1325:  LeanLCAExactChallenge.Dbounded.directFiniteShapeStableDataOfClosedEmbeddingEndpointBundleReducedW806
audit/RequiredDeclarations.lean:1327:  LeanLCAExactChallenge.Dbounded.directFiniteShapeStableDataOfClosedMapShortExactBundleReducedW806
audit/RequiredDeclarations.lean:1329:  LeanLCAExactChallenge.Dbounded.directFiniteShapeStableDataOfClosedEmbeddingShortExactBundleReducedW806
audit/RequiredDeclarations.lean:1330:#check LeanLCAExactChallenge.Dbounded.stableBoundaryInputsOfClosedMapEndpointBundleReducedW806
audit/RequiredDeclarations.lean:1332:  LeanLCAExactChallenge.Dbounded.stableBoundaryInputsOfClosedEmbeddingEndpointBundleReducedW806
audit/RequiredDeclarations.lean:1334:  LeanLCAExactChallenge.Dbounded.stableBoundaryInputsOfClosedMapShortExactBundleReducedW806
audit/RequiredDeclarations.lean:1336:  LeanLCAExactChallenge.Dbounded.stableBoundaryInputsOfClosedEmbeddingShortExactBundleReducedW806
audit/RequiredDeclarations.lean:1337:#check LeanLCAExactChallenge.Dbounded.acceptedStableOfClosedMapEndpointBundleReducedW806
audit/RequiredDeclarations.lean:1339:  LeanLCAExactChallenge.Dbounded.acceptedStableOfClosedEmbeddingEndpointBundleReducedW806
audit/RequiredDeclarations.lean:1340:#check LeanLCAExactChallenge.Dbounded.acceptedStableOfClosedMapShortExactBundleReducedW806
audit/RequiredDeclarations.lean:1342:  LeanLCAExactChallenge.Dbounded.acceptedStableOfClosedEmbeddingShortExactBundleReducedW806
audit/RequiredDeclarations.lean:1344:  LeanLCAExactChallenge.Dbounded.boundedDerivedOfClosedMapEndpointBundleReducedStableBoundaryW806
audit/RequiredDeclarations.lean:1346:  LeanLCAExactChallenge.Dbounded.boundedDerivedOfClosedEmbeddingEndpointBundleReducedStableBoundaryW806
audit/RequiredDeclarations.lean:1348:  LeanLCAExactChallenge.Dbounded.boundedDerivedOfClosedMapShortExactBundleReducedStableBoundaryW806
audit/RequiredDeclarations.lean:1350:  LeanLCAExactChallenge.Dbounded.boundedDerivedOfClosedEmbeddingShortExactBundleReducedStableBoundaryW806
audit/OriginalFourTaskCompletionDeclarations.lean:1115:#check LeanLCAExactChallenge.Dbounded.directFiniteShapeStableDataOfClosedMapEndpointBundleReducedW806
audit/OriginalFourTaskCompletionDeclarations.lean:1117:  LeanLCAExactChallenge.Dbounded.directFiniteShapeStableDataOfClosedEmbeddingEndpointBundleReducedW806
audit/OriginalFourTaskCompletionDeclarations.lean:1119:  LeanLCAExactChallenge.Dbounded.directFiniteShapeStableDataOfClosedMapShortExactBundleReducedW806
audit/OriginalFourTaskCompletionDeclarations.lean:1121:  LeanLCAExactChallenge.Dbounded.directFiniteShapeStableDataOfClosedEmbeddingShortExactBundleReducedW806
audit/OriginalFourTaskCompletionDeclarations.lean:1122:#check LeanLCAExactChallenge.Dbounded.stableBoundaryInputsOfClosedMapEndpointBundleReducedW806
audit/OriginalFourTaskCompletionDeclarations.lean:1124:  LeanLCAExactChallenge.Dbounded.stableBoundaryInputsOfClosedEmbeddingEndpointBundleReducedW806
audit/OriginalFourTaskCompletionDeclarations.lean:1126:  LeanLCAExactChallenge.Dbounded.stableBoundaryInputsOfClosedMapShortExactBundleReducedW806
audit/OriginalFourTaskCompletionDeclarations.lean:1128:  LeanLCAExactChallenge.Dbounded.stableBoundaryInputsOfClosedEmbeddingShortExactBundleReducedW806
audit/OriginalFourTaskCompletionDeclarations.lean:1129:#check LeanLCAExactChallenge.Dbounded.acceptedStableOfClosedMapEndpointBundleReducedW806
audit/OriginalFourTaskCompletionDeclarations.lean:1131:  LeanLCAExactChallenge.Dbounded.acceptedStableOfClosedEmbeddingEndpointBundleReducedW806
audit/OriginalFourTaskCompletionDeclarations.lean:1132:#check LeanLCAExactChallenge.Dbounded.acceptedStableOfClosedMapShortExactBundleReducedW806
audit/OriginalFourTaskCompletionDeclarations.lean:1134:  LeanLCAExactChallenge.Dbounded.acceptedStableOfClosedEmbeddingShortExactBundleReducedW806
audit/OriginalFourTaskCompletionDeclarations.lean:1136:  LeanLCAExactChallenge.Dbounded.boundedDerivedOfClosedMapEndpointBundleReducedStableBoundaryW806
audit/OriginalFourTaskCompletionDeclarations.lean:1138:  LeanLCAExactChallenge.Dbounded.boundedDerivedOfClosedEmbeddingEndpointBundleReducedStableBoundaryW806
audit/OriginalFourTaskCompletionDeclarations.lean:1140:  LeanLCAExactChallenge.Dbounded.boundedDerivedOfClosedMapShortExactBundleReducedStableBoundaryW806
audit/OriginalFourTaskCompletionDeclarations.lean:1142:  LeanLCAExactChallenge.Dbounded.boundedDerivedOfClosedEmbeddingShortExactBundleReducedStableBoundaryW806
audit/ProductSuccessDeclarations.lean:10106:  #check Dbounded.directFiniteShapeStableDataOfClosedMapEndpointBundleReducedW806
audit/ProductSuccessDeclarations.lean:10108:    Dbounded.directFiniteShapeStableDataOfClosedEmbeddingEndpointBundleReducedW806
audit/ProductSuccessDeclarations.lean:10109:  #check Dbounded.directFiniteShapeStableDataOfClosedMapShortExactBundleReducedW806
audit/ProductSuccessDeclarations.lean:10111:    Dbounded.directFiniteShapeStableDataOfClosedEmbeddingShortExactBundleReducedW806
audit/ProductSuccessDeclarations.lean:10112:  #check Dbounded.stableBoundaryInputsOfClosedMapEndpointBundleReducedW806
audit/ProductSuccessDeclarations.lean:10113:  #check Dbounded.stableBoundaryInputsOfClosedEmbeddingEndpointBundleReducedW806
audit/ProductSuccessDeclarations.lean:10114:  #check Dbounded.stableBoundaryInputsOfClosedMapShortExactBundleReducedW806
audit/ProductSuccessDeclarations.lean:10116:    Dbounded.stableBoundaryInputsOfClosedEmbeddingShortExactBundleReducedW806
audit/ProductSuccessDeclarations.lean:10117:  #check Dbounded.acceptedStableOfClosedMapEndpointBundleReducedW806
audit/ProductSuccessDeclarations.lean:10118:  #check Dbounded.acceptedStableOfClosedEmbeddingEndpointBundleReducedW806
audit/ProductSuccessDeclarations.lean:10119:  #check Dbounded.acceptedStableOfClosedMapShortExactBundleReducedW806
audit/ProductSuccessDeclarations.lean:10120:  #check Dbounded.acceptedStableOfClosedEmbeddingShortExactBundleReducedW806
audit/ProductSuccessDeclarations.lean:10121:  #check Dbounded.boundedDerivedOfClosedMapEndpointBundleReducedStableBoundaryW806
audit/ProductSuccessDeclarations.lean:10123:    Dbounded.boundedDerivedOfClosedEmbeddingEndpointBundleReducedStableBoundaryW806
audit/ProductSuccessDeclarations.lean:10124:  #check Dbounded.boundedDerivedOfClosedMapShortExactBundleReducedStableBoundaryW806
audit/ProductSuccessDeclarations.lean:10126:    Dbounded.boundedDerivedOfClosedEmbeddingShortExactBundleReducedStableBoundaryW806
