LeanLCAExactChallenge/Derived/ClosedQuotientEpiDirectComparisonLeftSnakeProductRoute.lean:126:noncomputable def directFiniteShapeStableDataOfClosedMapClosedQuotientEpiW780
LeanLCAExactChallenge/Derived/ClosedQuotientEpiDirectComparisonLeftSnakeProductRoute.lean:134:noncomputable def directFiniteShapeStableDataOfClosedEmbeddingClosedQuotientEpiW780
LeanLCAExactChallenge/Derived/ClosedQuotientEpiDirectComparisonLeftSnakeProductRoute.lean:142:noncomputable def stableBoundaryInputsOfClosedMapClosedQuotientEpiW780
LeanLCAExactChallenge/Derived/ClosedQuotientEpiDirectComparisonLeftSnakeProductRoute.lean:150:noncomputable def stableBoundaryInputsOfClosedEmbeddingClosedQuotientEpiW780
LeanLCAExactChallenge/Derived/ClosedQuotientEpiDirectComparisonLeftSnakeProductRoute.lean:158:noncomputable def acceptedStableOfClosedMapClosedQuotientEpiW780
LeanLCAExactChallenge/Derived/ClosedQuotientEpiDirectComparisonLeftSnakeProductRoute.lean:166:noncomputable def acceptedStableOfClosedEmbeddingClosedQuotientEpiW780
LeanLCAExactChallenge/Derived/ClosedQuotientEpiDirectComparisonLeftSnakeProductRoute.lean:174:noncomputable def boundedDerivedOfClosedMapClosedQuotientEpiStableBoundaryW780
LeanLCAExactChallenge/Derived/ClosedQuotientEpiDirectComparisonLeftSnakeProductRoute.lean:183:noncomputable def boundedDerivedOfClosedEmbeddingClosedQuotientEpiStableBoundaryW780
LeanLCAExactChallenge/Derived/ClosedQuotientEpiDirectComparisonLeftSnakeProductRoute.lean:237:      "directFiniteShapeStableDataOfClosedMapClosedQuotientEpiW780",
LeanLCAExactChallenge/Derived/ClosedQuotientEpiDirectComparisonLeftSnakeProductRoute.lean:238:      "directFiniteShapeStableDataOfClosedEmbeddingClosedQuotientEpiW780",
LeanLCAExactChallenge/Derived/ClosedQuotientEpiDirectComparisonLeftSnakeProductRoute.lean:239:      "stableBoundaryInputsOfClosedMapClosedQuotientEpiW780",
LeanLCAExactChallenge/Derived/ClosedQuotientEpiDirectComparisonLeftSnakeProductRoute.lean:240:      "stableBoundaryInputsOfClosedEmbeddingClosedQuotientEpiW780",
LeanLCAExactChallenge/Derived/ClosedQuotientEpiDirectComparisonLeftSnakeProductRoute.lean:241:      "acceptedStableOfClosedMapClosedQuotientEpiW780",
LeanLCAExactChallenge/Derived/ClosedQuotientEpiDirectComparisonLeftSnakeProductRoute.lean:242:      "acceptedStableOfClosedEmbeddingClosedQuotientEpiW780",
LeanLCAExactChallenge/Derived/ClosedQuotientEpiDirectComparisonLeftSnakeProductRoute.lean:243:      "boundedDerivedOfClosedMapClosedQuotientEpiStableBoundaryW780",
LeanLCAExactChallenge/Derived/ClosedQuotientEpiDirectComparisonLeftSnakeProductRoute.lean:244:      "boundedDerivedOfClosedEmbeddingClosedQuotientEpiStableBoundaryW780",
audit/RequiredDeclarations.lean:933:  LeanLCAExactChallenge.Dbounded.directFiniteShapeStableDataOfClosedMapClosedQuotientEpiW780
audit/RequiredDeclarations.lean:935:  LeanLCAExactChallenge.Dbounded.directFiniteShapeStableDataOfClosedEmbeddingClosedQuotientEpiW780
audit/RequiredDeclarations.lean:937:  LeanLCAExactChallenge.Dbounded.stableBoundaryInputsOfClosedMapClosedQuotientEpiW780
audit/RequiredDeclarations.lean:939:  LeanLCAExactChallenge.Dbounded.stableBoundaryInputsOfClosedEmbeddingClosedQuotientEpiW780
audit/RequiredDeclarations.lean:941:  LeanLCAExactChallenge.Dbounded.acceptedStableOfClosedMapClosedQuotientEpiW780
audit/RequiredDeclarations.lean:943:  LeanLCAExactChallenge.Dbounded.acceptedStableOfClosedEmbeddingClosedQuotientEpiW780
audit/RequiredDeclarations.lean:945:  LeanLCAExactChallenge.Dbounded.boundedDerivedOfClosedMapClosedQuotientEpiStableBoundaryW780
audit/RequiredDeclarations.lean:947:  LeanLCAExactChallenge.Dbounded.boundedDerivedOfClosedEmbeddingClosedQuotientEpiStableBoundaryW780
audit/ProductSuccessDeclarations.lean:9340:    Dbounded.directFiniteShapeStableDataOfClosedMapClosedQuotientEpiW780
audit/ProductSuccessDeclarations.lean:9342:    Dbounded.directFiniteShapeStableDataOfClosedEmbeddingClosedQuotientEpiW780
audit/ProductSuccessDeclarations.lean:9344:    Dbounded.stableBoundaryInputsOfClosedMapClosedQuotientEpiW780
audit/ProductSuccessDeclarations.lean:9346:    Dbounded.stableBoundaryInputsOfClosedEmbeddingClosedQuotientEpiW780
audit/ProductSuccessDeclarations.lean:9347:  #check Dbounded.acceptedStableOfClosedMapClosedQuotientEpiW780
audit/ProductSuccessDeclarations.lean:9348:  #check Dbounded.acceptedStableOfClosedEmbeddingClosedQuotientEpiW780
audit/ProductSuccessDeclarations.lean:9350:    Dbounded.boundedDerivedOfClosedMapClosedQuotientEpiStableBoundaryW780
audit/ProductSuccessDeclarations.lean:9352:    Dbounded.boundedDerivedOfClosedEmbeddingClosedQuotientEpiStableBoundaryW780
audit/OriginalFourTaskCompletionDeclarations.lean:725:  LeanLCAExactChallenge.Dbounded.directFiniteShapeStableDataOfClosedMapClosedQuotientEpiW780
audit/OriginalFourTaskCompletionDeclarations.lean:727:  LeanLCAExactChallenge.Dbounded.directFiniteShapeStableDataOfClosedEmbeddingClosedQuotientEpiW780
audit/OriginalFourTaskCompletionDeclarations.lean:729:  LeanLCAExactChallenge.Dbounded.stableBoundaryInputsOfClosedMapClosedQuotientEpiW780
audit/OriginalFourTaskCompletionDeclarations.lean:731:  LeanLCAExactChallenge.Dbounded.stableBoundaryInputsOfClosedEmbeddingClosedQuotientEpiW780
audit/OriginalFourTaskCompletionDeclarations.lean:733:  LeanLCAExactChallenge.Dbounded.acceptedStableOfClosedMapClosedQuotientEpiW780
audit/OriginalFourTaskCompletionDeclarations.lean:735:  LeanLCAExactChallenge.Dbounded.acceptedStableOfClosedEmbeddingClosedQuotientEpiW780
audit/OriginalFourTaskCompletionDeclarations.lean:737:  LeanLCAExactChallenge.Dbounded.boundedDerivedOfClosedMapClosedQuotientEpiStableBoundaryW780
audit/OriginalFourTaskCompletionDeclarations.lean:739:  LeanLCAExactChallenge.Dbounded.boundedDerivedOfClosedEmbeddingClosedQuotientEpiStableBoundaryW780
