audit/ProductSuccessDeclarations.lean:3624:#check Dbounded.MetrizableBoundedComplexCategory
audit/ProductSuccessDeclarations.lean:3625:#check Dbounded.MetrizableCategory
audit/ProductSuccessDeclarations.lean:3626:#check Dbounded.metrizableLocalization
audit/ProductSuccessDeclarations.lean:3627:#check Dbounded.metrizableWeakEquivalence_iff_exactAcyclicMappingCone
audit/ProductSuccessDeclarations.lean:3628:#check Dbounded.metrizableInfinityCategory
audit/ProductSuccessDeclarations.lean:3629:#check Dbounded.metrizableInfinityNerve
audit/ProductSuccessDeclarations.lean:3630:#check Dbounded.metrizableInfinityNerve_quasicategory
audit/ProductSuccessDeclarations.lean:3631:#check Dbounded.metrizableHomotopyCategoryIso
audit/ProductSuccessDeclarations.lean:3632:#check Dbounded.currentMetrizableOrdinaryInfinityContext
audit/RequiredDeclarations.lean:826:#check LeanLCAExactChallenge.Dbounded.MetrizableBoundedComplexCategory
audit/RequiredDeclarations.lean:827:#check LeanLCAExactChallenge.Dbounded.MetrizableCategory
audit/RequiredDeclarations.lean:828:#check LeanLCAExactChallenge.Dbounded.metrizableLocalization
audit/RequiredDeclarations.lean:829:#check LeanLCAExactChallenge.Dbounded.metrizableWeakEquivalence_iff_exactAcyclicMappingCone
audit/RequiredDeclarations.lean:830:#check LeanLCAExactChallenge.Dbounded.metrizableInfinityCategory
audit/RequiredDeclarations.lean:831:#check LeanLCAExactChallenge.Dbounded.metrizableInfinityNerve
audit/RequiredDeclarations.lean:832:#check LeanLCAExactChallenge.Dbounded.metrizableInfinityNerve_quasicategory
audit/RequiredDeclarations.lean:833:#check LeanLCAExactChallenge.Dbounded.metrizableHomotopyCategoryIso
audit/RequiredDeclarations.lean:834:#check LeanLCAExactChallenge.Dbounded.currentMetrizableOrdinaryInfinityContext
audit/OriginalFourTaskCompletionDeclarations.lean:460:#check LeanLCAExactChallenge.Dbounded.MetrizableBoundedComplexCategory
audit/OriginalFourTaskCompletionDeclarations.lean:461:#check LeanLCAExactChallenge.Dbounded.MetrizableCategory
audit/OriginalFourTaskCompletionDeclarations.lean:462:#check LeanLCAExactChallenge.Dbounded.metrizableLocalization
audit/OriginalFourTaskCompletionDeclarations.lean:463:#check LeanLCAExactChallenge.Dbounded.metrizableWeakEquivalence_iff_exactAcyclicMappingCone
audit/OriginalFourTaskCompletionDeclarations.lean:464:#check LeanLCAExactChallenge.Dbounded.metrizableInfinityCategory
audit/OriginalFourTaskCompletionDeclarations.lean:465:#check LeanLCAExactChallenge.Dbounded.metrizableInfinityNerve
audit/OriginalFourTaskCompletionDeclarations.lean:466:#check LeanLCAExactChallenge.Dbounded.metrizableInfinityNerve_quasicategory
audit/OriginalFourTaskCompletionDeclarations.lean:467:#check LeanLCAExactChallenge.Dbounded.metrizableHomotopyCategoryIso
audit/OriginalFourTaskCompletionDeclarations.lean:468:#check LeanLCAExactChallenge.Dbounded.currentMetrizableOrdinaryInfinityContext
run/w_clean_20260607_metrizable_dbounded_original_four_task_declarations.log:394:LeanLCAExactChallenge.Dbounded.MetrizableBoundedComplexCategory : Type 1
run/w_clean_20260607_metrizable_dbounded_original_four_task_declarations.log:395:LeanLCAExactChallenge.Dbounded.MetrizableCategory : Type 1
run/w_clean_20260607_metrizable_dbounded_original_four_task_declarations.log:396:LeanLCAExactChallenge.Dbounded.metrizableLocalization :
run/w_clean_20260607_metrizable_dbounded_original_four_task_declarations.log:397:  CategoryTheory.Functor LeanLCAExactChallenge.Dbounded.MetrizableBoundedComplexCategory
run/w_clean_20260607_metrizable_dbounded_original_four_task_declarations.log:398:    LeanLCAExactChallenge.Dbounded.MetrizableCategory
run/w_clean_20260607_metrizable_dbounded_original_four_task_declarations.log:399:LeanLCAExactChallenge.Dbounded.metrizableWeakEquivalence_iff_exactAcyclicMappingCone
run/w_clean_20260607_metrizable_dbounded_original_four_task_declarations.log:400:  {K L : LeanLCAExactChallenge.Dbounded.MetrizableBoundedComplexCategory} (f : K ⟶ L) :
run/w_clean_20260607_metrizable_dbounded_original_four_task_declarations.log:405:LeanLCAExactChallenge.Dbounded.metrizableInfinityCategory : SSet.QCat
run/w_clean_20260607_metrizable_dbounded_original_four_task_declarations.log:406:LeanLCAExactChallenge.Dbounded.metrizableInfinityNerve : SSet
run/w_clean_20260607_metrizable_dbounded_original_four_task_declarations.log:407:LeanLCAExactChallenge.Dbounded.metrizableInfinityNerve_quasicategory :
run/w_clean_20260607_metrizable_dbounded_original_four_task_declarations.log:408:  LeanLCAExactChallenge.Dbounded.metrizableInfinityNerve.Quasicategory
run/w_clean_20260607_metrizable_dbounded_original_four_task_declarations.log:409:LeanLCAExactChallenge.Dbounded.metrizableHomotopyCategoryIso :
run/w_clean_20260607_metrizable_dbounded_original_four_task_declarations.log:410:  SSet.hoFunctor.obj LeanLCAExactChallenge.Dbounded.metrizableInfinityNerve ≅
run/w_clean_20260607_metrizable_dbounded_original_four_task_declarations.log:411:    CategoryTheory.Cat.of LeanLCAExactChallenge.Dbounded.MetrizableCategory
run/w_clean_20260607_metrizable_dbounded_original_four_task_declarations.log:412:LeanLCAExactChallenge.Dbounded.currentMetrizableOrdinaryInfinityContext :
run/w_clean_20260607_metrizable_dbounded_product_success_declarations.log:3760:LeanLCAExactChallenge.Dbounded.MetrizableBoundedComplexCategory : Type 1
run/w_clean_20260607_metrizable_dbounded_product_success_declarations.log:3761:LeanLCAExactChallenge.Dbounded.MetrizableCategory : Type 1
run/w_clean_20260607_metrizable_dbounded_product_success_declarations.log:3762:LeanLCAExactChallenge.Dbounded.metrizableLocalization :
run/w_clean_20260607_metrizable_dbounded_product_success_declarations.log:3763:  Dbounded.MetrizableBoundedComplexCategory ⥤ Dbounded.MetrizableCategory
run/w_clean_20260607_metrizable_dbounded_product_success_declarations.log:3764:LeanLCAExactChallenge.Dbounded.metrizableWeakEquivalence_iff_exactAcyclicMappingCone
run/w_clean_20260607_metrizable_dbounded_product_success_declarations.log:3765:  {K L : Dbounded.MetrizableBoundedComplexCategory} (f : K ⟶ L) :
run/w_clean_20260607_metrizable_dbounded_product_success_declarations.log:3768:LeanLCAExactChallenge.Dbounded.metrizableInfinityCategory : SSet.QCat
run/w_clean_20260607_metrizable_dbounded_product_success_declarations.log:3769:LeanLCAExactChallenge.Dbounded.metrizableInfinityNerve : SSet
run/w_clean_20260607_metrizable_dbounded_product_success_declarations.log:3770:LeanLCAExactChallenge.Dbounded.metrizableInfinityNerve_quasicategory : Dbounded.metrizableInfinityNerve.Quasicategory
run/w_clean_20260607_metrizable_dbounded_product_success_declarations.log:3771:LeanLCAExactChallenge.Dbounded.metrizableHomotopyCategoryIso :
run/w_clean_20260607_metrizable_dbounded_product_success_declarations.log:3772:  SSet.hoFunctor.obj Dbounded.metrizableInfinityNerve ≅ Cat.of Dbounded.MetrizableCategory
run/w_clean_20260607_metrizable_dbounded_product_success_declarations.log:3773:LeanLCAExactChallenge.Dbounded.currentMetrizableOrdinaryInfinityContext : Dbounded.OrdinaryInfinityContext MetrizableLCA
run/w_clean_20260607_metrizable_dbounded_required_declarations.log:3435:LeanLCAExactChallenge.Dbounded.MetrizableBoundedComplexCategory : Type 1
run/w_clean_20260607_metrizable_dbounded_required_declarations.log:3436:LeanLCAExactChallenge.Dbounded.MetrizableCategory : Type 1
run/w_clean_20260607_metrizable_dbounded_required_declarations.log:3437:LeanLCAExactChallenge.Dbounded.metrizableLocalization :
run/w_clean_20260607_metrizable_dbounded_required_declarations.log:3438:  CategoryTheory.Functor LeanLCAExactChallenge.Dbounded.MetrizableBoundedComplexCategory
run/w_clean_20260607_metrizable_dbounded_required_declarations.log:3439:    LeanLCAExactChallenge.Dbounded.MetrizableCategory
run/w_clean_20260607_metrizable_dbounded_required_declarations.log:3440:LeanLCAExactChallenge.Dbounded.metrizableWeakEquivalence_iff_exactAcyclicMappingCone
run/w_clean_20260607_metrizable_dbounded_required_declarations.log:3441:  {K L : LeanLCAExactChallenge.Dbounded.MetrizableBoundedComplexCategory} (f : K ⟶ L) :
run/w_clean_20260607_metrizable_dbounded_required_declarations.log:3446:LeanLCAExactChallenge.Dbounded.metrizableInfinityCategory : SSet.QCat
run/w_clean_20260607_metrizable_dbounded_required_declarations.log:3447:LeanLCAExactChallenge.Dbounded.metrizableInfinityNerve : SSet
run/w_clean_20260607_metrizable_dbounded_required_declarations.log:3448:LeanLCAExactChallenge.Dbounded.metrizableInfinityNerve_quasicategory :
run/w_clean_20260607_metrizable_dbounded_required_declarations.log:3449:  LeanLCAExactChallenge.Dbounded.metrizableInfinityNerve.Quasicategory
run/w_clean_20260607_metrizable_dbounded_required_declarations.log:3450:LeanLCAExactChallenge.Dbounded.metrizableHomotopyCategoryIso :
run/w_clean_20260607_metrizable_dbounded_required_declarations.log:3451:  SSet.hoFunctor.obj LeanLCAExactChallenge.Dbounded.metrizableInfinityNerve ≅
run/w_clean_20260607_metrizable_dbounded_required_declarations.log:3452:    CategoryTheory.Cat.of LeanLCAExactChallenge.Dbounded.MetrizableCategory
run/w_clean_20260607_metrizable_dbounded_required_declarations.log:3453:LeanLCAExactChallenge.Dbounded.currentMetrizableOrdinaryInfinityContext :
exit=0
