completion claim post scan for W808 target iso to target ExactAt terminal stable boundary
LeanLCAExactChallenge/Derived/TargetIsoToTargetExactAtTerminalProductRoute.lean:208:  productSuccessClaimed : Bool
LeanLCAExactChallenge/Derived/TargetIsoToTargetExactAtTerminalProductRoute.lean:251:  productSuccessClaimed := false
LeanLCAExactChallenge/Derived/TargetIsoToTargetExactAtTerminalProductRoute.lean:256:      state.productSuccessClaimed) =
run/w_clean_20260607_w808_target_iso_to_target_exactat_terminal_boundary_checkpoint.md:5:Changed files: `LeanLCAExactChallenge/Derived/TargetIsoToTargetExactAtTerminalProductRoute.lean`, `audit/RequiredDeclarations.lean`, `audit/ProductSuccessDeclarations.lean`, `audit/OriginalFourTaskCompletionDeclarations.lean`, `run/goal_identity_20260602_human_centered_positive_witness.json`, and W808 verification logs under `run/`.
run/w_clean_20260607_w808_target_iso_to_target_exactat_terminal_boundary_checkpoint.md:13:Still carried: universal comparison isomorphism, concrete W735 branch, and target-isomorphism realization data for exact-acyclic homotopy objects. Product success is not claimed.
run/w_clean_20260607_w808_target_iso_to_target_exactat_terminal_boundary_checkpoint.md:22:git diff --check -- LeanLCAExactChallenge/Derived/TargetIsoToTargetExactAtTerminalProductRoute.lean audit/RequiredDeclarations.lean audit/ProductSuccessDeclarations.lean audit/OriginalFourTaskCompletionDeclarations.lean
run/w_clean_20260607_w808_target_iso_to_target_exactat_terminal_boundary_checkpoint.md:25:lake env lean audit/ProductSuccessDeclarations.lean
run/w_clean_20260607_w808_target_iso_to_target_exactat_terminal_boundary_checkpoint.md:31:Completion claim status: `productSuccessClaimed := false`; no product-success completion claim was introduced.
audit/OriginalFourTaskCompletionDeclarations.lean:1341:    Dbounded.currentMetrizableSemanticStableRouteState.productSuccessClaimed = false :=
audit/OriginalFourTaskCompletionDeclarations.lean:1537:    Dbounded.currentMetrizableSelectedCochainClosed2RouteStateW848.productSuccessClaimed =
audit/OriginalFourTaskCompletionDeclarations.lean:1547:    Dbounded.currentMetrizableSelectedCochainExactInputsRouteStateW849.productSuccessClaimed =
audit/OriginalFourTaskCompletionDeclarations.lean:1557:    Dbounded.currentMetrizableExactInputsSelectedCochainDirectSourceStableRouteStateW850.productSuccessClaimed =
audit/OriginalFourTaskCompletionDeclarations.lean:1567:    Dbounded.currentMetrizableComparisonSelectedCochainStableRouteStateW851.productSuccessClaimed =
audit/OriginalFourTaskCompletionDeclarations.lean:1577:    Dbounded.currentMetrizableRouteDataSelectedCochainStableRouteStateW852.productSuccessClaimed =
audit/OriginalFourTaskCompletionDeclarations.lean:1587:    Dbounded.currentMetrizableHomologyFreeSelectedCochainStableRouteStateW853.productSuccessClaimed =
audit/OriginalFourTaskCompletionDeclarations.lean:1597:    Dbounded.currentMetrizableHomologyFreeProviderFromRouteDataStateW854.productSuccessClaimed =
audit/OriginalFourTaskCompletionDeclarations.lean:1606:    Dbounded.currentMetrizableComparisonBijectivityRouteDataProviderStateW855.productSuccessClaimed =
audit/OriginalFourTaskCompletionDeclarations.lean:1619:    Dbounded.currentMetrizableEndpointFactsHomologyFreeRouteDataStateW856.productSuccessClaimed =
audit/OriginalFourTaskCompletionDeclarations.lean:1636:    Dbounded.currentMetrizableEndpointKernelCokernelFromClosednessBranchStateW857.productSuccessClaimed =
audit/OriginalFourTaskCompletionDeclarations.lean:1650:    Dbounded.currentMetrizableEndpointKernelCokernelLocalizedRouteStateW858.productSuccessClaimed =
audit/OriginalFourTaskCompletionDeclarations.lean:1669:    Dbounded.currentMetrizableClosednessBranchTargetExactAtRouteStateW859.productSuccessClaimed =
audit/OriginalFourTaskCompletionDeclarations.lean:1684:    Dbounded.currentMetrizableEndpointLocalizedClosednessBranchTargetExactAtRouteStateW860.productSuccessClaimed =
audit/OriginalFourTaskCompletionDeclarations.lean:1699:    Dbounded.currentMetrizableConcreteLeavesTargetExactAtRouteStateW861.productSuccessClaimed =
audit/OriginalFourTaskCompletionDeclarations.lean:1716:      state.productSuccessClaimed) =
audit/OriginalFourTaskCompletionDeclarations.lean:1732:      state.productSuccessClaimed) =
audit/OriginalFourTaskCompletionDeclarations.lean:1749:      state.productSuccessClaimed) =
audit/OriginalFourTaskCompletionDeclarations.lean:1766:      state.productSuccessClaimed) =
audit/OriginalFourTaskCompletionDeclarations.lean:1783:      state.productSuccessClaimed) =
audit/OriginalFourTaskCompletionDeclarations.lean:1800:      state.productSuccessClaimed) =
audit/OriginalFourTaskCompletionDeclarations.lean:1817:      state.productSuccessClaimed) =
audit/OriginalFourTaskCompletionDeclarations.lean:1829:      state.productSuccessClaimed) =
audit/OriginalFourTaskCompletionDeclarations.lean:1841:      state.productSuccessClaimed) =
audit/OriginalFourTaskCompletionDeclarations.lean:1853:      state.productSuccessClaimed) =
audit/OriginalFourTaskCompletionDeclarations.lean:1865:      state.productSuccessClaimed) =
audit/OriginalFourTaskCompletionDeclarations.lean:1877:      state.productSuccessClaimed) =
audit/OriginalFourTaskCompletionDeclarations.lean:1889:      state.productSuccessClaimed) =
audit/OriginalFourTaskCompletionDeclarations.lean:1898:    Dbounded.currentMetrizableW732SelectedCochainStableExactAtRouteStateW875.productSuccessClaimed =
audit/OriginalFourTaskCompletionDeclarations.lean:1907:    Dbounded.currentMetrizableW735W732SelectedCochainStableExactAtRouteStateW876.productSuccessClaimed =
audit/OriginalFourTaskCompletionDeclarations.lean:1917:    Dbounded.currentMetrizableConcreteLeavesSelectedCochainStableExactAtRouteStateW877.productSuccessClaimed =
audit/OriginalFourTaskCompletionDeclarations.lean:1933:    Dbounded.currentMetrizableSelectedCochainConcreteLeavesStableExactAtRouteStateW878.productSuccessClaimed =
audit/OriginalFourTaskCompletionDeclarations.lean:1948:    Dbounded.currentMetrizableComparisonConcreteLeavesStableExactAtRouteStateW879.productSuccessClaimed =
audit/OriginalFourTaskCompletionDeclarations.lean:1963:    Dbounded.currentMetrizableHomologyFreeComparisonConcreteLeavesStableExactAtRouteStateW880.productSuccessClaimed =
audit/OriginalFourTaskCompletionDeclarations.lean:1978:    Dbounded.currentMetrizableEndpointLocalizedComparisonConcreteLeavesStableExactAtRouteStateW881.productSuccessClaimed =
audit/OriginalFourTaskCompletionDeclarations.lean:1993:    Dbounded.currentMetrizableW732ComparisonConcreteLeavesStableExactAtRouteStateW882.productSuccessClaimed =
audit/OriginalFourTaskCompletionDeclarations.lean:2003:    Dbounded.currentMetrizableConcreteLeavesComparisonStableExactAtRouteStateW883.productSuccessClaimed =
audit/OriginalFourTaskCompletionDeclarations.lean:2019:    Dbounded.currentMetrizableSourceTriangulationComparisonStableExactAtRouteStateW884.productSuccessClaimed =
audit/OriginalFourTaskCompletionDeclarations.lean:2035:    Dbounded.currentMetrizableSourceTriangulationFieldsComparisonStableExactAtRouteStateW885.productSuccessClaimed =
audit/OriginalFourTaskCompletionDeclarations.lean:2051:    Dbounded.currentMetrizableEndpointFieldsComparisonStableExactAtRouteStateW886.productSuccessClaimed =
audit/OriginalFourTaskCompletionDeclarations.lean:2067:    Dbounded.currentMetrizableLocalizedRightAdjointFieldsComparisonStableExactAtRouteStateW887.productSuccessClaimed =
audit/OriginalFourTaskCompletionDeclarations.lean:2083:    Dbounded.currentMetrizableNormalizedFixedTargetFieldsComparisonStableExactAtRouteStateW888.productSuccessClaimed =
audit/OriginalFourTaskCompletionDeclarations.lean:2099:    Dbounded.currentMetrizableNormalizedLiftBlueprintFieldsComparisonStableExactAtRouteStateW889.productSuccessClaimed =
audit/OriginalFourTaskCompletionDeclarations.lean:2115:    Dbounded.currentMetrizableStrictRepresentativeFieldsComparisonStableExactAtRouteStateW890.productSuccessClaimed =
audit/OriginalFourTaskCompletionDeclarations.lean:2131:    Dbounded.currentMetrizableStrictPreimageObjectFieldsComparisonStableExactAtRouteStateW891.productSuccessClaimed =
audit/OriginalFourTaskCompletionDeclarations.lean:2147:    Dbounded.currentMetrizableStrictPreimageMapFieldsComparisonStableExactAtRouteStateW892.productSuccessClaimed =
audit/OriginalFourTaskCompletionDeclarations.lean:2163:    Dbounded.currentMetrizableBoundaryFieldsComparisonStableExactAtRouteStateW893.productSuccessClaimed =
audit/OriginalFourTaskCompletionDeclarations.lean:2179:    Dbounded.currentMetrizableRelationFieldsComparisonStableExactAtRouteStateW894.productSuccessClaimed =
audit/OriginalFourTaskCompletionDeclarations.lean:2195:    Dbounded.currentMetrizableTargetSurjectiveCompactFieldsComparisonStableExactAtRouteStateW895.productSuccessClaimed =
audit/OriginalFourTaskCompletionDeclarations.lean:2211:    Dbounded.currentMetrizableClosedMapClosednessFieldsComparisonStableExactAtRouteStateW896.productSuccessClaimed =
audit/OriginalFourTaskCompletionDeclarations.lean:2227:    Dbounded.currentMetrizableClosedEmbeddingClosednessFieldsComparisonStableExactAtRouteStateW897.productSuccessClaimed =
audit/OriginalFourTaskCompletionDeclarations.lean:2243:    Dbounded.currentMetrizableClosedEmbeddingEndpointHomologyFreeComparisonStableExactAtRouteStateW898.productSuccessClaimed =
audit/OriginalFourTaskCompletionDeclarations.lean:2259:    Dbounded.currentMetrizableClosedMapEndpointHomologyFreeComparisonStableExactAtRouteStateW899.productSuccessClaimed =
audit/OriginalFourTaskCompletionDeclarations.lean:2276:    Dbounded.currentMetrizableClosedMapEndpointLocalizedAdjointRouteStateW900.productSuccessClaimed =
audit/OriginalFourTaskCompletionDeclarations.lean:2292:    Dbounded.currentMetrizableClosedMapSourceTriangulationEndpointFactsRouteStateW901.productSuccessClaimed =
audit/OriginalFourTaskCompletionDeclarations.lean:2308:    Dbounded.currentMetrizableClosedMapBoundaryDataSourceTriangulationEndpointFactsRouteStateW902.productSuccessClaimed =
audit/OriginalFourTaskCompletionDeclarations.lean:2324:    Dbounded.currentMetrizableClosedMapRelationDataBoundaryEndpointFactsRouteStateW903.productSuccessClaimed =
audit/OriginalFourTaskCompletionDeclarations.lean:2340:    Dbounded.currentMetrizableClosedMapTargetDataEndpointFactsRouteStateW904.productSuccessClaimed =
audit/OriginalFourTaskCompletionDeclarations.lean:2356:    Dbounded.currentMetrizableClosedMapMappedCokernelFieldTargetDataRouteStateW905.productSuccessClaimed =
audit/OriginalFourTaskCompletionDeclarations.lean:2372:    Dbounded.currentMetrizableClosedMapComponentFieldsMappedCokernelFieldTargetDataRouteStateW906.productSuccessClaimed =
audit/OriginalFourTaskCompletionDeclarations.lean:2386:    Dbounded.currentMetrizableClosedMapBoundaryFieldsRouteStateW907.productSuccessClaimed =
audit/OriginalFourTaskCompletionDeclarations.lean:2400:    Dbounded.currentMetrizableClosedMapRelationFieldsRouteStateW908.productSuccessClaimed =
audit/OriginalFourTaskCompletionDeclarations.lean:2414:    Dbounded.currentMetrizableClosedMapTargetFieldsRouteStateW909.productSuccessClaimed =
audit/OriginalFourTaskCompletionDeclarations.lean:2428:    Dbounded.currentMetrizableClosedMapSourceFieldsRouteStateW910.productSuccessClaimed =
audit/OriginalFourTaskCompletionDeclarations.lean:2442:    Dbounded.currentMetrizableClosedMapEndpointFieldsRouteStateW911.productSuccessClaimed =
audit/OriginalFourTaskCompletionDeclarations.lean:2456:    Dbounded.currentMetrizableClosedMapLocalizedRightAdjointFieldsRouteStateW912.productSuccessClaimed =
audit/OriginalFourTaskCompletionDeclarations.lean:2470:    Dbounded.currentMetrizableClosedMapFixedTargetUniqFieldsRouteStateW913.productSuccessClaimed =
audit/OriginalFourTaskCompletionDeclarations.lean:2484:    Dbounded.currentMetrizableClosedMapSelectedDifferenceFieldsRouteStateW914.productSuccessClaimed =
audit/OriginalFourTaskCompletionDeclarations.lean:2498:    Dbounded.currentMetrizableClosedMapTargetRawFieldsRouteStateW915.productSuccessClaimed =
audit/OriginalFourTaskCompletionDeclarations.lean:2512:    Dbounded.currentMetrizableClosedMapRelationRawFieldsRouteStateW916.productSuccessClaimed =
audit/OriginalFourTaskCompletionDeclarations.lean:2526:    Dbounded.currentMetrizableClosedMapBoundaryRawFieldsRouteStateW917.productSuccessClaimed =
audit/OriginalFourTaskCompletionDeclarations.lean:2540:    Dbounded.currentMetrizableClosedMapTriangleCompletionRawFieldBoundaryRawFieldsRouteStateW918.productSuccessClaimed =
audit/OriginalFourTaskCompletionDeclarations.lean:2554:    Dbounded.currentMetrizableClosedMapSourceRawFieldsRouteStateW919.productSuccessClaimed =
audit/OriginalFourTaskCompletionDeclarations.lean:2568:    Dbounded.currentMetrizableClosedMapRelationPrimitiveFieldsRouteStateW920.productSuccessClaimed =
audit/OriginalFourTaskCompletionDeclarations.lean:2584:      state.productSuccessClaimed) =
audit/OriginalFourTaskCompletionDeclarations.lean:2600:      state.productSuccessClaimed) =
audit/OriginalFourTaskCompletionDeclarations.lean:2616:      state.productSuccessClaimed) =
audit/OriginalFourTaskCompletionDeclarations.lean:2632:      state.productSuccessClaimed) =
audit/OriginalFourTaskCompletionDeclarations.lean:2648:      state.productSuccessClaimed) =
audit/OriginalFourTaskCompletionDeclarations.lean:2664:      state.productSuccessClaimed) =
audit/OriginalFourTaskCompletionDeclarations.lean:2680:      state.productSuccessClaimed) =
audit/OriginalFourTaskCompletionDeclarations.lean:2696:      state.productSuccessClaimed) =
audit/OriginalFourTaskCompletionDeclarations.lean:2712:      state.productSuccessClaimed) =
audit/OriginalFourTaskCompletionDeclarations.lean:2728:      state.productSuccessClaimed) =
audit/OriginalFourTaskCompletionDeclarations.lean:2744:      state.productSuccessClaimed) =
audit/OriginalFourTaskCompletionDeclarations.lean:2760:      state.productSuccessClaimed) =
audit/OriginalFourTaskCompletionDeclarations.lean:2776:      state.productSuccessClaimed) =
audit/OriginalFourTaskCompletionDeclarations.lean:2792:      state.productSuccessClaimed) =
audit/OriginalFourTaskCompletionDeclarations.lean:2808:      state.productSuccessClaimed) =
audit/OriginalFourTaskCompletionDeclarations.lean:2824:      state.productSuccessClaimed) =
audit/OriginalFourTaskCompletionDeclarations.lean:2840:      state.productSuccessClaimed) =
audit/OriginalFourTaskCompletionDeclarations.lean:2856:      state.productSuccessClaimed) =
audit/OriginalFourTaskCompletionDeclarations.lean:2872:      state.productSuccessClaimed) =
audit/OriginalFourTaskCompletionDeclarations.lean:2888:      state.productSuccessClaimed) =
audit/OriginalFourTaskCompletionDeclarations.lean:2904:      state.productSuccessClaimed) =
audit/OriginalFourTaskCompletionDeclarations.lean:2920:      state.productSuccessClaimed) =
audit/OriginalFourTaskCompletionDeclarations.lean:2936:      state.productSuccessClaimed) =
audit/OriginalFourTaskCompletionDeclarations.lean:2952:      state.productSuccessClaimed) =
audit/OriginalFourTaskCompletionDeclarations.lean:2969:      state.productSuccessClaimed) =
audit/OriginalFourTaskCompletionDeclarations.lean:2985:      state.productSuccessClaimed) =
audit/OriginalFourTaskCompletionDeclarations.lean:3001:      state.productSuccessClaimed) =
audit/OriginalFourTaskCompletionDeclarations.lean:3017:      state.productSuccessClaimed) =
audit/OriginalFourTaskCompletionDeclarations.lean:3033:      state.productSuccessClaimed) =
audit/OriginalFourTaskCompletionDeclarations.lean:3049:      state.productSuccessClaimed) =
audit/OriginalFourTaskCompletionDeclarations.lean:3065:      state.productSuccessClaimed) =
audit/OriginalFourTaskCompletionDeclarations.lean:3081:      state.productSuccessClaimed) =
audit/OriginalFourTaskCompletionDeclarations.lean:3097:      state.productSuccessClaimed) =
audit/OriginalFourTaskCompletionDeclarations.lean:3113:      state.productSuccessClaimed) =
audit/OriginalFourTaskCompletionDeclarations.lean:3129:      state.productSuccessClaimed) =
audit/OriginalFourTaskCompletionDeclarations.lean:3145:      state.productSuccessClaimed) =
audit/OriginalFourTaskCompletionDeclarations.lean:3161:      state.productSuccessClaimed) =
audit/OriginalFourTaskCompletionDeclarations.lean:3177:      state.productSuccessClaimed) =
audit/OriginalFourTaskCompletionDeclarations.lean:3192:      state.productSuccessClaimed) =
audit/OriginalFourTaskCompletionDeclarations.lean:3207:      state.productSuccessClaimed) =
audit/OriginalFourTaskCompletionDeclarations.lean:3222:      state.productSuccessClaimed) =
audit/OriginalFourTaskCompletionDeclarations.lean:3237:      state.productSuccessClaimed) =
audit/OriginalFourTaskCompletionDeclarations.lean:3252:      state.productSuccessClaimed) =
audit/OriginalFourTaskCompletionDeclarations.lean:3268:      state.productSuccessClaimed) =
audit/OriginalFourTaskCompletionDeclarations.lean:3285:      state.productSuccessClaimed) =
audit/OriginalFourTaskCompletionDeclarations.lean:3302:      state.productSuccessClaimed) =
audit/OriginalFourTaskCompletionDeclarations.lean:3319:      state.productSuccessClaimed) =
audit/OriginalFourTaskCompletionDeclarations.lean:3338:      state.productSuccessClaimed) =
audit/OriginalFourTaskCompletionDeclarations.lean:3358:      state.productSuccessClaimed) =
audit/OriginalFourTaskCompletionDeclarations.lean:3379:      state.productSuccessClaimed) =
audit/OriginalFourTaskCompletionDeclarations.lean:3400:      state.productSuccessClaimed) =
audit/OriginalFourTaskCompletionDeclarations.lean:3421:      state.productSuccessClaimed) =
audit/OriginalFourTaskCompletionDeclarations.lean:3442:      state.productSuccessClaimed) =
audit/OriginalFourTaskCompletionDeclarations.lean:3462:      state.productSuccessClaimed) =
audit/OriginalFourTaskCompletionDeclarations.lean:3482:      state.productSuccessClaimed) =
audit/OriginalFourTaskCompletionDeclarations.lean:3502:      state.productSuccessClaimed) =
audit/OriginalFourTaskCompletionDeclarations.lean:3522:      state.productSuccessClaimed) =
audit/OriginalFourTaskCompletionDeclarations.lean:3542:      state.productSuccessClaimed) =
audit/OriginalFourTaskCompletionDeclarations.lean:3562:      state.productSuccessClaimed) =
audit/OriginalFourTaskCompletionDeclarations.lean:3583:      state.productSuccessClaimed) =
audit/OriginalFourTaskCompletionDeclarations.lean:3610:      state.productSuccessClaimed) =
audit/OriginalFourTaskCompletionDeclarations.lean:3634:      state.productSuccessClaimed) =
audit/OriginalFourTaskCompletionDeclarations.lean:3655:      state.productSuccessClaimed) =
audit/OriginalFourTaskCompletionDeclarations.lean:3685:      state.productSuccessClaimed) =
audit/OriginalFourTaskCompletionDeclarations.lean:3708:      state.productSuccessClaimed) =
audit/OriginalFourTaskCompletionDeclarations.lean:3734:      state.productSuccessClaimed) =
audit/OriginalFourTaskCompletionDeclarations.lean:3757:      state.productSuccessClaimed) =
audit/OriginalFourTaskCompletionDeclarations.lean:3781:      state.productSuccessClaimed) =
audit/OriginalFourTaskCompletionDeclarations.lean:3803:      state.productSuccessClaimed) =
audit/OriginalFourTaskCompletionDeclarations.lean:3827:      state.productSuccessClaimed) =
audit/OriginalFourTaskCompletionDeclarations.lean:3849:      state.productSuccessClaimed) =
audit/OriginalFourTaskCompletionDeclarations.lean:3871:      state.productSuccessClaimed) =
audit/OriginalFourTaskCompletionDeclarations.lean:3895:      state.productSuccessClaimed) =
audit/OriginalFourTaskCompletionDeclarations.lean:3920:      state.productSuccessClaimed) =
audit/OriginalFourTaskCompletionDeclarations.lean:3947:      state.productSuccessClaimed) =
audit/OriginalFourTaskCompletionDeclarations.lean:3975:      state.productSuccessClaimed) =
audit/OriginalFourTaskCompletionDeclarations.lean:4003:      state.productSuccessClaimed) =
audit/OriginalFourTaskCompletionDeclarations.lean:4032:      state.productSuccessClaimed) =
audit/OriginalFourTaskCompletionDeclarations.lean:4067:      state.productSuccessClaimed) =
audit/OriginalFourTaskCompletionDeclarations.lean:4095:      state.productSuccessClaimed) =
audit/OriginalFourTaskCompletionDeclarations.lean:4123:      state.productSuccessClaimed) =
audit/OriginalFourTaskCompletionDeclarations.lean:4150:      state.productSuccessClaimed) =
audit/OriginalFourTaskCompletionDeclarations.lean:4178:      state.productSuccessClaimed) =
audit/OriginalFourTaskCompletionDeclarations.lean:4209:      state.productSuccessClaimed) =
audit/OriginalFourTaskCompletionDeclarations.lean:4241:      state.productSuccessClaimed) =
audit/OriginalFourTaskCompletionDeclarations.lean:4274:      state.productSuccessClaimed) =
audit/OriginalFourTaskCompletionDeclarations.lean:4312:      state.productSuccessClaimed) =
audit/OriginalFourTaskCompletionDeclarations.lean:4350:      state.productSuccessClaimed) =
audit/OriginalFourTaskCompletionDeclarations.lean:4388:      state.productSuccessClaimed) =
audit/OriginalFourTaskCompletionDeclarations.lean:4427:      state.productSuccessClaimed) =
audit/OriginalFourTaskCompletionDeclarations.lean:4467:      state.productSuccessClaimed) =
audit/OriginalFourTaskCompletionDeclarations.lean:4507:      state.productSuccessClaimed) =
audit/OriginalFourTaskCompletionDeclarations.lean:4549:      state.productSuccessClaimed) =
audit/OriginalFourTaskCompletionDeclarations.lean:4571:      state.productSuccessClaimed) =
audit/OriginalFourTaskCompletionDeclarations.lean:4595:      state.productSuccessClaimed) =
audit/OriginalFourTaskCompletionDeclarations.lean:4619:      state.productSuccessClaimed) =
audit/OriginalFourTaskCompletionDeclarations.lean:4644:      state.productSuccessClaimed) =
audit/OriginalFourTaskCompletionDeclarations.lean:4669:      state.productSuccessClaimed) =
audit/OriginalFourTaskCompletionDeclarations.lean:4695:      state.productSuccessClaimed) =
audit/OriginalFourTaskCompletionDeclarations.lean:4722:      state.productSuccessClaimed) =
audit/OriginalFourTaskCompletionDeclarations.lean:4750:      state.productSuccessClaimed) =
audit/OriginalFourTaskCompletionDeclarations.lean:4779:      state.productSuccessClaimed) =
audit/OriginalFourTaskCompletionDeclarations.lean:4808:      state.productSuccessClaimed) =
audit/OriginalFourTaskCompletionDeclarations.lean:4837:      state.productSuccessClaimed) =
audit/OriginalFourTaskCompletionDeclarations.lean:4866:      state.productSuccessClaimed) =
audit/OriginalFourTaskCompletionDeclarations.lean:4896:      state.productSuccessClaimed) =
audit/OriginalFourTaskCompletionDeclarations.lean:4927:      state.productSuccessClaimed) =
audit/OriginalFourTaskCompletionDeclarations.lean:4959:      state.productSuccessClaimed) =
audit/OriginalFourTaskCompletionDeclarations.lean:4992:      state.productSuccessClaimed) =
audit/OriginalFourTaskCompletionDeclarations.lean:5026:      state.productSuccessClaimed) =
audit/OriginalFourTaskCompletionDeclarations.lean:5061:      state.productSuccessClaimed) =
audit/OriginalFourTaskCompletionDeclarations.lean:5097:      state.productSuccessClaimed) =
audit/OriginalFourTaskCompletionDeclarations.lean:5135:      state.productSuccessClaimed) =
audit/OriginalFourTaskCompletionDeclarations.lean:5173:      state.productSuccessClaimed) =
audit/OriginalFourTaskCompletionDeclarations.lean:5212:      state.productSuccessClaimed) =
audit/OriginalFourTaskCompletionDeclarations.lean:5252:      state.productSuccessClaimed) =
audit/OriginalFourTaskCompletionDeclarations.lean:5293:      state.productSuccessClaimed) =
audit/OriginalFourTaskCompletionDeclarations.lean:5335:      state.productSuccessClaimed) =
audit/OriginalFourTaskCompletionDeclarations.lean:5378:      state.productSuccessClaimed) =
audit/OriginalFourTaskCompletionDeclarations.lean:5422:      state.productSuccessClaimed) =
audit/OriginalFourTaskCompletionDeclarations.lean:5467:      state.productSuccessClaimed) =
audit/OriginalFourTaskCompletionDeclarations.lean:5514:      state.productSuccessClaimed) =
audit/OriginalFourTaskCompletionDeclarations.lean:5552:      state.productSuccessClaimed) =
audit/OriginalFourTaskCompletionDeclarations.lean:5591:      state.productSuccessClaimed) =
audit/OriginalFourTaskCompletionDeclarations.lean:5631:      state.productSuccessClaimed) =
audit/OriginalFourTaskCompletionDeclarations.lean:5672:      state.productSuccessClaimed) =
audit/OriginalFourTaskCompletionDeclarations.lean:5714:      state.productSuccessClaimed) =
audit/OriginalFourTaskCompletionDeclarations.lean:5757:      state.productSuccessClaimed) =
audit/OriginalFourTaskCompletionDeclarations.lean:5801:      state.productSuccessClaimed) =
audit/OriginalFourTaskCompletionDeclarations.lean:5846:      state.productSuccessClaimed) =
audit/OriginalFourTaskCompletionDeclarations.lean:5892:      state.productSuccessClaimed) =
audit/OriginalFourTaskCompletionDeclarations.lean:5930:      state.productSuccessClaimed) =
audit/OriginalFourTaskCompletionDeclarations.lean:5969:      state.productSuccessClaimed) =
audit/OriginalFourTaskCompletionDeclarations.lean:6009:      state.productSuccessClaimed) =
audit/OriginalFourTaskCompletionDeclarations.lean:6050:      state.productSuccessClaimed) =
audit/OriginalFourTaskCompletionDeclarations.lean:6092:      state.productSuccessClaimed) =
audit/OriginalFourTaskCompletionDeclarations.lean:6135:      state.productSuccessClaimed) =
audit/OriginalFourTaskCompletionDeclarations.lean:6179:      state.productSuccessClaimed) =
audit/OriginalFourTaskCompletionDeclarations.lean:6224:      state.productSuccessClaimed) =
audit/OriginalFourTaskCompletionDeclarations.lean:6270:      state.productSuccessClaimed) =
audit/OriginalFourTaskCompletionDeclarations.lean:6309:      state.productSuccessClaimed) =
audit/OriginalFourTaskCompletionDeclarations.lean:6349:      state.productSuccessClaimed) =
audit/OriginalFourTaskCompletionDeclarations.lean:6390:      state.productSuccessClaimed) =
audit/OriginalFourTaskCompletionDeclarations.lean:6431:      state.productSuccessClaimed) =
audit/OriginalFourTaskCompletionDeclarations.lean:6473:      state.productSuccessClaimed) =
audit/OriginalFourTaskCompletionDeclarations.lean:6516:      state.productSuccessClaimed) =
audit/OriginalFourTaskCompletionDeclarations.lean:6560:      state.productSuccessClaimed) =
audit/OriginalFourTaskCompletionDeclarations.lean:6605:      state.productSuccessClaimed) =
audit/OriginalFourTaskCompletionDeclarations.lean:6651:      state.productSuccessClaimed) =
audit/OriginalFourTaskCompletionDeclarations.lean:6689:      state.productSuccessClaimed) =
audit/OriginalFourTaskCompletionDeclarations.lean:6728:      state.productSuccessClaimed) =
audit/OriginalFourTaskCompletionDeclarations.lean:6768:      state.productSuccessClaimed) =
audit/OriginalFourTaskCompletionDeclarations.lean:6809:      state.productSuccessClaimed) =
audit/OriginalFourTaskCompletionDeclarations.lean:6851:      state.productSuccessClaimed) =
audit/OriginalFourTaskCompletionDeclarations.lean:6894:      state.productSuccessClaimed) =
audit/OriginalFourTaskCompletionDeclarations.lean:6938:      state.productSuccessClaimed) =
audit/OriginalFourTaskCompletionDeclarations.lean:6983:      state.productSuccessClaimed) =
audit/OriginalFourTaskCompletionDeclarations.lean:7029:      state.productSuccessClaimed) =
audit/OriginalFourTaskCompletionDeclarations.lean:7067:      state.productSuccessClaimed) =
audit/OriginalFourTaskCompletionDeclarations.lean:7106:      state.productSuccessClaimed) =
audit/OriginalFourTaskCompletionDeclarations.lean:7146:      state.productSuccessClaimed) =
audit/OriginalFourTaskCompletionDeclarations.lean:7187:      state.productSuccessClaimed) =
audit/OriginalFourTaskCompletionDeclarations.lean:7229:      state.productSuccessClaimed) =
audit/OriginalFourTaskCompletionDeclarations.lean:7272:      state.productSuccessClaimed) =
audit/OriginalFourTaskCompletionDeclarations.lean:7316:      state.productSuccessClaimed) =
audit/OriginalFourTaskCompletionDeclarations.lean:7361:      state.productSuccessClaimed) =
audit/OriginalFourTaskCompletionDeclarations.lean:7408:      state.productSuccessClaimed) =
audit/OriginalFourTaskCompletionDeclarations.lean:7447:      state.productSuccessClaimed) =
audit/OriginalFourTaskCompletionDeclarations.lean:7487:      state.productSuccessClaimed) =
audit/OriginalFourTaskCompletionDeclarations.lean:7528:      state.productSuccessClaimed) =
audit/OriginalFourTaskCompletionDeclarations.lean:7570:      state.productSuccessClaimed) =
audit/OriginalFourTaskCompletionDeclarations.lean:7613:      state.productSuccessClaimed) =
audit/OriginalFourTaskCompletionDeclarations.lean:7657:      state.productSuccessClaimed) =
audit/OriginalFourTaskCompletionDeclarations.lean:7702:      state.productSuccessClaimed) =
audit/OriginalFourTaskCompletionDeclarations.lean:7748:      state.productSuccessClaimed) =
audit/OriginalFourTaskCompletionDeclarations.lean:7795:      state.productSuccessClaimed) =
audit/OriginalFourTaskCompletionDeclarations.lean:7834:      state.productSuccessClaimed) =
audit/OriginalFourTaskCompletionDeclarations.lean:7874:      state.productSuccessClaimed) =
audit/OriginalFourTaskCompletionDeclarations.lean:7915:      state.productSuccessClaimed) =
audit/OriginalFourTaskCompletionDeclarations.lean:7957:      state.productSuccessClaimed) =
audit/OriginalFourTaskCompletionDeclarations.lean:8000:      state.productSuccessClaimed) =
audit/OriginalFourTaskCompletionDeclarations.lean:8044:      state.productSuccessClaimed) =
audit/OriginalFourTaskCompletionDeclarations.lean:8089:      state.productSuccessClaimed) =
audit/OriginalFourTaskCompletionDeclarations.lean:8135:      state.productSuccessClaimed) =
audit/OriginalFourTaskCompletionDeclarations.lean:8182:      state.productSuccessClaimed) =
audit/OriginalFourTaskCompletionDeclarations.lean:8221:      state.productSuccessClaimed) =
audit/OriginalFourTaskCompletionDeclarations.lean:8262:      state.productSuccessClaimed) =
audit/OriginalFourTaskCompletionDeclarations.lean:8304:      state.productSuccessClaimed) =
audit/OriginalFourTaskCompletionDeclarations.lean:8346:      state.productSuccessClaimed) =
audit/OriginalFourTaskCompletionDeclarations.lean:8390:      state.productSuccessClaimed) =
audit/OriginalFourTaskCompletionDeclarations.lean:8434:      state.productSuccessClaimed) =
audit/OriginalFourTaskCompletionDeclarations.lean:8479:      state.productSuccessClaimed) =
audit/OriginalFourTaskCompletionDeclarations.lean:8525:      state.productSuccessClaimed) =
audit/OriginalFourTaskCompletionDeclarations.lean:8572:      state.productSuccessClaimed) =
audit/OriginalFourTaskCompletionDeclarations.lean:8611:      state.productSuccessClaimed) =
audit/OriginalFourTaskCompletionDeclarations.lean:8652:      state.productSuccessClaimed) =
audit/OriginalFourTaskCompletionDeclarations.lean:8694:      state.productSuccessClaimed) =
audit/OriginalFourTaskCompletionDeclarations.lean:8740:      state.productSuccessClaimed) =
audit/OriginalFourTaskCompletionDeclarations.lean:8784:      state.productSuccessClaimed) =
audit/OriginalFourTaskCompletionDeclarations.lean:8829:      state.productSuccessClaimed) =
audit/OriginalFourTaskCompletionDeclarations.lean:8874:      state.productSuccessClaimed) =
audit/OriginalFourTaskCompletionDeclarations.lean:8920:      state.productSuccessClaimed) =
audit/OriginalFourTaskCompletionDeclarations.lean:8967:      state.productSuccessClaimed) =
audit/OriginalFourTaskCompletionDeclarations.lean:9006:      state.productSuccessClaimed) =
audit/OriginalFourTaskCompletionDeclarations.lean:9046:      state.productSuccessClaimed) =
audit/OriginalFourTaskCompletionDeclarations.lean:9088:      state.productSuccessClaimed) =
audit/OriginalFourTaskCompletionDeclarations.lean:9131:      state.productSuccessClaimed) =
audit/OriginalFourTaskCompletionDeclarations.lean:9175:      state.productSuccessClaimed) =
audit/OriginalFourTaskCompletionDeclarations.lean:9219:      state.productSuccessClaimed) =
audit/OriginalFourTaskCompletionDeclarations.lean:9264:      state.productSuccessClaimed) =
audit/OriginalFourTaskCompletionDeclarations.lean:9312:      state.productSuccessClaimed) =
audit/OriginalFourTaskCompletionDeclarations.lean:9351:      state.productSuccessClaimed) =
audit/OriginalFourTaskCompletionDeclarations.lean:9390:      state.productSuccessClaimed) =
audit/OriginalFourTaskCompletionDeclarations.lean:9430:      state.productSuccessClaimed) =
audit/OriginalFourTaskCompletionDeclarations.lean:9471:      state.productSuccessClaimed) =
audit/OriginalFourTaskCompletionDeclarations.lean:9515:      state.productSuccessClaimed) =
audit/OriginalFourTaskCompletionDeclarations.lean:9560:      state.productSuccessClaimed) =
audit/OriginalFourTaskCompletionDeclarations.lean:9608:      state.productSuccessClaimed) =
audit/OriginalFourTaskCompletionDeclarations.lean:9658:      state.productSuccessClaimed) =
audit/OriginalFourTaskCompletionDeclarations.lean:9709:      state.productSuccessClaimed) =
audit/OriginalFourTaskCompletionDeclarations.lean:9752:      state.productSuccessClaimed) =
audit/OriginalFourTaskCompletionDeclarations.lean:9796:      state.productSuccessClaimed) =
audit/OriginalFourTaskCompletionDeclarations.lean:9841:      state.productSuccessClaimed) =
audit/OriginalFourTaskCompletionDeclarations.lean:9887:      state.productSuccessClaimed) =
audit/OriginalFourTaskCompletionDeclarations.lean:9934:      state.productSuccessClaimed) =
audit/OriginalFourTaskCompletionDeclarations.lean:9982:      state.productSuccessClaimed) =
audit/OriginalFourTaskCompletionDeclarations.lean:10031:      state.productSuccessClaimed) =
audit/OriginalFourTaskCompletionDeclarations.lean:10081:      state.productSuccessClaimed) =
audit/OriginalFourTaskCompletionDeclarations.lean:10132:      state.productSuccessClaimed) =
audit/OriginalFourTaskCompletionDeclarations.lean:10175:      state.productSuccessClaimed) =
audit/OriginalFourTaskCompletionDeclarations.lean:10219:      state.productSuccessClaimed) =
audit/OriginalFourTaskCompletionDeclarations.lean:10264:      state.productSuccessClaimed) =
audit/OriginalFourTaskCompletionDeclarations.lean:10310:      state.productSuccessClaimed) =
audit/OriginalFourTaskCompletionDeclarations.lean:10357:      state.productSuccessClaimed) =
audit/OriginalFourTaskCompletionDeclarations.lean:10405:      state.productSuccessClaimed) =
audit/OriginalFourTaskCompletionDeclarations.lean:10453:      state.productSuccessClaimed) =
audit/OriginalFourTaskCompletionDeclarations.lean:10502:      state.productSuccessClaimed) =
audit/OriginalFourTaskCompletionDeclarations.lean:10552:      state.productSuccessClaimed) =
audit/OriginalFourTaskCompletionDeclarations.lean:10594:      state.productSuccessClaimed) =
audit/OriginalFourTaskCompletionDeclarations.lean:10637:      state.productSuccessClaimed) =
audit/OriginalFourTaskCompletionDeclarations.lean:10681:      state.productSuccessClaimed) =
audit/OriginalFourTaskCompletionDeclarations.lean:10726:      state.productSuccessClaimed) =
audit/OriginalFourTaskCompletionDeclarations.lean:10772:      state.productSuccessClaimed) =
audit/OriginalFourTaskCompletionDeclarations.lean:10819:      state.productSuccessClaimed) =
audit/OriginalFourTaskCompletionDeclarations.lean:10868:      state.productSuccessClaimed) =
audit/OriginalFourTaskCompletionDeclarations.lean:10918:      state.productSuccessClaimed) =
audit/OriginalFourTaskCompletionDeclarations.lean:10969:      state.productSuccessClaimed) =
audit/OriginalFourTaskCompletionDeclarations.lean:11012:      state.productSuccessClaimed) =
audit/OriginalFourTaskCompletionDeclarations.lean:11056:      state.productSuccessClaimed) =
audit/OriginalFourTaskCompletionDeclarations.lean:11101:      state.productSuccessClaimed) =
audit/OriginalFourTaskCompletionDeclarations.lean:11147:      state.productSuccessClaimed) =
audit/OriginalFourTaskCompletionDeclarations.lean:11193:      state.productSuccessClaimed) =
audit/OriginalFourTaskCompletionDeclarations.lean:11242:      state.productSuccessClaimed) =
audit/OriginalFourTaskCompletionDeclarations.lean:11293:      state.productSuccessClaimed) =
audit/OriginalFourTaskCompletionDeclarations.lean:11343:      state.productSuccessClaimed) =
audit/OriginalFourTaskCompletionDeclarations.lean:11394:      state.productSuccessClaimed) =
audit/OriginalFourTaskCompletionDeclarations.lean:11437:      state.productSuccessClaimed) =
audit/OriginalFourTaskCompletionDeclarations.lean:11481:      state.productSuccessClaimed) =
audit/OriginalFourTaskCompletionDeclarations.lean:11526:      state.productSuccessClaimed) =
audit/OriginalFourTaskCompletionDeclarations.lean:11571:      state.productSuccessClaimed) =
audit/OriginalFourTaskCompletionDeclarations.lean:11616:      state.productSuccessClaimed) =
audit/OriginalFourTaskCompletionDeclarations.lean:11664:      state.productSuccessClaimed) =
audit/OriginalFourTaskCompletionDeclarations.lean:11715:      state.productSuccessClaimed) =
audit/OriginalFourTaskCompletionDeclarations.lean:11765:      state.productSuccessClaimed) =
audit/OriginalFourTaskCompletionDeclarations.lean:11816:      state.productSuccessClaimed) =
audit/OriginalFourTaskCompletionDeclarations.lean:11859:      state.productSuccessClaimed) =
audit/OriginalFourTaskCompletionDeclarations.lean:11903:      state.productSuccessClaimed) =
audit/OriginalFourTaskCompletionDeclarations.lean:11948:      state.productSuccessClaimed) =
audit/OriginalFourTaskCompletionDeclarations.lean:11994:      state.productSuccessClaimed) =
audit/OriginalFourTaskCompletionDeclarations.lean:12040:      state.productSuccessClaimed) =
audit/OriginalFourTaskCompletionDeclarations.lean:12089:      state.productSuccessClaimed) =
audit/OriginalFourTaskCompletionDeclarations.lean:12139:      state.productSuccessClaimed) =
audit/OriginalFourTaskCompletionDeclarations.lean:12190:      state.productSuccessClaimed) =
audit/OriginalFourTaskCompletionDeclarations.lean:12242:      state.productSuccessClaimed) =
audit/OriginalFourTaskCompletionDeclarations.lean:12286:      state.productSuccessClaimed) =
audit/OriginalFourTaskCompletionDeclarations.lean:12331:      state.productSuccessClaimed) =
audit/OriginalFourTaskCompletionDeclarations.lean:12377:      state.productSuccessClaimed) =
audit/OriginalFourTaskCompletionDeclarations.lean:12425:      state.productSuccessClaimed) =
audit/OriginalFourTaskCompletionDeclarations.lean:12473:      state.productSuccessClaimed) =
audit/OriginalFourTaskCompletionDeclarations.lean:12522:      state.productSuccessClaimed) =
audit/OriginalFourTaskCompletionDeclarations.lean:12572:      state.productSuccessClaimed) =
audit/OriginalFourTaskCompletionDeclarations.lean:12623:      state.productSuccessClaimed) =
audit/OriginalFourTaskCompletionDeclarations.lean:12675:      state.productSuccessClaimed) =
audit/OriginalFourTaskCompletionDeclarations.lean:12717:      state.productSuccessClaimed) =
audit/OriginalFourTaskCompletionDeclarations.lean:12760:      state.productSuccessClaimed) =
audit/OriginalFourTaskCompletionDeclarations.lean:12806:      state.productSuccessClaimed) =
audit/OriginalFourTaskCompletionDeclarations.lean:12854:      state.productSuccessClaimed) =
audit/OriginalFourTaskCompletionDeclarations.lean:12902:      state.productSuccessClaimed) =
audit/OriginalFourTaskCompletionDeclarations.lean:12951:      state.productSuccessClaimed) =
audit/OriginalFourTaskCompletionDeclarations.lean:13001:      state.productSuccessClaimed) =
audit/OriginalFourTaskCompletionDeclarations.lean:13052:      state.productSuccessClaimed) =
audit/OriginalFourTaskCompletionDeclarations.lean:13104:      state.productSuccessClaimed) =
audit/OriginalFourTaskCompletionDeclarations.lean:13146:      state.productSuccessClaimed) =
audit/OriginalFourTaskCompletionDeclarations.lean:13190:      state.productSuccessClaimed) =
audit/OriginalFourTaskCompletionDeclarations.lean:13235:      state.productSuccessClaimed) =
audit/OriginalFourTaskCompletionDeclarations.lean:13281:      state.productSuccessClaimed) =
audit/OriginalFourTaskCompletionDeclarations.lean:13328:      state.productSuccessClaimed) =
audit/OriginalFourTaskCompletionDeclarations.lean:13376:      state.productSuccessClaimed) =
audit/OriginalFourTaskCompletionDeclarations.lean:13423:      state.productSuccessClaimed) =
audit/OriginalFourTaskCompletionDeclarations.lean:13471:      state.productSuccessClaimed) =
audit/OriginalFourTaskCompletionDeclarations.lean:13520:      state.productSuccessClaimed) =
audit/OriginalFourTaskCompletionDeclarations.lean:13561:      state.productSuccessClaimed) =
audit/OriginalFourTaskCompletionDeclarations.lean:13603:      state.productSuccessClaimed) =
audit/OriginalFourTaskCompletionDeclarations.lean:13647:      state.productSuccessClaimed) =
audit/OriginalFourTaskCompletionDeclarations.lean:13692:      state.productSuccessClaimed) =
audit/OriginalFourTaskCompletionDeclarations.lean:13738:      state.productSuccessClaimed) =
audit/OriginalFourTaskCompletionDeclarations.lean:13785:      state.productSuccessClaimed) =
audit/OriginalFourTaskCompletionDeclarations.lean:13832:      state.productSuccessClaimed) =
audit/OriginalFourTaskCompletionDeclarations.lean:13880:      state.productSuccessClaimed) =
audit/OriginalFourTaskCompletionDeclarations.lean:13929:      state.productSuccessClaimed) =
audit/OriginalFourTaskCompletionDeclarations.lean:13970:      state.productSuccessClaimed) =
audit/OriginalFourTaskCompletionDeclarations.lean:14016:      state.productSuccessClaimed) =
audit/OriginalFourTaskCompletionDeclarations.lean:14068:      state.productSuccessClaimed) =
audit/OriginalFourTaskCompletionDeclarations.lean:14124:      state.productSuccessClaimed) =
audit/OriginalFourTaskCompletionDeclarations.lean:14170:      state.productSuccessClaimed) =
audit/OriginalFourTaskCompletionDeclarations.lean:14237:      state.productSuccessClaimed) =
audit/OriginalFourTaskCompletionDeclarations.lean:14284:      state.productSuccessClaimed) =
audit/OriginalFourTaskCompletionDeclarations.lean:14332:      state.productSuccessClaimed) =
audit/OriginalFourTaskCompletionDeclarations.lean:14381:      state.productSuccessClaimed) =
audit/OriginalFourTaskCompletionDeclarations.lean:14423:      state.productSuccessClaimed) =
audit/OriginalFourTaskCompletionDeclarations.lean:14466:      state.productSuccessClaimed) =
audit/OriginalFourTaskCompletionDeclarations.lean:14510:      state.productSuccessClaimed) =
audit/OriginalFourTaskCompletionDeclarations.lean:14556:      state.productSuccessClaimed) =
audit/OriginalFourTaskCompletionDeclarations.lean:14603:      state.productSuccessClaimed) =
audit/OriginalFourTaskCompletionDeclarations.lean:14651:      state.productSuccessClaimed) =
audit/OriginalFourTaskCompletionDeclarations.lean:14700:      state.productSuccessClaimed) =
audit/OriginalFourTaskCompletionDeclarations.lean:14750:      state.productSuccessClaimed) =
audit/OriginalFourTaskCompletionDeclarations.lean:14801:      state.productSuccessClaimed) =
audit/OriginalFourTaskCompletionDeclarations.lean:14844:      state.productSuccessClaimed) =
audit/OriginalFourTaskCompletionDeclarations.lean:14888:      state.productSuccessClaimed) =
audit/OriginalFourTaskCompletionDeclarations.lean:14933:      state.productSuccessClaimed) =
audit/OriginalFourTaskCompletionDeclarations.lean:14979:      state.productSuccessClaimed) =
audit/OriginalFourTaskCompletionDeclarations.lean:15026:      state.productSuccessClaimed) =
audit/OriginalFourTaskCompletionDeclarations.lean:15074:      state.productSuccessClaimed) =
audit/OriginalFourTaskCompletionDeclarations.lean:15123:      state.productSuccessClaimed) =
audit/OriginalFourTaskCompletionDeclarations.lean:15173:      state.productSuccessClaimed) =
audit/OriginalFourTaskCompletionDeclarations.lean:15224:      state.productSuccessClaimed) =
audit/OriginalFourTaskCompletionDeclarations.lean:15267:      state.productSuccessClaimed) =
audit/OriginalFourTaskCompletionDeclarations.lean:15311:      state.productSuccessClaimed) =
audit/OriginalFourTaskCompletionDeclarations.lean:15329:      state.productSuccessClaimed) =
audit/OriginalFourTaskCompletionDeclarations.lean:15349:      state.productSuccessClaimed) =
audit/OriginalFourTaskCompletionDeclarations.lean:15367:      state.productSuccessClaimed) =
audit/OriginalFourTaskCompletionDeclarations.lean:15387:      state.productSuccessClaimed) =
audit/OriginalFourTaskCompletionDeclarations.lean:15407:      state.productSuccessClaimed) =
audit/OriginalFourTaskCompletionDeclarations.lean:15427:      state.productSuccessClaimed) =
audit/OriginalFourTaskCompletionDeclarations.lean:15447:      state.productSuccessClaimed) =
audit/OriginalFourTaskCompletionDeclarations.lean:15467:      state.productSuccessClaimed) =
audit/OriginalFourTaskCompletionDeclarations.lean:15487:      state.productSuccessClaimed) =
audit/OriginalFourTaskCompletionDeclarations.lean:15507:      state.productSuccessClaimed) =
audit/OriginalFourTaskCompletionDeclarations.lean:15525:      state.productSuccessClaimed) =
audit/OriginalFourTaskCompletionDeclarations.lean:15543:    LeanLCAExactChallenge.Dbounded.currentClosedMapLocalizedUnitChoiceFullDataStableConvergenceStateW1424.productSuccessClaimed =
audit/OriginalFourTaskCompletionDeclarations.lean:15562:    LeanLCAExactChallenge.Dbounded.currentClosedMapLocalizedUnitChoiceProjectionStableConvergenceStateW1425.productSuccessClaimed =
audit/OriginalFourTaskCompletionDeclarations.lean:15583:    LeanLCAExactChallenge.Dbounded.currentClosedMapLocalizedUnitChoiceNestedProjectionStableConvergenceStateW1430.productSuccessClaimed =
audit/OriginalFourTaskCompletionDeclarations.lean:15610:    LeanLCAExactChallenge.Dbounded.currentClosedMapLocalizedUnitChoiceDeepProjectionStableConvergenceStateW1431.productSuccessClaimed =
audit/OriginalFourTaskCompletionDeclarations.lean:15633:    LeanLCAExactChallenge.Dbounded.currentClosedMapEndpointLocalizedUnitStableConvergenceStateW1432.productSuccessClaimed =
audit/OriginalFourTaskCompletionDeclarations.lean:15656:    LeanLCAExactChallenge.Dbounded.currentClosedMapNormalizedSourceEndpointLocalizedUnitStableConvergenceStateW1433.productSuccessClaimed =
audit/OriginalFourTaskCompletionDeclarations.lean:15680:    LeanLCAExactChallenge.Dbounded.currentClosedMapTargetClosedEmbeddingClosednessStableConvergenceStateW1434.productSuccessClaimed =
audit/OriginalFourTaskCompletionDeclarations.lean:15705:    LeanLCAExactChallenge.Dbounded.currentClosedMapTargetClosedEmbeddingClosednessNormalizedSourceEndpointStableConvergenceStateW1435.productSuccessClaimed =
audit/OriginalFourTaskCompletionDeclarations.lean:15731:    LeanLCAExactChallenge.Dbounded.currentClosedMapBranchFullDataStableConvergenceStateW1436.productSuccessClaimed =
audit/OriginalFourTaskCompletionDeclarations.lean:15766:    LeanLCAExactChallenge.Dbounded.currentClosedMapBranchFullDataOneInputCycleStateW1437.productSuccessClaimed =
audit/OriginalFourTaskCompletionDeclarations.lean:15797:    LeanLCAExactChallenge.Dbounded.currentClosedMapBranchFullDataW987UnpackBoundaryStateW1438.productSuccessClaimed =
audit/OriginalFourTaskCompletionDeclarations.lean:15828:    LeanLCAExactChallenge.Dbounded.currentClosedMapBranchFullDataW986UnpackBoundaryStateW1439.productSuccessClaimed =
audit/OriginalFourTaskCompletionDeclarations.lean:15863:    LeanLCAExactChallenge.Dbounded.currentClosedMapBranchFullDataW984TargetClosednessUnpackBoundaryStateW1440.productSuccessClaimed =
audit/OriginalFourTaskCompletionDeclarations.lean:15898:    LeanLCAExactChallenge.Dbounded.currentClosedMapBranchFullDataW950NormalizedEndpointUnpackBoundaryStateW1441.productSuccessClaimed =
audit/OriginalFourTaskCompletionDeclarations.lean:15933:    LeanLCAExactChallenge.Dbounded.currentClosedMapBranchFullDataW948NormalizedSourceUnpackBoundaryStateW1442.productSuccessClaimed =
audit/OriginalFourTaskCompletionDeclarations.lean:15968:    LeanLCAExactChallenge.Dbounded.currentClosedMapBranchFullDataW949EndpointLocalizedUnitUnpackBoundaryStateW1443.productSuccessClaimed =
audit/OriginalFourTaskCompletionDeclarations.lean:16004:    LeanLCAExactChallenge.Dbounded.currentClosedMapBranchFullDataW945LocalizedUnitUnpackBoundaryStateW1444.productSuccessClaimed =
audit/OriginalFourTaskCompletionDeclarations.lean:16037:    LeanLCAExactChallenge.Dbounded.currentClosedMapBranchFullDataW990PrimitiveUnitComponentsAlignmentStateW1445.productSuccessClaimed =
audit/OriginalFourTaskCompletionDeclarations.lean:16071:    LeanLCAExactChallenge.Dbounded.currentClosedMapBranchFullDataW990UnitStrictExactIsoPackagingStateW1446.productSuccessClaimed =
audit/OriginalFourTaskCompletionDeclarations.lean:16100:    LeanLCAExactChallenge.Dbounded.currentClosedMapBranchFullDataW989LocalizedUnitChoiceFullDataPackagingStateW1447.productSuccessClaimed =
audit/OriginalFourTaskCompletionDeclarations.lean:16127:    LeanLCAExactChallenge.Dbounded.currentClosedMapBranchFullDataW987RewrapCycleStateW1448.productSuccessClaimed =
audit/OriginalFourTaskCompletionDeclarations.lean:16154:    LeanLCAExactChallenge.Dbounded.currentClosedMapBranchFullDataW987RewrappedStableRouteStateW1449.productSuccessClaimed =
audit/OriginalFourTaskCompletionDeclarations.lean:16187:    LeanLCAExactChallenge.Dbounded.currentW987FieldDataConstructionStateW1450.productSuccessClaimed =
audit/OriginalFourTaskCompletionDeclarations.lean:16237:    LeanLCAExactChallenge.Dbounded.currentW987BoundaryFieldDataConstructionStateW1451.productSuccessClaimed =
audit/OriginalFourTaskCompletionDeclarations.lean:16289:    LeanLCAExactChallenge.Dbounded.currentW987BoundaryRelationFieldDataConstructionStateW1452.productSuccessClaimed =
audit/OriginalFourTaskCompletionDeclarations.lean:16345:    LeanLCAExactChallenge.Dbounded.currentW987BoundaryRelationTargetFieldDataConstructionStateW1453.productSuccessClaimed =
audit/OriginalFourTaskCompletionDeclarations.lean:16403:    LeanLCAExactChallenge.Dbounded.currentW987BoundaryRelationTargetNormalizedEndpointFieldDataConstructionStateW1454.productSuccessClaimed =
audit/OriginalFourTaskCompletionDeclarations.lean:16465:    LeanLCAExactChallenge.Dbounded.currentW987BoundaryRelationTargetEndpointLocalizedUnitFieldDataConstructionStateW1455.productSuccessClaimed =
audit/OriginalFourTaskCompletionDeclarations.lean:16531:    LeanLCAExactChallenge.Dbounded.currentW987BoundaryRelationTargetNormalizedSourceFieldDataConstructionStateW1456.productSuccessClaimed =
audit/OriginalFourTaskCompletionDeclarations.lean:16599:    LeanLCAExactChallenge.Dbounded.currentW987BoundaryRelationTargetNormalizedFixedTargetFieldDataConstructionStateW1457.productSuccessClaimed =
audit/OriginalFourTaskCompletionDeclarations.lean:16676:    LeanLCAExactChallenge.Dbounded.currentW987BoundaryRelationTargetSourceTriangulationFieldDataConstructionStateW1458.productSuccessClaimed =
audit/OriginalFourTaskCompletionDeclarations.lean:16754:    LeanLCAExactChallenge.Dbounded.currentW987BoundaryRelationTargetLocalizedUnitFieldDataConstructionStateW1459.productSuccessClaimed =
audit/OriginalFourTaskCompletionDeclarations.lean:16812:    LeanLCAExactChallenge.Dbounded.currentW987BoundaryRelationTargetUnitMappingConeFieldDataConstructionStateW1460.productSuccessClaimed =
audit/OriginalFourTaskCompletionDeclarations.lean:16868:    LeanLCAExactChallenge.Dbounded.currentW987BoundaryRelationTargetLocalizedAdjunctionCoreFieldDataConstructionStateW1461.productSuccessClaimed =
audit/OriginalFourTaskCompletionDeclarations.lean:16926:    LeanLCAExactChallenge.Dbounded.currentW987BoundaryRelationTargetUnitKernelCokernelTopFieldDataConstructionStateW1462.productSuccessClaimed =
audit/OriginalFourTaskCompletionDeclarations.lean:16985:    LeanLCAExactChallenge.Dbounded.currentW987BoundaryRelationTargetEndpointKernelCokernelTopFieldDataConstructionStateW1463.productSuccessClaimed =
audit/OriginalFourTaskCompletionDeclarations.lean:17035:    LeanLCAExactChallenge.Dbounded.currentW987BoundaryRelationTargetUnitIsoHomInvFieldDataConstructionStateW1464.productSuccessClaimed =
audit/OriginalFourTaskCompletionDeclarations.lean:17088:    LeanLCAExactChallenge.Dbounded.currentW987BoundaryRelationTargetLocalizedAdjunctionNatTransFieldDataConstructionStateW1465.productSuccessClaimed =
audit/OriginalFourTaskCompletionDeclarations.lean:17143:    LeanLCAExactChallenge.Dbounded.currentW987BoundaryRelationTargetLocalizedAdjunctionTriangleComponentFieldDataConstructionStateW1466.productSuccessClaimed =
audit/OriginalFourTaskCompletionDeclarations.lean:17204:    LeanLCAExactChallenge.Dbounded.currentW987BoundaryRelationTargetLocalizedRightAdjointFunctorFieldDataConstructionStateW1467.productSuccessClaimed =
audit/OriginalFourTaskCompletionDeclarations.lean:17255:    LeanLCAExactChallenge.Dbounded.currentW987BoundaryRelationTargetNoUnivPrimitiveFieldDataConstructionStateW1468.productSuccessClaimed =
audit/OriginalFourTaskCompletionDeclarations.lean:17307:    LeanLCAExactChallenge.Dbounded.currentW987BoundaryRelationTargetClosedEmbeddingClosednessFieldDataConstructionStateW1469.productSuccessClaimed =
audit/OriginalFourTaskCompletionDeclarations.lean:17364:    LeanLCAExactChallenge.Dbounded.currentW987BoundaryRelationTargetSelectedDifferenceClosedEmbeddingComponentFieldDataConstructionStateW1470.productSuccessClaimed =
audit/OriginalFourTaskCompletionDeclarations.lean:17425:    LeanLCAExactChallenge.Dbounded.currentW987BoundaryRelationTargetMappedCokernelClosedEmbeddingFieldDataConstructionStateW1471.productSuccessClaimed =
audit/OriginalFourTaskCompletionDeclarations.lean:17474:    LeanLCAExactChallenge.Dbounded.currentW987BoundaryRelationTargetNormalizedLiftBlueprintFieldDataConstructionStateW1472.productSuccessClaimed =
audit/OriginalFourTaskCompletionDeclarations.lean:17528:    LeanLCAExactChallenge.Dbounded.currentW987BoundaryRelationTargetLiftBlueprintFieldDataConstructionStateW1473.productSuccessClaimed =
audit/OriginalFourTaskCompletionDeclarations.lean:17589:    LeanLCAExactChallenge.Dbounded.currentW987BoundaryRelationTargetStrictPreimageObjectFieldDataConstructionStateW1474.productSuccessClaimed =
audit/OriginalFourTaskCompletionDeclarations.lean:17649:    LeanLCAExactChallenge.Dbounded.currentW987BoundaryRelationTargetStrictPreimageMapFieldDataConstructionStateW1475.productSuccessClaimed =
audit/OriginalFourTaskCompletionDeclarations.lean:17718:    LeanLCAExactChallenge.Dbounded.currentW987BoundaryRelationTargetStrictPreimageMapFunctorialityFieldDataConstructionStateW1476.productSuccessClaimed =
audit/OriginalFourTaskCompletionDeclarations.lean:17770:    LeanLCAExactChallenge.Dbounded.currentW987BoundaryRelationTargetStrictPreimageMapImageFieldDataConstructionStateW1477.productSuccessClaimed =
audit/OriginalFourTaskCompletionDeclarations.lean:17822:    LeanLCAExactChallenge.Dbounded.currentW987BoundaryRelationTargetStrictPreimageObjectImageFieldDataConstructionStateW1478.productSuccessClaimed =
audit/OriginalFourTaskCompletionDeclarations.lean:17872:    LeanLCAExactChallenge.Dbounded.currentW987BoundaryRelationTargetStrictPreimageObjectImageRightAdjointFunctorFieldDataConstructionStateW1479.productSuccessClaimed =
audit/OriginalFourTaskCompletionDeclarations.lean:17925:    LeanLCAExactChallenge.Dbounded.currentW987BoundaryRelationTargetStrictPreimageObjectImageRightAdjointFunctorTargetSurjectivityFieldDataConstructionStateW1480.productSuccessClaimed =
audit/OriginalFourTaskCompletionDeclarations.lean:17973:    LeanLCAExactChallenge.Dbounded.currentW987BoundaryRelationTargetStrictPreimageObjectImageRightAdjointFunctorTargetSurjectivityCompactnessFieldDataConstructionStateW1481.productSuccessClaimed =
audit/OriginalFourTaskCompletionDeclarations.lean:18014:    LeanLCAExactChallenge.Dbounded.currentW987BoundaryRelationTargetStrictPreimageObjectImageRightAdjointFunctorTargetSurjectivityCompactnessMappedCokernelFieldDataConstructionStateW1482.productSuccessClaimed =
audit/OriginalFourTaskCompletionDeclarations.lean:18050:    LeanLCAExactChallenge.Dbounded.currentW987BoundaryRelationTargetStrictPreimageObjectImageRightAdjointFunctorTargetSurjectivityCompactnessMappedCokernelPi1FieldDataConstructionStateW1483.productSuccessClaimed =
audit/OriginalFourTaskCompletionDeclarations.lean:18095:    LeanLCAExactChallenge.Dbounded.currentW987BoundaryRelationTargetStrictPreimageObjectImageRightAdjointFunctorTargetSurjectivityCompactnessMappedCokernelPi1Pi2FieldDataConstructionStateW1484.productSuccessClaimed =
audit/OriginalFourTaskCompletionDeclarations.lean:18140:    LeanLCAExactChallenge.Dbounded.currentW987BoundaryRelationTargetStrictPreimageObjectImageRightAdjointFunctorTargetSurjectivityCompactnessMappedCokernelPi1Pi2Pi3FieldDataConstructionStateW1485.productSuccessClaimed =
audit/OriginalFourTaskCompletionDeclarations.lean:18184:    LeanLCAExactChallenge.Dbounded.currentW987BoundaryRelationTargetStrictPreimageObjectImageRightAdjointFunctorTargetSurjectivityCompactnessMappedCokernelPi1Pi2Pi3FieldDataConstructionStateW1486.productSuccessClaimed =
audit/OriginalFourTaskCompletionDeclarations.lean:18228:    LeanLCAExactChallenge.Dbounded.currentW987BoundaryRelationTargetStrictPreimageObjectImageRightAdjointFunctorTargetSurjectivityCompactnessMappedCokernelPi1Pi2Pi3FieldDataConstructionStateW1487.productSuccessClaimed =
audit/OriginalFourTaskCompletionDeclarations.lean:18267:    LeanLCAExactChallenge.Dbounded.currentW987BoundaryRelationTargetStrictPreimageObjectImageRightAdjointFunctorTargetSurjectivityCompactnessMappedCokernelPi1Pi2Pi3FieldDataConstructionStateW1488.productSuccessClaimed =
audit/OriginalFourTaskCompletionDeclarations.lean:18307:    LeanLCAExactChallenge.Dbounded.currentW987BoundaryRelationTargetStrictPreimageObjectImageRightAdjointFunctorTargetSurjectivityCompactnessMappedCokernelPi1Pi2Pi3FieldDataConstructionStateW1489.productSuccessClaimed =
audit/OriginalFourTaskCompletionDeclarations.lean:18346:    LeanLCAExactChallenge.Dbounded.currentW987BoundaryRelationTargetStrictPreimageObjectImageRightAdjointFunctorTargetSurjectivityCompactnessMappedCokernelPi1Pi2Pi3FieldDataConstructionStateW1490.productSuccessClaimed =
audit/OriginalFourTaskCompletionDeclarations.lean:18385:    LeanLCAExactChallenge.Dbounded.currentW987BoundaryRelationTargetStrictPreimageObjectImageRightAdjointFunctorTargetSurjectivityCompactnessMappedCokernelPi1Pi2Pi3FieldDataConstructionStateW1491.productSuccessClaimed =
audit/OriginalFourTaskCompletionDeclarations.lean:18423:    LeanLCAExactChallenge.Dbounded.currentW987BoundaryRelationTargetStrictPreimageObjectImageRightAdjointFunctorTargetSurjectivityCompactnessMappedCokernelPi1Pi2Pi3FieldDataConstructionStateW1492.productSuccessClaimed =
audit/OriginalFourTaskCompletionDeclarations.lean:18461:    LeanLCAExactChallenge.Dbounded.currentW987BoundaryRelationTargetStrictPreimageObjectImageRightAdjointFunctorTargetSurjectivityCompactnessMappedCokernelPi1Pi2Pi3FieldDataConstructionStateW1493.productSuccessClaimed =
audit/OriginalFourTaskCompletionDeclarations.lean:18502:    LeanLCAExactChallenge.Dbounded.currentW987BoundaryRelationTargetStrictPreimageObjectImageRightAdjointFunctorTargetSurjectivityCompactnessMappedCokernelPi1Pi2Pi3FieldDataConstructionStateW1494.productSuccessClaimed =
audit/OriginalFourTaskCompletionDeclarations.lean:18546:    LeanLCAExactChallenge.Dbounded.currentW987BoundaryRelationTargetStrictPreimageObjectImageRightAdjointFunctorTargetSurjectivityCompactnessMappedCokernelPi1Pi2Pi3SourceTriangulationFieldDataConstructionStateW1495.productSuccessClaimed =
audit/OriginalFourTaskCompletionDeclarations.lean:18579:    LeanLCAExactChallenge.Dbounded.currentW987BoundaryRelationTargetStrictPreimageObjectImageRightAdjointFunctorTargetSurjectivityCompactnessMappedCokernelPi1Pi2Pi3SourceHomologicalTriangulationDataConstructionStateW1496.productSuccessClaimed =
audit/OriginalFourTaskCompletionDeclarations.lean:18610:    LeanLCAExactChallenge.Dbounded.currentW987BoundaryRelationTargetStrictPreimageObjectImageRightAdjointFunctorTargetSurjectivityCompactnessMappedCokernelPi1Pi2Pi3StableExactAtRouteConnectionStateW1497.productSuccessClaimed =
audit/OriginalFourTaskCompletionDeclarations.lean:18646:    LeanLCAExactChallenge.Dbounded.currentW987BoundaryRelationTargetStrictPreimageObjectImageRightAdjointFunctorTargetSurjectivityCompactnessMappedCokernelPi1Pi2Pi3SourceTriangulationComparisonLeavesStateW1498.productSuccessClaimed =
audit/OriginalFourTaskCompletionDeclarations.lean:18678:    LeanLCAExactChallenge.Dbounded.currentW987BoundaryRelationTargetStrictPreimageObjectImageRightAdjointFunctorTargetSurjectivityCompactnessMappedCokernelPi1Pi2Pi3SourceTriangulationFieldsComparisonStateW1499.productSuccessClaimed =
audit/OriginalFourTaskCompletionDeclarations.lean:18711:    LeanLCAExactChallenge.Dbounded.currentW987BoundaryRelationTargetStrictPreimageObjectImageRightAdjointFunctorTargetSurjectivityCompactnessMappedCokernelPi1Pi2Pi3EndpointFieldsComparisonStateW1500.productSuccessClaimed =
audit/OriginalFourTaskCompletionDeclarations.lean:18744:    LeanLCAExactChallenge.Dbounded.currentW987BoundaryRelationTargetStrictPreimageObjectImageRightAdjointFunctorTargetSurjectivityCompactnessMappedCokernelPi1Pi2Pi3LocalizedRightAdjointFieldsComparisonStateW1501.productSuccessClaimed =
audit/OriginalFourTaskCompletionDeclarations.lean:18779:    LeanLCAExactChallenge.Dbounded.currentW987BoundaryRelationTargetStrictPreimageObjectImageRightAdjointFunctorTargetSurjectivityCompactnessMappedCokernelPi1Pi2Pi3NormalizedFixedTargetFieldsComparisonStateW1502.productSuccessClaimed =
audit/OriginalFourTaskCompletionDeclarations.lean:18816:    LeanLCAExactChallenge.Dbounded.currentW987BoundaryRelationTargetStrictPreimageObjectImageRightAdjointFunctorTargetSurjectivityCompactnessMappedCokernelPi1Pi2Pi3NormalizedLiftBlueprintFieldsComparisonStateW1503.productSuccessClaimed =
audit/OriginalFourTaskCompletionDeclarations.lean:18853:    LeanLCAExactChallenge.Dbounded.currentW987BoundaryRelationTargetStrictPreimageObjectImageRightAdjointFunctorTargetSurjectivityCompactnessMappedCokernelPi1Pi2Pi3StrictRepresentativeLiftFieldsComparisonStateW1504.productSuccessClaimed =
audit/OriginalFourTaskCompletionDeclarations.lean:18891:    LeanLCAExactChallenge.Dbounded.currentW987BoundaryRelationTargetStrictPreimageObjectImageRightAdjointFunctorTargetSurjectivityCompactnessMappedCokernelPi1Pi2Pi3StrictPreimageObjectFieldsComparisonStateW1505.productSuccessClaimed =
audit/OriginalFourTaskCompletionDeclarations.lean:18924:    LeanLCAExactChallenge.Dbounded.currentW987BoundaryRelationTargetStrictPreimageObjectImageRightAdjointFunctorTargetSurjectivityCompactnessMappedCokernelPi1Pi2Pi3StrictPreimageMapFieldsComparisonStateW1506.productSuccessClaimed =
audit/OriginalFourTaskCompletionDeclarations.lean:18956:    LeanLCAExactChallenge.Dbounded.currentW987BoundaryRelationTargetStrictPreimageObjectImageRightAdjointFunctorTargetSurjectivityCompactnessMappedCokernelPi1Pi2Pi3BoundaryFieldsComparisonStateW1507.productSuccessClaimed =
audit/OriginalFourTaskCompletionDeclarations.lean:18988:    LeanLCAExactChallenge.Dbounded.currentW987BoundaryRelationTargetStrictPreimageObjectImageRightAdjointFunctorTargetSurjectivityCompactnessMappedCokernelPi1Pi2Pi3RelationFieldsComparisonStateW1508.productSuccessClaimed =
audit/OriginalFourTaskCompletionDeclarations.lean:19020:    LeanLCAExactChallenge.Dbounded.currentW987BoundaryRelationTargetStrictPreimageObjectImageRightAdjointFunctorTargetSurjectivityCompactnessMappedCokernelPi1Pi2Pi3TargetSurjectiveCompactFieldsComparisonStateW1509.productSuccessClaimed =
audit/OriginalFourTaskCompletionDeclarations.lean:19053:    LeanLCAExactChallenge.Dbounded.currentW987BoundaryRelationTargetStrictPreimageObjectImageRightAdjointFunctorTargetSurjectivityCompactnessMappedCokernelPi1Pi2Pi3ClosedEmbeddingClosednessFieldsComparisonStateW1510.productSuccessClaimed =
audit/OriginalFourTaskCompletionDeclarations.lean:19085:    LeanLCAExactChallenge.Dbounded.currentW987BoundaryRelationTargetStrictPreimageObjectImageRightAdjointFunctorTargetSurjectivityCompactnessMappedCokernelPi1Pi2Pi3ClosedEmbeddingEndpointHomologyFreeComparisonStateW1511.productSuccessClaimed =
audit/OriginalFourTaskCompletionDeclarations.lean:19118:    LeanLCAExactChallenge.Dbounded.currentW987BoundaryRelationTargetStrictPreimageObjectImageRightAdjointFunctorTargetSurjectivityCompactnessMappedCokernelPi1Pi2Pi3EndpointHomologyFreeConvergenceStateW1512.productSuccessClaimed =
audit/OriginalFourTaskCompletionDeclarations.lean:19157:    LeanLCAExactChallenge.Dbounded.currentW987BoundaryRelationTargetStrictPreimageObjectImageRightAdjointFunctorTargetSurjectivityCompactnessMappedCokernelPi1Pi2Pi3TargetBranchConvergenceStateW1513.productSuccessClaimed =
audit/OriginalFourTaskCompletionDeclarations.lean:19206:    LeanLCAExactChallenge.Dbounded.currentW987BoundaryRelationTargetStrictPreimageObjectImageRightAdjointFunctorTargetSurjectivityCompactnessMappedCokernelPi1Pi2Pi3StrictPreimageConvergenceStateW1514.productSuccessClaimed =
audit/OriginalFourTaskCompletionDeclarations.lean:19257:    LeanLCAExactChallenge.Dbounded.currentW987BoundaryRelationTargetStrictPreimageObjectImageRightAdjointFunctorTargetSurjectivityCompactnessMappedCokernelPi1Pi2Pi3LocalizedRightAdjointConvergenceStateW1515.productSuccessClaimed =
audit/OriginalFourTaskCompletionDeclarations.lean:19304:    LeanLCAExactChallenge.Dbounded.currentW987BoundaryRelationTargetStrictPreimageObjectImageRightAdjointFunctorTargetSurjectivityCompactnessMappedCokernelPi1Pi2Pi3SourceEndpointConvergenceStateW1516.productSuccessClaimed =
audit/OriginalFourTaskCompletionDeclarations.lean:19350:    LeanLCAExactChallenge.Dbounded.currentW987BoundaryRelationTargetStrictPreimageObjectImageRightAdjointFunctorTargetSurjectivityCompactnessMappedCokernelPi1Pi2Pi3ComparisonConcreteLeavesConvergenceStateW1517.productSuccessClaimed =
audit/OriginalFourTaskCompletionDeclarations.lean:19446:    LeanLCAExactChallenge.Dbounded.currentW987BoundaryRelationTargetStrictPreimageObjectImageRightAdjointFunctorTargetSurjectivityCompactnessMappedCokernelPi1Pi2Pi3SelectedCochainConcreteLeavesConvergenceStateW1518.productSuccessClaimed =
audit/OriginalFourTaskCompletionDeclarations.lean:19463:    LeanLCAExactChallenge.Dbounded.currentW987BoundaryRelationTargetStrictPreimageObjectImageRightAdjointFunctorTargetSurjectivityCompactnessMappedCokernelPi1Pi2Pi3W735W732SelectedCochainConvergenceStateW1519.productSuccessClaimed =
audit/OriginalFourTaskCompletionDeclarations.lean:19480:    LeanLCAExactChallenge.Dbounded.currentW987BoundaryRelationTargetStrictPreimageObjectImageRightAdjointFunctorTargetSurjectivityCompactnessMappedCokernelPi1Pi2Pi3EndpointFactsLocalizedSelectedCochainConvergenceStateW1520.productSuccessClaimed =
audit/OriginalFourTaskCompletionDeclarations.lean:19518:    LeanLCAExactChallenge.Dbounded.currentW987BoundaryRelationTargetStrictPreimageObjectImageRightAdjointFunctorTargetSurjectivityCompactnessMappedCokernelPi1Pi2Pi3W870BranchDispatchStateW1521.productSuccessClaimed =
audit/OriginalFourTaskCompletionDeclarations.lean:19564:    LeanLCAExactChallenge.Dbounded.currentW987BoundaryRelationTargetStrictPreimageObjectImageRightAdjointFunctorTargetSurjectivityCompactnessMappedCokernelPi1Pi2Pi3W869W868ConvergenceStateW1522.productSuccessClaimed =
audit/OriginalFourTaskCompletionDeclarations.lean:19602:    LeanLCAExactChallenge.Dbounded.currentW987BoundaryRelationTargetStrictPreimageObjectImageRightAdjointFunctorTargetSurjectivityCompactnessMappedCokernelPi1Pi2Pi3W867StrictRealizationConvergenceStateW1523.productSuccessClaimed =
audit/OriginalFourTaskCompletionDeclarations.lean:19640:    LeanLCAExactChallenge.Dbounded.currentW987BoundaryRelationTargetStrictPreimageObjectImageRightAdjointFunctorTargetSurjectivityCompactnessMappedCokernelPi1Pi2Pi3W866IsoClosureConvergenceStateW1524.productSuccessClaimed =
audit/OriginalFourTaskCompletionDeclarations.lean:19678:    LeanLCAExactChallenge.Dbounded.currentW987BoundaryRelationTargetStrictPreimageObjectImageRightAdjointFunctorTargetSurjectivityCompactnessMappedCokernelPi1Pi2Pi3W865TargetIsoConvergenceStateW1525.productSuccessClaimed =
audit/OriginalFourTaskCompletionDeclarations.lean:19716:    LeanLCAExactChallenge.Dbounded.currentW987BoundaryRelationTargetStrictPreimageObjectImageRightAdjointFunctorTargetSurjectivityCompactnessMappedCokernelPi1Pi2Pi3W864TargetExactAtConvergenceStateW1526.productSuccessClaimed =
audit/OriginalFourTaskCompletionDeclarations.lean:19890:    LeanLCAExactChallenge.Dbounded.currentW987BoundaryRelationTargetStrictPreimageObjectImageRightAdjointFunctorTargetSurjectivityCompactnessMappedCokernelPi1Pi2Pi3W863TargetHomologyZeroConvergenceStateW1527.productSuccessClaimed =
audit/OriginalFourTaskCompletionDeclarations.lean:19907:    LeanLCAExactChallenge.Dbounded.currentW987BoundaryRelationTargetStrictPreimageObjectImageRightAdjointFunctorTargetSurjectivityCompactnessMappedCokernelPi1Pi2Pi3W862ConcreteLeavesTargetExactAtConvergenceStateW1528.productSuccessClaimed =
audit/OriginalFourTaskCompletionDeclarations.lean:19924:    LeanLCAExactChallenge.Dbounded.currentW987BoundaryRelationTargetStrictPreimageObjectImageRightAdjointFunctorTargetSurjectivityCompactnessMappedCokernelPi1Pi2Pi3W860EndpointLocalizedTargetExactAtConvergenceStateW1529.productSuccessClaimed =
audit/OriginalFourTaskCompletionDeclarations.lean:19941:    LeanLCAExactChallenge.Dbounded.currentW987BoundaryRelationTargetStrictPreimageObjectImageRightAdjointFunctorTargetSurjectivityCompactnessMappedCokernelPi1Pi2Pi3W859ClosednessBranchTargetExactAtConvergenceStateW1530.productSuccessClaimed =
audit/OriginalFourTaskCompletionDeclarations.lean:19958:    LeanLCAExactChallenge.Dbounded.currentW987BoundaryRelationTargetStrictPreimageObjectImageRightAdjointFunctorTargetSurjectivityCompactnessMappedCokernelPi1Pi2Pi3W831ComparisonBijectivityLeftCalculusConvergenceStateW1531.productSuccessClaimed =
audit/OriginalFourTaskCompletionDeclarations.lean:19975:    LeanLCAExactChallenge.Dbounded.currentW987BoundaryRelationTargetStrictPreimageObjectImageRightAdjointFunctorTargetSurjectivityCompactnessMappedCokernelPi1Pi2Pi3W829LeftCalculusStableRouteConvergenceStateW1532.productSuccessClaimed =
audit/OriginalFourTaskCompletionDeclarations.lean:19992:    LeanLCAExactChallenge.Dbounded.currentW987BoundaryRelationTargetStrictPreimageObjectImageRightAdjointFunctorTargetSurjectivityCompactnessMappedCokernelPi1Pi2Pi3W829StableFieldsFromDirectSourceStateW1533.productSuccessClaimed =
audit/OriginalFourTaskCompletionDeclarations.lean:20009:    LeanLCAExactChallenge.Dbounded.currentW987BoundaryRelationTargetStrictPreimageObjectImageRightAdjointFunctorTargetSurjectivityCompactnessMappedCokernelPi1Pi2Pi3W829StableCertificateFromDirectSourceStateW1534.productSuccessClaimed =
audit/OriginalFourTaskCompletionDeclarations.lean:20026:    LeanLCAExactChallenge.Dbounded.currentW987BoundaryRelationTargetStrictPreimageObjectImageRightAdjointFunctorTargetSurjectivityCompactnessMappedCokernelPi1Pi2Pi3W829StableProjectionFactsFromAcceptedDirectSourceStateW1535.productSuccessClaimed =
audit/OriginalFourTaskCompletionDeclarations.lean:20043:    LeanLCAExactChallenge.Dbounded.currentW987BoundaryRelationTargetStrictPreimageObjectImageRightAdjointFunctorTargetSurjectivityCompactnessMappedCokernelPi1Pi2Pi3W829StableProjectionFactsDirectSourceComparisonStateW1536.productSuccessClaimed =
audit/OriginalFourTaskCompletionDeclarations.lean:20060:    LeanLCAExactChallenge.Dbounded.currentW987BoundaryRelationTargetStrictPreimageObjectImageRightAdjointFunctorTargetSurjectivityCompactnessMappedCokernelPi1Pi2Pi3W829StableInstanceFactsFromDirectSourceStateW1537.productSuccessClaimed =
audit/OriginalFourTaskCompletionDeclarations.lean:20077:    LeanLCAExactChallenge.Dbounded.currentW987BoundaryRelationTargetStrictPreimageObjectImageRightAdjointFunctorTargetSurjectivityCompactnessMappedCokernelPi1Pi2Pi3W829StableInstancePackageComparisonStateW1538.productSuccessClaimed =
audit/OriginalFourTaskCompletionDeclarations.lean:20094:    LeanLCAExactChallenge.Dbounded.currentW987BoundaryRelationTargetStrictPreimageObjectImageRightAdjointFunctorTargetSurjectivityCompactnessMappedCokernelPi1Pi2Pi3W829StableSemanticAdapterComparisonStateW1539.productSuccessClaimed =
audit/OriginalFourTaskCompletionDeclarations.lean:20111:    LeanLCAExactChallenge.Dbounded.currentW987BoundaryRelationTargetStrictPreimageObjectImageRightAdjointFunctorTargetSurjectivityCompactnessMappedCokernelPi1Pi2Pi3W829StableCertificateSemanticAdapterComparisonStateW1540.productSuccessClaimed =
audit/OriginalFourTaskCompletionDeclarations.lean:20236:#check LeanLCAExactChallenge.Dbounded.originalFourTaskContractCompletion_productSuccessClaimed
audit/ProductSuccessDeclarations.lean:23312:#check LeanLCAExactChallenge.Dbounded.originalFourTaskContractCompletion_productSuccessClaimed
