declaration presence scan for W804 target ExactAt route consistency stable boundary
LeanLCAExactChallenge/Derived/TargetExactAtRouteConsistencyProductRoute.lean:115:theorem closedMapDirectFiniteShapeStableDataTargetExactAtW664_eq_closedRangeW804
LeanLCAExactChallenge/Derived/TargetExactAtRouteConsistencyProductRoute.lean:127:theorem closedEmbeddingDirectFiniteShapeStableDataTargetExactAtW664_eq_closedRangeW804
LeanLCAExactChallenge/Derived/TargetExactAtRouteConsistencyProductRoute.lean:139:theorem closedMapStableBoundaryInputsTargetExactAtW664_eq_closedRangeW804
LeanLCAExactChallenge/Derived/TargetExactAtRouteConsistencyProductRoute.lean:151:theorem closedEmbeddingStableBoundaryInputsTargetExactAtW664_eq_closedRangeW804
LeanLCAExactChallenge/Derived/TargetExactAtRouteConsistencyProductRoute.lean:163:theorem closedMapAcceptedStableTargetExactAtW664_eq_closedRangeW804
LeanLCAExactChallenge/Derived/TargetExactAtRouteConsistencyProductRoute.lean:175:theorem closedEmbeddingAcceptedStableTargetExactAtW664_eq_closedRangeW804
LeanLCAExactChallenge/Derived/TargetExactAtRouteConsistencyProductRoute.lean:187:theorem closedMapBoundedDerivedStableBoundaryTargetExactAtW664_eq_closedRangeW804
LeanLCAExactChallenge/Derived/TargetExactAtRouteConsistencyProductRoute.lean:199:theorem closedEmbeddingBoundedDerivedStableBoundaryTargetExactAtW664_eq_closedRangeW804
LeanLCAExactChallenge/Derived/TargetExactAtRouteConsistencyProductRoute.lean:223:  stableBoundaryConsistency : String
LeanLCAExactChallenge/Derived/TargetExactAtRouteConsistencyProductRoute.lean:242:      "closedMapDirectFiniteShapeStableDataTargetExactAtW664_eq_closedRangeW804",
LeanLCAExactChallenge/Derived/TargetExactAtRouteConsistencyProductRoute.lean:243:      "closedEmbeddingDirectFiniteShapeStableDataTargetExactAtW664_eq_closedRangeW804",
LeanLCAExactChallenge/Derived/TargetExactAtRouteConsistencyProductRoute.lean:244:      "closedMapStableBoundaryInputsTargetExactAtW664_eq_closedRangeW804",
LeanLCAExactChallenge/Derived/TargetExactAtRouteConsistencyProductRoute.lean:245:      "closedEmbeddingStableBoundaryInputsTargetExactAtW664_eq_closedRangeW804",
LeanLCAExactChallenge/Derived/TargetExactAtRouteConsistencyProductRoute.lean:246:      "closedMapAcceptedStableTargetExactAtW664_eq_closedRangeW804",
LeanLCAExactChallenge/Derived/TargetExactAtRouteConsistencyProductRoute.lean:247:      "closedEmbeddingAcceptedStableTargetExactAtW664_eq_closedRangeW804",
LeanLCAExactChallenge/Derived/TargetExactAtRouteConsistencyProductRoute.lean:248:      "closedMapBoundedDerivedStableBoundaryTargetExactAtW664_eq_closedRangeW804",
LeanLCAExactChallenge/Derived/TargetExactAtRouteConsistencyProductRoute.lean:249:      "closedEmbeddingBoundedDerivedStableBoundaryTargetExactAtW664_eq_closedRangeW804",
LeanLCAExactChallenge/Derived/TargetExactAtRouteConsistencyProductRoute.lean:258:  stableBoundaryConsistency :=
audit/RequiredDeclarations.lean:1290:  LeanLCAExactChallenge.Dbounded.closedMapDirectFiniteShapeStableDataTargetExactAtW664_eq_closedRangeW804
audit/RequiredDeclarations.lean:1292:  LeanLCAExactChallenge.Dbounded.closedEmbeddingDirectFiniteShapeStableDataTargetExactAtW664_eq_closedRangeW804
audit/RequiredDeclarations.lean:1294:  LeanLCAExactChallenge.Dbounded.closedMapStableBoundaryInputsTargetExactAtW664_eq_closedRangeW804
audit/RequiredDeclarations.lean:1296:  LeanLCAExactChallenge.Dbounded.closedEmbeddingStableBoundaryInputsTargetExactAtW664_eq_closedRangeW804
audit/RequiredDeclarations.lean:1298:  LeanLCAExactChallenge.Dbounded.closedMapAcceptedStableTargetExactAtW664_eq_closedRangeW804
audit/RequiredDeclarations.lean:1300:  LeanLCAExactChallenge.Dbounded.closedEmbeddingAcceptedStableTargetExactAtW664_eq_closedRangeW804
audit/RequiredDeclarations.lean:1302:  LeanLCAExactChallenge.Dbounded.closedMapBoundedDerivedStableBoundaryTargetExactAtW664_eq_closedRangeW804
audit/RequiredDeclarations.lean:1304:  LeanLCAExactChallenge.Dbounded.closedEmbeddingBoundedDerivedStableBoundaryTargetExactAtW664_eq_closedRangeW804
audit/OriginalFourTaskCompletionDeclarations.lean:1082:  LeanLCAExactChallenge.Dbounded.closedMapDirectFiniteShapeStableDataTargetExactAtW664_eq_closedRangeW804
audit/OriginalFourTaskCompletionDeclarations.lean:1084:  LeanLCAExactChallenge.Dbounded.closedEmbeddingDirectFiniteShapeStableDataTargetExactAtW664_eq_closedRangeW804
audit/OriginalFourTaskCompletionDeclarations.lean:1086:  LeanLCAExactChallenge.Dbounded.closedMapStableBoundaryInputsTargetExactAtW664_eq_closedRangeW804
audit/OriginalFourTaskCompletionDeclarations.lean:1088:  LeanLCAExactChallenge.Dbounded.closedEmbeddingStableBoundaryInputsTargetExactAtW664_eq_closedRangeW804
audit/OriginalFourTaskCompletionDeclarations.lean:1090:  LeanLCAExactChallenge.Dbounded.closedMapAcceptedStableTargetExactAtW664_eq_closedRangeW804
audit/OriginalFourTaskCompletionDeclarations.lean:1092:  LeanLCAExactChallenge.Dbounded.closedEmbeddingAcceptedStableTargetExactAtW664_eq_closedRangeW804
audit/OriginalFourTaskCompletionDeclarations.lean:1094:  LeanLCAExactChallenge.Dbounded.closedMapBoundedDerivedStableBoundaryTargetExactAtW664_eq_closedRangeW804
audit/OriginalFourTaskCompletionDeclarations.lean:1096:  LeanLCAExactChallenge.Dbounded.closedEmbeddingBoundedDerivedStableBoundaryTargetExactAtW664_eq_closedRangeW804
audit/ProductSuccessDeclarations.lean:10037:    Dbounded.closedMapDirectFiniteShapeStableDataTargetExactAtW664_eq_closedRangeW804
audit/ProductSuccessDeclarations.lean:10039:    Dbounded.closedEmbeddingDirectFiniteShapeStableDataTargetExactAtW664_eq_closedRangeW804
audit/ProductSuccessDeclarations.lean:10041:    Dbounded.closedMapStableBoundaryInputsTargetExactAtW664_eq_closedRangeW804
audit/ProductSuccessDeclarations.lean:10043:    Dbounded.closedEmbeddingStableBoundaryInputsTargetExactAtW664_eq_closedRangeW804
audit/ProductSuccessDeclarations.lean:10044:  #check Dbounded.closedMapAcceptedStableTargetExactAtW664_eq_closedRangeW804
audit/ProductSuccessDeclarations.lean:10046:    Dbounded.closedEmbeddingAcceptedStableTargetExactAtW664_eq_closedRangeW804
audit/ProductSuccessDeclarations.lean:10048:    Dbounded.closedMapBoundedDerivedStableBoundaryTargetExactAtW664_eq_closedRangeW804
audit/ProductSuccessDeclarations.lean:10050:    Dbounded.closedEmbeddingBoundedDerivedStableBoundaryTargetExactAtW664_eq_closedRangeW804
