LeanLCAExactChallenge/Derived/TargetHomologyZeroConditionedEndpointTargetIsoSelectedW461RowsProductRoute.lean:161:    directFiniteShapeStableDataOfClosedMapTargetHomologyZeroConditionedW787
LeanLCAExactChallenge/Derived/TargetHomologyZeroConditionedEndpointTargetIsoSelectedW461RowsProductRoute.lean:170:    directFiniteShapeStableDataOfClosedEmbeddingTargetHomologyZeroConditionedW787
LeanLCAExactChallenge/Derived/TargetHomologyZeroConditionedEndpointTargetIsoSelectedW461RowsProductRoute.lean:179:noncomputable def stableBoundaryInputsOfClosedMapTargetHomologyZeroConditionedW787
LeanLCAExactChallenge/Derived/TargetHomologyZeroConditionedEndpointTargetIsoSelectedW461RowsProductRoute.lean:188:    stableBoundaryInputsOfClosedEmbeddingTargetHomologyZeroConditionedW787
LeanLCAExactChallenge/Derived/TargetHomologyZeroConditionedEndpointTargetIsoSelectedW461RowsProductRoute.lean:197:noncomputable def acceptedStableOfClosedMapTargetHomologyZeroConditionedW787
LeanLCAExactChallenge/Derived/TargetHomologyZeroConditionedEndpointTargetIsoSelectedW461RowsProductRoute.lean:207:noncomputable def acceptedStableOfClosedEmbeddingTargetHomologyZeroConditionedW787
LeanLCAExactChallenge/Derived/TargetHomologyZeroConditionedEndpointTargetIsoSelectedW461RowsProductRoute.lean:217:    boundedDerivedOfClosedMapTargetHomologyZeroConditionedStableBoundaryW787
LeanLCAExactChallenge/Derived/TargetHomologyZeroConditionedEndpointTargetIsoSelectedW461RowsProductRoute.lean:227:    boundedDerivedOfClosedEmbeddingTargetHomologyZeroConditionedStableBoundaryW787
LeanLCAExactChallenge/Derived/TargetHomologyZeroConditionedEndpointTargetIsoSelectedW461RowsProductRoute.lean:283:      "directFiniteShapeStableDataOfClosedMapTargetHomologyZeroConditionedW787",
LeanLCAExactChallenge/Derived/TargetHomologyZeroConditionedEndpointTargetIsoSelectedW461RowsProductRoute.lean:284:      "directFiniteShapeStableDataOfClosedEmbeddingTargetHomologyZeroConditionedW787",
LeanLCAExactChallenge/Derived/TargetHomologyZeroConditionedEndpointTargetIsoSelectedW461RowsProductRoute.lean:285:      "stableBoundaryInputsOfClosedMapTargetHomologyZeroConditionedW787",
LeanLCAExactChallenge/Derived/TargetHomologyZeroConditionedEndpointTargetIsoSelectedW461RowsProductRoute.lean:286:      "stableBoundaryInputsOfClosedEmbeddingTargetHomologyZeroConditionedW787",
LeanLCAExactChallenge/Derived/TargetHomologyZeroConditionedEndpointTargetIsoSelectedW461RowsProductRoute.lean:287:      "acceptedStableOfClosedMapTargetHomologyZeroConditionedW787",
LeanLCAExactChallenge/Derived/TargetHomologyZeroConditionedEndpointTargetIsoSelectedW461RowsProductRoute.lean:288:      "acceptedStableOfClosedEmbeddingTargetHomologyZeroConditionedW787",
LeanLCAExactChallenge/Derived/TargetHomologyZeroConditionedEndpointTargetIsoSelectedW461RowsProductRoute.lean:289:      "boundedDerivedOfClosedMapTargetHomologyZeroConditionedStableBoundaryW787",
LeanLCAExactChallenge/Derived/TargetHomologyZeroConditionedEndpointTargetIsoSelectedW461RowsProductRoute.lean:290:      "boundedDerivedOfClosedEmbeddingTargetHomologyZeroConditionedStableBoundaryW787",
audit/RequiredDeclarations.lean:1052:  LeanLCAExactChallenge.Dbounded.directFiniteShapeStableDataOfClosedMapTargetHomologyZeroConditionedW787
audit/RequiredDeclarations.lean:1054:  LeanLCAExactChallenge.Dbounded.directFiniteShapeStableDataOfClosedEmbeddingTargetHomologyZeroConditionedW787
audit/RequiredDeclarations.lean:1056:  LeanLCAExactChallenge.Dbounded.stableBoundaryInputsOfClosedMapTargetHomologyZeroConditionedW787
audit/RequiredDeclarations.lean:1058:  LeanLCAExactChallenge.Dbounded.stableBoundaryInputsOfClosedEmbeddingTargetHomologyZeroConditionedW787
audit/RequiredDeclarations.lean:1060:  LeanLCAExactChallenge.Dbounded.acceptedStableOfClosedMapTargetHomologyZeroConditionedW787
audit/RequiredDeclarations.lean:1062:  LeanLCAExactChallenge.Dbounded.acceptedStableOfClosedEmbeddingTargetHomologyZeroConditionedW787
audit/RequiredDeclarations.lean:1064:  LeanLCAExactChallenge.Dbounded.boundedDerivedOfClosedMapTargetHomologyZeroConditionedStableBoundaryW787
audit/RequiredDeclarations.lean:1066:  LeanLCAExactChallenge.Dbounded.boundedDerivedOfClosedEmbeddingTargetHomologyZeroConditionedStableBoundaryW787
audit/OriginalFourTaskCompletionDeclarations.lean:844:  LeanLCAExactChallenge.Dbounded.directFiniteShapeStableDataOfClosedMapTargetHomologyZeroConditionedW787
audit/OriginalFourTaskCompletionDeclarations.lean:846:  LeanLCAExactChallenge.Dbounded.directFiniteShapeStableDataOfClosedEmbeddingTargetHomologyZeroConditionedW787
audit/OriginalFourTaskCompletionDeclarations.lean:848:  LeanLCAExactChallenge.Dbounded.stableBoundaryInputsOfClosedMapTargetHomologyZeroConditionedW787
audit/OriginalFourTaskCompletionDeclarations.lean:850:  LeanLCAExactChallenge.Dbounded.stableBoundaryInputsOfClosedEmbeddingTargetHomologyZeroConditionedW787
audit/OriginalFourTaskCompletionDeclarations.lean:852:  LeanLCAExactChallenge.Dbounded.acceptedStableOfClosedMapTargetHomologyZeroConditionedW787
audit/OriginalFourTaskCompletionDeclarations.lean:854:  LeanLCAExactChallenge.Dbounded.acceptedStableOfClosedEmbeddingTargetHomologyZeroConditionedW787
audit/OriginalFourTaskCompletionDeclarations.lean:856:  LeanLCAExactChallenge.Dbounded.boundedDerivedOfClosedMapTargetHomologyZeroConditionedStableBoundaryW787
audit/OriginalFourTaskCompletionDeclarations.lean:858:  LeanLCAExactChallenge.Dbounded.boundedDerivedOfClosedEmbeddingTargetHomologyZeroConditionedStableBoundaryW787
audit/ProductSuccessDeclarations.lean:9535:  #check Dbounded.directFiniteShapeStableDataOfClosedMapTargetHomologyZeroConditionedW787
audit/ProductSuccessDeclarations.lean:9537:    Dbounded.directFiniteShapeStableDataOfClosedEmbeddingTargetHomologyZeroConditionedW787
audit/ProductSuccessDeclarations.lean:9538:  #check Dbounded.stableBoundaryInputsOfClosedMapTargetHomologyZeroConditionedW787
audit/ProductSuccessDeclarations.lean:9540:    Dbounded.stableBoundaryInputsOfClosedEmbeddingTargetHomologyZeroConditionedW787
audit/ProductSuccessDeclarations.lean:9541:  #check Dbounded.acceptedStableOfClosedMapTargetHomologyZeroConditionedW787
audit/ProductSuccessDeclarations.lean:9542:  #check Dbounded.acceptedStableOfClosedEmbeddingTargetHomologyZeroConditionedW787
audit/ProductSuccessDeclarations.lean:9544:    Dbounded.boundedDerivedOfClosedMapTargetHomologyZeroConditionedStableBoundaryW787
audit/ProductSuccessDeclarations.lean:9546:    Dbounded.boundedDerivedOfClosedEmbeddingTargetHomologyZeroConditionedStableBoundaryW787
