timestamp_utc=2026-06-07T02:39:37Z
checkpoint=metrizable-dbounded-ordinary-context
base_commit=1656529e0799888921a5b7b938203fb279a2f985
verification_tier=Tier B targeted Lean/audit/checkpoint verification
lake_env_lean_bounded_log=run/w_clean_20260607_metrizable_dbounded_bounded_lean.log
lake_env_lean_bounded_exit=0
lake_build_bounded_log=run/w_clean_20260607_metrizable_dbounded_bounded_build.log
lake_build_bounded_exit=0
required_declarations_log=run/w_clean_20260607_metrizable_dbounded_required_declarations.log
required_declarations_exit=0
product_success_declarations_log=run/w_clean_20260607_metrizable_dbounded_product_success_declarations.log
product_success_declarations_exit=0
original_four_task_declarations_log=run/w_clean_20260607_metrizable_dbounded_original_four_task_declarations.log
original_four_task_declarations_exit=0
diff_check_log=run/w_clean_20260607_metrizable_dbounded_diff_check.log
diff_check_exit=0
forbidden_tokens_log=run/w_clean_20260607_metrizable_dbounded_forbidden_tokens.log
forbidden_tokens_exit=0
true_completion_claim_scan_log=run/w_clean_20260607_metrizable_dbounded_true_completion_claim_scan.log
true_completion_claim_scan_exit=0
new_declaration_presence_log=run/w_clean_20260607_metrizable_dbounded_new_declaration_presence.log
new_declaration_presence_exit=0
final_diff_check_log=run/w_clean_20260607_metrizable_dbounded_final_diff_check.log
final_diff_check_exit=0
final_true_completion_claim_scan_log=run/w_clean_20260607_metrizable_dbounded_final_true_completion_claim_scan.log
final_true_completion_claim_scan_exit=0
cached_diff_check_log=run/w_clean_20260607_metrizable_dbounded_cached_diff_check.log
cached_diff_check_exit=0
overall_exit=0
product_success=false
product_complete=false
update_goal_allowed=false
