terminal_outcome/terminal_outcome.json:7:  "product_success": false,
terminal_outcome/terminal_outcome.json:9:  "product_complete": false,
terminal_outcome/terminal_outcome.json:10:  "update_goal_allowed": false,
terminal_outcome/terminal_outcome.json:16:    "Final imported completion surface remains nonterminal: originalFourTaskContractCompletion.productSuccessClaimed = false still compiles, now with W1594 W1524 W866 iso-closure convergence projections on top of the W1593/W1523 bridge.",
audit/external_audit.py:58:    "originalFourTaskContractCompletion.productSuccessClaimed = false",
audit/external_audit.py:59:    "productSuccessClaimed := false",
audit/external_audit.py:421:        fail("product_success imports a final witness proving productSuccessClaimed=false")
LeanLCAExactChallenge/Derived/TargetIsoStrictRealizationTerminalProductRoute.lean:143:  productSuccessClaimed := false
LeanLCAExactChallenge/Derived/ClosedMapBoundaryDataSourceTriangulationEndpointFactsLocalizedRightAdjointComparisonStableExactAtRoute.lean:329:  productSuccessClaimed := false
LeanLCAExactChallenge/Derived/ClosedMapTargetCompactNoUnivMembershipClosednessDataBoundaryRelationDataNormalizedFixedTargetDataSourceTriangulationEndpointStrictExactUnitStrictExactComponentsPrimitiveFieldRoute.lean:219:  productSuccessClaimed := false
LeanLCAExactChallenge/Derived/ClosedMapBoundaryRelationTargetSurjectiveCompactClosedEmbeddingClosednessNormalizedSourceEndpointLocalizedUnitFullDataFromBranchFullDataToTargetClosedEmbeddingClosednessNormalizedSourceEndpointDirectRouteW1133.lean:344:  productSuccessClaimed := false
LeanLCAExactChallenge/Derived/ClosedMapBoundaryRelationTargetSurjectiveCompactClosedEmbeddingClosednessNormalizedSourceEndpointLocalizedUnitFullDataW987BoundaryRelationTargetUnitIsoHomInvFieldDataConstructionGuardW1464.lean:478:  productSuccessClaimed := false
LeanLCAExactChallenge/Derived/ClosedMapBoundaryRelationTargetSurjectiveCompactClosedEmbeddingClosednessNormalizedSourceEndpointLocalizedUnitFullDataTopTargetRelationRepresentativeImageFieldSplitGuardW1349.lean:114:  productSuccessClaimed := false
LeanLCAExactChallenge/Derived/ComparisonBijectivityStrictRealizationLeftCalculusRoute.lean:326:  productSuccessClaimed := false
LeanLCAExactChallenge/Derived/TargetExactAtClosedRangeProductRoute.lean:181:  productSuccessClaimed := false
LeanLCAExactChallenge/Derived/ClosedMapBoundaryRelationTargetSurjectiveCompactClosedEmbeddingClosednessNormalizedSourceEndpointLocalizedUnitFullDataFromNormalizedSourceEndpointLocalizedUnitToEndpointLocalizedUnitDirectRouteW1157.lean:405:  productSuccessClaimed := false
LeanLCAExactChallenge/Derived/ClosedMapBoundaryRelationDataTargetNoUnivDataClosedEmbeddingClosednessDataNormalizedSourceTriangulationDataEndpointKernelCokernelTopAndUnitKernelCokernelTopIsoComponentFieldsRoute.lean:319:  productSuccessClaimed := false
LeanLCAExactChallenge/Derived/Bounded.lean:4123:  productSuccessClaimed := false
LeanLCAExactChallenge/Derived/Bounded.lean:4132:    Dbounded.currentMetrizableSemanticStableRouteState.productSuccessClaimed = false :=
LeanLCAExactChallenge/Derived/Bounded.lean:4585:  productSuccessClaimed := false
LeanLCAExactChallenge/Derived/Bounded.lean:4772:  productSuccessClaimed := false
LeanLCAExactChallenge/Derived/Bounded.lean:4993:  productSuccessClaimed := false
LeanLCAExactChallenge/Derived/Bounded.lean:5176:  productSuccessClaimed := false
LeanLCAExactChallenge/Derived/Bounded.lean:5291:  productSuccessClaimed := false
LeanLCAExactChallenge/Derived/ClosedMapBoundaryRelationTargetSurjectiveCompactClosedEmbeddingClosednessNormalizedSourceEndpointLocalizedUnitFullDataW987BoundaryRelationTargetLocalizedAdjunctionNatTransFieldDataConstructionGuardW1465.lean:577:  productSuccessClaimed := false
LeanLCAExactChallenge/Derived/ClosedMapBoundaryRelationTargetSurjectiveCompactClosedEmbeddingClosednessNormalizedSourceEndpointLocalizedUnitFullDataTargetSurjectiveCompactKernelCokernelTopIsoComponentFieldsGuardW1320.lean:86:  productSuccessClaimed := false
audit/original_four_task_contract_audit.py:31:    "originalFourTaskContractCompletion.productSuccessClaimed = false",
audit/original_four_task_contract_audit.py:32:    "productSuccessClaimed := false",
audit/original_four_task_contract_audit.py:250:            blockers.append("product_success imports a final witness proving productSuccessClaimed=false")
LeanLCAExactChallenge/Derived/ClosedMapBoundaryRelationTargetSurjectiveCompactClosedEmbeddingClosednessNormalizedSourceEndpointLocalizedUnitFullDataW987BoundaryRelationTargetStrictPreimageObjectImageRightAdjointFunctorFieldDataConstructionGuardW1479.lean:1929:  productSuccessClaimed := false
LeanLCAExactChallenge/Derived/ClosedMapBoundaryRelationTargetSurjectiveCompactClosedEmbeddingClosednessNormalizedSourceEndpointLocalizedUnitFullDataClosedMapTargetComponentRelationFieldsStableConvergenceFieldSplitGuardW1384.lean:337:  productSuccessClaimed := false
LeanLCAExactChallenge/Derived/ClosedMapBoundaryRelationTargetSurjectiveCompactClosedEmbeddingClosednessNormalizedSourceEndpointLocalizedUnitFullDataFromTargetClosedEmbeddingClosednessToNormalizedSourceEndpointLocalizedUnitDirectRoute.lean:236:  productSuccessClaimed := false
LeanLCAExactChallenge/Derived/ExactInputsComparisonSelectedCochainStableRoute.lean:129:  productSuccessClaimed := false
LeanLCAExactChallenge/Derived/ClosedMapBoundaryRelationTargetSurjectiveCompactClosedEmbeddingClosednessNormalizedSourceEndpointLocalizedUnitFullDataFromTargetClosedEmbeddingClosednessToNormalizedSourceEndpointLocalizedUnitDirectRouteW1167.lean:415:  productSuccessClaimed := false
LeanLCAExactChallenge/Derived/ClosedMapBoundaryRelationTargetSurjectiveCompactClosedEmbeddingClosednessNormalizedSourceEndpointLocalizedUnitFullDataFromUnitStrictExactIsoDataToComponentFieldsDirectRouteW1091.lean:342:  productSuccessClaimed := false
audit/blockers/wpp_op_strict_short_exact_colimit_fields_iff_w307.lean:152:  productSuccessClaimed := false
audit/blockers/wpp_op_strict_short_exact_colimit_fields_iff_w307.lean:155:    currentWppOpStrictShortExactFieldsIffState.productSuccessClaimed = false := rfl
LeanLCAExactChallenge/Derived/SelectedCochainConcreteLeavesStableExactAtRoute.lean:141:  productSuccessClaimed := false
LeanLCAExactChallenge/Derived/ClosedMapBoundaryRelationTargetSurjectiveCompactClosedEmbeddingClosednessNormalizedSourceEndpointLocalizedUnitFullDataFromBranchFullDataToTargetClosedEmbeddingClosednessNormalizedSourceEndpointDirectRouteW1079.lean:338:  productSuccessClaimed := false
audit/blockers/wpp_op_exact_frontier_from_certificates_v370_support_w431.lean:120:  productSuccessClaimed := false
audit/blockers/wpp_op_exact_frontier_from_certificates_v370_support_w431.lean:123:    currentWppOpExactFrontierFromCertificatesV370StateW431.productSuccessClaimed = false := rfl
LeanLCAExactChallenge/Derived/ClosedMapBoundaryRelationTargetSurjectiveCompactClosedEmbeddingClosednessNormalizedSourceEndpointLocalizedUnitFullDataFromBranchFullDataToTargetClosedEmbeddingClosednessNormalizedSourceEndpointDirectRouteW1205.lean:344:  productSuccessClaimed := false
audit/blockers/wpp_op_mapping_cone_bounded_test_cocone_naturality_w340.lean:111:  productSuccessClaimed := false
audit/blockers/wpp_op_mapping_cone_bounded_test_cocone_naturality_w340.lean:114:    currentWppOpMappingConeBoundedTestCoconeNaturalityState.productSuccessClaimed = false := rfl
audit/blockers/wpp_op_mapping_cone_objectwise_desc_eq_w334.lean:57:  productSuccessClaimed := false
audit/blockers/wpp_op_mapping_cone_objectwise_desc_eq_w334.lean:60:    currentWppOpMappingConeObjectwiseDescEqState.productSuccessClaimed = false := rfl
audit/blockers/wpp_op_relation_pullback_condition_v368_support_w349.lean:202:  productSuccessClaimed := false
audit/blockers/wpp_op_relation_pullback_condition_v368_support_w349.lean:205:    currentRelationPullbackConditionV368SupportStateW349.productSuccessClaimed = false := rfl
audit/blockers/direct_wpp_op_colimit_closure_w271.lean:255:  productSuccessClaimed := false
audit/blockers/direct_wpp_op_colimit_closure_w271.lean:258:    currentDirectWalkingParallelPairOpColimitClosureState.productSuccessClaimed = false := rfl
LeanLCAExactChallenge/Derived/ClosedMapBoundaryRelationTargetSurjectiveCompactClosedEmbeddingClosednessNormalizedSourceEndpointLocalizedUnitFullDataFromNormalizedSourceEndpointLocalizedUnitToEndpointLocalizedUnitDirectRouteW1112.lean:405:  productSuccessClaimed := false
audit/blockers/addcommgrp_cokernel_range_equality_from_closed_map_v370_support_w443.lean:160:  productSuccessClaimed := false
audit/blockers/addcommgrp_snakeinput_difference_strict_source_w345.lean:53:  productSuccessClaimed := false
audit/blockers/addcommgrp_snakeinput_difference_strict_source_w345.lean:56:    currentW345SourceSupportState.productSuccessClaimed = false := rfl
audit/blockers/addcommgrp_mapped_explicit_cokernel_cocone_closed_range_v370_support_w440.lean:196:  productSuccessClaimed := false
LeanLCAExactChallenge/Derived/ClosedMapBoundaryRelationTargetSurjectiveCompactClosedEmbeddingClosednessNormalizedSourceEndpointLocalizedUnitFullDataFromNormalizedSourceEndpointLocalizedUnitToEndpointLocalizedUnitDirectRouteW1238.lean:405:  productSuccessClaimed := false
audit/blockers/wpp_op_left_lca_reverse_preimage_pullback_v366_support_w343.lean:214:  productSuccessClaimed := false
audit/blockers/wpp_op_left_lca_reverse_preimage_pullback_v366_support_w343.lean:217:    currentLeftLcaReversePreimagePullbackV366SupportState.productSuccessClaimed = false := rfl
LeanLCAExactChallenge/Derived/ClosedMapBoundaryRelationTargetSurjectiveCompactClosedEmbeddingClosednessNormalizedSourceEndpointLocalizedUnitFullDataSplitCompactTargetEndpointsFieldSplitGuardW1352.lean:154:  productSuccessClaimed := false
audit/blockers/wpp_op_mapping_cone_right_uniqueness_w329.lean:74:  productSuccessClaimed := false
audit/blockers/wpp_op_mapping_cone_right_uniqueness_w329.lean:77:    currentWppOpMappingConeRightUniquenessState.productSuccessClaimed = false := rfl
audit/blockers/wpp_op_mapping_cone_unique_mediator_w308.lean:730:  productSuccessClaimed := false
audit/blockers/wpp_op_mapping_cone_unique_mediator_w308.lean:733:    currentWppOpMappingConeUniqueMediatorState.productSuccessClaimed = false := rfl
LeanLCAExactChallenge/Derived/ClosedMapTargetCompactOuterNonbottomPrimitiveFieldRoute.lean:452:  productSuccessClaimed := false
LeanLCAExactChallenge/Derived/IsoClosureHomologyDetectionTerminalProductRoute.lean:169:  productSuccessClaimed := false
audit/blockers/addcommgrp_quotient_identification_to_strict_snake_v370_support_w466.lean:796:  productSuccessClaimed := false
audit/blockers/addcommgrp_selected_cokernel_colimit_preservation_only_v370_support_w427.lean:388:  productSuccessClaimed := false
audit/blockers/wpp_op_relation_fields_composer_v370_support_w395.lean:292:  productSuccessClaimed := false
audit/blockers/wpp_op_relation_fields_composer_v370_support_w395.lean:295:    currentWppOpRelationFieldsComposerV370SupportStateW395.productSuccessClaimed = false := rfl
audit/blockers/wpp_op_left_lca_transported_descended_leg_v369_support_w366.lean:352:  productSuccessClaimed := false
audit/blockers/wpp_op_left_lca_transported_descended_leg_v369_support_w366.lean:355:    currentWppOpLeftLcaTransportedDescendedLegV369StateW366.productSuccessClaimed = false := rfl
LeanLCAExactChallenge/Derived/W987MappedCokernelEmbeddingFieldDataConstructionGuardW1482.lean:2205:  productSuccessClaimed := false
audit/blockers/addcommgrp_mapped_explicit_cokernel_cocone_iscolimit_v370_support_w437.lean:194:  productSuccessClaimed := false
audit/blockers/wpp_op_w426_w387_w390_conjugated_leg_inputs_v370_support_w447.lean:170:  productSuccessClaimed := false
audit/blockers/wpp_op_w426_w387_w390_conjugated_leg_inputs_v370_support_w447.lean:173:    currentWppOpW426W387W390ConjugatedLegInputsV370StateW447.productSuccessClaimed = false := rfl
LeanLCAExactChallenge/Derived/TargetHomologyZeroFiniteShapeStableRoute.lean:279:  productSuccessClaimed := false
LeanLCAExactChallenge/Derived/ClosedMapBoundaryRelationTargetSurjectiveCompactClosedEmbeddingClosednessNormalizedSourceEndpointLocalizedUnitFullDataFromTargetClosedEmbeddingClosednessRoute.lean:295:  productSuccessClaimed := false
audit/blockers/addcommgrp_selected_difference_kernel_row_frontier_v370_support_w459.lean:357:  productSuccessClaimed := false
audit/blockers/addcommgrp_selected_cokernel_colimit_from_coequalizer_preservation_v370_support_w432.lean:481:  productSuccessClaimed := false
LeanLCAExactChallenge/Derived/KernelCokernelProductRoute.lean:171:  productSuccessClaimed := false
