checkpoint=w_clean_20260607_w775_stable_boundary
pre_commit_head=61b504946dd3df2806050f49d282bb564839407b
product_success=false
product_complete=false
update_goal_allowed=false

source_changes:
- W775 closed-map and closed-embedding WPP-op-closure normalized closed-range data now project to the W769 stable-data surface through W774 and W773.
- W775 branch data now produces canonical MetrizableStableInstanceBoundaryInputs through W774/W773/W769.
- W775 branch data now reaches AcceptedStableBoundedDerivedInfinityCategory and BoundedDerivedInfinityCategory packages through the canonical accepted stable gate.
- W775 state metadata records the stable-boundary result and keeps productSuccessClaimed=false.

obligations_discharged_or_derived:
- Derived W769 stable data from W775 via the existing W775 -> W774 -> W773 -> W769 route.
- Derived stable-boundary inputs, accepted stable category, and bounded derived infinity category packages for both closed-map and closed-embedding W775 branches.
- Eliminated the abstract WPP colimit-stability field on this stable-boundary surface after WPP-op exact-acyclic closure routing.

obligations_still_carried:
- Construct the universal left-right comparison isomorphism for arbitrary MetrizableLCA short complexes.
- Construct concrete values for one W735 branch.
- Prove exactAcyclicHomotopyIsoClosure MetrizableLCA is triangulated closed.
- Construct WPP limit stability for WalkingParallelPair.
- Construct WPP-op exact-acyclic colimit closure.
- Construct W696 closed-range endpoint topology data.
- Provide a positive OriginalFourTaskProductSuccess-style Lean witness before any product-success claim.

verification:
- lake env lean LeanLCAExactChallenge/Derived/OpClosureNormalizedDirectSourceClosedRangeProductRoute.lean: exit 0
- lake build LeanLCAExactChallenge.Derived.OpClosureNormalizedDirectSourceClosedRangeProductRoute: exit 0
- lake env lean audit/RequiredDeclarations.lean: exit 0
- lake env lean audit/ProductSuccessDeclarations.lean: exit 0
- lake env lean audit/OriginalFourTaskCompletionDeclarations.lean: exit 0
- git diff --check: exit 0
- scripts/audit_no_forbidden_lean_tokens.sh LeanLCAExactChallenge/Derived/OpClosureNormalizedDirectSourceClosedRangeProductRoute.lean: exit 0
- changed-file completion-claim scan: rg_exit=1
- true-boolean completion-claim scan: rg_exit=1
- terminal outcome false scan: false false false, jq_exit=0
- source/audit warning-error scan: rg_exit=1
- build local warning-error scan for the touched W775 module or errors: rg_exit=1

notes:
- The module build log may still contain pre-existing upstream warnings from other files; no warnings or errors were found for the touched W775 module in the local build scan.
- This checkpoint is nonterminal and does not authorize update_goal.
