LeanLCAExactChallenge/Derived/OpClosureNormalizedDirectSourceClosedRangeProductRoute.lean:113:    directFiniteShapeStableDataOfClosedMapOpClosureNormalizedClosedRangeW775
LeanLCAExactChallenge/Derived/OpClosureNormalizedDirectSourceClosedRangeProductRoute.lean:121:    directFiniteShapeStableDataOfClosedEmbeddingOpClosureNormalizedClosedRangeW775
LeanLCAExactChallenge/Derived/OpClosureNormalizedDirectSourceClosedRangeProductRoute.lean:129:noncomputable def stableBoundaryInputsOfClosedMapOpClosureNormalizedClosedRangeW775
LeanLCAExactChallenge/Derived/OpClosureNormalizedDirectSourceClosedRangeProductRoute.lean:137:    stableBoundaryInputsOfClosedEmbeddingOpClosureNormalizedClosedRangeW775
LeanLCAExactChallenge/Derived/OpClosureNormalizedDirectSourceClosedRangeProductRoute.lean:145:noncomputable def acceptedStableOfClosedMapOpClosureNormalizedClosedRangeW775
LeanLCAExactChallenge/Derived/OpClosureNormalizedDirectSourceClosedRangeProductRoute.lean:153:    acceptedStableOfClosedEmbeddingOpClosureNormalizedClosedRangeW775
LeanLCAExactChallenge/Derived/OpClosureNormalizedDirectSourceClosedRangeProductRoute.lean:161:noncomputable def boundedDerivedOfClosedMapOpClosureNormalizedClosedRangeStableBoundaryW775
LeanLCAExactChallenge/Derived/OpClosureNormalizedDirectSourceClosedRangeProductRoute.lean:170:    boundedDerivedOfClosedEmbeddingOpClosureNormalizedClosedRangeStableBoundaryW775
LeanLCAExactChallenge/Derived/OpClosureNormalizedDirectSourceClosedRangeProductRoute.lean:220:      "directFiniteShapeStableDataOfClosedMapOpClosureNormalizedClosedRangeW775",
LeanLCAExactChallenge/Derived/OpClosureNormalizedDirectSourceClosedRangeProductRoute.lean:221:      "directFiniteShapeStableDataOfClosedEmbeddingOpClosureNormalizedClosedRangeW775",
LeanLCAExactChallenge/Derived/OpClosureNormalizedDirectSourceClosedRangeProductRoute.lean:222:      "stableBoundaryInputsOfClosedMapOpClosureNormalizedClosedRangeW775",
LeanLCAExactChallenge/Derived/OpClosureNormalizedDirectSourceClosedRangeProductRoute.lean:223:      "stableBoundaryInputsOfClosedEmbeddingOpClosureNormalizedClosedRangeW775",
LeanLCAExactChallenge/Derived/OpClosureNormalizedDirectSourceClosedRangeProductRoute.lean:224:      "acceptedStableOfClosedMapOpClosureNormalizedClosedRangeW775",
LeanLCAExactChallenge/Derived/OpClosureNormalizedDirectSourceClosedRangeProductRoute.lean:225:      "acceptedStableOfClosedEmbeddingOpClosureNormalizedClosedRangeW775",
LeanLCAExactChallenge/Derived/OpClosureNormalizedDirectSourceClosedRangeProductRoute.lean:226:      "boundedDerivedOfClosedMapOpClosureNormalizedClosedRangeStableBoundaryW775",
LeanLCAExactChallenge/Derived/OpClosureNormalizedDirectSourceClosedRangeProductRoute.lean:227:      "boundedDerivedOfClosedEmbeddingOpClosureNormalizedClosedRangeStableBoundaryW775",
audit/RequiredDeclarations.lean:848:  LeanLCAExactChallenge.Dbounded.directFiniteShapeStableDataOfClosedMapOpClosureNormalizedClosedRangeW775
audit/RequiredDeclarations.lean:850:  LeanLCAExactChallenge.Dbounded.directFiniteShapeStableDataOfClosedEmbeddingOpClosureNormalizedClosedRangeW775
audit/RequiredDeclarations.lean:852:  LeanLCAExactChallenge.Dbounded.stableBoundaryInputsOfClosedMapOpClosureNormalizedClosedRangeW775
audit/RequiredDeclarations.lean:854:  LeanLCAExactChallenge.Dbounded.stableBoundaryInputsOfClosedEmbeddingOpClosureNormalizedClosedRangeW775
audit/RequiredDeclarations.lean:856:  LeanLCAExactChallenge.Dbounded.acceptedStableOfClosedMapOpClosureNormalizedClosedRangeW775
audit/RequiredDeclarations.lean:858:  LeanLCAExactChallenge.Dbounded.acceptedStableOfClosedEmbeddingOpClosureNormalizedClosedRangeW775
audit/RequiredDeclarations.lean:860:  LeanLCAExactChallenge.Dbounded.boundedDerivedOfClosedMapOpClosureNormalizedClosedRangeStableBoundaryW775
audit/RequiredDeclarations.lean:862:  LeanLCAExactChallenge.Dbounded.boundedDerivedOfClosedEmbeddingOpClosureNormalizedClosedRangeStableBoundaryW775
audit/ProductSuccessDeclarations.lean:9181:    Dbounded.directFiniteShapeStableDataOfClosedMapOpClosureNormalizedClosedRangeW775
audit/ProductSuccessDeclarations.lean:9183:    Dbounded.directFiniteShapeStableDataOfClosedEmbeddingOpClosureNormalizedClosedRangeW775
audit/ProductSuccessDeclarations.lean:9184:  #check Dbounded.stableBoundaryInputsOfClosedMapOpClosureNormalizedClosedRangeW775
audit/ProductSuccessDeclarations.lean:9186:    Dbounded.stableBoundaryInputsOfClosedEmbeddingOpClosureNormalizedClosedRangeW775
audit/ProductSuccessDeclarations.lean:9187:  #check Dbounded.acceptedStableOfClosedMapOpClosureNormalizedClosedRangeW775
audit/ProductSuccessDeclarations.lean:9188:  #check Dbounded.acceptedStableOfClosedEmbeddingOpClosureNormalizedClosedRangeW775
audit/ProductSuccessDeclarations.lean:9190:    Dbounded.boundedDerivedOfClosedMapOpClosureNormalizedClosedRangeStableBoundaryW775
audit/ProductSuccessDeclarations.lean:9192:    Dbounded.boundedDerivedOfClosedEmbeddingOpClosureNormalizedClosedRangeStableBoundaryW775
audit/OriginalFourTaskCompletionDeclarations.lean:640:  LeanLCAExactChallenge.Dbounded.directFiniteShapeStableDataOfClosedMapOpClosureNormalizedClosedRangeW775
audit/OriginalFourTaskCompletionDeclarations.lean:642:  LeanLCAExactChallenge.Dbounded.directFiniteShapeStableDataOfClosedEmbeddingOpClosureNormalizedClosedRangeW775
audit/OriginalFourTaskCompletionDeclarations.lean:644:  LeanLCAExactChallenge.Dbounded.stableBoundaryInputsOfClosedMapOpClosureNormalizedClosedRangeW775
audit/OriginalFourTaskCompletionDeclarations.lean:646:  LeanLCAExactChallenge.Dbounded.stableBoundaryInputsOfClosedEmbeddingOpClosureNormalizedClosedRangeW775
audit/OriginalFourTaskCompletionDeclarations.lean:648:  LeanLCAExactChallenge.Dbounded.acceptedStableOfClosedMapOpClosureNormalizedClosedRangeW775
audit/OriginalFourTaskCompletionDeclarations.lean:650:  LeanLCAExactChallenge.Dbounded.acceptedStableOfClosedEmbeddingOpClosureNormalizedClosedRangeW775
audit/OriginalFourTaskCompletionDeclarations.lean:652:  LeanLCAExactChallenge.Dbounded.boundedDerivedOfClosedMapOpClosureNormalizedClosedRangeStableBoundaryW775
audit/OriginalFourTaskCompletionDeclarations.lean:654:  LeanLCAExactChallenge.Dbounded.boundedDerivedOfClosedEmbeddingOpClosureNormalizedClosedRangeStableBoundaryW775
