completion claim post scan for W812 iso closure homology detection terminal stable boundary
LeanLCAExactChallenge/Derived/IsoClosureHomologyDetectionTerminalProductRoute.lean:217:  productSuccessClaimed : Bool
LeanLCAExactChallenge/Derived/IsoClosureHomologyDetectionTerminalProductRoute.lean:259:  productSuccessClaimed := false
LeanLCAExactChallenge/Derived/IsoClosureHomologyDetectionTerminalProductRoute.lean:264:      state.productSuccessClaimed) =
run/w_clean_20260607_w812_iso_closure_homology_detection_terminal_boundary_checkpoint.md:5:Changed files: `LeanLCAExactChallenge/Derived/IsoClosureHomologyDetectionTerminalProductRoute.lean`, `audit/RequiredDeclarations.lean`, `audit/ProductSuccessDeclarations.lean`, `audit/OriginalFourTaskCompletionDeclarations.lean`, `run/goal_identity_20260602_human_centered_positive_witness.json`, and W812 verification logs under `run/`.
run/w_clean_20260607_w812_iso_closure_homology_detection_terminal_boundary_checkpoint.md:13:Still carried: universal comparison isomorphism, concrete W735 branch, and strict triangleh realization data for exact-acyclic homotopy objects. Product success is not claimed.
run/w_clean_20260607_w812_iso_closure_homology_detection_terminal_boundary_checkpoint.md:22:git diff --check -- LeanLCAExactChallenge/Derived/IsoClosureHomologyDetectionTerminalProductRoute.lean audit/RequiredDeclarations.lean audit/ProductSuccessDeclarations.lean audit/OriginalFourTaskCompletionDeclarations.lean
run/w_clean_20260607_w812_iso_closure_homology_detection_terminal_boundary_checkpoint.md:25:lake env lean audit/ProductSuccessDeclarations.lean
run/w_clean_20260607_w812_iso_closure_homology_detection_terminal_boundary_checkpoint.md:31:Completion claim status: `productSuccessClaimed := false`; no product-success completion claim was introduced.
audit/OriginalFourTaskCompletionDeclarations.lean:1392:    Dbounded.currentMetrizableSemanticStableRouteState.productSuccessClaimed = false :=
audit/OriginalFourTaskCompletionDeclarations.lean:1588:    Dbounded.currentMetrizableSelectedCochainClosed2RouteStateW848.productSuccessClaimed =
audit/OriginalFourTaskCompletionDeclarations.lean:1598:    Dbounded.currentMetrizableSelectedCochainExactInputsRouteStateW849.productSuccessClaimed =
audit/OriginalFourTaskCompletionDeclarations.lean:1608:    Dbounded.currentMetrizableExactInputsSelectedCochainDirectSourceStableRouteStateW850.productSuccessClaimed =
audit/OriginalFourTaskCompletionDeclarations.lean:1618:    Dbounded.currentMetrizableComparisonSelectedCochainStableRouteStateW851.productSuccessClaimed =
audit/OriginalFourTaskCompletionDeclarations.lean:1628:    Dbounded.currentMetrizableRouteDataSelectedCochainStableRouteStateW852.productSuccessClaimed =
audit/OriginalFourTaskCompletionDeclarations.lean:1638:    Dbounded.currentMetrizableHomologyFreeSelectedCochainStableRouteStateW853.productSuccessClaimed =
audit/OriginalFourTaskCompletionDeclarations.lean:1648:    Dbounded.currentMetrizableHomologyFreeProviderFromRouteDataStateW854.productSuccessClaimed =
audit/OriginalFourTaskCompletionDeclarations.lean:1657:    Dbounded.currentMetrizableComparisonBijectivityRouteDataProviderStateW855.productSuccessClaimed =
audit/OriginalFourTaskCompletionDeclarations.lean:1670:    Dbounded.currentMetrizableEndpointFactsHomologyFreeRouteDataStateW856.productSuccessClaimed =
audit/OriginalFourTaskCompletionDeclarations.lean:1687:    Dbounded.currentMetrizableEndpointKernelCokernelFromClosednessBranchStateW857.productSuccessClaimed =
audit/OriginalFourTaskCompletionDeclarations.lean:1701:    Dbounded.currentMetrizableEndpointKernelCokernelLocalizedRouteStateW858.productSuccessClaimed =
audit/OriginalFourTaskCompletionDeclarations.lean:1720:    Dbounded.currentMetrizableClosednessBranchTargetExactAtRouteStateW859.productSuccessClaimed =
audit/OriginalFourTaskCompletionDeclarations.lean:1735:    Dbounded.currentMetrizableEndpointLocalizedClosednessBranchTargetExactAtRouteStateW860.productSuccessClaimed =
audit/OriginalFourTaskCompletionDeclarations.lean:1750:    Dbounded.currentMetrizableConcreteLeavesTargetExactAtRouteStateW861.productSuccessClaimed =
audit/OriginalFourTaskCompletionDeclarations.lean:1767:      state.productSuccessClaimed) =
audit/OriginalFourTaskCompletionDeclarations.lean:1783:      state.productSuccessClaimed) =
audit/OriginalFourTaskCompletionDeclarations.lean:1800:      state.productSuccessClaimed) =
audit/OriginalFourTaskCompletionDeclarations.lean:1817:      state.productSuccessClaimed) =
audit/OriginalFourTaskCompletionDeclarations.lean:1834:      state.productSuccessClaimed) =
audit/OriginalFourTaskCompletionDeclarations.lean:1851:      state.productSuccessClaimed) =
audit/OriginalFourTaskCompletionDeclarations.lean:1868:      state.productSuccessClaimed) =
audit/OriginalFourTaskCompletionDeclarations.lean:1880:      state.productSuccessClaimed) =
audit/OriginalFourTaskCompletionDeclarations.lean:1892:      state.productSuccessClaimed) =
audit/OriginalFourTaskCompletionDeclarations.lean:1904:      state.productSuccessClaimed) =
audit/OriginalFourTaskCompletionDeclarations.lean:1916:      state.productSuccessClaimed) =
audit/OriginalFourTaskCompletionDeclarations.lean:1928:      state.productSuccessClaimed) =
audit/OriginalFourTaskCompletionDeclarations.lean:1940:      state.productSuccessClaimed) =
audit/OriginalFourTaskCompletionDeclarations.lean:1949:    Dbounded.currentMetrizableW732SelectedCochainStableExactAtRouteStateW875.productSuccessClaimed =
audit/OriginalFourTaskCompletionDeclarations.lean:1958:    Dbounded.currentMetrizableW735W732SelectedCochainStableExactAtRouteStateW876.productSuccessClaimed =
audit/OriginalFourTaskCompletionDeclarations.lean:1968:    Dbounded.currentMetrizableConcreteLeavesSelectedCochainStableExactAtRouteStateW877.productSuccessClaimed =
audit/OriginalFourTaskCompletionDeclarations.lean:1984:    Dbounded.currentMetrizableSelectedCochainConcreteLeavesStableExactAtRouteStateW878.productSuccessClaimed =
audit/OriginalFourTaskCompletionDeclarations.lean:1999:    Dbounded.currentMetrizableComparisonConcreteLeavesStableExactAtRouteStateW879.productSuccessClaimed =
audit/OriginalFourTaskCompletionDeclarations.lean:2014:    Dbounded.currentMetrizableHomologyFreeComparisonConcreteLeavesStableExactAtRouteStateW880.productSuccessClaimed =
audit/OriginalFourTaskCompletionDeclarations.lean:2029:    Dbounded.currentMetrizableEndpointLocalizedComparisonConcreteLeavesStableExactAtRouteStateW881.productSuccessClaimed =
audit/OriginalFourTaskCompletionDeclarations.lean:2044:    Dbounded.currentMetrizableW732ComparisonConcreteLeavesStableExactAtRouteStateW882.productSuccessClaimed =
audit/OriginalFourTaskCompletionDeclarations.lean:2054:    Dbounded.currentMetrizableConcreteLeavesComparisonStableExactAtRouteStateW883.productSuccessClaimed =
audit/OriginalFourTaskCompletionDeclarations.lean:2070:    Dbounded.currentMetrizableSourceTriangulationComparisonStableExactAtRouteStateW884.productSuccessClaimed =
audit/OriginalFourTaskCompletionDeclarations.lean:2086:    Dbounded.currentMetrizableSourceTriangulationFieldsComparisonStableExactAtRouteStateW885.productSuccessClaimed =
audit/OriginalFourTaskCompletionDeclarations.lean:2102:    Dbounded.currentMetrizableEndpointFieldsComparisonStableExactAtRouteStateW886.productSuccessClaimed =
audit/OriginalFourTaskCompletionDeclarations.lean:2118:    Dbounded.currentMetrizableLocalizedRightAdjointFieldsComparisonStableExactAtRouteStateW887.productSuccessClaimed =
audit/OriginalFourTaskCompletionDeclarations.lean:2134:    Dbounded.currentMetrizableNormalizedFixedTargetFieldsComparisonStableExactAtRouteStateW888.productSuccessClaimed =
audit/OriginalFourTaskCompletionDeclarations.lean:2150:    Dbounded.currentMetrizableNormalizedLiftBlueprintFieldsComparisonStableExactAtRouteStateW889.productSuccessClaimed =
audit/OriginalFourTaskCompletionDeclarations.lean:2166:    Dbounded.currentMetrizableStrictRepresentativeFieldsComparisonStableExactAtRouteStateW890.productSuccessClaimed =
audit/OriginalFourTaskCompletionDeclarations.lean:2182:    Dbounded.currentMetrizableStrictPreimageObjectFieldsComparisonStableExactAtRouteStateW891.productSuccessClaimed =
audit/OriginalFourTaskCompletionDeclarations.lean:2198:    Dbounded.currentMetrizableStrictPreimageMapFieldsComparisonStableExactAtRouteStateW892.productSuccessClaimed =
audit/OriginalFourTaskCompletionDeclarations.lean:2214:    Dbounded.currentMetrizableBoundaryFieldsComparisonStableExactAtRouteStateW893.productSuccessClaimed =
audit/OriginalFourTaskCompletionDeclarations.lean:2230:    Dbounded.currentMetrizableRelationFieldsComparisonStableExactAtRouteStateW894.productSuccessClaimed =
audit/OriginalFourTaskCompletionDeclarations.lean:2246:    Dbounded.currentMetrizableTargetSurjectiveCompactFieldsComparisonStableExactAtRouteStateW895.productSuccessClaimed =
audit/OriginalFourTaskCompletionDeclarations.lean:2262:    Dbounded.currentMetrizableClosedMapClosednessFieldsComparisonStableExactAtRouteStateW896.productSuccessClaimed =
audit/OriginalFourTaskCompletionDeclarations.lean:2278:    Dbounded.currentMetrizableClosedEmbeddingClosednessFieldsComparisonStableExactAtRouteStateW897.productSuccessClaimed =
audit/OriginalFourTaskCompletionDeclarations.lean:2294:    Dbounded.currentMetrizableClosedEmbeddingEndpointHomologyFreeComparisonStableExactAtRouteStateW898.productSuccessClaimed =
audit/OriginalFourTaskCompletionDeclarations.lean:2310:    Dbounded.currentMetrizableClosedMapEndpointHomologyFreeComparisonStableExactAtRouteStateW899.productSuccessClaimed =
audit/OriginalFourTaskCompletionDeclarations.lean:2327:    Dbounded.currentMetrizableClosedMapEndpointLocalizedAdjointRouteStateW900.productSuccessClaimed =
audit/OriginalFourTaskCompletionDeclarations.lean:2343:    Dbounded.currentMetrizableClosedMapSourceTriangulationEndpointFactsRouteStateW901.productSuccessClaimed =
audit/OriginalFourTaskCompletionDeclarations.lean:2359:    Dbounded.currentMetrizableClosedMapBoundaryDataSourceTriangulationEndpointFactsRouteStateW902.productSuccessClaimed =
audit/OriginalFourTaskCompletionDeclarations.lean:2375:    Dbounded.currentMetrizableClosedMapRelationDataBoundaryEndpointFactsRouteStateW903.productSuccessClaimed =
audit/OriginalFourTaskCompletionDeclarations.lean:2391:    Dbounded.currentMetrizableClosedMapTargetDataEndpointFactsRouteStateW904.productSuccessClaimed =
audit/OriginalFourTaskCompletionDeclarations.lean:2407:    Dbounded.currentMetrizableClosedMapMappedCokernelFieldTargetDataRouteStateW905.productSuccessClaimed =
audit/OriginalFourTaskCompletionDeclarations.lean:2423:    Dbounded.currentMetrizableClosedMapComponentFieldsMappedCokernelFieldTargetDataRouteStateW906.productSuccessClaimed =
audit/OriginalFourTaskCompletionDeclarations.lean:2437:    Dbounded.currentMetrizableClosedMapBoundaryFieldsRouteStateW907.productSuccessClaimed =
audit/OriginalFourTaskCompletionDeclarations.lean:2451:    Dbounded.currentMetrizableClosedMapRelationFieldsRouteStateW908.productSuccessClaimed =
audit/OriginalFourTaskCompletionDeclarations.lean:2465:    Dbounded.currentMetrizableClosedMapTargetFieldsRouteStateW909.productSuccessClaimed =
audit/OriginalFourTaskCompletionDeclarations.lean:2479:    Dbounded.currentMetrizableClosedMapSourceFieldsRouteStateW910.productSuccessClaimed =
audit/OriginalFourTaskCompletionDeclarations.lean:2493:    Dbounded.currentMetrizableClosedMapEndpointFieldsRouteStateW911.productSuccessClaimed =
audit/OriginalFourTaskCompletionDeclarations.lean:2507:    Dbounded.currentMetrizableClosedMapLocalizedRightAdjointFieldsRouteStateW912.productSuccessClaimed =
audit/OriginalFourTaskCompletionDeclarations.lean:2521:    Dbounded.currentMetrizableClosedMapFixedTargetUniqFieldsRouteStateW913.productSuccessClaimed =
audit/OriginalFourTaskCompletionDeclarations.lean:2535:    Dbounded.currentMetrizableClosedMapSelectedDifferenceFieldsRouteStateW914.productSuccessClaimed =
audit/OriginalFourTaskCompletionDeclarations.lean:2549:    Dbounded.currentMetrizableClosedMapTargetRawFieldsRouteStateW915.productSuccessClaimed =
audit/OriginalFourTaskCompletionDeclarations.lean:2563:    Dbounded.currentMetrizableClosedMapRelationRawFieldsRouteStateW916.productSuccessClaimed =
audit/OriginalFourTaskCompletionDeclarations.lean:2577:    Dbounded.currentMetrizableClosedMapBoundaryRawFieldsRouteStateW917.productSuccessClaimed =
audit/OriginalFourTaskCompletionDeclarations.lean:2591:    Dbounded.currentMetrizableClosedMapTriangleCompletionRawFieldBoundaryRawFieldsRouteStateW918.productSuccessClaimed =
audit/OriginalFourTaskCompletionDeclarations.lean:2605:    Dbounded.currentMetrizableClosedMapSourceRawFieldsRouteStateW919.productSuccessClaimed =
audit/OriginalFourTaskCompletionDeclarations.lean:2619:    Dbounded.currentMetrizableClosedMapRelationPrimitiveFieldsRouteStateW920.productSuccessClaimed =
audit/OriginalFourTaskCompletionDeclarations.lean:2635:      state.productSuccessClaimed) =
audit/OriginalFourTaskCompletionDeclarations.lean:2651:      state.productSuccessClaimed) =
audit/OriginalFourTaskCompletionDeclarations.lean:2667:      state.productSuccessClaimed) =
audit/OriginalFourTaskCompletionDeclarations.lean:2683:      state.productSuccessClaimed) =
audit/OriginalFourTaskCompletionDeclarations.lean:2699:      state.productSuccessClaimed) =
audit/OriginalFourTaskCompletionDeclarations.lean:2715:      state.productSuccessClaimed) =
audit/OriginalFourTaskCompletionDeclarations.lean:2731:      state.productSuccessClaimed) =
audit/OriginalFourTaskCompletionDeclarations.lean:2747:      state.productSuccessClaimed) =
audit/OriginalFourTaskCompletionDeclarations.lean:2763:      state.productSuccessClaimed) =
audit/OriginalFourTaskCompletionDeclarations.lean:2779:      state.productSuccessClaimed) =
audit/OriginalFourTaskCompletionDeclarations.lean:2795:      state.productSuccessClaimed) =
audit/OriginalFourTaskCompletionDeclarations.lean:2811:      state.productSuccessClaimed) =
audit/OriginalFourTaskCompletionDeclarations.lean:2827:      state.productSuccessClaimed) =
audit/OriginalFourTaskCompletionDeclarations.lean:2843:      state.productSuccessClaimed) =
audit/OriginalFourTaskCompletionDeclarations.lean:2859:      state.productSuccessClaimed) =
audit/OriginalFourTaskCompletionDeclarations.lean:2875:      state.productSuccessClaimed) =
audit/OriginalFourTaskCompletionDeclarations.lean:2891:      state.productSuccessClaimed) =
audit/OriginalFourTaskCompletionDeclarations.lean:2907:      state.productSuccessClaimed) =
audit/OriginalFourTaskCompletionDeclarations.lean:2923:      state.productSuccessClaimed) =
audit/OriginalFourTaskCompletionDeclarations.lean:2939:      state.productSuccessClaimed) =
audit/OriginalFourTaskCompletionDeclarations.lean:2955:      state.productSuccessClaimed) =
audit/OriginalFourTaskCompletionDeclarations.lean:2971:      state.productSuccessClaimed) =
audit/OriginalFourTaskCompletionDeclarations.lean:2987:      state.productSuccessClaimed) =
audit/OriginalFourTaskCompletionDeclarations.lean:3003:      state.productSuccessClaimed) =
audit/OriginalFourTaskCompletionDeclarations.lean:3020:      state.productSuccessClaimed) =
audit/OriginalFourTaskCompletionDeclarations.lean:3036:      state.productSuccessClaimed) =
audit/OriginalFourTaskCompletionDeclarations.lean:3052:      state.productSuccessClaimed) =
audit/OriginalFourTaskCompletionDeclarations.lean:3068:      state.productSuccessClaimed) =
audit/OriginalFourTaskCompletionDeclarations.lean:3084:      state.productSuccessClaimed) =
audit/OriginalFourTaskCompletionDeclarations.lean:3100:      state.productSuccessClaimed) =
audit/OriginalFourTaskCompletionDeclarations.lean:3116:      state.productSuccessClaimed) =
audit/OriginalFourTaskCompletionDeclarations.lean:3132:      state.productSuccessClaimed) =
audit/OriginalFourTaskCompletionDeclarations.lean:3148:      state.productSuccessClaimed) =
audit/OriginalFourTaskCompletionDeclarations.lean:3164:      state.productSuccessClaimed) =
audit/OriginalFourTaskCompletionDeclarations.lean:3180:      state.productSuccessClaimed) =
audit/OriginalFourTaskCompletionDeclarations.lean:3196:      state.productSuccessClaimed) =
audit/OriginalFourTaskCompletionDeclarations.lean:3212:      state.productSuccessClaimed) =
audit/OriginalFourTaskCompletionDeclarations.lean:3228:      state.productSuccessClaimed) =
audit/OriginalFourTaskCompletionDeclarations.lean:3243:      state.productSuccessClaimed) =
audit/OriginalFourTaskCompletionDeclarations.lean:3258:      state.productSuccessClaimed) =
audit/OriginalFourTaskCompletionDeclarations.lean:3273:      state.productSuccessClaimed) =
audit/OriginalFourTaskCompletionDeclarations.lean:3288:      state.productSuccessClaimed) =
audit/OriginalFourTaskCompletionDeclarations.lean:3303:      state.productSuccessClaimed) =
audit/OriginalFourTaskCompletionDeclarations.lean:3319:      state.productSuccessClaimed) =
audit/OriginalFourTaskCompletionDeclarations.lean:3336:      state.productSuccessClaimed) =
audit/OriginalFourTaskCompletionDeclarations.lean:3353:      state.productSuccessClaimed) =
audit/OriginalFourTaskCompletionDeclarations.lean:3370:      state.productSuccessClaimed) =
audit/OriginalFourTaskCompletionDeclarations.lean:3389:      state.productSuccessClaimed) =
audit/OriginalFourTaskCompletionDeclarations.lean:3409:      state.productSuccessClaimed) =
audit/OriginalFourTaskCompletionDeclarations.lean:3430:      state.productSuccessClaimed) =
audit/OriginalFourTaskCompletionDeclarations.lean:3451:      state.productSuccessClaimed) =
audit/OriginalFourTaskCompletionDeclarations.lean:3472:      state.productSuccessClaimed) =
audit/OriginalFourTaskCompletionDeclarations.lean:3493:      state.productSuccessClaimed) =
audit/OriginalFourTaskCompletionDeclarations.lean:3513:      state.productSuccessClaimed) =
audit/OriginalFourTaskCompletionDeclarations.lean:3533:      state.productSuccessClaimed) =
audit/OriginalFourTaskCompletionDeclarations.lean:3553:      state.productSuccessClaimed) =
audit/OriginalFourTaskCompletionDeclarations.lean:3573:      state.productSuccessClaimed) =
audit/OriginalFourTaskCompletionDeclarations.lean:3593:      state.productSuccessClaimed) =
audit/OriginalFourTaskCompletionDeclarations.lean:3613:      state.productSuccessClaimed) =
audit/OriginalFourTaskCompletionDeclarations.lean:3634:      state.productSuccessClaimed) =
audit/OriginalFourTaskCompletionDeclarations.lean:3661:      state.productSuccessClaimed) =
audit/OriginalFourTaskCompletionDeclarations.lean:3685:      state.productSuccessClaimed) =
audit/OriginalFourTaskCompletionDeclarations.lean:3706:      state.productSuccessClaimed) =
audit/OriginalFourTaskCompletionDeclarations.lean:3736:      state.productSuccessClaimed) =
audit/OriginalFourTaskCompletionDeclarations.lean:3759:      state.productSuccessClaimed) =
audit/OriginalFourTaskCompletionDeclarations.lean:3785:      state.productSuccessClaimed) =
audit/OriginalFourTaskCompletionDeclarations.lean:3808:      state.productSuccessClaimed) =
audit/OriginalFourTaskCompletionDeclarations.lean:3832:      state.productSuccessClaimed) =
audit/OriginalFourTaskCompletionDeclarations.lean:3854:      state.productSuccessClaimed) =
audit/OriginalFourTaskCompletionDeclarations.lean:3878:      state.productSuccessClaimed) =
audit/OriginalFourTaskCompletionDeclarations.lean:3900:      state.productSuccessClaimed) =
audit/OriginalFourTaskCompletionDeclarations.lean:3922:      state.productSuccessClaimed) =
audit/OriginalFourTaskCompletionDeclarations.lean:3946:      state.productSuccessClaimed) =
audit/OriginalFourTaskCompletionDeclarations.lean:3971:      state.productSuccessClaimed) =
audit/OriginalFourTaskCompletionDeclarations.lean:3998:      state.productSuccessClaimed) =
audit/OriginalFourTaskCompletionDeclarations.lean:4026:      state.productSuccessClaimed) =
audit/OriginalFourTaskCompletionDeclarations.lean:4054:      state.productSuccessClaimed) =
audit/OriginalFourTaskCompletionDeclarations.lean:4083:      state.productSuccessClaimed) =
audit/OriginalFourTaskCompletionDeclarations.lean:4118:      state.productSuccessClaimed) =
audit/OriginalFourTaskCompletionDeclarations.lean:4146:      state.productSuccessClaimed) =
audit/OriginalFourTaskCompletionDeclarations.lean:4174:      state.productSuccessClaimed) =
audit/OriginalFourTaskCompletionDeclarations.lean:4201:      state.productSuccessClaimed) =
audit/OriginalFourTaskCompletionDeclarations.lean:4229:      state.productSuccessClaimed) =
audit/OriginalFourTaskCompletionDeclarations.lean:4260:      state.productSuccessClaimed) =
audit/OriginalFourTaskCompletionDeclarations.lean:4292:      state.productSuccessClaimed) =
audit/OriginalFourTaskCompletionDeclarations.lean:4325:      state.productSuccessClaimed) =
audit/OriginalFourTaskCompletionDeclarations.lean:4363:      state.productSuccessClaimed) =
audit/OriginalFourTaskCompletionDeclarations.lean:4401:      state.productSuccessClaimed) =
audit/OriginalFourTaskCompletionDeclarations.lean:4439:      state.productSuccessClaimed) =
audit/OriginalFourTaskCompletionDeclarations.lean:4478:      state.productSuccessClaimed) =
audit/OriginalFourTaskCompletionDeclarations.lean:4518:      state.productSuccessClaimed) =
audit/OriginalFourTaskCompletionDeclarations.lean:4558:      state.productSuccessClaimed) =
audit/OriginalFourTaskCompletionDeclarations.lean:4600:      state.productSuccessClaimed) =
audit/OriginalFourTaskCompletionDeclarations.lean:4622:      state.productSuccessClaimed) =
audit/OriginalFourTaskCompletionDeclarations.lean:4646:      state.productSuccessClaimed) =
audit/OriginalFourTaskCompletionDeclarations.lean:4670:      state.productSuccessClaimed) =
audit/OriginalFourTaskCompletionDeclarations.lean:4695:      state.productSuccessClaimed) =
audit/OriginalFourTaskCompletionDeclarations.lean:4720:      state.productSuccessClaimed) =
audit/OriginalFourTaskCompletionDeclarations.lean:4746:      state.productSuccessClaimed) =
audit/OriginalFourTaskCompletionDeclarations.lean:4773:      state.productSuccessClaimed) =
audit/OriginalFourTaskCompletionDeclarations.lean:4801:      state.productSuccessClaimed) =
audit/OriginalFourTaskCompletionDeclarations.lean:4830:      state.productSuccessClaimed) =
audit/OriginalFourTaskCompletionDeclarations.lean:4859:      state.productSuccessClaimed) =
audit/OriginalFourTaskCompletionDeclarations.lean:4888:      state.productSuccessClaimed) =
audit/OriginalFourTaskCompletionDeclarations.lean:4917:      state.productSuccessClaimed) =
audit/OriginalFourTaskCompletionDeclarations.lean:4947:      state.productSuccessClaimed) =
audit/OriginalFourTaskCompletionDeclarations.lean:4978:      state.productSuccessClaimed) =
audit/OriginalFourTaskCompletionDeclarations.lean:5010:      state.productSuccessClaimed) =
audit/OriginalFourTaskCompletionDeclarations.lean:5043:      state.productSuccessClaimed) =
audit/OriginalFourTaskCompletionDeclarations.lean:5077:      state.productSuccessClaimed) =
audit/OriginalFourTaskCompletionDeclarations.lean:5112:      state.productSuccessClaimed) =
audit/OriginalFourTaskCompletionDeclarations.lean:5148:      state.productSuccessClaimed) =
audit/OriginalFourTaskCompletionDeclarations.lean:5186:      state.productSuccessClaimed) =
audit/OriginalFourTaskCompletionDeclarations.lean:5224:      state.productSuccessClaimed) =
audit/OriginalFourTaskCompletionDeclarations.lean:5263:      state.productSuccessClaimed) =
audit/OriginalFourTaskCompletionDeclarations.lean:5303:      state.productSuccessClaimed) =
audit/OriginalFourTaskCompletionDeclarations.lean:5344:      state.productSuccessClaimed) =
audit/OriginalFourTaskCompletionDeclarations.lean:5386:      state.productSuccessClaimed) =
audit/OriginalFourTaskCompletionDeclarations.lean:5429:      state.productSuccessClaimed) =
audit/OriginalFourTaskCompletionDeclarations.lean:5473:      state.productSuccessClaimed) =
audit/OriginalFourTaskCompletionDeclarations.lean:5518:      state.productSuccessClaimed) =
audit/OriginalFourTaskCompletionDeclarations.lean:5565:      state.productSuccessClaimed) =
audit/OriginalFourTaskCompletionDeclarations.lean:5603:      state.productSuccessClaimed) =
audit/OriginalFourTaskCompletionDeclarations.lean:5642:      state.productSuccessClaimed) =
audit/OriginalFourTaskCompletionDeclarations.lean:5682:      state.productSuccessClaimed) =
audit/OriginalFourTaskCompletionDeclarations.lean:5723:      state.productSuccessClaimed) =
audit/OriginalFourTaskCompletionDeclarations.lean:5765:      state.productSuccessClaimed) =
audit/OriginalFourTaskCompletionDeclarations.lean:5808:      state.productSuccessClaimed) =
audit/OriginalFourTaskCompletionDeclarations.lean:5852:      state.productSuccessClaimed) =
audit/OriginalFourTaskCompletionDeclarations.lean:5897:      state.productSuccessClaimed) =
audit/OriginalFourTaskCompletionDeclarations.lean:5943:      state.productSuccessClaimed) =
audit/OriginalFourTaskCompletionDeclarations.lean:5981:      state.productSuccessClaimed) =
audit/OriginalFourTaskCompletionDeclarations.lean:6020:      state.productSuccessClaimed) =
audit/OriginalFourTaskCompletionDeclarations.lean:6060:      state.productSuccessClaimed) =
audit/OriginalFourTaskCompletionDeclarations.lean:6101:      state.productSuccessClaimed) =
audit/OriginalFourTaskCompletionDeclarations.lean:6143:      state.productSuccessClaimed) =
audit/OriginalFourTaskCompletionDeclarations.lean:6186:      state.productSuccessClaimed) =
audit/OriginalFourTaskCompletionDeclarations.lean:6230:      state.productSuccessClaimed) =
audit/OriginalFourTaskCompletionDeclarations.lean:6275:      state.productSuccessClaimed) =
audit/OriginalFourTaskCompletionDeclarations.lean:6321:      state.productSuccessClaimed) =
audit/OriginalFourTaskCompletionDeclarations.lean:6360:      state.productSuccessClaimed) =
audit/OriginalFourTaskCompletionDeclarations.lean:6400:      state.productSuccessClaimed) =
audit/OriginalFourTaskCompletionDeclarations.lean:6441:      state.productSuccessClaimed) =
audit/OriginalFourTaskCompletionDeclarations.lean:6482:      state.productSuccessClaimed) =
audit/OriginalFourTaskCompletionDeclarations.lean:6524:      state.productSuccessClaimed) =
audit/OriginalFourTaskCompletionDeclarations.lean:6567:      state.productSuccessClaimed) =
audit/OriginalFourTaskCompletionDeclarations.lean:6611:      state.productSuccessClaimed) =
audit/OriginalFourTaskCompletionDeclarations.lean:6656:      state.productSuccessClaimed) =
audit/OriginalFourTaskCompletionDeclarations.lean:6702:      state.productSuccessClaimed) =
audit/OriginalFourTaskCompletionDeclarations.lean:6740:      state.productSuccessClaimed) =
audit/OriginalFourTaskCompletionDeclarations.lean:6779:      state.productSuccessClaimed) =
audit/OriginalFourTaskCompletionDeclarations.lean:6819:      state.productSuccessClaimed) =
audit/OriginalFourTaskCompletionDeclarations.lean:6860:      state.productSuccessClaimed) =
audit/OriginalFourTaskCompletionDeclarations.lean:6902:      state.productSuccessClaimed) =
audit/OriginalFourTaskCompletionDeclarations.lean:6945:      state.productSuccessClaimed) =
audit/OriginalFourTaskCompletionDeclarations.lean:6989:      state.productSuccessClaimed) =
audit/OriginalFourTaskCompletionDeclarations.lean:7034:      state.productSuccessClaimed) =
audit/OriginalFourTaskCompletionDeclarations.lean:7080:      state.productSuccessClaimed) =
audit/OriginalFourTaskCompletionDeclarations.lean:7118:      state.productSuccessClaimed) =
audit/OriginalFourTaskCompletionDeclarations.lean:7157:      state.productSuccessClaimed) =
audit/OriginalFourTaskCompletionDeclarations.lean:7197:      state.productSuccessClaimed) =
audit/OriginalFourTaskCompletionDeclarations.lean:7238:      state.productSuccessClaimed) =
audit/OriginalFourTaskCompletionDeclarations.lean:7280:      state.productSuccessClaimed) =
audit/OriginalFourTaskCompletionDeclarations.lean:7323:      state.productSuccessClaimed) =
audit/OriginalFourTaskCompletionDeclarations.lean:7367:      state.productSuccessClaimed) =
audit/OriginalFourTaskCompletionDeclarations.lean:7412:      state.productSuccessClaimed) =
audit/OriginalFourTaskCompletionDeclarations.lean:7459:      state.productSuccessClaimed) =
audit/OriginalFourTaskCompletionDeclarations.lean:7498:      state.productSuccessClaimed) =
audit/OriginalFourTaskCompletionDeclarations.lean:7538:      state.productSuccessClaimed) =
audit/OriginalFourTaskCompletionDeclarations.lean:7579:      state.productSuccessClaimed) =
audit/OriginalFourTaskCompletionDeclarations.lean:7621:      state.productSuccessClaimed) =
audit/OriginalFourTaskCompletionDeclarations.lean:7664:      state.productSuccessClaimed) =
audit/OriginalFourTaskCompletionDeclarations.lean:7708:      state.productSuccessClaimed) =
audit/OriginalFourTaskCompletionDeclarations.lean:7753:      state.productSuccessClaimed) =
audit/OriginalFourTaskCompletionDeclarations.lean:7799:      state.productSuccessClaimed) =
audit/OriginalFourTaskCompletionDeclarations.lean:7846:      state.productSuccessClaimed) =
audit/OriginalFourTaskCompletionDeclarations.lean:7885:      state.productSuccessClaimed) =
audit/OriginalFourTaskCompletionDeclarations.lean:7925:      state.productSuccessClaimed) =
audit/OriginalFourTaskCompletionDeclarations.lean:7966:      state.productSuccessClaimed) =
audit/OriginalFourTaskCompletionDeclarations.lean:8008:      state.productSuccessClaimed) =
audit/OriginalFourTaskCompletionDeclarations.lean:8051:      state.productSuccessClaimed) =
audit/OriginalFourTaskCompletionDeclarations.lean:8095:      state.productSuccessClaimed) =
audit/OriginalFourTaskCompletionDeclarations.lean:8140:      state.productSuccessClaimed) =
audit/OriginalFourTaskCompletionDeclarations.lean:8186:      state.productSuccessClaimed) =
audit/OriginalFourTaskCompletionDeclarations.lean:8233:      state.productSuccessClaimed) =
audit/OriginalFourTaskCompletionDeclarations.lean:8272:      state.productSuccessClaimed) =
audit/OriginalFourTaskCompletionDeclarations.lean:8313:      state.productSuccessClaimed) =
audit/OriginalFourTaskCompletionDeclarations.lean:8355:      state.productSuccessClaimed) =
audit/OriginalFourTaskCompletionDeclarations.lean:8397:      state.productSuccessClaimed) =
audit/OriginalFourTaskCompletionDeclarations.lean:8441:      state.productSuccessClaimed) =
audit/OriginalFourTaskCompletionDeclarations.lean:8485:      state.productSuccessClaimed) =
audit/OriginalFourTaskCompletionDeclarations.lean:8530:      state.productSuccessClaimed) =
audit/OriginalFourTaskCompletionDeclarations.lean:8576:      state.productSuccessClaimed) =
audit/OriginalFourTaskCompletionDeclarations.lean:8623:      state.productSuccessClaimed) =
audit/OriginalFourTaskCompletionDeclarations.lean:8662:      state.productSuccessClaimed) =
audit/OriginalFourTaskCompletionDeclarations.lean:8703:      state.productSuccessClaimed) =
audit/OriginalFourTaskCompletionDeclarations.lean:8745:      state.productSuccessClaimed) =
audit/OriginalFourTaskCompletionDeclarations.lean:8791:      state.productSuccessClaimed) =
audit/OriginalFourTaskCompletionDeclarations.lean:8835:      state.productSuccessClaimed) =
audit/OriginalFourTaskCompletionDeclarations.lean:8880:      state.productSuccessClaimed) =
audit/OriginalFourTaskCompletionDeclarations.lean:8925:      state.productSuccessClaimed) =
audit/OriginalFourTaskCompletionDeclarations.lean:8971:      state.productSuccessClaimed) =
audit/OriginalFourTaskCompletionDeclarations.lean:9018:      state.productSuccessClaimed) =
audit/OriginalFourTaskCompletionDeclarations.lean:9057:      state.productSuccessClaimed) =
audit/OriginalFourTaskCompletionDeclarations.lean:9097:      state.productSuccessClaimed) =
audit/OriginalFourTaskCompletionDeclarations.lean:9139:      state.productSuccessClaimed) =
audit/OriginalFourTaskCompletionDeclarations.lean:9182:      state.productSuccessClaimed) =
audit/OriginalFourTaskCompletionDeclarations.lean:9226:      state.productSuccessClaimed) =
audit/OriginalFourTaskCompletionDeclarations.lean:9270:      state.productSuccessClaimed) =
audit/OriginalFourTaskCompletionDeclarations.lean:9315:      state.productSuccessClaimed) =
audit/OriginalFourTaskCompletionDeclarations.lean:9363:      state.productSuccessClaimed) =
audit/OriginalFourTaskCompletionDeclarations.lean:9402:      state.productSuccessClaimed) =
audit/OriginalFourTaskCompletionDeclarations.lean:9441:      state.productSuccessClaimed) =
audit/OriginalFourTaskCompletionDeclarations.lean:9481:      state.productSuccessClaimed) =
audit/OriginalFourTaskCompletionDeclarations.lean:9522:      state.productSuccessClaimed) =
audit/OriginalFourTaskCompletionDeclarations.lean:9566:      state.productSuccessClaimed) =
audit/OriginalFourTaskCompletionDeclarations.lean:9611:      state.productSuccessClaimed) =
audit/OriginalFourTaskCompletionDeclarations.lean:9659:      state.productSuccessClaimed) =
audit/OriginalFourTaskCompletionDeclarations.lean:9709:      state.productSuccessClaimed) =
audit/OriginalFourTaskCompletionDeclarations.lean:9760:      state.productSuccessClaimed) =
audit/OriginalFourTaskCompletionDeclarations.lean:9803:      state.productSuccessClaimed) =
audit/OriginalFourTaskCompletionDeclarations.lean:9847:      state.productSuccessClaimed) =
audit/OriginalFourTaskCompletionDeclarations.lean:9892:      state.productSuccessClaimed) =
audit/OriginalFourTaskCompletionDeclarations.lean:9938:      state.productSuccessClaimed) =
audit/OriginalFourTaskCompletionDeclarations.lean:9985:      state.productSuccessClaimed) =
audit/OriginalFourTaskCompletionDeclarations.lean:10033:      state.productSuccessClaimed) =
audit/OriginalFourTaskCompletionDeclarations.lean:10082:      state.productSuccessClaimed) =
audit/OriginalFourTaskCompletionDeclarations.lean:10132:      state.productSuccessClaimed) =
audit/OriginalFourTaskCompletionDeclarations.lean:10183:      state.productSuccessClaimed) =
audit/OriginalFourTaskCompletionDeclarations.lean:10226:      state.productSuccessClaimed) =
audit/OriginalFourTaskCompletionDeclarations.lean:10270:      state.productSuccessClaimed) =
audit/OriginalFourTaskCompletionDeclarations.lean:10315:      state.productSuccessClaimed) =
audit/OriginalFourTaskCompletionDeclarations.lean:10361:      state.productSuccessClaimed) =
audit/OriginalFourTaskCompletionDeclarations.lean:10408:      state.productSuccessClaimed) =
audit/OriginalFourTaskCompletionDeclarations.lean:10456:      state.productSuccessClaimed) =
audit/OriginalFourTaskCompletionDeclarations.lean:10504:      state.productSuccessClaimed) =
audit/OriginalFourTaskCompletionDeclarations.lean:10553:      state.productSuccessClaimed) =
audit/OriginalFourTaskCompletionDeclarations.lean:10603:      state.productSuccessClaimed) =
audit/OriginalFourTaskCompletionDeclarations.lean:10645:      state.productSuccessClaimed) =
audit/OriginalFourTaskCompletionDeclarations.lean:10688:      state.productSuccessClaimed) =
audit/OriginalFourTaskCompletionDeclarations.lean:10732:      state.productSuccessClaimed) =
audit/OriginalFourTaskCompletionDeclarations.lean:10777:      state.productSuccessClaimed) =
audit/OriginalFourTaskCompletionDeclarations.lean:10823:      state.productSuccessClaimed) =
audit/OriginalFourTaskCompletionDeclarations.lean:10870:      state.productSuccessClaimed) =
audit/OriginalFourTaskCompletionDeclarations.lean:10919:      state.productSuccessClaimed) =
audit/OriginalFourTaskCompletionDeclarations.lean:10969:      state.productSuccessClaimed) =
audit/OriginalFourTaskCompletionDeclarations.lean:11020:      state.productSuccessClaimed) =
audit/OriginalFourTaskCompletionDeclarations.lean:11063:      state.productSuccessClaimed) =
audit/OriginalFourTaskCompletionDeclarations.lean:11107:      state.productSuccessClaimed) =
audit/OriginalFourTaskCompletionDeclarations.lean:11152:      state.productSuccessClaimed) =
audit/OriginalFourTaskCompletionDeclarations.lean:11198:      state.productSuccessClaimed) =
audit/OriginalFourTaskCompletionDeclarations.lean:11244:      state.productSuccessClaimed) =
audit/OriginalFourTaskCompletionDeclarations.lean:11293:      state.productSuccessClaimed) =
audit/OriginalFourTaskCompletionDeclarations.lean:11344:      state.productSuccessClaimed) =
audit/OriginalFourTaskCompletionDeclarations.lean:11394:      state.productSuccessClaimed) =
audit/OriginalFourTaskCompletionDeclarations.lean:11445:      state.productSuccessClaimed) =
audit/OriginalFourTaskCompletionDeclarations.lean:11488:      state.productSuccessClaimed) =
audit/OriginalFourTaskCompletionDeclarations.lean:11532:      state.productSuccessClaimed) =
audit/OriginalFourTaskCompletionDeclarations.lean:11577:      state.productSuccessClaimed) =
audit/OriginalFourTaskCompletionDeclarations.lean:11622:      state.productSuccessClaimed) =
audit/OriginalFourTaskCompletionDeclarations.lean:11667:      state.productSuccessClaimed) =
audit/OriginalFourTaskCompletionDeclarations.lean:11715:      state.productSuccessClaimed) =
audit/OriginalFourTaskCompletionDeclarations.lean:11766:      state.productSuccessClaimed) =
audit/OriginalFourTaskCompletionDeclarations.lean:11816:      state.productSuccessClaimed) =
audit/OriginalFourTaskCompletionDeclarations.lean:11867:      state.productSuccessClaimed) =
audit/OriginalFourTaskCompletionDeclarations.lean:11910:      state.productSuccessClaimed) =
audit/OriginalFourTaskCompletionDeclarations.lean:11954:      state.productSuccessClaimed) =
audit/OriginalFourTaskCompletionDeclarations.lean:11999:      state.productSuccessClaimed) =
audit/OriginalFourTaskCompletionDeclarations.lean:12045:      state.productSuccessClaimed) =
audit/OriginalFourTaskCompletionDeclarations.lean:12091:      state.productSuccessClaimed) =
audit/OriginalFourTaskCompletionDeclarations.lean:12140:      state.productSuccessClaimed) =
audit/OriginalFourTaskCompletionDeclarations.lean:12190:      state.productSuccessClaimed) =
audit/OriginalFourTaskCompletionDeclarations.lean:12241:      state.productSuccessClaimed) =
audit/OriginalFourTaskCompletionDeclarations.lean:12293:      state.productSuccessClaimed) =
audit/OriginalFourTaskCompletionDeclarations.lean:12337:      state.productSuccessClaimed) =
audit/OriginalFourTaskCompletionDeclarations.lean:12382:      state.productSuccessClaimed) =
audit/OriginalFourTaskCompletionDeclarations.lean:12428:      state.productSuccessClaimed) =
audit/OriginalFourTaskCompletionDeclarations.lean:12476:      state.productSuccessClaimed) =
audit/OriginalFourTaskCompletionDeclarations.lean:12524:      state.productSuccessClaimed) =
audit/OriginalFourTaskCompletionDeclarations.lean:12573:      state.productSuccessClaimed) =
audit/OriginalFourTaskCompletionDeclarations.lean:12623:      state.productSuccessClaimed) =
audit/OriginalFourTaskCompletionDeclarations.lean:12674:      state.productSuccessClaimed) =
audit/OriginalFourTaskCompletionDeclarations.lean:12726:      state.productSuccessClaimed) =
audit/OriginalFourTaskCompletionDeclarations.lean:12768:      state.productSuccessClaimed) =
audit/OriginalFourTaskCompletionDeclarations.lean:12811:      state.productSuccessClaimed) =
audit/OriginalFourTaskCompletionDeclarations.lean:12857:      state.productSuccessClaimed) =
audit/OriginalFourTaskCompletionDeclarations.lean:12905:      state.productSuccessClaimed) =
audit/OriginalFourTaskCompletionDeclarations.lean:12953:      state.productSuccessClaimed) =
audit/OriginalFourTaskCompletionDeclarations.lean:13002:      state.productSuccessClaimed) =
audit/OriginalFourTaskCompletionDeclarations.lean:13052:      state.productSuccessClaimed) =
audit/OriginalFourTaskCompletionDeclarations.lean:13103:      state.productSuccessClaimed) =
audit/OriginalFourTaskCompletionDeclarations.lean:13155:      state.productSuccessClaimed) =
audit/OriginalFourTaskCompletionDeclarations.lean:13197:      state.productSuccessClaimed) =
audit/OriginalFourTaskCompletionDeclarations.lean:13241:      state.productSuccessClaimed) =
audit/OriginalFourTaskCompletionDeclarations.lean:13286:      state.productSuccessClaimed) =
audit/OriginalFourTaskCompletionDeclarations.lean:13332:      state.productSuccessClaimed) =
audit/OriginalFourTaskCompletionDeclarations.lean:13379:      state.productSuccessClaimed) =
audit/OriginalFourTaskCompletionDeclarations.lean:13427:      state.productSuccessClaimed) =
audit/OriginalFourTaskCompletionDeclarations.lean:13474:      state.productSuccessClaimed) =
audit/OriginalFourTaskCompletionDeclarations.lean:13522:      state.productSuccessClaimed) =
audit/OriginalFourTaskCompletionDeclarations.lean:13571:      state.productSuccessClaimed) =
audit/OriginalFourTaskCompletionDeclarations.lean:13612:      state.productSuccessClaimed) =
audit/OriginalFourTaskCompletionDeclarations.lean:13654:      state.productSuccessClaimed) =
audit/OriginalFourTaskCompletionDeclarations.lean:13698:      state.productSuccessClaimed) =
audit/OriginalFourTaskCompletionDeclarations.lean:13743:      state.productSuccessClaimed) =
audit/OriginalFourTaskCompletionDeclarations.lean:13789:      state.productSuccessClaimed) =
audit/OriginalFourTaskCompletionDeclarations.lean:13836:      state.productSuccessClaimed) =
audit/OriginalFourTaskCompletionDeclarations.lean:13883:      state.productSuccessClaimed) =
audit/OriginalFourTaskCompletionDeclarations.lean:13931:      state.productSuccessClaimed) =
audit/OriginalFourTaskCompletionDeclarations.lean:13980:      state.productSuccessClaimed) =
audit/OriginalFourTaskCompletionDeclarations.lean:14021:      state.productSuccessClaimed) =
audit/OriginalFourTaskCompletionDeclarations.lean:14067:      state.productSuccessClaimed) =
audit/OriginalFourTaskCompletionDeclarations.lean:14119:      state.productSuccessClaimed) =
audit/OriginalFourTaskCompletionDeclarations.lean:14175:      state.productSuccessClaimed) =
audit/OriginalFourTaskCompletionDeclarations.lean:14221:      state.productSuccessClaimed) =
audit/OriginalFourTaskCompletionDeclarations.lean:14288:      state.productSuccessClaimed) =
audit/OriginalFourTaskCompletionDeclarations.lean:14335:      state.productSuccessClaimed) =
audit/OriginalFourTaskCompletionDeclarations.lean:14383:      state.productSuccessClaimed) =
audit/OriginalFourTaskCompletionDeclarations.lean:14432:      state.productSuccessClaimed) =
audit/OriginalFourTaskCompletionDeclarations.lean:14474:      state.productSuccessClaimed) =
audit/OriginalFourTaskCompletionDeclarations.lean:14517:      state.productSuccessClaimed) =
audit/OriginalFourTaskCompletionDeclarations.lean:14561:      state.productSuccessClaimed) =
audit/OriginalFourTaskCompletionDeclarations.lean:14607:      state.productSuccessClaimed) =
audit/OriginalFourTaskCompletionDeclarations.lean:14654:      state.productSuccessClaimed) =
audit/OriginalFourTaskCompletionDeclarations.lean:14702:      state.productSuccessClaimed) =
audit/OriginalFourTaskCompletionDeclarations.lean:14751:      state.productSuccessClaimed) =
audit/OriginalFourTaskCompletionDeclarations.lean:14801:      state.productSuccessClaimed) =
audit/OriginalFourTaskCompletionDeclarations.lean:14852:      state.productSuccessClaimed) =
audit/OriginalFourTaskCompletionDeclarations.lean:14895:      state.productSuccessClaimed) =
audit/OriginalFourTaskCompletionDeclarations.lean:14939:      state.productSuccessClaimed) =
audit/OriginalFourTaskCompletionDeclarations.lean:14984:      state.productSuccessClaimed) =
audit/OriginalFourTaskCompletionDeclarations.lean:15030:      state.productSuccessClaimed) =
audit/OriginalFourTaskCompletionDeclarations.lean:15077:      state.productSuccessClaimed) =
audit/OriginalFourTaskCompletionDeclarations.lean:15125:      state.productSuccessClaimed) =
audit/OriginalFourTaskCompletionDeclarations.lean:15174:      state.productSuccessClaimed) =
audit/OriginalFourTaskCompletionDeclarations.lean:15224:      state.productSuccessClaimed) =
audit/OriginalFourTaskCompletionDeclarations.lean:15275:      state.productSuccessClaimed) =
audit/OriginalFourTaskCompletionDeclarations.lean:15318:      state.productSuccessClaimed) =
audit/OriginalFourTaskCompletionDeclarations.lean:15362:      state.productSuccessClaimed) =
audit/OriginalFourTaskCompletionDeclarations.lean:15380:      state.productSuccessClaimed) =
audit/OriginalFourTaskCompletionDeclarations.lean:15400:      state.productSuccessClaimed) =
audit/OriginalFourTaskCompletionDeclarations.lean:15418:      state.productSuccessClaimed) =
audit/OriginalFourTaskCompletionDeclarations.lean:15438:      state.productSuccessClaimed) =
audit/OriginalFourTaskCompletionDeclarations.lean:15458:      state.productSuccessClaimed) =
audit/OriginalFourTaskCompletionDeclarations.lean:15478:      state.productSuccessClaimed) =
audit/OriginalFourTaskCompletionDeclarations.lean:15498:      state.productSuccessClaimed) =
audit/OriginalFourTaskCompletionDeclarations.lean:15518:      state.productSuccessClaimed) =
audit/OriginalFourTaskCompletionDeclarations.lean:15538:      state.productSuccessClaimed) =
audit/OriginalFourTaskCompletionDeclarations.lean:15558:      state.productSuccessClaimed) =
audit/OriginalFourTaskCompletionDeclarations.lean:15576:      state.productSuccessClaimed) =
audit/OriginalFourTaskCompletionDeclarations.lean:15594:    LeanLCAExactChallenge.Dbounded.currentClosedMapLocalizedUnitChoiceFullDataStableConvergenceStateW1424.productSuccessClaimed =
audit/OriginalFourTaskCompletionDeclarations.lean:15613:    LeanLCAExactChallenge.Dbounded.currentClosedMapLocalizedUnitChoiceProjectionStableConvergenceStateW1425.productSuccessClaimed =
audit/OriginalFourTaskCompletionDeclarations.lean:15634:    LeanLCAExactChallenge.Dbounded.currentClosedMapLocalizedUnitChoiceNestedProjectionStableConvergenceStateW1430.productSuccessClaimed =
audit/OriginalFourTaskCompletionDeclarations.lean:15661:    LeanLCAExactChallenge.Dbounded.currentClosedMapLocalizedUnitChoiceDeepProjectionStableConvergenceStateW1431.productSuccessClaimed =
audit/OriginalFourTaskCompletionDeclarations.lean:15684:    LeanLCAExactChallenge.Dbounded.currentClosedMapEndpointLocalizedUnitStableConvergenceStateW1432.productSuccessClaimed =
audit/OriginalFourTaskCompletionDeclarations.lean:15707:    LeanLCAExactChallenge.Dbounded.currentClosedMapNormalizedSourceEndpointLocalizedUnitStableConvergenceStateW1433.productSuccessClaimed =
audit/OriginalFourTaskCompletionDeclarations.lean:15731:    LeanLCAExactChallenge.Dbounded.currentClosedMapTargetClosedEmbeddingClosednessStableConvergenceStateW1434.productSuccessClaimed =
audit/OriginalFourTaskCompletionDeclarations.lean:15756:    LeanLCAExactChallenge.Dbounded.currentClosedMapTargetClosedEmbeddingClosednessNormalizedSourceEndpointStableConvergenceStateW1435.productSuccessClaimed =
audit/OriginalFourTaskCompletionDeclarations.lean:15782:    LeanLCAExactChallenge.Dbounded.currentClosedMapBranchFullDataStableConvergenceStateW1436.productSuccessClaimed =
audit/OriginalFourTaskCompletionDeclarations.lean:15817:    LeanLCAExactChallenge.Dbounded.currentClosedMapBranchFullDataOneInputCycleStateW1437.productSuccessClaimed =
audit/OriginalFourTaskCompletionDeclarations.lean:15848:    LeanLCAExactChallenge.Dbounded.currentClosedMapBranchFullDataW987UnpackBoundaryStateW1438.productSuccessClaimed =
audit/OriginalFourTaskCompletionDeclarations.lean:15879:    LeanLCAExactChallenge.Dbounded.currentClosedMapBranchFullDataW986UnpackBoundaryStateW1439.productSuccessClaimed =
audit/OriginalFourTaskCompletionDeclarations.lean:15914:    LeanLCAExactChallenge.Dbounded.currentClosedMapBranchFullDataW984TargetClosednessUnpackBoundaryStateW1440.productSuccessClaimed =
audit/OriginalFourTaskCompletionDeclarations.lean:15949:    LeanLCAExactChallenge.Dbounded.currentClosedMapBranchFullDataW950NormalizedEndpointUnpackBoundaryStateW1441.productSuccessClaimed =
audit/OriginalFourTaskCompletionDeclarations.lean:15984:    LeanLCAExactChallenge.Dbounded.currentClosedMapBranchFullDataW948NormalizedSourceUnpackBoundaryStateW1442.productSuccessClaimed =
audit/OriginalFourTaskCompletionDeclarations.lean:16019:    LeanLCAExactChallenge.Dbounded.currentClosedMapBranchFullDataW949EndpointLocalizedUnitUnpackBoundaryStateW1443.productSuccessClaimed =
audit/OriginalFourTaskCompletionDeclarations.lean:16055:    LeanLCAExactChallenge.Dbounded.currentClosedMapBranchFullDataW945LocalizedUnitUnpackBoundaryStateW1444.productSuccessClaimed =
audit/OriginalFourTaskCompletionDeclarations.lean:16088:    LeanLCAExactChallenge.Dbounded.currentClosedMapBranchFullDataW990PrimitiveUnitComponentsAlignmentStateW1445.productSuccessClaimed =
audit/OriginalFourTaskCompletionDeclarations.lean:16122:    LeanLCAExactChallenge.Dbounded.currentClosedMapBranchFullDataW990UnitStrictExactIsoPackagingStateW1446.productSuccessClaimed =
audit/OriginalFourTaskCompletionDeclarations.lean:16151:    LeanLCAExactChallenge.Dbounded.currentClosedMapBranchFullDataW989LocalizedUnitChoiceFullDataPackagingStateW1447.productSuccessClaimed =
audit/OriginalFourTaskCompletionDeclarations.lean:16178:    LeanLCAExactChallenge.Dbounded.currentClosedMapBranchFullDataW987RewrapCycleStateW1448.productSuccessClaimed =
audit/OriginalFourTaskCompletionDeclarations.lean:16205:    LeanLCAExactChallenge.Dbounded.currentClosedMapBranchFullDataW987RewrappedStableRouteStateW1449.productSuccessClaimed =
audit/OriginalFourTaskCompletionDeclarations.lean:16238:    LeanLCAExactChallenge.Dbounded.currentW987FieldDataConstructionStateW1450.productSuccessClaimed =
audit/OriginalFourTaskCompletionDeclarations.lean:16288:    LeanLCAExactChallenge.Dbounded.currentW987BoundaryFieldDataConstructionStateW1451.productSuccessClaimed =
audit/OriginalFourTaskCompletionDeclarations.lean:16340:    LeanLCAExactChallenge.Dbounded.currentW987BoundaryRelationFieldDataConstructionStateW1452.productSuccessClaimed =
audit/OriginalFourTaskCompletionDeclarations.lean:16396:    LeanLCAExactChallenge.Dbounded.currentW987BoundaryRelationTargetFieldDataConstructionStateW1453.productSuccessClaimed =
audit/OriginalFourTaskCompletionDeclarations.lean:16454:    LeanLCAExactChallenge.Dbounded.currentW987BoundaryRelationTargetNormalizedEndpointFieldDataConstructionStateW1454.productSuccessClaimed =
audit/OriginalFourTaskCompletionDeclarations.lean:16516:    LeanLCAExactChallenge.Dbounded.currentW987BoundaryRelationTargetEndpointLocalizedUnitFieldDataConstructionStateW1455.productSuccessClaimed =
audit/OriginalFourTaskCompletionDeclarations.lean:16582:    LeanLCAExactChallenge.Dbounded.currentW987BoundaryRelationTargetNormalizedSourceFieldDataConstructionStateW1456.productSuccessClaimed =
audit/OriginalFourTaskCompletionDeclarations.lean:16650:    LeanLCAExactChallenge.Dbounded.currentW987BoundaryRelationTargetNormalizedFixedTargetFieldDataConstructionStateW1457.productSuccessClaimed =
audit/OriginalFourTaskCompletionDeclarations.lean:16727:    LeanLCAExactChallenge.Dbounded.currentW987BoundaryRelationTargetSourceTriangulationFieldDataConstructionStateW1458.productSuccessClaimed =
audit/OriginalFourTaskCompletionDeclarations.lean:16805:    LeanLCAExactChallenge.Dbounded.currentW987BoundaryRelationTargetLocalizedUnitFieldDataConstructionStateW1459.productSuccessClaimed =
audit/OriginalFourTaskCompletionDeclarations.lean:16863:    LeanLCAExactChallenge.Dbounded.currentW987BoundaryRelationTargetUnitMappingConeFieldDataConstructionStateW1460.productSuccessClaimed =
audit/OriginalFourTaskCompletionDeclarations.lean:16919:    LeanLCAExactChallenge.Dbounded.currentW987BoundaryRelationTargetLocalizedAdjunctionCoreFieldDataConstructionStateW1461.productSuccessClaimed =
audit/OriginalFourTaskCompletionDeclarations.lean:16977:    LeanLCAExactChallenge.Dbounded.currentW987BoundaryRelationTargetUnitKernelCokernelTopFieldDataConstructionStateW1462.productSuccessClaimed =
audit/OriginalFourTaskCompletionDeclarations.lean:17036:    LeanLCAExactChallenge.Dbounded.currentW987BoundaryRelationTargetEndpointKernelCokernelTopFieldDataConstructionStateW1463.productSuccessClaimed =
audit/OriginalFourTaskCompletionDeclarations.lean:17086:    LeanLCAExactChallenge.Dbounded.currentW987BoundaryRelationTargetUnitIsoHomInvFieldDataConstructionStateW1464.productSuccessClaimed =
audit/OriginalFourTaskCompletionDeclarations.lean:17139:    LeanLCAExactChallenge.Dbounded.currentW987BoundaryRelationTargetLocalizedAdjunctionNatTransFieldDataConstructionStateW1465.productSuccessClaimed =
audit/OriginalFourTaskCompletionDeclarations.lean:17194:    LeanLCAExactChallenge.Dbounded.currentW987BoundaryRelationTargetLocalizedAdjunctionTriangleComponentFieldDataConstructionStateW1466.productSuccessClaimed =
audit/OriginalFourTaskCompletionDeclarations.lean:17255:    LeanLCAExactChallenge.Dbounded.currentW987BoundaryRelationTargetLocalizedRightAdjointFunctorFieldDataConstructionStateW1467.productSuccessClaimed =
audit/OriginalFourTaskCompletionDeclarations.lean:17306:    LeanLCAExactChallenge.Dbounded.currentW987BoundaryRelationTargetNoUnivPrimitiveFieldDataConstructionStateW1468.productSuccessClaimed =
audit/OriginalFourTaskCompletionDeclarations.lean:17358:    LeanLCAExactChallenge.Dbounded.currentW987BoundaryRelationTargetClosedEmbeddingClosednessFieldDataConstructionStateW1469.productSuccessClaimed =
audit/OriginalFourTaskCompletionDeclarations.lean:17415:    LeanLCAExactChallenge.Dbounded.currentW987BoundaryRelationTargetSelectedDifferenceClosedEmbeddingComponentFieldDataConstructionStateW1470.productSuccessClaimed =
audit/OriginalFourTaskCompletionDeclarations.lean:17476:    LeanLCAExactChallenge.Dbounded.currentW987BoundaryRelationTargetMappedCokernelClosedEmbeddingFieldDataConstructionStateW1471.productSuccessClaimed =
audit/OriginalFourTaskCompletionDeclarations.lean:17525:    LeanLCAExactChallenge.Dbounded.currentW987BoundaryRelationTargetNormalizedLiftBlueprintFieldDataConstructionStateW1472.productSuccessClaimed =
audit/OriginalFourTaskCompletionDeclarations.lean:17579:    LeanLCAExactChallenge.Dbounded.currentW987BoundaryRelationTargetLiftBlueprintFieldDataConstructionStateW1473.productSuccessClaimed =
audit/OriginalFourTaskCompletionDeclarations.lean:17640:    LeanLCAExactChallenge.Dbounded.currentW987BoundaryRelationTargetStrictPreimageObjectFieldDataConstructionStateW1474.productSuccessClaimed =
audit/OriginalFourTaskCompletionDeclarations.lean:17700:    LeanLCAExactChallenge.Dbounded.currentW987BoundaryRelationTargetStrictPreimageMapFieldDataConstructionStateW1475.productSuccessClaimed =
audit/OriginalFourTaskCompletionDeclarations.lean:17769:    LeanLCAExactChallenge.Dbounded.currentW987BoundaryRelationTargetStrictPreimageMapFunctorialityFieldDataConstructionStateW1476.productSuccessClaimed =
audit/OriginalFourTaskCompletionDeclarations.lean:17821:    LeanLCAExactChallenge.Dbounded.currentW987BoundaryRelationTargetStrictPreimageMapImageFieldDataConstructionStateW1477.productSuccessClaimed =
audit/OriginalFourTaskCompletionDeclarations.lean:17873:    LeanLCAExactChallenge.Dbounded.currentW987BoundaryRelationTargetStrictPreimageObjectImageFieldDataConstructionStateW1478.productSuccessClaimed =
audit/OriginalFourTaskCompletionDeclarations.lean:17923:    LeanLCAExactChallenge.Dbounded.currentW987BoundaryRelationTargetStrictPreimageObjectImageRightAdjointFunctorFieldDataConstructionStateW1479.productSuccessClaimed =
audit/OriginalFourTaskCompletionDeclarations.lean:17976:    LeanLCAExactChallenge.Dbounded.currentW987BoundaryRelationTargetStrictPreimageObjectImageRightAdjointFunctorTargetSurjectivityFieldDataConstructionStateW1480.productSuccessClaimed =
audit/OriginalFourTaskCompletionDeclarations.lean:18024:    LeanLCAExactChallenge.Dbounded.currentW987BoundaryRelationTargetStrictPreimageObjectImageRightAdjointFunctorTargetSurjectivityCompactnessFieldDataConstructionStateW1481.productSuccessClaimed =
audit/OriginalFourTaskCompletionDeclarations.lean:18065:    LeanLCAExactChallenge.Dbounded.currentW987BoundaryRelationTargetStrictPreimageObjectImageRightAdjointFunctorTargetSurjectivityCompactnessMappedCokernelFieldDataConstructionStateW1482.productSuccessClaimed =
audit/OriginalFourTaskCompletionDeclarations.lean:18101:    LeanLCAExactChallenge.Dbounded.currentW987BoundaryRelationTargetStrictPreimageObjectImageRightAdjointFunctorTargetSurjectivityCompactnessMappedCokernelPi1FieldDataConstructionStateW1483.productSuccessClaimed =
audit/OriginalFourTaskCompletionDeclarations.lean:18146:    LeanLCAExactChallenge.Dbounded.currentW987BoundaryRelationTargetStrictPreimageObjectImageRightAdjointFunctorTargetSurjectivityCompactnessMappedCokernelPi1Pi2FieldDataConstructionStateW1484.productSuccessClaimed =
audit/OriginalFourTaskCompletionDeclarations.lean:18191:    LeanLCAExactChallenge.Dbounded.currentW987BoundaryRelationTargetStrictPreimageObjectImageRightAdjointFunctorTargetSurjectivityCompactnessMappedCokernelPi1Pi2Pi3FieldDataConstructionStateW1485.productSuccessClaimed =
audit/OriginalFourTaskCompletionDeclarations.lean:18235:    LeanLCAExactChallenge.Dbounded.currentW987BoundaryRelationTargetStrictPreimageObjectImageRightAdjointFunctorTargetSurjectivityCompactnessMappedCokernelPi1Pi2Pi3FieldDataConstructionStateW1486.productSuccessClaimed =
audit/OriginalFourTaskCompletionDeclarations.lean:18279:    LeanLCAExactChallenge.Dbounded.currentW987BoundaryRelationTargetStrictPreimageObjectImageRightAdjointFunctorTargetSurjectivityCompactnessMappedCokernelPi1Pi2Pi3FieldDataConstructionStateW1487.productSuccessClaimed =
audit/OriginalFourTaskCompletionDeclarations.lean:18318:    LeanLCAExactChallenge.Dbounded.currentW987BoundaryRelationTargetStrictPreimageObjectImageRightAdjointFunctorTargetSurjectivityCompactnessMappedCokernelPi1Pi2Pi3FieldDataConstructionStateW1488.productSuccessClaimed =
audit/OriginalFourTaskCompletionDeclarations.lean:18358:    LeanLCAExactChallenge.Dbounded.currentW987BoundaryRelationTargetStrictPreimageObjectImageRightAdjointFunctorTargetSurjectivityCompactnessMappedCokernelPi1Pi2Pi3FieldDataConstructionStateW1489.productSuccessClaimed =
audit/OriginalFourTaskCompletionDeclarations.lean:18397:    LeanLCAExactChallenge.Dbounded.currentW987BoundaryRelationTargetStrictPreimageObjectImageRightAdjointFunctorTargetSurjectivityCompactnessMappedCokernelPi1Pi2Pi3FieldDataConstructionStateW1490.productSuccessClaimed =
audit/OriginalFourTaskCompletionDeclarations.lean:18436:    LeanLCAExactChallenge.Dbounded.currentW987BoundaryRelationTargetStrictPreimageObjectImageRightAdjointFunctorTargetSurjectivityCompactnessMappedCokernelPi1Pi2Pi3FieldDataConstructionStateW1491.productSuccessClaimed =
audit/OriginalFourTaskCompletionDeclarations.lean:18474:    LeanLCAExactChallenge.Dbounded.currentW987BoundaryRelationTargetStrictPreimageObjectImageRightAdjointFunctorTargetSurjectivityCompactnessMappedCokernelPi1Pi2Pi3FieldDataConstructionStateW1492.productSuccessClaimed =
audit/OriginalFourTaskCompletionDeclarations.lean:18512:    LeanLCAExactChallenge.Dbounded.currentW987BoundaryRelationTargetStrictPreimageObjectImageRightAdjointFunctorTargetSurjectivityCompactnessMappedCokernelPi1Pi2Pi3FieldDataConstructionStateW1493.productSuccessClaimed =
audit/OriginalFourTaskCompletionDeclarations.lean:18553:    LeanLCAExactChallenge.Dbounded.currentW987BoundaryRelationTargetStrictPreimageObjectImageRightAdjointFunctorTargetSurjectivityCompactnessMappedCokernelPi1Pi2Pi3FieldDataConstructionStateW1494.productSuccessClaimed =
audit/OriginalFourTaskCompletionDeclarations.lean:18597:    LeanLCAExactChallenge.Dbounded.currentW987BoundaryRelationTargetStrictPreimageObjectImageRightAdjointFunctorTargetSurjectivityCompactnessMappedCokernelPi1Pi2Pi3SourceTriangulationFieldDataConstructionStateW1495.productSuccessClaimed =
audit/OriginalFourTaskCompletionDeclarations.lean:18630:    LeanLCAExactChallenge.Dbounded.currentW987BoundaryRelationTargetStrictPreimageObjectImageRightAdjointFunctorTargetSurjectivityCompactnessMappedCokernelPi1Pi2Pi3SourceHomologicalTriangulationDataConstructionStateW1496.productSuccessClaimed =
audit/OriginalFourTaskCompletionDeclarations.lean:18661:    LeanLCAExactChallenge.Dbounded.currentW987BoundaryRelationTargetStrictPreimageObjectImageRightAdjointFunctorTargetSurjectivityCompactnessMappedCokernelPi1Pi2Pi3StableExactAtRouteConnectionStateW1497.productSuccessClaimed =
audit/OriginalFourTaskCompletionDeclarations.lean:18697:    LeanLCAExactChallenge.Dbounded.currentW987BoundaryRelationTargetStrictPreimageObjectImageRightAdjointFunctorTargetSurjectivityCompactnessMappedCokernelPi1Pi2Pi3SourceTriangulationComparisonLeavesStateW1498.productSuccessClaimed =
audit/OriginalFourTaskCompletionDeclarations.lean:18729:    LeanLCAExactChallenge.Dbounded.currentW987BoundaryRelationTargetStrictPreimageObjectImageRightAdjointFunctorTargetSurjectivityCompactnessMappedCokernelPi1Pi2Pi3SourceTriangulationFieldsComparisonStateW1499.productSuccessClaimed =
audit/OriginalFourTaskCompletionDeclarations.lean:18762:    LeanLCAExactChallenge.Dbounded.currentW987BoundaryRelationTargetStrictPreimageObjectImageRightAdjointFunctorTargetSurjectivityCompactnessMappedCokernelPi1Pi2Pi3EndpointFieldsComparisonStateW1500.productSuccessClaimed =
audit/OriginalFourTaskCompletionDeclarations.lean:18795:    LeanLCAExactChallenge.Dbounded.currentW987BoundaryRelationTargetStrictPreimageObjectImageRightAdjointFunctorTargetSurjectivityCompactnessMappedCokernelPi1Pi2Pi3LocalizedRightAdjointFieldsComparisonStateW1501.productSuccessClaimed =
audit/OriginalFourTaskCompletionDeclarations.lean:18830:    LeanLCAExactChallenge.Dbounded.currentW987BoundaryRelationTargetStrictPreimageObjectImageRightAdjointFunctorTargetSurjectivityCompactnessMappedCokernelPi1Pi2Pi3NormalizedFixedTargetFieldsComparisonStateW1502.productSuccessClaimed =
audit/OriginalFourTaskCompletionDeclarations.lean:18867:    LeanLCAExactChallenge.Dbounded.currentW987BoundaryRelationTargetStrictPreimageObjectImageRightAdjointFunctorTargetSurjectivityCompactnessMappedCokernelPi1Pi2Pi3NormalizedLiftBlueprintFieldsComparisonStateW1503.productSuccessClaimed =
audit/OriginalFourTaskCompletionDeclarations.lean:18904:    LeanLCAExactChallenge.Dbounded.currentW987BoundaryRelationTargetStrictPreimageObjectImageRightAdjointFunctorTargetSurjectivityCompactnessMappedCokernelPi1Pi2Pi3StrictRepresentativeLiftFieldsComparisonStateW1504.productSuccessClaimed =
audit/OriginalFourTaskCompletionDeclarations.lean:18942:    LeanLCAExactChallenge.Dbounded.currentW987BoundaryRelationTargetStrictPreimageObjectImageRightAdjointFunctorTargetSurjectivityCompactnessMappedCokernelPi1Pi2Pi3StrictPreimageObjectFieldsComparisonStateW1505.productSuccessClaimed =
audit/OriginalFourTaskCompletionDeclarations.lean:18975:    LeanLCAExactChallenge.Dbounded.currentW987BoundaryRelationTargetStrictPreimageObjectImageRightAdjointFunctorTargetSurjectivityCompactnessMappedCokernelPi1Pi2Pi3StrictPreimageMapFieldsComparisonStateW1506.productSuccessClaimed =
audit/OriginalFourTaskCompletionDeclarations.lean:19007:    LeanLCAExactChallenge.Dbounded.currentW987BoundaryRelationTargetStrictPreimageObjectImageRightAdjointFunctorTargetSurjectivityCompactnessMappedCokernelPi1Pi2Pi3BoundaryFieldsComparisonStateW1507.productSuccessClaimed =
audit/OriginalFourTaskCompletionDeclarations.lean:19039:    LeanLCAExactChallenge.Dbounded.currentW987BoundaryRelationTargetStrictPreimageObjectImageRightAdjointFunctorTargetSurjectivityCompactnessMappedCokernelPi1Pi2Pi3RelationFieldsComparisonStateW1508.productSuccessClaimed =
audit/OriginalFourTaskCompletionDeclarations.lean:19071:    LeanLCAExactChallenge.Dbounded.currentW987BoundaryRelationTargetStrictPreimageObjectImageRightAdjointFunctorTargetSurjectivityCompactnessMappedCokernelPi1Pi2Pi3TargetSurjectiveCompactFieldsComparisonStateW1509.productSuccessClaimed =
audit/OriginalFourTaskCompletionDeclarations.lean:19104:    LeanLCAExactChallenge.Dbounded.currentW987BoundaryRelationTargetStrictPreimageObjectImageRightAdjointFunctorTargetSurjectivityCompactnessMappedCokernelPi1Pi2Pi3ClosedEmbeddingClosednessFieldsComparisonStateW1510.productSuccessClaimed =
audit/OriginalFourTaskCompletionDeclarations.lean:19136:    LeanLCAExactChallenge.Dbounded.currentW987BoundaryRelationTargetStrictPreimageObjectImageRightAdjointFunctorTargetSurjectivityCompactnessMappedCokernelPi1Pi2Pi3ClosedEmbeddingEndpointHomologyFreeComparisonStateW1511.productSuccessClaimed =
audit/OriginalFourTaskCompletionDeclarations.lean:19169:    LeanLCAExactChallenge.Dbounded.currentW987BoundaryRelationTargetStrictPreimageObjectImageRightAdjointFunctorTargetSurjectivityCompactnessMappedCokernelPi1Pi2Pi3EndpointHomologyFreeConvergenceStateW1512.productSuccessClaimed =
audit/OriginalFourTaskCompletionDeclarations.lean:19208:    LeanLCAExactChallenge.Dbounded.currentW987BoundaryRelationTargetStrictPreimageObjectImageRightAdjointFunctorTargetSurjectivityCompactnessMappedCokernelPi1Pi2Pi3TargetBranchConvergenceStateW1513.productSuccessClaimed =
audit/OriginalFourTaskCompletionDeclarations.lean:19257:    LeanLCAExactChallenge.Dbounded.currentW987BoundaryRelationTargetStrictPreimageObjectImageRightAdjointFunctorTargetSurjectivityCompactnessMappedCokernelPi1Pi2Pi3StrictPreimageConvergenceStateW1514.productSuccessClaimed =
audit/OriginalFourTaskCompletionDeclarations.lean:19308:    LeanLCAExactChallenge.Dbounded.currentW987BoundaryRelationTargetStrictPreimageObjectImageRightAdjointFunctorTargetSurjectivityCompactnessMappedCokernelPi1Pi2Pi3LocalizedRightAdjointConvergenceStateW1515.productSuccessClaimed =
audit/OriginalFourTaskCompletionDeclarations.lean:19355:    LeanLCAExactChallenge.Dbounded.currentW987BoundaryRelationTargetStrictPreimageObjectImageRightAdjointFunctorTargetSurjectivityCompactnessMappedCokernelPi1Pi2Pi3SourceEndpointConvergenceStateW1516.productSuccessClaimed =
audit/OriginalFourTaskCompletionDeclarations.lean:19401:    LeanLCAExactChallenge.Dbounded.currentW987BoundaryRelationTargetStrictPreimageObjectImageRightAdjointFunctorTargetSurjectivityCompactnessMappedCokernelPi1Pi2Pi3ComparisonConcreteLeavesConvergenceStateW1517.productSuccessClaimed =
audit/OriginalFourTaskCompletionDeclarations.lean:19497:    LeanLCAExactChallenge.Dbounded.currentW987BoundaryRelationTargetStrictPreimageObjectImageRightAdjointFunctorTargetSurjectivityCompactnessMappedCokernelPi1Pi2Pi3SelectedCochainConcreteLeavesConvergenceStateW1518.productSuccessClaimed =
audit/OriginalFourTaskCompletionDeclarations.lean:19514:    LeanLCAExactChallenge.Dbounded.currentW987BoundaryRelationTargetStrictPreimageObjectImageRightAdjointFunctorTargetSurjectivityCompactnessMappedCokernelPi1Pi2Pi3W735W732SelectedCochainConvergenceStateW1519.productSuccessClaimed =
audit/OriginalFourTaskCompletionDeclarations.lean:19531:    LeanLCAExactChallenge.Dbounded.currentW987BoundaryRelationTargetStrictPreimageObjectImageRightAdjointFunctorTargetSurjectivityCompactnessMappedCokernelPi1Pi2Pi3EndpointFactsLocalizedSelectedCochainConvergenceStateW1520.productSuccessClaimed =
audit/OriginalFourTaskCompletionDeclarations.lean:19569:    LeanLCAExactChallenge.Dbounded.currentW987BoundaryRelationTargetStrictPreimageObjectImageRightAdjointFunctorTargetSurjectivityCompactnessMappedCokernelPi1Pi2Pi3W870BranchDispatchStateW1521.productSuccessClaimed =
audit/OriginalFourTaskCompletionDeclarations.lean:19615:    LeanLCAExactChallenge.Dbounded.currentW987BoundaryRelationTargetStrictPreimageObjectImageRightAdjointFunctorTargetSurjectivityCompactnessMappedCokernelPi1Pi2Pi3W869W868ConvergenceStateW1522.productSuccessClaimed =
audit/OriginalFourTaskCompletionDeclarations.lean:19653:    LeanLCAExactChallenge.Dbounded.currentW987BoundaryRelationTargetStrictPreimageObjectImageRightAdjointFunctorTargetSurjectivityCompactnessMappedCokernelPi1Pi2Pi3W867StrictRealizationConvergenceStateW1523.productSuccessClaimed =
audit/OriginalFourTaskCompletionDeclarations.lean:19691:    LeanLCAExactChallenge.Dbounded.currentW987BoundaryRelationTargetStrictPreimageObjectImageRightAdjointFunctorTargetSurjectivityCompactnessMappedCokernelPi1Pi2Pi3W866IsoClosureConvergenceStateW1524.productSuccessClaimed =
audit/OriginalFourTaskCompletionDeclarations.lean:19729:    LeanLCAExactChallenge.Dbounded.currentW987BoundaryRelationTargetStrictPreimageObjectImageRightAdjointFunctorTargetSurjectivityCompactnessMappedCokernelPi1Pi2Pi3W865TargetIsoConvergenceStateW1525.productSuccessClaimed =
audit/OriginalFourTaskCompletionDeclarations.lean:19767:    LeanLCAExactChallenge.Dbounded.currentW987BoundaryRelationTargetStrictPreimageObjectImageRightAdjointFunctorTargetSurjectivityCompactnessMappedCokernelPi1Pi2Pi3W864TargetExactAtConvergenceStateW1526.productSuccessClaimed =
audit/OriginalFourTaskCompletionDeclarations.lean:19941:    LeanLCAExactChallenge.Dbounded.currentW987BoundaryRelationTargetStrictPreimageObjectImageRightAdjointFunctorTargetSurjectivityCompactnessMappedCokernelPi1Pi2Pi3W863TargetHomologyZeroConvergenceStateW1527.productSuccessClaimed =
audit/OriginalFourTaskCompletionDeclarations.lean:19958:    LeanLCAExactChallenge.Dbounded.currentW987BoundaryRelationTargetStrictPreimageObjectImageRightAdjointFunctorTargetSurjectivityCompactnessMappedCokernelPi1Pi2Pi3W862ConcreteLeavesTargetExactAtConvergenceStateW1528.productSuccessClaimed =
audit/OriginalFourTaskCompletionDeclarations.lean:19975:    LeanLCAExactChallenge.Dbounded.currentW987BoundaryRelationTargetStrictPreimageObjectImageRightAdjointFunctorTargetSurjectivityCompactnessMappedCokernelPi1Pi2Pi3W860EndpointLocalizedTargetExactAtConvergenceStateW1529.productSuccessClaimed =
audit/OriginalFourTaskCompletionDeclarations.lean:19992:    LeanLCAExactChallenge.Dbounded.currentW987BoundaryRelationTargetStrictPreimageObjectImageRightAdjointFunctorTargetSurjectivityCompactnessMappedCokernelPi1Pi2Pi3W859ClosednessBranchTargetExactAtConvergenceStateW1530.productSuccessClaimed =
audit/OriginalFourTaskCompletionDeclarations.lean:20009:    LeanLCAExactChallenge.Dbounded.currentW987BoundaryRelationTargetStrictPreimageObjectImageRightAdjointFunctorTargetSurjectivityCompactnessMappedCokernelPi1Pi2Pi3W831ComparisonBijectivityLeftCalculusConvergenceStateW1531.productSuccessClaimed =
audit/OriginalFourTaskCompletionDeclarations.lean:20026:    LeanLCAExactChallenge.Dbounded.currentW987BoundaryRelationTargetStrictPreimageObjectImageRightAdjointFunctorTargetSurjectivityCompactnessMappedCokernelPi1Pi2Pi3W829LeftCalculusStableRouteConvergenceStateW1532.productSuccessClaimed =
audit/OriginalFourTaskCompletionDeclarations.lean:20043:    LeanLCAExactChallenge.Dbounded.currentW987BoundaryRelationTargetStrictPreimageObjectImageRightAdjointFunctorTargetSurjectivityCompactnessMappedCokernelPi1Pi2Pi3W829StableFieldsFromDirectSourceStateW1533.productSuccessClaimed =
audit/OriginalFourTaskCompletionDeclarations.lean:20060:    LeanLCAExactChallenge.Dbounded.currentW987BoundaryRelationTargetStrictPreimageObjectImageRightAdjointFunctorTargetSurjectivityCompactnessMappedCokernelPi1Pi2Pi3W829StableCertificateFromDirectSourceStateW1534.productSuccessClaimed =
audit/OriginalFourTaskCompletionDeclarations.lean:20077:    LeanLCAExactChallenge.Dbounded.currentW987BoundaryRelationTargetStrictPreimageObjectImageRightAdjointFunctorTargetSurjectivityCompactnessMappedCokernelPi1Pi2Pi3W829StableProjectionFactsFromAcceptedDirectSourceStateW1535.productSuccessClaimed =
audit/OriginalFourTaskCompletionDeclarations.lean:20094:    LeanLCAExactChallenge.Dbounded.currentW987BoundaryRelationTargetStrictPreimageObjectImageRightAdjointFunctorTargetSurjectivityCompactnessMappedCokernelPi1Pi2Pi3W829StableProjectionFactsDirectSourceComparisonStateW1536.productSuccessClaimed =
audit/OriginalFourTaskCompletionDeclarations.lean:20111:    LeanLCAExactChallenge.Dbounded.currentW987BoundaryRelationTargetStrictPreimageObjectImageRightAdjointFunctorTargetSurjectivityCompactnessMappedCokernelPi1Pi2Pi3W829StableInstanceFactsFromDirectSourceStateW1537.productSuccessClaimed =
audit/OriginalFourTaskCompletionDeclarations.lean:20128:    LeanLCAExactChallenge.Dbounded.currentW987BoundaryRelationTargetStrictPreimageObjectImageRightAdjointFunctorTargetSurjectivityCompactnessMappedCokernelPi1Pi2Pi3W829StableInstancePackageComparisonStateW1538.productSuccessClaimed =
audit/OriginalFourTaskCompletionDeclarations.lean:20145:    LeanLCAExactChallenge.Dbounded.currentW987BoundaryRelationTargetStrictPreimageObjectImageRightAdjointFunctorTargetSurjectivityCompactnessMappedCokernelPi1Pi2Pi3W829StableSemanticAdapterComparisonStateW1539.productSuccessClaimed =
audit/OriginalFourTaskCompletionDeclarations.lean:20162:    LeanLCAExactChallenge.Dbounded.currentW987BoundaryRelationTargetStrictPreimageObjectImageRightAdjointFunctorTargetSurjectivityCompactnessMappedCokernelPi1Pi2Pi3W829StableCertificateSemanticAdapterComparisonStateW1540.productSuccessClaimed =
audit/OriginalFourTaskCompletionDeclarations.lean:20287:#check LeanLCAExactChallenge.Dbounded.originalFourTaskContractCompletion_productSuccessClaimed
audit/ProductSuccessDeclarations.lean:23353:#check LeanLCAExactChallenge.Dbounded.originalFourTaskContractCompletion_productSuccessClaimed
