LeanLCAExactChallenge/Derived/LimitOpClosureNormalizedClosedRangeProductRoute.lean:110:    directFiniteShapeStableDataOfClosedMapLimitOpClosureNormalizedClosedRangeW776
LeanLCAExactChallenge/Derived/LimitOpClosureNormalizedClosedRangeProductRoute.lean:118:    directFiniteShapeStableDataOfClosedEmbeddingLimitOpClosureNormalizedClosedRangeW776
LeanLCAExactChallenge/Derived/LimitOpClosureNormalizedClosedRangeProductRoute.lean:126:noncomputable def stableBoundaryInputsOfClosedMapLimitOpClosureNormalizedClosedRangeW776
LeanLCAExactChallenge/Derived/LimitOpClosureNormalizedClosedRangeProductRoute.lean:134:    stableBoundaryInputsOfClosedEmbeddingLimitOpClosureNormalizedClosedRangeW776
LeanLCAExactChallenge/Derived/LimitOpClosureNormalizedClosedRangeProductRoute.lean:142:noncomputable def acceptedStableOfClosedMapLimitOpClosureNormalizedClosedRangeW776
LeanLCAExactChallenge/Derived/LimitOpClosureNormalizedClosedRangeProductRoute.lean:150:    acceptedStableOfClosedEmbeddingLimitOpClosureNormalizedClosedRangeW776
LeanLCAExactChallenge/Derived/LimitOpClosureNormalizedClosedRangeProductRoute.lean:158:noncomputable def boundedDerivedOfClosedMapLimitOpClosureNormalizedClosedRangeStableBoundaryW776
LeanLCAExactChallenge/Derived/LimitOpClosureNormalizedClosedRangeProductRoute.lean:167:    boundedDerivedOfClosedEmbeddingLimitOpClosureNormalizedClosedRangeStableBoundaryW776
LeanLCAExactChallenge/Derived/LimitOpClosureNormalizedClosedRangeProductRoute.lean:218:      "directFiniteShapeStableDataOfClosedMapLimitOpClosureNormalizedClosedRangeW776",
LeanLCAExactChallenge/Derived/LimitOpClosureNormalizedClosedRangeProductRoute.lean:219:      "directFiniteShapeStableDataOfClosedEmbeddingLimitOpClosureNormalizedClosedRangeW776",
LeanLCAExactChallenge/Derived/LimitOpClosureNormalizedClosedRangeProductRoute.lean:220:      "stableBoundaryInputsOfClosedMapLimitOpClosureNormalizedClosedRangeW776",
LeanLCAExactChallenge/Derived/LimitOpClosureNormalizedClosedRangeProductRoute.lean:221:      "stableBoundaryInputsOfClosedEmbeddingLimitOpClosureNormalizedClosedRangeW776",
LeanLCAExactChallenge/Derived/LimitOpClosureNormalizedClosedRangeProductRoute.lean:222:      "acceptedStableOfClosedMapLimitOpClosureNormalizedClosedRangeW776",
LeanLCAExactChallenge/Derived/LimitOpClosureNormalizedClosedRangeProductRoute.lean:223:      "acceptedStableOfClosedEmbeddingLimitOpClosureNormalizedClosedRangeW776",
LeanLCAExactChallenge/Derived/LimitOpClosureNormalizedClosedRangeProductRoute.lean:224:      "boundedDerivedOfClosedMapLimitOpClosureNormalizedClosedRangeStableBoundaryW776",
LeanLCAExactChallenge/Derived/LimitOpClosureNormalizedClosedRangeProductRoute.lean:225:      "boundedDerivedOfClosedEmbeddingLimitOpClosureNormalizedClosedRangeStableBoundaryW776",
audit/RequiredDeclarations.lean:865:  LeanLCAExactChallenge.Dbounded.directFiniteShapeStableDataOfClosedMapLimitOpClosureNormalizedClosedRangeW776
audit/RequiredDeclarations.lean:867:  LeanLCAExactChallenge.Dbounded.directFiniteShapeStableDataOfClosedEmbeddingLimitOpClosureNormalizedClosedRangeW776
audit/RequiredDeclarations.lean:869:  LeanLCAExactChallenge.Dbounded.stableBoundaryInputsOfClosedMapLimitOpClosureNormalizedClosedRangeW776
audit/RequiredDeclarations.lean:871:  LeanLCAExactChallenge.Dbounded.stableBoundaryInputsOfClosedEmbeddingLimitOpClosureNormalizedClosedRangeW776
audit/RequiredDeclarations.lean:873:  LeanLCAExactChallenge.Dbounded.acceptedStableOfClosedMapLimitOpClosureNormalizedClosedRangeW776
audit/RequiredDeclarations.lean:875:  LeanLCAExactChallenge.Dbounded.acceptedStableOfClosedEmbeddingLimitOpClosureNormalizedClosedRangeW776
audit/RequiredDeclarations.lean:877:  LeanLCAExactChallenge.Dbounded.boundedDerivedOfClosedMapLimitOpClosureNormalizedClosedRangeStableBoundaryW776
audit/RequiredDeclarations.lean:879:  LeanLCAExactChallenge.Dbounded.boundedDerivedOfClosedEmbeddingLimitOpClosureNormalizedClosedRangeStableBoundaryW776
audit/OriginalFourTaskCompletionDeclarations.lean:657:  LeanLCAExactChallenge.Dbounded.directFiniteShapeStableDataOfClosedMapLimitOpClosureNormalizedClosedRangeW776
audit/OriginalFourTaskCompletionDeclarations.lean:659:  LeanLCAExactChallenge.Dbounded.directFiniteShapeStableDataOfClosedEmbeddingLimitOpClosureNormalizedClosedRangeW776
audit/OriginalFourTaskCompletionDeclarations.lean:661:  LeanLCAExactChallenge.Dbounded.stableBoundaryInputsOfClosedMapLimitOpClosureNormalizedClosedRangeW776
audit/OriginalFourTaskCompletionDeclarations.lean:663:  LeanLCAExactChallenge.Dbounded.stableBoundaryInputsOfClosedEmbeddingLimitOpClosureNormalizedClosedRangeW776
audit/OriginalFourTaskCompletionDeclarations.lean:665:  LeanLCAExactChallenge.Dbounded.acceptedStableOfClosedMapLimitOpClosureNormalizedClosedRangeW776
audit/OriginalFourTaskCompletionDeclarations.lean:667:  LeanLCAExactChallenge.Dbounded.acceptedStableOfClosedEmbeddingLimitOpClosureNormalizedClosedRangeW776
audit/OriginalFourTaskCompletionDeclarations.lean:669:  LeanLCAExactChallenge.Dbounded.boundedDerivedOfClosedMapLimitOpClosureNormalizedClosedRangeStableBoundaryW776
audit/OriginalFourTaskCompletionDeclarations.lean:671:  LeanLCAExactChallenge.Dbounded.boundedDerivedOfClosedEmbeddingLimitOpClosureNormalizedClosedRangeStableBoundaryW776
audit/ProductSuccessDeclarations.lean:9210:    Dbounded.directFiniteShapeStableDataOfClosedMapLimitOpClosureNormalizedClosedRangeW776
audit/ProductSuccessDeclarations.lean:9212:    Dbounded.directFiniteShapeStableDataOfClosedEmbeddingLimitOpClosureNormalizedClosedRangeW776
audit/ProductSuccessDeclarations.lean:9213:  #check Dbounded.stableBoundaryInputsOfClosedMapLimitOpClosureNormalizedClosedRangeW776
audit/ProductSuccessDeclarations.lean:9215:    Dbounded.stableBoundaryInputsOfClosedEmbeddingLimitOpClosureNormalizedClosedRangeW776
audit/ProductSuccessDeclarations.lean:9216:  #check Dbounded.acceptedStableOfClosedMapLimitOpClosureNormalizedClosedRangeW776
audit/ProductSuccessDeclarations.lean:9218:    Dbounded.acceptedStableOfClosedEmbeddingLimitOpClosureNormalizedClosedRangeW776
audit/ProductSuccessDeclarations.lean:9220:    Dbounded.boundedDerivedOfClosedMapLimitOpClosureNormalizedClosedRangeStableBoundaryW776
audit/ProductSuccessDeclarations.lean:9222:    Dbounded.boundedDerivedOfClosedEmbeddingLimitOpClosureNormalizedClosedRangeStableBoundaryW776
