declaration presence scan for W802 stable-boundary route consistency
LeanLCAExactChallenge/Derived/TargetHomologyZeroW664RouteConsistencyProductRoute.lean:72:theorem closedMapDirectFiniteShapeStableDataW664Terminal_eq_sourceTriangulationW802
LeanLCAExactChallenge/Derived/TargetHomologyZeroW664RouteConsistencyProductRoute.lean:81:theorem closedEmbeddingDirectFiniteShapeStableDataW664Terminal_eq_sourceTriangulationW802
LeanLCAExactChallenge/Derived/TargetHomologyZeroW664RouteConsistencyProductRoute.lean:91:theorem closedMapStableBoundaryInputsW664Terminal_eq_sourceTriangulationW802
LeanLCAExactChallenge/Derived/TargetHomologyZeroW664RouteConsistencyProductRoute.lean:101:theorem closedEmbeddingStableBoundaryInputsW664Terminal_eq_sourceTriangulationW802
LeanLCAExactChallenge/Derived/TargetHomologyZeroW664RouteConsistencyProductRoute.lean:111:theorem closedMapAcceptedStableW664Terminal_eq_sourceTriangulationW802
LeanLCAExactChallenge/Derived/TargetHomologyZeroW664RouteConsistencyProductRoute.lean:121:theorem closedEmbeddingAcceptedStableW664Terminal_eq_sourceTriangulationW802
LeanLCAExactChallenge/Derived/TargetHomologyZeroW664RouteConsistencyProductRoute.lean:132:theorem closedMapBoundedDerivedStableBoundaryW664Terminal_eq_sourceTriangulationW802
LeanLCAExactChallenge/Derived/TargetHomologyZeroW664RouteConsistencyProductRoute.lean:142:theorem closedEmbeddingBoundedDerivedStableBoundaryW664Terminal_eq_sourceTriangulationW802
LeanLCAExactChallenge/Derived/TargetHomologyZeroW664RouteConsistencyProductRoute.lean:165:  stableBoundaryConsistency : String
LeanLCAExactChallenge/Derived/TargetHomologyZeroW664RouteConsistencyProductRoute.lean:180:      "closedMapDirectFiniteShapeStableDataW664Terminal_eq_sourceTriangulationW802",
LeanLCAExactChallenge/Derived/TargetHomologyZeroW664RouteConsistencyProductRoute.lean:181:      "closedEmbeddingDirectFiniteShapeStableDataW664Terminal_eq_sourceTriangulationW802",
LeanLCAExactChallenge/Derived/TargetHomologyZeroW664RouteConsistencyProductRoute.lean:182:      "closedMapStableBoundaryInputsW664Terminal_eq_sourceTriangulationW802",
LeanLCAExactChallenge/Derived/TargetHomologyZeroW664RouteConsistencyProductRoute.lean:183:      "closedEmbeddingStableBoundaryInputsW664Terminal_eq_sourceTriangulationW802",
LeanLCAExactChallenge/Derived/TargetHomologyZeroW664RouteConsistencyProductRoute.lean:184:      "closedMapAcceptedStableW664Terminal_eq_sourceTriangulationW802",
LeanLCAExactChallenge/Derived/TargetHomologyZeroW664RouteConsistencyProductRoute.lean:185:      "closedEmbeddingAcceptedStableW664Terminal_eq_sourceTriangulationW802",
LeanLCAExactChallenge/Derived/TargetHomologyZeroW664RouteConsistencyProductRoute.lean:186:      "closedMapBoundedDerivedStableBoundaryW664Terminal_eq_sourceTriangulationW802",
LeanLCAExactChallenge/Derived/TargetHomologyZeroW664RouteConsistencyProductRoute.lean:187:      "closedEmbeddingBoundedDerivedStableBoundaryW664Terminal_eq_sourceTriangulationW802",
LeanLCAExactChallenge/Derived/TargetHomologyZeroW664RouteConsistencyProductRoute.lean:196:  stableBoundaryConsistency :=
audit/RequiredDeclarations.lean:1256:  LeanLCAExactChallenge.Dbounded.closedMapDirectFiniteShapeStableDataW664Terminal_eq_sourceTriangulationW802
audit/RequiredDeclarations.lean:1258:  LeanLCAExactChallenge.Dbounded.closedEmbeddingDirectFiniteShapeStableDataW664Terminal_eq_sourceTriangulationW802
audit/RequiredDeclarations.lean:1260:  LeanLCAExactChallenge.Dbounded.closedMapStableBoundaryInputsW664Terminal_eq_sourceTriangulationW802
audit/RequiredDeclarations.lean:1262:  LeanLCAExactChallenge.Dbounded.closedEmbeddingStableBoundaryInputsW664Terminal_eq_sourceTriangulationW802
audit/RequiredDeclarations.lean:1264:  LeanLCAExactChallenge.Dbounded.closedMapAcceptedStableW664Terminal_eq_sourceTriangulationW802
audit/RequiredDeclarations.lean:1266:  LeanLCAExactChallenge.Dbounded.closedEmbeddingAcceptedStableW664Terminal_eq_sourceTriangulationW802
audit/RequiredDeclarations.lean:1268:  LeanLCAExactChallenge.Dbounded.closedMapBoundedDerivedStableBoundaryW664Terminal_eq_sourceTriangulationW802
audit/RequiredDeclarations.lean:1270:  LeanLCAExactChallenge.Dbounded.closedEmbeddingBoundedDerivedStableBoundaryW664Terminal_eq_sourceTriangulationW802
audit/ProductSuccessDeclarations.lean:9968:    Dbounded.closedMapDirectFiniteShapeStableDataW664Terminal_eq_sourceTriangulationW802
audit/ProductSuccessDeclarations.lean:9970:    Dbounded.closedEmbeddingDirectFiniteShapeStableDataW664Terminal_eq_sourceTriangulationW802
audit/ProductSuccessDeclarations.lean:9972:    Dbounded.closedMapStableBoundaryInputsW664Terminal_eq_sourceTriangulationW802
audit/ProductSuccessDeclarations.lean:9974:    Dbounded.closedEmbeddingStableBoundaryInputsW664Terminal_eq_sourceTriangulationW802
audit/ProductSuccessDeclarations.lean:9975:  #check Dbounded.closedMapAcceptedStableW664Terminal_eq_sourceTriangulationW802
audit/ProductSuccessDeclarations.lean:9977:    Dbounded.closedEmbeddingAcceptedStableW664Terminal_eq_sourceTriangulationW802
audit/ProductSuccessDeclarations.lean:9979:    Dbounded.closedMapBoundedDerivedStableBoundaryW664Terminal_eq_sourceTriangulationW802
audit/ProductSuccessDeclarations.lean:9981:    Dbounded.closedEmbeddingBoundedDerivedStableBoundaryW664Terminal_eq_sourceTriangulationW802
audit/OriginalFourTaskCompletionDeclarations.lean:1048:  LeanLCAExactChallenge.Dbounded.closedMapDirectFiniteShapeStableDataW664Terminal_eq_sourceTriangulationW802
audit/OriginalFourTaskCompletionDeclarations.lean:1050:  LeanLCAExactChallenge.Dbounded.closedEmbeddingDirectFiniteShapeStableDataW664Terminal_eq_sourceTriangulationW802
audit/OriginalFourTaskCompletionDeclarations.lean:1052:  LeanLCAExactChallenge.Dbounded.closedMapStableBoundaryInputsW664Terminal_eq_sourceTriangulationW802
audit/OriginalFourTaskCompletionDeclarations.lean:1054:  LeanLCAExactChallenge.Dbounded.closedEmbeddingStableBoundaryInputsW664Terminal_eq_sourceTriangulationW802
audit/OriginalFourTaskCompletionDeclarations.lean:1056:  LeanLCAExactChallenge.Dbounded.closedMapAcceptedStableW664Terminal_eq_sourceTriangulationW802
audit/OriginalFourTaskCompletionDeclarations.lean:1058:  LeanLCAExactChallenge.Dbounded.closedEmbeddingAcceptedStableW664Terminal_eq_sourceTriangulationW802
audit/OriginalFourTaskCompletionDeclarations.lean:1060:  LeanLCAExactChallenge.Dbounded.closedMapBoundedDerivedStableBoundaryW664Terminal_eq_sourceTriangulationW802
audit/OriginalFourTaskCompletionDeclarations.lean:1062:  LeanLCAExactChallenge.Dbounded.closedEmbeddingBoundedDerivedStableBoundaryW664Terminal_eq_sourceTriangulationW802
