W801 stable-boundary declaration presence
LeanLCAExactChallenge/Derived/TargetHomologyZeroW664SourceTriangulationTerminalProductRoute.lean:110:noncomputable def directFiniteShapeStableDataOfClosedMapW664SourceTriangulationTerminalW801
LeanLCAExactChallenge/Derived/TargetHomologyZeroW664SourceTriangulationTerminalProductRoute.lean:119:    directFiniteShapeStableDataOfClosedEmbeddingW664SourceTriangulationTerminalW801
LeanLCAExactChallenge/Derived/TargetHomologyZeroW664SourceTriangulationTerminalProductRoute.lean:126:noncomputable def stableBoundaryInputsOfClosedMapW664SourceTriangulationTerminalW801
LeanLCAExactChallenge/Derived/TargetHomologyZeroW664SourceTriangulationTerminalProductRoute.lean:136:    stableBoundaryInputsOfClosedEmbeddingW664SourceTriangulationTerminalW801
LeanLCAExactChallenge/Derived/TargetHomologyZeroW664SourceTriangulationTerminalProductRoute.lean:143:noncomputable def acceptedStableOfClosedMapW664SourceTriangulationTerminalW801
LeanLCAExactChallenge/Derived/TargetHomologyZeroW664SourceTriangulationTerminalProductRoute.lean:152:noncomputable def acceptedStableOfClosedEmbeddingW664SourceTriangulationTerminalW801
LeanLCAExactChallenge/Derived/TargetHomologyZeroW664SourceTriangulationTerminalProductRoute.lean:160:    boundedDerivedOfClosedMapW664SourceTriangulationTerminalStableBoundaryW801
LeanLCAExactChallenge/Derived/TargetHomologyZeroW664SourceTriangulationTerminalProductRoute.lean:171:    boundedDerivedOfClosedEmbeddingW664SourceTriangulationTerminalStableBoundaryW801
LeanLCAExactChallenge/Derived/TargetHomologyZeroW664SourceTriangulationTerminalProductRoute.lean:197:  stableBoundaryResult : String
LeanLCAExactChallenge/Derived/TargetHomologyZeroW664SourceTriangulationTerminalProductRoute.lean:217:      "directFiniteShapeStableDataOfClosedMapW664SourceTriangulationTerminalW801",
LeanLCAExactChallenge/Derived/TargetHomologyZeroW664SourceTriangulationTerminalProductRoute.lean:218:      "directFiniteShapeStableDataOfClosedEmbeddingW664SourceTriangulationTerminalW801",
LeanLCAExactChallenge/Derived/TargetHomologyZeroW664SourceTriangulationTerminalProductRoute.lean:219:      "stableBoundaryInputsOfClosedMapW664SourceTriangulationTerminalW801",
LeanLCAExactChallenge/Derived/TargetHomologyZeroW664SourceTriangulationTerminalProductRoute.lean:220:      "stableBoundaryInputsOfClosedEmbeddingW664SourceTriangulationTerminalW801",
LeanLCAExactChallenge/Derived/TargetHomologyZeroW664SourceTriangulationTerminalProductRoute.lean:221:      "acceptedStableOfClosedMapW664SourceTriangulationTerminalW801",
LeanLCAExactChallenge/Derived/TargetHomologyZeroW664SourceTriangulationTerminalProductRoute.lean:222:      "acceptedStableOfClosedEmbeddingW664SourceTriangulationTerminalW801",
LeanLCAExactChallenge/Derived/TargetHomologyZeroW664SourceTriangulationTerminalProductRoute.lean:223:      "boundedDerivedOfClosedMapW664SourceTriangulationTerminalStableBoundaryW801",
LeanLCAExactChallenge/Derived/TargetHomologyZeroW664SourceTriangulationTerminalProductRoute.lean:224:      "boundedDerivedOfClosedEmbeddingW664SourceTriangulationTerminalStableBoundaryW801",
LeanLCAExactChallenge/Derived/TargetHomologyZeroW664SourceTriangulationTerminalProductRoute.lean:231:  stableBoundaryResult :=
audit/RequiredDeclarations.lean:1239:  LeanLCAExactChallenge.Dbounded.directFiniteShapeStableDataOfClosedMapW664SourceTriangulationTerminalW801
audit/RequiredDeclarations.lean:1241:  LeanLCAExactChallenge.Dbounded.directFiniteShapeStableDataOfClosedEmbeddingW664SourceTriangulationTerminalW801
audit/RequiredDeclarations.lean:1243:  LeanLCAExactChallenge.Dbounded.stableBoundaryInputsOfClosedMapW664SourceTriangulationTerminalW801
audit/RequiredDeclarations.lean:1245:  LeanLCAExactChallenge.Dbounded.stableBoundaryInputsOfClosedEmbeddingW664SourceTriangulationTerminalW801
audit/RequiredDeclarations.lean:1247:  LeanLCAExactChallenge.Dbounded.acceptedStableOfClosedMapW664SourceTriangulationTerminalW801
audit/RequiredDeclarations.lean:1249:  LeanLCAExactChallenge.Dbounded.acceptedStableOfClosedEmbeddingW664SourceTriangulationTerminalW801
audit/RequiredDeclarations.lean:1251:  LeanLCAExactChallenge.Dbounded.boundedDerivedOfClosedMapW664SourceTriangulationTerminalStableBoundaryW801
audit/RequiredDeclarations.lean:1253:  LeanLCAExactChallenge.Dbounded.boundedDerivedOfClosedEmbeddingW664SourceTriangulationTerminalStableBoundaryW801
audit/ProductSuccessDeclarations.lean:9932:    Dbounded.directFiniteShapeStableDataOfClosedMapW664SourceTriangulationTerminalW801
audit/ProductSuccessDeclarations.lean:9934:    Dbounded.directFiniteShapeStableDataOfClosedEmbeddingW664SourceTriangulationTerminalW801
audit/ProductSuccessDeclarations.lean:9936:    Dbounded.stableBoundaryInputsOfClosedMapW664SourceTriangulationTerminalW801
audit/ProductSuccessDeclarations.lean:9938:    Dbounded.stableBoundaryInputsOfClosedEmbeddingW664SourceTriangulationTerminalW801
audit/ProductSuccessDeclarations.lean:9939:  #check Dbounded.acceptedStableOfClosedMapW664SourceTriangulationTerminalW801
audit/ProductSuccessDeclarations.lean:9941:    Dbounded.acceptedStableOfClosedEmbeddingW664SourceTriangulationTerminalW801
audit/ProductSuccessDeclarations.lean:9943:    Dbounded.boundedDerivedOfClosedMapW664SourceTriangulationTerminalStableBoundaryW801
audit/ProductSuccessDeclarations.lean:9945:    Dbounded.boundedDerivedOfClosedEmbeddingW664SourceTriangulationTerminalStableBoundaryW801
audit/OriginalFourTaskCompletionDeclarations.lean:1031:  LeanLCAExactChallenge.Dbounded.directFiniteShapeStableDataOfClosedMapW664SourceTriangulationTerminalW801
audit/OriginalFourTaskCompletionDeclarations.lean:1033:  LeanLCAExactChallenge.Dbounded.directFiniteShapeStableDataOfClosedEmbeddingW664SourceTriangulationTerminalW801
audit/OriginalFourTaskCompletionDeclarations.lean:1035:  LeanLCAExactChallenge.Dbounded.stableBoundaryInputsOfClosedMapW664SourceTriangulationTerminalW801
audit/OriginalFourTaskCompletionDeclarations.lean:1037:  LeanLCAExactChallenge.Dbounded.stableBoundaryInputsOfClosedEmbeddingW664SourceTriangulationTerminalW801
audit/OriginalFourTaskCompletionDeclarations.lean:1039:  LeanLCAExactChallenge.Dbounded.acceptedStableOfClosedMapW664SourceTriangulationTerminalW801
audit/OriginalFourTaskCompletionDeclarations.lean:1041:  LeanLCAExactChallenge.Dbounded.acceptedStableOfClosedEmbeddingW664SourceTriangulationTerminalW801
audit/OriginalFourTaskCompletionDeclarations.lean:1043:  LeanLCAExactChallenge.Dbounded.boundedDerivedOfClosedMapW664SourceTriangulationTerminalStableBoundaryW801
audit/OriginalFourTaskCompletionDeclarations.lean:1045:  LeanLCAExactChallenge.Dbounded.boundedDerivedOfClosedEmbeddingW664SourceTriangulationTerminalStableBoundaryW801
