LeanLCAExactChallenge/Derived/TrianglehRealizationHomotopyObjectSelectedW461RowsProductRoute.lean:126:noncomputable def directFiniteShapeStableDataOfClosedMapTrianglehRealizationW783
LeanLCAExactChallenge/Derived/TrianglehRealizationHomotopyObjectSelectedW461RowsProductRoute.lean:134:    directFiniteShapeStableDataOfClosedEmbeddingTrianglehRealizationW783
LeanLCAExactChallenge/Derived/TrianglehRealizationHomotopyObjectSelectedW461RowsProductRoute.lean:142:noncomputable def stableBoundaryInputsOfClosedMapTrianglehRealizationW783
LeanLCAExactChallenge/Derived/TrianglehRealizationHomotopyObjectSelectedW461RowsProductRoute.lean:149:noncomputable def stableBoundaryInputsOfClosedEmbeddingTrianglehRealizationW783
LeanLCAExactChallenge/Derived/TrianglehRealizationHomotopyObjectSelectedW461RowsProductRoute.lean:157:noncomputable def acceptedStableOfClosedMapTrianglehRealizationW783
LeanLCAExactChallenge/Derived/TrianglehRealizationHomotopyObjectSelectedW461RowsProductRoute.lean:166:noncomputable def acceptedStableOfClosedEmbeddingTrianglehRealizationW783
LeanLCAExactChallenge/Derived/TrianglehRealizationHomotopyObjectSelectedW461RowsProductRoute.lean:174:noncomputable def boundedDerivedOfClosedMapTrianglehRealizationStableBoundaryW783
LeanLCAExactChallenge/Derived/TrianglehRealizationHomotopyObjectSelectedW461RowsProductRoute.lean:183:    boundedDerivedOfClosedEmbeddingTrianglehRealizationStableBoundaryW783
LeanLCAExactChallenge/Derived/TrianglehRealizationHomotopyObjectSelectedW461RowsProductRoute.lean:235:      "directFiniteShapeStableDataOfClosedMapTrianglehRealizationW783",
LeanLCAExactChallenge/Derived/TrianglehRealizationHomotopyObjectSelectedW461RowsProductRoute.lean:236:      "directFiniteShapeStableDataOfClosedEmbeddingTrianglehRealizationW783",
LeanLCAExactChallenge/Derived/TrianglehRealizationHomotopyObjectSelectedW461RowsProductRoute.lean:237:      "stableBoundaryInputsOfClosedMapTrianglehRealizationW783",
LeanLCAExactChallenge/Derived/TrianglehRealizationHomotopyObjectSelectedW461RowsProductRoute.lean:238:      "stableBoundaryInputsOfClosedEmbeddingTrianglehRealizationW783",
LeanLCAExactChallenge/Derived/TrianglehRealizationHomotopyObjectSelectedW461RowsProductRoute.lean:239:      "acceptedStableOfClosedMapTrianglehRealizationW783",
LeanLCAExactChallenge/Derived/TrianglehRealizationHomotopyObjectSelectedW461RowsProductRoute.lean:240:      "acceptedStableOfClosedEmbeddingTrianglehRealizationW783",
LeanLCAExactChallenge/Derived/TrianglehRealizationHomotopyObjectSelectedW461RowsProductRoute.lean:241:      "boundedDerivedOfClosedMapTrianglehRealizationStableBoundaryW783",
LeanLCAExactChallenge/Derived/TrianglehRealizationHomotopyObjectSelectedW461RowsProductRoute.lean:242:      "boundedDerivedOfClosedEmbeddingTrianglehRealizationStableBoundaryW783",
audit/RequiredDeclarations.lean:984:  LeanLCAExactChallenge.Dbounded.directFiniteShapeStableDataOfClosedMapTrianglehRealizationW783
audit/RequiredDeclarations.lean:986:  LeanLCAExactChallenge.Dbounded.directFiniteShapeStableDataOfClosedEmbeddingTrianglehRealizationW783
audit/RequiredDeclarations.lean:988:  LeanLCAExactChallenge.Dbounded.stableBoundaryInputsOfClosedMapTrianglehRealizationW783
audit/RequiredDeclarations.lean:990:  LeanLCAExactChallenge.Dbounded.stableBoundaryInputsOfClosedEmbeddingTrianglehRealizationW783
audit/RequiredDeclarations.lean:992:  LeanLCAExactChallenge.Dbounded.acceptedStableOfClosedMapTrianglehRealizationW783
audit/RequiredDeclarations.lean:994:  LeanLCAExactChallenge.Dbounded.acceptedStableOfClosedEmbeddingTrianglehRealizationW783
audit/RequiredDeclarations.lean:996:  LeanLCAExactChallenge.Dbounded.boundedDerivedOfClosedMapTrianglehRealizationStableBoundaryW783
audit/RequiredDeclarations.lean:998:  LeanLCAExactChallenge.Dbounded.boundedDerivedOfClosedEmbeddingTrianglehRealizationStableBoundaryW783
audit/ProductSuccessDeclarations.lean:9429:  #check Dbounded.directFiniteShapeStableDataOfClosedMapTrianglehRealizationW783
audit/ProductSuccessDeclarations.lean:9431:    Dbounded.directFiniteShapeStableDataOfClosedEmbeddingTrianglehRealizationW783
audit/ProductSuccessDeclarations.lean:9432:  #check Dbounded.stableBoundaryInputsOfClosedMapTrianglehRealizationW783
audit/ProductSuccessDeclarations.lean:9433:  #check Dbounded.stableBoundaryInputsOfClosedEmbeddingTrianglehRealizationW783
audit/ProductSuccessDeclarations.lean:9434:  #check Dbounded.acceptedStableOfClosedMapTrianglehRealizationW783
audit/ProductSuccessDeclarations.lean:9435:  #check Dbounded.acceptedStableOfClosedEmbeddingTrianglehRealizationW783
audit/ProductSuccessDeclarations.lean:9436:  #check Dbounded.boundedDerivedOfClosedMapTrianglehRealizationStableBoundaryW783
audit/ProductSuccessDeclarations.lean:9438:    Dbounded.boundedDerivedOfClosedEmbeddingTrianglehRealizationStableBoundaryW783
audit/OriginalFourTaskCompletionDeclarations.lean:776:  LeanLCAExactChallenge.Dbounded.directFiniteShapeStableDataOfClosedMapTrianglehRealizationW783
audit/OriginalFourTaskCompletionDeclarations.lean:778:  LeanLCAExactChallenge.Dbounded.directFiniteShapeStableDataOfClosedEmbeddingTrianglehRealizationW783
audit/OriginalFourTaskCompletionDeclarations.lean:780:  LeanLCAExactChallenge.Dbounded.stableBoundaryInputsOfClosedMapTrianglehRealizationW783
audit/OriginalFourTaskCompletionDeclarations.lean:782:  LeanLCAExactChallenge.Dbounded.stableBoundaryInputsOfClosedEmbeddingTrianglehRealizationW783
audit/OriginalFourTaskCompletionDeclarations.lean:784:  LeanLCAExactChallenge.Dbounded.acceptedStableOfClosedMapTrianglehRealizationW783
audit/OriginalFourTaskCompletionDeclarations.lean:786:  LeanLCAExactChallenge.Dbounded.acceptedStableOfClosedEmbeddingTrianglehRealizationW783
audit/OriginalFourTaskCompletionDeclarations.lean:788:  LeanLCAExactChallenge.Dbounded.boundedDerivedOfClosedMapTrianglehRealizationStableBoundaryW783
audit/OriginalFourTaskCompletionDeclarations.lean:790:  LeanLCAExactChallenge.Dbounded.boundedDerivedOfClosedEmbeddingTrianglehRealizationStableBoundaryW783
