LeanLCAExactChallenge.Dbounded.closedMapAcceptedStableBoundedDerivedInfinityCategoryW829DirectLocalizationBoundaryW1534
  (input :
    LeanLCAExactChallenge.Dbounded.W987BoundaryRelationTargetStrictPreimageObjectImageRightAdjointFunctorTargetSurjectivityCompactnessMappedCokernelPi1Pi2Pi3W829StableCertificateFromDirectSourceInputW1534)
  (globalClosedMapComponents : LeanLCAExactChallenge.Dbounded.SelectedDifferenceClosedMapDiagramComponentProviderW718)
  (mappedCokernelClosedMapProvider :
    LeanLCAExactChallenge.WppOpClosedRangeMappedCokernelPreservationV370SupportW519.MappedExplicitCokernelClosedMapProviderW519) :
  LeanLCAExactChallenge.Dbounded.AcceptedStableBoundedDerivedInfinityCategory LeanLCAExactChallenge.MetrizableLCA
LeanLCAExactChallenge.Dbounded.closedEmbeddingAcceptedStableBoundedDerivedInfinityCategoryW829DirectLocalizationBoundaryW1534
  (input :
    LeanLCAExactChallenge.Dbounded.W987BoundaryRelationTargetStrictPreimageObjectImageRightAdjointFunctorTargetSurjectivityCompactnessMappedCokernelPi1Pi2Pi3W829StableCertificateFromDirectSourceInputW1534)
  (globalClosedEmbeddingComponents :
    LeanLCAExactChallenge.Dbounded.SelectedDifferenceClosedEmbeddingDiagramComponentProviderW718)
  (mappedCokernelClosedEmbeddingProvider :
    LeanLCAExactChallenge.WppOpClosedRangeMappedCokernelPreservationV370SupportW519.MappedExplicitCokernelClosedEmbeddingProviderW519) :
  LeanLCAExactChallenge.Dbounded.AcceptedStableBoundedDerivedInfinityCategory LeanLCAExactChallenge.MetrizableLCA
LeanLCAExactChallenge.Dbounded.closedMapStableRouteAcceptedW829DirectLocalizationBoundaryW1534
  (input :
    LeanLCAExactChallenge.Dbounded.W987BoundaryRelationTargetStrictPreimageObjectImageRightAdjointFunctorTargetSurjectivityCompactnessMappedCokernelPi1Pi2Pi3W829StableCertificateFromDirectSourceInputW1534)
  (globalClosedMapComponents : LeanLCAExactChallenge.Dbounded.SelectedDifferenceClosedMapDiagramComponentProviderW718)
  (mappedCokernelClosedMapProvider :
    LeanLCAExactChallenge.WppOpClosedRangeMappedCokernelPreservationV370SupportW519.MappedExplicitCokernelClosedMapProviderW519) :
  (LeanLCAExactChallenge.Dbounded.StableRouteAttempt.fullCertificate
        (LeanLCAExactChallenge.Dbounded.closedMapAcceptedStableBoundedDerivedInfinityCategoryW829DirectLocalizationBoundaryW1534
            input globalClosedMapComponents mappedCokernelClosedMapProvider).certificate).accepted =
    true
LeanLCAExactChallenge.Dbounded.closedEmbeddingStableRouteAcceptedW829DirectLocalizationBoundaryW1534
  (input :
    LeanLCAExactChallenge.Dbounded.W987BoundaryRelationTargetStrictPreimageObjectImageRightAdjointFunctorTargetSurjectivityCompactnessMappedCokernelPi1Pi2Pi3W829StableCertificateFromDirectSourceInputW1534)
  (globalClosedEmbeddingComponents :
    LeanLCAExactChallenge.Dbounded.SelectedDifferenceClosedEmbeddingDiagramComponentProviderW718)
  (mappedCokernelClosedEmbeddingProvider :
    LeanLCAExactChallenge.WppOpClosedRangeMappedCokernelPreservationV370SupportW519.MappedExplicitCokernelClosedEmbeddingProviderW519) :
  (LeanLCAExactChallenge.Dbounded.StableRouteAttempt.fullCertificate
        (LeanLCAExactChallenge.Dbounded.closedEmbeddingAcceptedStableBoundedDerivedInfinityCategoryW829DirectLocalizationBoundaryW1534
            input globalClosedEmbeddingComponents mappedCokernelClosedEmbeddingProvider).certificate).accepted =
    true
LeanLCAExactChallenge.Dbounded.closedMapBoundedDerivedInfinityCategoryOfW829AcceptedDirectLocalizationBoundaryW1534
  (input :
    LeanLCAExactChallenge.Dbounded.W987BoundaryRelationTargetStrictPreimageObjectImageRightAdjointFunctorTargetSurjectivityCompactnessMappedCokernelPi1Pi2Pi3W829StableCertificateFromDirectSourceInputW1534)
  (globalClosedMapComponents : LeanLCAExactChallenge.Dbounded.SelectedDifferenceClosedMapDiagramComponentProviderW718)
  (mappedCokernelClosedMapProvider :
    LeanLCAExactChallenge.WppOpClosedRangeMappedCokernelPreservationV370SupportW519.MappedExplicitCokernelClosedMapProviderW519) :
  LeanLCAExactChallenge.BoundedDerivedInfinityCategory LeanLCAExactChallenge.MetrizableLCA
    (LeanLCAExactChallenge.Dbounded.infinityCategory LeanLCAExactChallenge.MetrizableLCA)
LeanLCAExactChallenge.Dbounded.closedEmbeddingBoundedDerivedInfinityCategoryOfW829AcceptedDirectLocalizationBoundaryW1534
  (input :
    LeanLCAExactChallenge.Dbounded.W987BoundaryRelationTargetStrictPreimageObjectImageRightAdjointFunctorTargetSurjectivityCompactnessMappedCokernelPi1Pi2Pi3W829StableCertificateFromDirectSourceInputW1534)
  (globalClosedEmbeddingComponents :
    LeanLCAExactChallenge.Dbounded.SelectedDifferenceClosedEmbeddingDiagramComponentProviderW718)
  (mappedCokernelClosedEmbeddingProvider :
    LeanLCAExactChallenge.WppOpClosedRangeMappedCokernelPreservationV370SupportW519.MappedExplicitCokernelClosedEmbeddingProviderW519) :
  LeanLCAExactChallenge.BoundedDerivedInfinityCategory LeanLCAExactChallenge.MetrizableLCA
    (LeanLCAExactChallenge.Dbounded.infinityCategory LeanLCAExactChallenge.MetrizableLCA)
LeanLCAExactChallenge.Dbounded.currentW1534W987BoundaryRelationTargetStrictPreimageObjectImageRightAdjointFunctorTargetSurjectivityCompactnessMappedCokernelPi1Pi2Pi3W829StableCertificateFromDirectSource_productSuccess :
  LeanLCAExactChallenge.Dbounded.currentW987BoundaryRelationTargetStrictPreimageObjectImageRightAdjointFunctorTargetSurjectivityCompactnessMappedCokernelPi1Pi2Pi3W829StableCertificateFromDirectSourceStateW1534.productSuccessClaimed =
    false
