LeanLCAExactChallenge.Dbounded.closedMapStrictRealizationComparisonDataOfSelectedCochainW1613
  (data : MetrizableClosedMapExactAcyclicSelectedCochainDirectSourceStableRouteDataW847) :
  MetrizableClosedMapStrictRealizationDirectSourceStableRouteDataW846
LeanLCAExactChallenge.Dbounded.closedEmbeddingStrictRealizationComparisonDataOfSelectedCochainW1613
  (data : MetrizableClosedEmbeddingExactAcyclicSelectedCochainDirectSourceStableRouteDataW847) :
  MetrizableClosedEmbeddingStrictRealizationDirectSourceStableRouteDataW846
LeanLCAExactChallenge.Dbounded.productEvidenceOfClosedMapSelectedCochainComparisonW1613
  (data : MetrizableClosedMapExactAcyclicSelectedCochainDirectSourceStableRouteDataW847) :
  MetrizableWppKernelCokernelProductEvidenceW767
LeanLCAExactChallenge.Dbounded.productEvidenceOfClosedEmbeddingSelectedCochainComparisonW1613
  (data : MetrizableClosedEmbeddingExactAcyclicSelectedCochainDirectSourceStableRouteDataW847) :
  MetrizableWppKernelCokernelProductEvidenceW767
LeanLCAExactChallenge.Dbounded.boundedDerivedOfClosedMapSelectedCochainComparisonW1613
  (data : MetrizableClosedMapExactAcyclicSelectedCochainDirectSourceStableRouteDataW847) :
  BoundedDerivedInfinityCategory MetrizableLCA (infinityCategory MetrizableLCA)
LeanLCAExactChallenge.Dbounded.boundedDerivedOfClosedEmbeddingSelectedCochainComparisonW1613
  (data : MetrizableClosedEmbeddingExactAcyclicSelectedCochainDirectSourceStableRouteDataW847) :
  BoundedDerivedInfinityCategory MetrizableLCA (infinityCategory MetrizableLCA)
LeanLCAExactChallenge.Dbounded.currentW1613BoundarySourcePiZeroSelectedCochainComparisonRoute_productSuccess :
  (have state := currentMetrizableBoundarySourcePiZeroSelectedCochainComparisonRouteStateW1613;
    state.productSuccessClaimed) =
    false
