LeanLCAExactChallenge/Derived/BranchLocalizedExactInputsLeftCalculusRoute.lean:255:  productSuccessClaimed := false
LeanLCAExactChallenge/Derived/BranchLocalizedExactInputsLeftCalculusRoute.lean:257:theorem currentMetrizableBranchLocalizedExactInputsLeftCalculusRouteStateW836_productSuccess :
LeanLCAExactChallenge/Derived/ExactInputsLeftCalculusRoute.lean:247:  productSuccessClaimed := false
LeanLCAExactChallenge/Derived/ExactInputsLeftCalculusRoute.lean:249:theorem currentMetrizableExactInputsIsoClosureLeftCalculusRouteStateW835_productSuccess :
audit/RequiredDeclarations.lean:1592:  LeanLCAExactChallenge.Dbounded.currentMetrizableDirectLeftCalculusRouteStateW830_productSuccess
audit/RequiredDeclarations.lean:1617:  LeanLCAExactChallenge.Dbounded.currentMetrizableComparisonBijectivityLeftCalculusRouteStateW831_productSuccess
audit/RequiredDeclarations.lean:1634:  LeanLCAExactChallenge.Dbounded.currentMetrizableTargetExactAtLeftCalculusRouteStateW832_productSuccess
audit/RequiredDeclarations.lean:1651:  LeanLCAExactChallenge.Dbounded.currentMetrizableTargetIsoLeftCalculusRouteStateW833_productSuccess
audit/RequiredDeclarations.lean:1669:  LeanLCAExactChallenge.Dbounded.currentMetrizableIsoClosureLeftCalculusRouteStateW834_productSuccess
audit/RequiredDeclarations.lean:1704:  LeanLCAExactChallenge.Dbounded.currentMetrizableExactInputsIsoClosureLeftCalculusRouteStateW835_productSuccess
audit/RequiredDeclarations.lean:1741:  LeanLCAExactChallenge.Dbounded.currentMetrizableBranchLocalizedExactInputsLeftCalculusRouteStateW836_productSuccess
audit/ProductSuccessDeclarations.lean:3718:  Dbounded.currentMetrizableKernelCokernelConditionedWppTransferStableRouteStateW669_productSuccess
audit/ProductSuccessDeclarations.lean:3726:#check Dbounded.currentMetrizableEndpointWppTransferStableRouteStateW605_productSuccess
audit/ProductSuccessDeclarations.lean:4409:#check Dbounded.currentMetrizableWppSourceDifferenceTransferStateW567_productSuccess
audit/ProductSuccessDeclarations.lean:4431:#check Dbounded.currentMetrizableWppRightOpenQuotientSourceDifferenceTransferStateW568_productSuccess
audit/ProductSuccessDeclarations.lean:4535:#check Dbounded.currentMetrizableWppRightOpenQuotientSourceBoundaryTransferStateW569_productSuccess
audit/ProductSuccessDeclarations.lean:4550:  Dbounded.currentMetrizableWppRightOpenQuotientEpiRepresentativeImageClosedMapBundleStateW570_productSuccess
audit/ProductSuccessDeclarations.lean:4569:  Dbounded.currentMetrizableWppRightOpenQuotientEpiDirectRightFieldsBundleStateW571_productSuccess
audit/ProductSuccessDeclarations.lean:4588:  Dbounded.currentMetrizableWppRightOpenClosedQuotientEpiDirectRightFieldsBundleStateW572_productSuccess
audit/ProductSuccessDeclarations.lean:4611:  Dbounded.currentMetrizableWppRightOpenClosedQuotientPiZeroDirectRightFieldsBundleStateW573_productSuccess
audit/ProductSuccessDeclarations.lean:4628:  Dbounded.currentMetrizableWppRightOpenClosedQuotientPiZeroTopTargetClosedMapBundleStateW574_productSuccess
audit/ProductSuccessDeclarations.lean:4645:  Dbounded.currentMetrizableWppRightOpenClosedQuotientPiZeroTopTargetClosedEmbeddingBundleStateW575_productSuccess
audit/ProductSuccessDeclarations.lean:4673:  Dbounded.currentMetrizableWppRightOpenClosedQuotientPiZeroCompactTargetBundleStateW576_productSuccess
audit/ProductSuccessDeclarations.lean:4703:  Dbounded.currentMetrizableWppRightOpenClosedQuotientPiZeroCompactTargetNormalizedBundleStateW577_productSuccess
audit/ProductSuccessDeclarations.lean:4737:  Dbounded.currentMetrizableWppRightOpenClosedQuotientPiZeroCompactTargetNormalizedStableBundleStateW578_productSuccess
audit/ProductSuccessDeclarations.lean:4839:  Dbounded.currentMetrizableExactAtEndpointTopologyRouteStateW602_productSuccess
audit/ProductSuccessDeclarations.lean:4864:  Dbounded.currentMetrizableExactAtEndpointConditionedTopologyRouteStateW667_productSuccess
audit/ProductSuccessDeclarations.lean:4898:  Dbounded.currentMetrizableExactAtKernelCokernelConditionedTopologyRouteStateW668_productSuccess
audit/ProductSuccessDeclarations.lean:4933:  Dbounded.currentMetrizableExactAcyclicIsoClosedEndpointRouteStateW603_productSuccess
audit/ProductSuccessDeclarations.lean:4945:#check Dbounded.currentMetrizableEndpointCalculusRouteStateW604_productSuccess
audit/ProductSuccessDeclarations.lean:4982:  Dbounded.currentMetrizableWppRightOpenClosedQuotientPiZeroCompactTargetHomotopyIsoClosedStableBundleStateW579_productSuccess
audit/ProductSuccessDeclarations.lean:5004:#check Dbounded.currentMetrizableWppClosedEmbeddingRowsDominanceStateW580_productSuccess
audit/ProductSuccessDeclarations.lean:5018:#check Dbounded.currentMetrizableWppGlobalClosedEmbeddingProviderNarrowingStateW581_productSuccess
audit/ProductSuccessDeclarations.lean:5041:#check Dbounded.currentMetrizableWppGlobalClosedMapProviderNarrowingStateW591_productSuccess
audit/ProductSuccessDeclarations.lean:5058:#check Dbounded.currentMetrizableWppGlobalClosedEmbeddingStableRouteStateW592_productSuccess
audit/ProductSuccessDeclarations.lean:5085:  Dbounded.currentMetrizableWppSplitCompactTargetGlobalClosedMapStableRouteStateW593_productSuccess
audit/ProductSuccessDeclarations.lean:5109:  Dbounded.currentMetrizableWppSplitCompactTargetGlobalClosedEmbeddingStableRouteStateW594_productSuccess
audit/ProductSuccessDeclarations.lean:5117:  Dbounded.currentMetrizableWppSplitCompactTargetExactAcyclicEndpointStateW595_productSuccess
audit/ProductSuccessDeclarations.lean:5126:#check Dbounded.currentMetrizableWppSplitCompactTargetColimitStabilityStateW596_productSuccess
audit/ProductSuccessDeclarations.lean:5142:  Dbounded.currentMetrizableWppTopTargetCompactSpaceSplitCompactTargetStateW597_productSuccess
audit/ProductSuccessDeclarations.lean:5179:#check Dbounded.currentMetrizableWppTopTargetCompactSpaceStableRouteStateW598_productSuccess
audit/ProductSuccessDeclarations.lean:5217:  Dbounded.currentMetrizableWppTopTargetCompactSpaceRowsStableRouteStateW599_productSuccess
audit/ProductSuccessDeclarations.lean:5266:  Dbounded.currentMetrizableWppSplitTopTargetCompactSpaceRowsStableRouteStateW600_productSuccess
audit/ProductSuccessDeclarations.lean:5281:#check Dbounded.currentMetrizableWppTargetSurjectiveCompactAdapterStateW601_productSuccess
audit/ProductSuccessDeclarations.lean:5310:#check Dbounded.currentMetrizableWppTargetSurjectiveCompactEndpointStableRouteStateW606_productSuccess
audit/ProductSuccessDeclarations.lean:5350:  Dbounded.currentMetrizableWppRelationFieldsTargetSurjectiveCompactEndpointRouteStateW607_productSuccess
audit/ProductSuccessDeclarations.lean:5374:  Dbounded.currentMetrizableWppRelationFieldsTargetSurjectiveCompactShortExactRouteStateW608_productSuccess
audit/ProductSuccessDeclarations.lean:5404:  Dbounded.currentMetrizableWppRelationFieldsTargetSurjectiveCompactClosedEmbeddingDominanceRouteStateW609_productSuccess
audit/ProductSuccessDeclarations.lean:5440:  Dbounded.currentMetrizableWppRelationFieldsTargetSurjectiveCompactGlobalClosedEmbeddingRouteStateW610_productSuccess
audit/ProductSuccessDeclarations.lean:5472:  Dbounded.currentMetrizableWppRelationFieldsTargetSurjectiveCompactGlobalClosedMapRouteStateW611_productSuccess
audit/ProductSuccessDeclarations.lean:5499:  Dbounded.currentMetrizableWppRelationFieldsTargetTopCompactGlobalClosedMapRouteStateW612_productSuccess
audit/ProductSuccessDeclarations.lean:5527:  Dbounded.currentMetrizableWppRelationFieldsTargetTopCompactGlobalClosedEmbeddingRouteStateW613_productSuccess
audit/ProductSuccessDeclarations.lean:5554:  Dbounded.currentMetrizableWppRelationFieldsTargetTopCompactClosedMapRowsRouteStateW614_productSuccess
audit/ProductSuccessDeclarations.lean:5583:  Dbounded.currentMetrizableWppRelationFieldsTargetTopCompactClosedEmbeddingRowsRouteStateW615_productSuccess
audit/ProductSuccessDeclarations.lean:5613:  Dbounded.currentMetrizableWppRelationFieldsTargetTopCompactClosedEmbeddingRowsDominanceRouteStateW616_productSuccess
audit/ProductSuccessDeclarations.lean:5643:  Dbounded.currentMetrizableWppRelationFieldsTargetTopCompactGlobalClosedEmbeddingDominanceRouteStateW617_productSuccess
audit/ProductSuccessDeclarations.lean:5669:  Dbounded.currentMetrizableWppRelationFieldsTargetTopCompactGlobalClosedMapRowsRouteStateW618_productSuccess
audit/ProductSuccessDeclarations.lean:5702:  Dbounded.currentMetrizableWppRelationFieldsTargetTopCompactGlobalClosedEmbeddingViaGlobalClosedMapRowsRouteStateW619_productSuccess
audit/ProductSuccessDeclarations.lean:5734:  Dbounded.currentMetrizableWppRelationFieldsTargetSurjectiveCompactGlobalClosedEmbeddingViaGlobalClosedMapRowsRouteStateW620_productSuccess
audit/ProductSuccessDeclarations.lean:5758:  Dbounded.currentMetrizableWppSplitCompactTargetGlobalClosedEmbeddingViaGlobalClosedMapStableRouteStateW621_productSuccess
audit/ProductSuccessDeclarations.lean:5782:  Dbounded.currentMetrizableWppTopTargetCompactSpaceGlobalClosedEmbeddingViaGlobalClosedMapStableRouteStateW622_productSuccess
audit/ProductSuccessDeclarations.lean:5806:  Dbounded.currentMetrizableWppTopTargetCompactSpaceClosedEmbeddingRowsViaClosedMapRowsStableRouteStateW623_productSuccess
audit/ProductSuccessDeclarations.lean:5830:  Dbounded.currentMetrizableWppSplitTopTargetCompactSpaceClosedEmbeddingRowsViaClosedMapRowsStableRouteStateW624_productSuccess
audit/ProductSuccessDeclarations.lean:5854:  Dbounded.currentMetrizableWppTopTargetCompactSpaceGlobalClosedMapRowsStableRouteStateW626_productSuccess
audit/ProductSuccessDeclarations.lean:5878:  Dbounded.currentMetrizableWppTopTargetCompactSpaceGlobalClosedEmbeddingViaGlobalClosedMapRowsStableRouteStateW627_productSuccess
audit/ProductSuccessDeclarations.lean:5904:  Dbounded.currentMetrizableWppRelationFieldsTargetSurjectiveCompactGlobalClosedEmbeddingHomotopyIsoRowsRouteStateW628_productSuccess
audit/ProductSuccessDeclarations.lean:5930:  Dbounded.currentMetrizableWppRelationFieldsTargetSurjectiveCompactGlobalClosedMapHomotopyIsoRowsRouteStateW629_productSuccess
audit/ProductSuccessDeclarations.lean:5957:  Dbounded.currentMetrizableWppTargetSurjectiveCompactGlobalClosedMapHomotopyIsoRowsRouteStateW630_productSuccess
audit/ProductSuccessDeclarations.lean:5984:  Dbounded.currentMetrizableWppTargetSurjectiveCompactGlobalClosedEmbeddingHomotopyIsoRowsRouteStateW631_productSuccess
audit/ProductSuccessDeclarations.lean:6016:  Dbounded.currentMetrizableWppTargetSurjectiveCompactRowsHomotopyIsoRouteStateW632_productSuccess
audit/ProductSuccessDeclarations.lean:6048:  Dbounded.currentMetrizableWppRelationFieldsTargetSurjectiveCompactRowsHomotopyIsoRouteStateW633_productSuccess
audit/ProductSuccessDeclarations.lean:6080:  Dbounded.currentMetrizableWppRelationFieldsTargetTopCompactRowsHomotopyIsoRouteStateW634_productSuccess
audit/ProductSuccessDeclarations.lean:6112:  Dbounded.currentMetrizableWppRelationFieldsTargetTopCompactGlobalProvidersHomotopyIsoRouteStateW635_productSuccess
audit/ProductSuccessDeclarations.lean:6144:  Dbounded.currentMetrizableWppRelationFieldsTargetSurjectiveCompactGlobalProvidersDirectRowsHomotopyIsoRouteStateW636_productSuccess
audit/ProductSuccessDeclarations.lean:6180:  Dbounded.currentMetrizableWppTargetSurjectiveCompactGlobalProvidersDirectRowsHomotopyIsoRouteStateW637_productSuccess
audit/ProductSuccessDeclarations.lean:6210:  Dbounded.currentMetrizableWppTargetSurjectiveCompactRowsHomotopyEquivLocalizedRightAdjointRouteStateW638_productSuccess
audit/ProductSuccessDeclarations.lean:6242:  Dbounded.currentMetrizableWppTargetSurjectiveCompactGlobalProvidersDirectRowsHomotopyEquivLocalizedRightAdjointRouteStateW639_productSuccess
audit/ProductSuccessDeclarations.lean:6278:  Dbounded.currentMetrizableWppTargetSurjectiveCompactRowsFixedTargetHomotopyEquivLocalizedRightAdjointRouteStateW640_productSuccess
audit/ProductSuccessDeclarations.lean:6318:  Dbounded.currentMetrizableWppTargetSurjectiveCompactGlobalProvidersFixedTargetHomotopyEquivLocalizedRightAdjointRouteStateW641_productSuccess
audit/ProductSuccessDeclarations.lean:6358:  Dbounded.currentMetrizableWppRelationFieldsTargetSurjectiveCompactGlobalProvidersFixedTargetHomotopyEquivLocalizedRightAdjointRouteStateW642_productSuccess
audit/ProductSuccessDeclarations.lean:6396:  Dbounded.currentMetrizableWppTopTargetCompactSpaceRowsFixedTargetHomotopyEquivLocalizedRightAdjointRouteStateW643_productSuccess
audit/ProductSuccessDeclarations.lean:6436:  Dbounded.currentMetrizableWppTopTargetCompactSpaceGlobalProvidersFixedTargetHomotopyEquivLocalizedRightAdjointRouteStateW644_productSuccess
audit/ProductSuccessDeclarations.lean:6476:  Dbounded.currentMetrizableWppRelationFieldsTargetTopCompactGlobalProvidersFixedTargetHomotopyEquivLocalizedRightAdjointRouteStateW645_productSuccess
audit/ProductSuccessDeclarations.lean:6518:  Dbounded.currentMetrizableWppRelationFieldsTargetTopCompactGlobalProvidersNormalizedFixedTargetHomotopyEquivLocalizedRightAdjointRouteStateW646_productSuccess
audit/ProductSuccessDeclarations.lean:6566:    Dbounded.currentMetrizableWppRelationFieldsTargetTopCompactGlobalProvidersNormalizedFixedTargetEndpointShortExactRouteStateW647_productSuccess
audit/ProductSuccessDeclarations.lean:6610:    Dbounded.currentMetrizableWppGenericFiniteShapeEndpointShortExactRouteStateW648_productSuccess
audit/ProductSuccessDeclarations.lean:6670:    Dbounded.currentMetrizableWppDirectFiniteShapeEndpointShortExactRouteStateW649_productSuccess
audit/ProductSuccessDeclarations.lean:6698:    Dbounded.currentMetrizableWppRelationFieldsTargetSurjectiveCompactGenericEndpointShortExactRouteStateW650_productSuccess
audit/ProductSuccessDeclarations.lean:6722:    Dbounded.currentMetrizableTrianglehIso13StableFieldRouteStateW651_productSuccess
audit/ProductSuccessDeclarations.lean:6750:    Dbounded.currentMetrizableWppTrianglehPayloadGenericEndpointShortExactRouteStateW652_productSuccess
audit/ProductSuccessDeclarations.lean:6788:    Dbounded.currentMetrizableWppDirectFiniteShapeTrianglehPayloadRouteStateW653_productSuccess
audit/ProductSuccessDeclarations.lean:6808:    Dbounded.currentMetrizableDirectLocalizationTriangulatedRouteStateW654_productSuccess
audit/ProductSuccessDeclarations.lean:6846:    Dbounded.currentMetrizableWppDirectFiniteShapeDirectLocalizationPayloadRouteStateW655_productSuccess
audit/ProductSuccessDeclarations.lean:6886:    Dbounded.currentMetrizableWppDirectFiniteShapeDirectLocalizationCoreRouteStateW656_productSuccess
audit/ProductSuccessDeclarations.lean:6928:    Dbounded.currentMetrizableWppDirectFiniteShapeDirectLocalizationNoCommShiftRouteStateW657_productSuccess
audit/ProductSuccessDeclarations.lean:6968:    Dbounded.currentMetrizableWppDirectFiniteShapeDirectLocalizationTargetIsoRouteStateW658_productSuccess
audit/ProductSuccessDeclarations.lean:7006:    Dbounded.currentMetrizableWppDirectFiniteShapeDirectLocalizationClosed2RouteStateW659_productSuccess
audit/ProductSuccessDeclarations.lean:7050:    Dbounded.currentMetrizableWppDirectFiniteShapeHomotopyClosed2RouteStateW660_productSuccess
audit/ProductSuccessDeclarations.lean:7094:    Dbounded.currentMetrizableWppDirectFiniteShapeRealizationRouteStateW661_productSuccess
audit/ProductSuccessDeclarations.lean:7134:    Dbounded.currentMetrizableWppDirectFiniteShapeObjectTargetIsoRouteStateW662_productSuccess
audit/ProductSuccessDeclarations.lean:7176:    Dbounded.currentMetrizableWppDirectFiniteShapeTargetExactAtRouteStateW663_productSuccess
audit/ProductSuccessDeclarations.lean:7218:    Dbounded.currentMetrizableWppDirectFiniteShapeTargetHomologyZeroRouteStateW664_productSuccess
audit/ProductSuccessDeclarations.lean:7260:    Dbounded.currentMetrizableWppDirectFiniteShapeForgetfulHomologicalKernelRouteStateW665_productSuccess
audit/ProductSuccessDeclarations.lean:7306:    Dbounded.currentMetrizableWppDirectFiniteShapeEndpointKernelRouteStateW666_productSuccess
audit/ProductSuccessDeclarations.lean:7328:    Dbounded.currentMetrizableWppDirectFiniteShapeKernelCokernelConditionedRouteStateW670_productSuccess
audit/ProductSuccessDeclarations.lean:7356:    Dbounded.currentMetrizableWppDirectFiniteShapeKernelPayloadRouteStateW671_productSuccess
audit/ProductSuccessDeclarations.lean:7388:    Dbounded.currentMetrizableWppNormalizedFixedTargetKernelPayloadRouteStateW672_productSuccess
audit/ProductSuccessDeclarations.lean:7420:    Dbounded.currentMetrizableWppCompactTargetKernelPayloadRouteStateW673_productSuccess
audit/ProductSuccessDeclarations.lean:7452:    Dbounded.currentMetrizableWppSplitCompactTargetKernelPayloadRouteStateW674_productSuccess
audit/ProductSuccessDeclarations.lean:7484:    Dbounded.currentMetrizableWppTopTargetCompactSpaceKernelPayloadRouteStateW675_productSuccess
audit/ProductSuccessDeclarations.lean:7516:    Dbounded.currentMetrizableWppTargetSurjectiveCompactGlobalProviderKernelPayloadRouteStateW676_productSuccess
audit/ProductSuccessDeclarations.lean:7548:    Dbounded.currentMetrizableWppRelationFieldsTargetSurjectiveCompactGlobalProviderKernelPayloadRouteStateW677_productSuccess
audit/ProductSuccessDeclarations.lean:7580:    Dbounded.currentMetrizableWppRelationFieldsTargetTopCompactGlobalProviderKernelPayloadRouteStateW678_productSuccess
audit/ProductSuccessDeclarations.lean:7612:    Dbounded.currentMetrizableWppRelationFieldsTargetTopCompactRowsKernelPayloadRouteStateW679_productSuccess
audit/ProductSuccessDeclarations.lean:7640:    Dbounded.currentMetrizableWppRelationFieldsTargetTopCompactRowsHomotopyEquivLocalizedRightAdjointRouteStateW680_productSuccess
audit/ProductSuccessDeclarations.lean:7674:    Dbounded.currentMetrizableWppRelationFieldsTargetTopCompactRowsKernelCokernelHomotopyEquivRouteStateW681_productSuccess
audit/ProductSuccessDeclarations.lean:7714:    Dbounded.currentMetrizableWppRelationFieldsTargetTopCompactRowsKernelCokernelHomotopyEquivDirectLocalizationRouteStateW682_productSuccess
audit/ProductSuccessDeclarations.lean:8475:    Dbounded.currentMetrizableWppClosureKernelExactLeftFixedOpenRouteStateW738_productSuccess
audit/ProductSuccessDeclarations.lean:8491:    Dbounded.currentMetrizableWppClosureKernelComparisonAlgebraicLeftRouteStateW739_productSuccess
audit/ProductSuccessDeclarations.lean:8507:    Dbounded.currentMetrizableWppClosureKernelComparisonSnakeLeftRouteStateW740_productSuccess
audit/ProductSuccessDeclarations.lean:8521:    Dbounded.currentMetrizableWppClosureKernelComparisonProjectionFieldsLeftRouteStateW741_productSuccess
audit/ProductSuccessDeclarations.lean:8535:    Dbounded.currentMetrizableWppClosureKernelComparisonSelectedW461ProjectionFieldsLeftRouteStateW742_productSuccess
audit/ProductSuccessDeclarations.lean:8549:    Dbounded.currentMetrizableWppClosureKernelComparisonSelectedW461ComponentwiseProjectionLeftRouteStateW743_productSuccess
audit/ProductSuccessDeclarations.lean:8563:    Dbounded.currentMetrizableWppClosureKernelComparisonSelectedW461W477ProjectionLeftRouteStateW744_productSuccess
audit/ProductSuccessDeclarations.lean:8577:    Dbounded.currentMetrizableWppClosureKernelComparisonW478W477ProjectionLeftRouteStateW745_productSuccess
audit/ProductSuccessDeclarations.lean:8591:    Dbounded.currentMetrizableWppClosureKernelComparisonW480W477ProjectionLeftRouteStateW746_productSuccess
audit/ProductSuccessDeclarations.lean:8605:    Dbounded.currentMetrizableWppClosureKernelComparisonW480W484ProjectionLeftRouteStateW747_productSuccess
audit/ProductSuccessDeclarations.lean:8616:    Dbounded.currentMetrizableWppW480ClosedRangeOnlyRowsRouteStateW748_productSuccess
audit/ProductSuccessDeclarations.lean:8630:    Dbounded.currentMetrizableWppW480ClosedMapRowsRouteStateW749_productSuccess
audit/ProductSuccessDeclarations.lean:8645:    Dbounded.currentMetrizableWppW480GlobalClosedProviderRouteStateW750_productSuccess
audit/ProductSuccessDeclarations.lean:8663:    Dbounded.currentMetrizableWppW480ExplicitClosedComponentsRouteStateW751_productSuccess
audit/ProductSuccessDeclarations.lean:8683:    Dbounded.currentMetrizableWppW480CanonicalOrdinaryExplicitClosedComponentsRouteStateW752_productSuccess
audit/ProductSuccessDeclarations.lean:8702:    Dbounded.currentMetrizableWppRelationFieldsExplicitClosedComponentsRouteStateW753_productSuccess
audit/ProductSuccessDeclarations.lean:8721:    Dbounded.currentMetrizableWppRelationFieldsDiagramClosedComponentsRouteStateW754_productSuccess
audit/ProductSuccessDeclarations.lean:8741:    Dbounded.currentMetrizableWppExplicitRelationFieldsDiagramClosedComponentsRouteStateW755_productSuccess
audit/ProductSuccessDeclarations.lean:8760:    Dbounded.currentMetrizableWppRelationDataDiagramComponentProviderRouteStateW756_productSuccess
audit/ProductSuccessDeclarations.lean:8780:    Dbounded.currentMetrizableWppCategoryHomologyInstanceConcreteLeafExactnessRouteStateW757_productSuccess
audit/ProductSuccessDeclarations.lean:8801:    Dbounded.currentMetrizableWppLeftRightComparisonConcreteLeafExactStableRouteStateW758_productSuccess
audit/ProductSuccessDeclarations.lean:8817:    Dbounded.currentMetrizableWppBoundaryRelationConcreteLeafExactStableRouteStateW759_productSuccess
audit/ProductSuccessDeclarations.lean:8837:    Dbounded.currentMetrizableWppCategoryHomologyConcreteLeafExactStableRouteStateW760_productSuccess
audit/ProductSuccessDeclarations.lean:8857:    Dbounded.currentMetrizableWppCategoryHomologyInstanceConcreteLeafExactStableRouteStateW761_productSuccess
audit/ProductSuccessDeclarations.lean:8877:    Dbounded.currentMetrizableWppLeftRightComparisonConcreteLeafExactStableRouteStateW762_productSuccess
audit/ProductSuccessDeclarations.lean:8895:    Dbounded.currentMetrizableWppRouteDataExactStableBridgeStateW763_productSuccess
audit/ProductSuccessDeclarations.lean:8919:    Dbounded.currentMetrizableWppLeftRightComparisonRouteDataExactStableStateW764_productSuccess
audit/ProductSuccessDeclarations.lean:8943:    Dbounded.currentMetrizableWppCategoryHomologyInstanceRouteDataExactStableStateW765_productSuccess
audit/ProductSuccessDeclarations.lean:8967:    Dbounded.currentMetrizableKernelCokernelCategoryHomologyWppTransferStableRouteStateW766_productSuccess
audit/ProductSuccessDeclarations.lean:8989:    Dbounded.currentMetrizableKernelCokernelCategoryHomologyProductRouteStateW767_productSuccess
audit/ProductSuccessDeclarations.lean:9013:    Dbounded.currentMetrizableKernelCokernelLeftRightComparisonProductRouteStateW768_productSuccess
audit/ProductSuccessDeclarations.lean:9046:    Dbounded.currentMetrizableLeftRightComparisonDirectFiniteShapeProductRouteStateW769_productSuccess
audit/ProductSuccessDeclarations.lean:9068:    Dbounded.currentMetrizableBranchLocalizedDirectFiniteShapeProductRouteStateW770_productSuccess
audit/ProductSuccessDeclarations.lean:9084:    Dbounded.currentMetrizableClosureKernelDirectFiniteShapeProductRouteStateW771_productSuccess
audit/ProductSuccessDeclarations.lean:9098:  #check Dbounded.currentMetrizableClosedRangeDirectFiniteShapeProductRouteStateW772_productSuccess
audit/ProductSuccessDeclarations.lean:10417:#check Dbounded.currentMetrizableDirectLeftCalculusRouteStateW830_productSuccess
audit/ProductSuccessDeclarations.lean:10426:#check Dbounded.currentMetrizableComparisonBijectivityLeftCalculusRouteStateW831_productSuccess
audit/ProductSuccessDeclarations.lean:10434:#check Dbounded.currentMetrizableTargetExactAtLeftCalculusRouteStateW832_productSuccess
audit/ProductSuccessDeclarations.lean:10443:#check Dbounded.currentMetrizableTargetIsoLeftCalculusRouteStateW833_productSuccess
audit/ProductSuccessDeclarations.lean:10453:#check Dbounded.currentMetrizableIsoClosureLeftCalculusRouteStateW834_productSuccess
audit/ProductSuccessDeclarations.lean:10467:#check Dbounded.currentMetrizableExactInputsIsoClosureLeftCalculusRouteStateW835_productSuccess
audit/ProductSuccessDeclarations.lean:10483:#check Dbounded.currentMetrizableBranchLocalizedExactInputsLeftCalculusRouteStateW836_productSuccess
audit/ProductSuccessDeclarations.lean:10499:#check Dbounded.currentMetrizableStrictRealizationLeftCalculusRouteStateW837_productSuccess
audit/OriginalFourTaskCompletionDeclarations.lean:575:  LeanLCAExactChallenge.Dbounded.currentMetrizableExactInputsIsoClosureLeftCalculusRouteStateW835_productSuccess
audit/OriginalFourTaskCompletionDeclarations.lean:613:  LeanLCAExactChallenge.Dbounded.currentMetrizableBranchLocalizedExactInputsLeftCalculusRouteStateW836_productSuccess
audit/OriginalFourTaskCompletionDeclarations.lean:1441:  LeanLCAExactChallenge.Dbounded.currentMetrizableDirectLeftCalculusRouteStateW830_productSuccess
audit/OriginalFourTaskCompletionDeclarations.lean:1466:  LeanLCAExactChallenge.Dbounded.currentMetrizableComparisonBijectivityLeftCalculusRouteStateW831_productSuccess
audit/OriginalFourTaskCompletionDeclarations.lean:1483:  LeanLCAExactChallenge.Dbounded.currentMetrizableTargetExactAtLeftCalculusRouteStateW832_productSuccess
audit/OriginalFourTaskCompletionDeclarations.lean:1500:  LeanLCAExactChallenge.Dbounded.currentMetrizableTargetIsoLeftCalculusRouteStateW833_productSuccess
audit/OriginalFourTaskCompletionDeclarations.lean:1518:  LeanLCAExactChallenge.Dbounded.currentMetrizableIsoClosureLeftCalculusRouteStateW834_productSuccess
audit/OriginalFourTaskCompletionDeclarations.lean:1667:    Dbounded.currentMetrizableSemanticStableRouteState.productSuccessClaimed = false :=
audit/OriginalFourTaskCompletionDeclarations.lean:1668:  Dbounded.currentMetrizableSemanticStableRouteState_productSuccess
audit/OriginalFourTaskCompletionDeclarations.lean:1863:    Dbounded.currentMetrizableSelectedCochainClosed2RouteStateW848.productSuccessClaimed =
audit/OriginalFourTaskCompletionDeclarations.lean:1873:    Dbounded.currentMetrizableSelectedCochainExactInputsRouteStateW849.productSuccessClaimed =
audit/OriginalFourTaskCompletionDeclarations.lean:1883:    Dbounded.currentMetrizableExactInputsSelectedCochainDirectSourceStableRouteStateW850.productSuccessClaimed =
audit/OriginalFourTaskCompletionDeclarations.lean:1893:    Dbounded.currentMetrizableComparisonSelectedCochainStableRouteStateW851.productSuccessClaimed =
audit/OriginalFourTaskCompletionDeclarations.lean:1903:    Dbounded.currentMetrizableRouteDataSelectedCochainStableRouteStateW852.productSuccessClaimed =
audit/OriginalFourTaskCompletionDeclarations.lean:1913:    Dbounded.currentMetrizableHomologyFreeSelectedCochainStableRouteStateW853.productSuccessClaimed =
audit/OriginalFourTaskCompletionDeclarations.lean:1923:    Dbounded.currentMetrizableHomologyFreeProviderFromRouteDataStateW854.productSuccessClaimed =
audit/OriginalFourTaskCompletionDeclarations.lean:1932:    Dbounded.currentMetrizableComparisonBijectivityRouteDataProviderStateW855.productSuccessClaimed =
audit/OriginalFourTaskCompletionDeclarations.lean:1945:    Dbounded.currentMetrizableEndpointFactsHomologyFreeRouteDataStateW856.productSuccessClaimed =
audit/OriginalFourTaskCompletionDeclarations.lean:1962:    Dbounded.currentMetrizableEndpointKernelCokernelFromClosednessBranchStateW857.productSuccessClaimed =
audit/OriginalFourTaskCompletionDeclarations.lean:1976:    Dbounded.currentMetrizableEndpointKernelCokernelLocalizedRouteStateW858.productSuccessClaimed =
audit/OriginalFourTaskCompletionDeclarations.lean:1995:    Dbounded.currentMetrizableClosednessBranchTargetExactAtRouteStateW859.productSuccessClaimed =
audit/OriginalFourTaskCompletionDeclarations.lean:2010:    Dbounded.currentMetrizableEndpointLocalizedClosednessBranchTargetExactAtRouteStateW860.productSuccessClaimed =
audit/OriginalFourTaskCompletionDeclarations.lean:2025:    Dbounded.currentMetrizableConcreteLeavesTargetExactAtRouteStateW861.productSuccessClaimed =
audit/OriginalFourTaskCompletionDeclarations.lean:2224:    Dbounded.currentMetrizableW732SelectedCochainStableExactAtRouteStateW875.productSuccessClaimed =
audit/OriginalFourTaskCompletionDeclarations.lean:2233:    Dbounded.currentMetrizableW735W732SelectedCochainStableExactAtRouteStateW876.productSuccessClaimed =
audit/OriginalFourTaskCompletionDeclarations.lean:2243:    Dbounded.currentMetrizableConcreteLeavesSelectedCochainStableExactAtRouteStateW877.productSuccessClaimed =
audit/OriginalFourTaskCompletionDeclarations.lean:2259:    Dbounded.currentMetrizableSelectedCochainConcreteLeavesStableExactAtRouteStateW878.productSuccessClaimed =
audit/OriginalFourTaskCompletionDeclarations.lean:2274:    Dbounded.currentMetrizableComparisonConcreteLeavesStableExactAtRouteStateW879.productSuccessClaimed =
audit/OriginalFourTaskCompletionDeclarations.lean:2289:    Dbounded.currentMetrizableHomologyFreeComparisonConcreteLeavesStableExactAtRouteStateW880.productSuccessClaimed =
audit/OriginalFourTaskCompletionDeclarations.lean:2304:    Dbounded.currentMetrizableEndpointLocalizedComparisonConcreteLeavesStableExactAtRouteStateW881.productSuccessClaimed =
audit/OriginalFourTaskCompletionDeclarations.lean:2319:    Dbounded.currentMetrizableW732ComparisonConcreteLeavesStableExactAtRouteStateW882.productSuccessClaimed =
audit/OriginalFourTaskCompletionDeclarations.lean:2329:    Dbounded.currentMetrizableConcreteLeavesComparisonStableExactAtRouteStateW883.productSuccessClaimed =
audit/OriginalFourTaskCompletionDeclarations.lean:2345:    Dbounded.currentMetrizableSourceTriangulationComparisonStableExactAtRouteStateW884.productSuccessClaimed =
audit/OriginalFourTaskCompletionDeclarations.lean:2361:    Dbounded.currentMetrizableSourceTriangulationFieldsComparisonStableExactAtRouteStateW885.productSuccessClaimed =
audit/OriginalFourTaskCompletionDeclarations.lean:2377:    Dbounded.currentMetrizableEndpointFieldsComparisonStableExactAtRouteStateW886.productSuccessClaimed =
audit/OriginalFourTaskCompletionDeclarations.lean:2393:    Dbounded.currentMetrizableLocalizedRightAdjointFieldsComparisonStableExactAtRouteStateW887.productSuccessClaimed =
audit/OriginalFourTaskCompletionDeclarations.lean:2409:    Dbounded.currentMetrizableNormalizedFixedTargetFieldsComparisonStableExactAtRouteStateW888.productSuccessClaimed =
audit/OriginalFourTaskCompletionDeclarations.lean:2425:    Dbounded.currentMetrizableNormalizedLiftBlueprintFieldsComparisonStableExactAtRouteStateW889.productSuccessClaimed =
audit/OriginalFourTaskCompletionDeclarations.lean:2441:    Dbounded.currentMetrizableStrictRepresentativeFieldsComparisonStableExactAtRouteStateW890.productSuccessClaimed =
audit/OriginalFourTaskCompletionDeclarations.lean:2457:    Dbounded.currentMetrizableStrictPreimageObjectFieldsComparisonStableExactAtRouteStateW891.productSuccessClaimed =
audit/OriginalFourTaskCompletionDeclarations.lean:2473:    Dbounded.currentMetrizableStrictPreimageMapFieldsComparisonStableExactAtRouteStateW892.productSuccessClaimed =
audit/OriginalFourTaskCompletionDeclarations.lean:2489:    Dbounded.currentMetrizableBoundaryFieldsComparisonStableExactAtRouteStateW893.productSuccessClaimed =
audit/OriginalFourTaskCompletionDeclarations.lean:2505:    Dbounded.currentMetrizableRelationFieldsComparisonStableExactAtRouteStateW894.productSuccessClaimed =
audit/OriginalFourTaskCompletionDeclarations.lean:2521:    Dbounded.currentMetrizableTargetSurjectiveCompactFieldsComparisonStableExactAtRouteStateW895.productSuccessClaimed =
audit/OriginalFourTaskCompletionDeclarations.lean:2537:    Dbounded.currentMetrizableClosedMapClosednessFieldsComparisonStableExactAtRouteStateW896.productSuccessClaimed =
audit/OriginalFourTaskCompletionDeclarations.lean:2553:    Dbounded.currentMetrizableClosedEmbeddingClosednessFieldsComparisonStableExactAtRouteStateW897.productSuccessClaimed =
audit/OriginalFourTaskCompletionDeclarations.lean:2569:    Dbounded.currentMetrizableClosedEmbeddingEndpointHomologyFreeComparisonStableExactAtRouteStateW898.productSuccessClaimed =
audit/OriginalFourTaskCompletionDeclarations.lean:2585:    Dbounded.currentMetrizableClosedMapEndpointHomologyFreeComparisonStableExactAtRouteStateW899.productSuccessClaimed =
audit/OriginalFourTaskCompletionDeclarations.lean:2602:    Dbounded.currentMetrizableClosedMapEndpointLocalizedAdjointRouteStateW900.productSuccessClaimed =
audit/OriginalFourTaskCompletionDeclarations.lean:2618:    Dbounded.currentMetrizableClosedMapSourceTriangulationEndpointFactsRouteStateW901.productSuccessClaimed =
audit/OriginalFourTaskCompletionDeclarations.lean:2634:    Dbounded.currentMetrizableClosedMapBoundaryDataSourceTriangulationEndpointFactsRouteStateW902.productSuccessClaimed =
audit/OriginalFourTaskCompletionDeclarations.lean:2650:    Dbounded.currentMetrizableClosedMapRelationDataBoundaryEndpointFactsRouteStateW903.productSuccessClaimed =
audit/OriginalFourTaskCompletionDeclarations.lean:2666:    Dbounded.currentMetrizableClosedMapTargetDataEndpointFactsRouteStateW904.productSuccessClaimed =
audit/OriginalFourTaskCompletionDeclarations.lean:2682:    Dbounded.currentMetrizableClosedMapMappedCokernelFieldTargetDataRouteStateW905.productSuccessClaimed =
audit/OriginalFourTaskCompletionDeclarations.lean:2698:    Dbounded.currentMetrizableClosedMapComponentFieldsMappedCokernelFieldTargetDataRouteStateW906.productSuccessClaimed =
audit/OriginalFourTaskCompletionDeclarations.lean:2712:    Dbounded.currentMetrizableClosedMapBoundaryFieldsRouteStateW907.productSuccessClaimed =
audit/OriginalFourTaskCompletionDeclarations.lean:2726:    Dbounded.currentMetrizableClosedMapRelationFieldsRouteStateW908.productSuccessClaimed =
audit/OriginalFourTaskCompletionDeclarations.lean:2740:    Dbounded.currentMetrizableClosedMapTargetFieldsRouteStateW909.productSuccessClaimed =
audit/OriginalFourTaskCompletionDeclarations.lean:2754:    Dbounded.currentMetrizableClosedMapSourceFieldsRouteStateW910.productSuccessClaimed =
audit/OriginalFourTaskCompletionDeclarations.lean:2768:    Dbounded.currentMetrizableClosedMapEndpointFieldsRouteStateW911.productSuccessClaimed =
audit/OriginalFourTaskCompletionDeclarations.lean:2782:    Dbounded.currentMetrizableClosedMapLocalizedRightAdjointFieldsRouteStateW912.productSuccessClaimed =
audit/OriginalFourTaskCompletionDeclarations.lean:2796:    Dbounded.currentMetrizableClosedMapFixedTargetUniqFieldsRouteStateW913.productSuccessClaimed =
audit/OriginalFourTaskCompletionDeclarations.lean:2810:    Dbounded.currentMetrizableClosedMapSelectedDifferenceFieldsRouteStateW914.productSuccessClaimed =
audit/OriginalFourTaskCompletionDeclarations.lean:2824:    Dbounded.currentMetrizableClosedMapTargetRawFieldsRouteStateW915.productSuccessClaimed =
audit/OriginalFourTaskCompletionDeclarations.lean:2838:    Dbounded.currentMetrizableClosedMapRelationRawFieldsRouteStateW916.productSuccessClaimed =
audit/OriginalFourTaskCompletionDeclarations.lean:2852:    Dbounded.currentMetrizableClosedMapBoundaryRawFieldsRouteStateW917.productSuccessClaimed =
audit/OriginalFourTaskCompletionDeclarations.lean:2866:    Dbounded.currentMetrizableClosedMapTriangleCompletionRawFieldBoundaryRawFieldsRouteStateW918.productSuccessClaimed =
audit/OriginalFourTaskCompletionDeclarations.lean:2880:    Dbounded.currentMetrizableClosedMapSourceRawFieldsRouteStateW919.productSuccessClaimed =
audit/OriginalFourTaskCompletionDeclarations.lean:2894:    Dbounded.currentMetrizableClosedMapRelationPrimitiveFieldsRouteStateW920.productSuccessClaimed =
