LeanLCAExactChallenge.Dbounded.rightOpenLcaOfClosedQuotientRightLcaOpClosureW1601
  (hboundary : LeanLCAExactChallenge.Dbounded.MetrizableWppLimitRightOpenClosedQuotientCoverBoundary) :
  LeanLCAExactChallenge.Dbounded.MetrizableWppLimitRightOpenLcaInput
LeanLCAExactChallenge.Dbounded.rightSurjectiveLcaOfEpiBoundaryRightLcaOpClosureW1601
  (hboundary : LeanLCAExactChallenge.Dbounded.MetrizableWppLimitRightSurjectiveEpiBoundaryW1601) :
  LeanLCAExactChallenge.Dbounded.MetrizableWppLimitRightSurjectiveLcaInput
LeanLCAExactChallenge.Dbounded.closedMapDirectComparisonRightLcaOpClosureDataOfClosedQuotientEpiW1601
  (data :
    LeanLCAExactChallenge.Dbounded.MetrizableClosedMapClosedQuotientEpiDirectComparisonRightLcaOpClosureBranchDataW1601) :
  LeanLCAExactChallenge.Dbounded.MetrizableClosedMapDirectComparisonRightLcaOpClosureBranchDataW1600
LeanLCAExactChallenge.Dbounded.closedEmbeddingDirectComparisonRightLcaOpClosureDataOfClosedQuotientEpiW1601
  (data :
    LeanLCAExactChallenge.Dbounded.MetrizableClosedEmbeddingClosedQuotientEpiDirectComparisonRightLcaOpClosureBranchDataW1601) :
  LeanLCAExactChallenge.Dbounded.MetrizableClosedEmbeddingDirectComparisonRightLcaOpClosureBranchDataW1600
LeanLCAExactChallenge.Dbounded.boundedDerivedOfClosedMapClosedQuotientEpiRightLcaOpClosureStableBoundaryW1601
  (data :
    LeanLCAExactChallenge.Dbounded.MetrizableClosedMapClosedQuotientEpiDirectComparisonRightLcaOpClosureBranchDataW1601) :
  LeanLCAExactChallenge.BoundedDerivedInfinityCategory LeanLCAExactChallenge.MetrizableLCA
    (LeanLCAExactChallenge.Dbounded.infinityCategory LeanLCAExactChallenge.MetrizableLCA)
LeanLCAExactChallenge.Dbounded.boundedDerivedOfClosedEmbeddingClosedQuotientEpiRightLcaOpClosureStableBoundaryW1601
  (data :
    LeanLCAExactChallenge.Dbounded.MetrizableClosedEmbeddingClosedQuotientEpiDirectComparisonRightLcaOpClosureBranchDataW1601) :
  LeanLCAExactChallenge.BoundedDerivedInfinityCategory LeanLCAExactChallenge.MetrizableLCA
    (LeanLCAExactChallenge.Dbounded.infinityCategory LeanLCAExactChallenge.MetrizableLCA)
LeanLCAExactChallenge.Dbounded.closedQuotientEpiDirectComparisonRightLcaOpClosureInputNamesW1601_count :
  LeanLCAExactChallenge.Dbounded.closedQuotientEpiDirectComparisonRightLcaOpClosureInputNamesW1601.length = 7
LeanLCAExactChallenge.Dbounded.currentW1601ClosedQuotientEpiDirectComparisonRightLcaOpClosureRoute_productSuccess :
  (have state :=
      LeanLCAExactChallenge.Dbounded.currentMetrizableClosedQuotientEpiDirectComparisonRightLcaOpClosureRouteStateW1601;
    state.productSuccessClaimed) =
    false
