LeanLCAExactChallenge.Dbounded.MetrizableClosedMapBoundaryDataEpiDirectComparisonRightLcaOpClosureBranchDataW1602 :
  Type 2
LeanLCAExactChallenge.Dbounded.MetrizableClosedEmbeddingBoundaryDataEpiDirectComparisonRightLcaOpClosureBranchDataW1602 :
  Type 2
LeanLCAExactChallenge.Dbounded.rightOpenBoundaryOfBoundaryDataRightLcaOpClosureW1602
  (boundaryData : MetrizableWppLimitBoundaryDataW716) : MetrizableWppLimitRightOpenClosedQuotientCoverBoundary
LeanLCAExactChallenge.Dbounded.closedMapClosedQuotientEpiRightLcaOpClosureDataOfBoundaryDataW1602
  (data : MetrizableClosedMapBoundaryDataEpiDirectComparisonRightLcaOpClosureBranchDataW1602) :
  MetrizableClosedMapClosedQuotientEpiDirectComparisonRightLcaOpClosureBranchDataW1601
LeanLCAExactChallenge.Dbounded.closedEmbeddingClosedQuotientEpiRightLcaOpClosureDataOfBoundaryDataW1602
  (data : MetrizableClosedEmbeddingBoundaryDataEpiDirectComparisonRightLcaOpClosureBranchDataW1602) :
  MetrizableClosedEmbeddingClosedQuotientEpiDirectComparisonRightLcaOpClosureBranchDataW1601
LeanLCAExactChallenge.Dbounded.productEvidence_of_closedMapBoundaryDataEpiRightLcaOpClosureRouteW1602
  (data : MetrizableClosedMapBoundaryDataEpiDirectComparisonRightLcaOpClosureBranchDataW1602) :
  MetrizableWppKernelCokernelProductEvidenceW767
LeanLCAExactChallenge.Dbounded.productEvidence_of_closedEmbeddingBoundaryDataEpiRightLcaOpClosureRouteW1602
  (data : MetrizableClosedEmbeddingBoundaryDataEpiDirectComparisonRightLcaOpClosureBranchDataW1602) :
  MetrizableWppKernelCokernelProductEvidenceW767
LeanLCAExactChallenge.Dbounded.acceptedStableOfClosedMapBoundaryDataEpiRightLcaOpClosureW1602
  (data : MetrizableClosedMapBoundaryDataEpiDirectComparisonRightLcaOpClosureBranchDataW1602) :
  AcceptedStableBoundedDerivedInfinityCategory MetrizableLCA
LeanLCAExactChallenge.Dbounded.acceptedStableOfClosedEmbeddingBoundaryDataEpiRightLcaOpClosureW1602
  (data : MetrizableClosedEmbeddingBoundaryDataEpiDirectComparisonRightLcaOpClosureBranchDataW1602) :
  AcceptedStableBoundedDerivedInfinityCategory MetrizableLCA
LeanLCAExactChallenge.Dbounded.boundedDerivedOfClosedMapBoundaryDataEpiRightLcaOpClosureStableBoundaryW1602
  (data : MetrizableClosedMapBoundaryDataEpiDirectComparisonRightLcaOpClosureBranchDataW1602) :
  BoundedDerivedInfinityCategory MetrizableLCA (infinityCategory MetrizableLCA)
LeanLCAExactChallenge.Dbounded.boundedDerivedOfClosedEmbeddingBoundaryDataEpiRightLcaOpClosureStableBoundaryW1602
  (data : MetrizableClosedEmbeddingBoundaryDataEpiDirectComparisonRightLcaOpClosureBranchDataW1602) :
  BoundedDerivedInfinityCategory MetrizableLCA (infinityCategory MetrizableLCA)
LeanLCAExactChallenge.Dbounded.boundaryDataEpiDirectComparisonRightLcaOpClosureInputNamesW1602_count :
  boundaryDataEpiDirectComparisonRightLcaOpClosureInputNamesW1602.length = 6
LeanLCAExactChallenge.Dbounded.currentW1602BoundaryDataEpiDirectComparisonRightLcaOpClosureRoute_productSuccess :
  (have state := currentMetrizableBoundaryDataEpiDirectComparisonRightLcaOpClosureRouteStateW1602;
    state.productSuccessClaimed) =
    false
