LeanLCAExactChallenge.Dbounded.MetrizableClosedMapBoundarySourcePiZeroTargetExactAtBranchDataW1607 : Type 2
LeanLCAExactChallenge.Dbounded.MetrizableClosedEmbeddingBoundarySourcePiZeroTargetExactAtBranchDataW1607 : Type 2
LeanLCAExactChallenge.Dbounded.closedMapStableClosureDataOfTargetExactAtW1607
  (data : MetrizableClosedMapBoundarySourcePiZeroTargetExactAtBranchDataW1607) :
  MetrizableClosedMapBoundarySourcePiZeroStableClosureBranchDataW1606
LeanLCAExactChallenge.Dbounded.closedEmbeddingStableClosureDataOfTargetExactAtW1607
  (data : MetrizableClosedEmbeddingBoundarySourcePiZeroTargetExactAtBranchDataW1607) :
  MetrizableClosedEmbeddingBoundarySourcePiZeroStableClosureBranchDataW1606
LeanLCAExactChallenge.Dbounded.productEvidenceOfClosedMapTargetExactAtStableClosureW1607
  (data : MetrizableClosedMapBoundarySourcePiZeroTargetExactAtBranchDataW1607) :
  MetrizableWppKernelCokernelProductEvidenceW767
LeanLCAExactChallenge.Dbounded.productEvidenceOfClosedEmbeddingTargetExactAtStableClosureW1607
  (data : MetrizableClosedEmbeddingBoundarySourcePiZeroTargetExactAtBranchDataW1607) :
  MetrizableWppKernelCokernelProductEvidenceW767
LeanLCAExactChallenge.Dbounded.directFiniteShapeStableDataOfClosedMapTargetExactAtW1607
  (data : MetrizableClosedMapBoundarySourcePiZeroTargetExactAtBranchDataW1607) :
  MetrizableKernelCokernelLeftRightComparisonDirectFiniteShapeStableDataW769
LeanLCAExactChallenge.Dbounded.directFiniteShapeStableDataOfClosedEmbeddingTargetExactAtW1607
  (data : MetrizableClosedEmbeddingBoundarySourcePiZeroTargetExactAtBranchDataW1607) :
  MetrizableKernelCokernelLeftRightComparisonDirectFiniteShapeStableDataW769
LeanLCAExactChallenge.Dbounded.stableBoundaryInputsOfClosedMapTargetExactAtW1607
  (data : MetrizableClosedMapBoundarySourcePiZeroTargetExactAtBranchDataW1607) : MetrizableStableInstanceBoundaryInputs
LeanLCAExactChallenge.Dbounded.stableBoundaryInputsOfClosedEmbeddingTargetExactAtW1607
  (data : MetrizableClosedEmbeddingBoundarySourcePiZeroTargetExactAtBranchDataW1607) :
  MetrizableStableInstanceBoundaryInputs
LeanLCAExactChallenge.Dbounded.acceptedStableOfClosedMapTargetExactAtW1607
  (data : MetrizableClosedMapBoundarySourcePiZeroTargetExactAtBranchDataW1607) :
  AcceptedStableBoundedDerivedInfinityCategory MetrizableLCA
LeanLCAExactChallenge.Dbounded.acceptedStableOfClosedEmbeddingTargetExactAtW1607
  (data : MetrizableClosedEmbeddingBoundarySourcePiZeroTargetExactAtBranchDataW1607) :
  AcceptedStableBoundedDerivedInfinityCategory MetrizableLCA
LeanLCAExactChallenge.Dbounded.boundedDerivedOfClosedMapTargetExactAtW1607
  (data : MetrizableClosedMapBoundarySourcePiZeroTargetExactAtBranchDataW1607) :
  BoundedDerivedInfinityCategory MetrizableLCA (infinityCategory MetrizableLCA)
LeanLCAExactChallenge.Dbounded.boundedDerivedOfClosedEmbeddingTargetExactAtW1607
  (data : MetrizableClosedEmbeddingBoundarySourcePiZeroTargetExactAtBranchDataW1607) :
  BoundedDerivedInfinityCategory MetrizableLCA (infinityCategory MetrizableLCA)
LeanLCAExactChallenge.Dbounded.boundarySourcePiZeroTargetExactAtStableClosureInputNamesW1607_count :
  boundarySourcePiZeroTargetExactAtStableClosureInputNamesW1607.length = 3
LeanLCAExactChallenge.Dbounded.currentW1607BoundarySourcePiZeroTargetExactAtRoute_productSuccess :
  (have state := currentMetrizableBoundarySourcePiZeroTargetExactAtRouteStateW1607;
    state.productSuccessClaimed) =
    false
